[0.193s] Invoking command in '/app/project/build/packge': CMAKE_PREFIX_PATH=${CMAKE_PREFIX_PATH}:/app/project/install/base_link_p3_description:/opt/ros/foxy /usr/bin/cmake /app/project/src/packge -DAMENT_CMAKE_SYMLINK_INSTALL=1 -DCMAKE_INSTALL_PREFIX=/app/project/install/packge
[0.206s] -- Found ament_cmake: 0.9.12 (/opt/ros/foxy/share/ament_cmake/cmake)
[0.228s] -- Using PYTHON_EXECUTABLE: /usr/bin/python3
[0.370s] -- Override CMake install command with custom implementation using symlinks instead of copying resources
[0.377s] -- Found rclcpp: 2.4.3 (/opt/ros/foxy/share/rclcpp/cmake)
[0.411s] -- Using all available rosidl_typesupport_c: rosidl_typesupport_fastrtps_c;rosidl_typesupport_introspection_c
[0.414s] -- Found rosidl_adapter: 1.3.1 (/opt/ros/foxy/share/rosidl_adapter/cmake)
[0.565s] -- Using all available rosidl_typesupport_cpp: rosidl_typesupport_fastrtps_cpp;rosidl_typesupport_introspection_cpp
[0.609s] -- Found rmw_implementation_cmake: 1.0.4 (/opt/ros/foxy/share/rmw_implementation_cmake/cmake)
[0.610s] -- Using RMW implementation 'rmw_fastrtps_cpp' as default
[0.735s] -- Found ament_lint_auto: 0.9.8 (/opt/ros/foxy/share/ament_lint_auto/cmake)
[0.797s] -- Added test 'copyright' to check source files copyright and LICENSE
[0.798s] -- Added test 'cppcheck' to perform static code analysis on C / C++ code
[0.798s] -- Configured cppcheck include dirs: 
[0.799s] -- Configured cppcheck exclude dirs and/or files: 
[0.799s] -- Added test 'cpplint' to check C / C++ code against the Google style
[0.799s] -- Configured cpplint exclude dirs and/or files: 
[0.800s] -- Added test 'lint_cmake' to check CMake code style
[0.801s] -- Added test 'uncrustify' to check C / C++ code style
[0.801s] -- Configured uncrustify additional arguments: 
[0.801s] -- Added test 'xmllint' to check XML markup files
[0.805s] -- Configuring done
[0.812s] -- Generating done
[0.813s] -- Build files have been written to: /app/project/build/packge
[0.821s] Invoked command in '/app/project/build/packge' returned '0': CMAKE_PREFIX_PATH=${CMAKE_PREFIX_PATH}:/app/project/install/base_link_p3_description:/opt/ros/foxy /usr/bin/cmake /app/project/src/packge -DAMENT_CMAKE_SYMLINK_INSTALL=1 -DCMAKE_INSTALL_PREFIX=/app/project/install/packge
[0.825s] Invoking command in '/app/project/build/packge': CMAKE_PREFIX_PATH=${CMAKE_PREFIX_PATH}:/app/project/install/base_link_p3_description:/opt/ros/foxy /usr/bin/cmake --build /app/project/build/packge -- -j16 -l16
[0.899s] [100%] Built target ola_mundo
[0.927s] Invoked command in '/app/project/build/packge' returned '0': CMAKE_PREFIX_PATH=${CMAKE_PREFIX_PATH}:/app/project/install/base_link_p3_description:/opt/ros/foxy /usr/bin/cmake --build /app/project/build/packge -- -j16 -l16
[0.980s] Invoking command in '/app/project/build/packge': CMAKE_PREFIX_PATH=${CMAKE_PREFIX_PATH}:/app/project/install/base_link_p3_description:/opt/ros/foxy /usr/bin/cmake --install /app/project/build/packge
[0.994s] -- Install configuration: ""
[0.994s] -- Execute custom install script
[0.994s] -- Symlinking: /app/project/install/packge/lib/packge/ola_mundo
[1.006s] -- Symlinking: /app/project/install/packge/share/ament_index/resource_index/package_run_dependencies/packge
[1.016s] -- Symlinking: /app/project/install/packge/share/ament_index/resource_index/parent_prefix_path/packge
[1.026s] -- Symlinking: /app/project/install/packge/share/packge/environment/ament_prefix_path.sh
[1.037s] -- Symlinking: /app/project/install/packge/share/packge/environment/ament_prefix_path.dsv
[1.047s] -- Symlinking: /app/project/install/packge/share/packge/environment/path.sh
[1.057s] -- Symlinking: /app/project/install/packge/share/packge/environment/path.dsv
[1.067s] -- Symlinking: /app/project/install/packge/share/packge/local_setup.bash
[1.077s] -- Symlinking: /app/project/install/packge/share/packge/local_setup.sh
[1.088s] -- Symlinking: /app/project/install/packge/share/packge/local_setup.zsh
[1.099s] -- Symlinking: /app/project/install/packge/share/packge/local_setup.dsv
[1.109s] -- Symlinking: /app/project/install/packge/share/packge/package.dsv
[1.119s] -- Symlinking: /app/project/install/packge/share/ament_index/resource_index/packages/packge
[1.130s] -- Symlinking: /app/project/install/packge/share/packge/cmake/packgeConfig.cmake
[1.140s] -- Symlinking: /app/project/install/packge/share/packge/cmake/packgeConfig-version.cmake
[1.149s] -- Symlinking: /app/project/install/packge/share/packge/package.xml
[1.165s] Invoked command in '/app/project/build/packge' returned '0': CMAKE_PREFIX_PATH=${CMAKE_PREFIX_PATH}:/app/project/install/base_link_p3_description:/opt/ros/foxy /usr/bin/cmake --install /app/project/build/packge
