[0.024s] Invoking command in '/app/project/build/square_controller': CMAKE_PREFIX_PATH=${CMAKE_PREFIX_PATH}:/opt/ros/foxy /usr/bin/cmake /app/project/src/square_controller -DAMENT_CMAKE_SYMLINK_INSTALL=1 -DCMAKE_INSTALL_PREFIX=/app/project/install/square_controller
[0.037s] -- Found ament_cmake: 0.9.12 (/opt/ros/foxy/share/ament_cmake/cmake)
[0.057s] -- Using PYTHON_EXECUTABLE: /usr/bin/python3
[0.179s] -- Override CMake install command with custom implementation using symlinks instead of copying resources
[0.194s] -- Found rclcpp: 2.4.3 (/opt/ros/foxy/share/rclcpp/cmake)
[0.232s] -- Using all available rosidl_typesupport_c: rosidl_typesupport_fastrtps_c;rosidl_typesupport_introspection_c
[0.235s] -- Found rosidl_adapter: 1.3.1 (/opt/ros/foxy/share/rosidl_adapter/cmake)
[0.387s] -- Using all available rosidl_typesupport_cpp: rosidl_typesupport_fastrtps_cpp;rosidl_typesupport_introspection_cpp
[0.434s] -- Found rmw_implementation_cmake: 1.0.4 (/opt/ros/foxy/share/rmw_implementation_cmake/cmake)
[0.436s] -- Using RMW implementation 'rmw_fastrtps_cpp' as default
[0.557s] -- Found geometry_msgs: 2.0.5 (/opt/ros/foxy/share/geometry_msgs/cmake)
[0.586s] -- Found ament_lint_auto: 0.9.8 (/opt/ros/foxy/share/ament_lint_auto/cmake)
[0.641s] -- Added test 'copyright' to check source files copyright and LICENSE
[0.642s] -- Added test 'cppcheck' to perform static code analysis on C / C++ code
[0.642s] -- Configured cppcheck include dirs: 
[0.642s] -- Configured cppcheck exclude dirs and/or files: 
[0.643s] -- Added test 'cpplint' to check C / C++ code against the Google style
[0.643s] -- Configured cpplint exclude dirs and/or files: 
[0.643s] -- Added test 'lint_cmake' to check CMake code style
[0.647s] -- Added test 'uncrustify' to check C / C++ code style
[0.647s] -- Configured uncrustify additional arguments: 
[0.647s] -- Added test 'xmllint' to check XML markup files
[0.648s] -- Configuring done
[0.656s] -- Generating done
[0.657s] -- Build files have been written to: /app/project/build/square_controller
[0.669s] Invoked command in '/app/project/build/square_controller' returned '0': CMAKE_PREFIX_PATH=${CMAKE_PREFIX_PATH}:/opt/ros/foxy /usr/bin/cmake /app/project/src/square_controller -DAMENT_CMAKE_SYMLINK_INSTALL=1 -DCMAKE_INSTALL_PREFIX=/app/project/install/square_controller
[0.671s] Invoking command in '/app/project/build/square_controller': CMAKE_PREFIX_PATH=${CMAKE_PREFIX_PATH}:/opt/ros/foxy /usr/bin/cmake --build /app/project/build/square_controller -- -j16 -l16
[0.734s] [ 50%] [32m[1mLinking CXX executable square_motion[0m
[0.892s] [100%] Built target square_motion
[0.905s] Invoked command in '/app/project/build/square_controller' returned '0': CMAKE_PREFIX_PATH=${CMAKE_PREFIX_PATH}:/opt/ros/foxy /usr/bin/cmake --build /app/project/build/square_controller -- -j16 -l16
[0.936s] Invoking command in '/app/project/build/square_controller': CMAKE_PREFIX_PATH=${CMAKE_PREFIX_PATH}:/opt/ros/foxy /usr/bin/cmake --install /app/project/build/square_controller
[0.944s] -- Install configuration: ""
[0.944s] -- Execute custom install script
[0.944s] -- Symlinking: /app/project/install/square_controller/lib/square_controller/square_motion
[0.954s] -- Symlinking: /app/project/install/square_controller/share/ament_index/resource_index/package_run_dependencies/square_controller
[0.963s] -- Symlinking: /app/project/install/square_controller/share/ament_index/resource_index/parent_prefix_path/square_controller
[0.974s] -- Symlinking: /app/project/install/square_controller/share/square_controller/environment/ament_prefix_path.sh
[0.984s] -- Symlinking: /app/project/install/square_controller/share/square_controller/environment/ament_prefix_path.dsv
[0.995s] -- Symlinking: /app/project/install/square_controller/share/square_controller/environment/path.sh
[1.004s] -- Symlinking: /app/project/install/square_controller/share/square_controller/environment/path.dsv
[1.015s] -- Symlinking: /app/project/install/square_controller/share/square_controller/local_setup.bash
[1.025s] -- Symlinking: /app/project/install/square_controller/share/square_controller/local_setup.sh
[1.036s] -- Symlinking: /app/project/install/square_controller/share/square_controller/local_setup.zsh
[1.045s] -- Symlinking: /app/project/install/square_controller/share/square_controller/local_setup.dsv
[1.055s] -- Symlinking: /app/project/install/square_controller/share/square_controller/package.dsv
[1.065s] -- Symlinking: /app/project/install/square_controller/share/ament_index/resource_index/packages/square_controller
[1.077s] -- Symlinking: /app/project/install/square_controller/share/square_controller/cmake/square_controllerConfig.cmake
[1.086s] -- Symlinking: /app/project/install/square_controller/share/square_controller/cmake/square_controllerConfig-version.cmake
[1.096s] -- Symlinking: /app/project/install/square_controller/share/square_controller/package.xml
[1.110s] Invoked command in '/app/project/build/square_controller' returned '0': CMAKE_PREFIX_PATH=${CMAKE_PREFIX_PATH}:/opt/ros/foxy /usr/bin/cmake --install /app/project/build/square_controller
