[0.018s] Invoking command in '/app/project/build/square_controller': CMAKE_PREFIX_PATH=${CMAKE_PREFIX_PATH}:/opt/ros/foxy /usr/bin/cmake /app/project/src/square_controller -DCMAKE_INSTALL_PREFIX=/app/project/install/square_controller
[0.031s] -- Found ament_cmake: 0.9.12 (/opt/ros/foxy/share/ament_cmake/cmake)
[0.048s] -- Using PYTHON_EXECUTABLE: /usr/bin/python3
[0.165s] -- Override CMake install command with custom implementation using symlinks instead of copying resources
[0.171s] -- Found rclcpp: 2.4.3 (/opt/ros/foxy/share/rclcpp/cmake)
[0.198s] -- Using all available rosidl_typesupport_c: rosidl_typesupport_fastrtps_c;rosidl_typesupport_introspection_c
[0.200s] -- Found rosidl_adapter: 1.3.1 (/opt/ros/foxy/share/rosidl_adapter/cmake)
[0.333s] -- Using all available rosidl_typesupport_cpp: rosidl_typesupport_fastrtps_cpp;rosidl_typesupport_introspection_cpp
[0.371s] -- Found rmw_implementation_cmake: 1.0.4 (/opt/ros/foxy/share/rmw_implementation_cmake/cmake)
[0.372s] -- Using RMW implementation 'rmw_fastrtps_cpp' as default
[0.476s] -- Found geometry_msgs: 2.0.5 (/opt/ros/foxy/share/geometry_msgs/cmake)
[0.501s] -- Found ament_lint_auto: 0.9.8 (/opt/ros/foxy/share/ament_lint_auto/cmake)
[0.554s] -- Added test 'copyright' to check source files copyright and LICENSE
[0.555s] -- Added test 'cppcheck' to perform static code analysis on C / C++ code
[0.555s] -- Configured cppcheck include dirs: 
[0.555s] -- Configured cppcheck exclude dirs and/or files: 
[0.555s] -- Added test 'cpplint' to check C / C++ code against the Google style
[0.556s] -- Configured cpplint exclude dirs and/or files: 
[0.556s] -- Added test 'lint_cmake' to check CMake code style
[0.557s] -- Added test 'uncrustify' to check C / C++ code style
[0.557s] -- Configured uncrustify additional arguments: 
[0.557s] -- Added test 'xmllint' to check XML markup files
[0.560s] -- Configuring done
[0.566s] -- Generating done
[0.567s] -- Build files have been written to: /app/project/build/square_controller
[0.573s] Invoked command in '/app/project/build/square_controller' returned '0': CMAKE_PREFIX_PATH=${CMAKE_PREFIX_PATH}:/opt/ros/foxy /usr/bin/cmake /app/project/src/square_controller -DCMAKE_INSTALL_PREFIX=/app/project/install/square_controller
[0.575s] Invoking command in '/app/project/build/square_controller': CMAKE_PREFIX_PATH=${CMAKE_PREFIX_PATH}:/opt/ros/foxy /usr/bin/cmake --build /app/project/build/square_controller -- -j16 -l16
[0.639s] [100%] Built target square_motion
[0.650s] Invoked command in '/app/project/build/square_controller' returned '0': CMAKE_PREFIX_PATH=${CMAKE_PREFIX_PATH}:/opt/ros/foxy /usr/bin/cmake --build /app/project/build/square_controller -- -j16 -l16
[0.678s] Invoking command in '/app/project/build/square_controller': CMAKE_PREFIX_PATH=${CMAKE_PREFIX_PATH}:/opt/ros/foxy /usr/bin/cmake --install /app/project/build/square_controller
[0.687s] -- Install configuration: ""
[0.687s] -- Execute custom install script
[0.687s] -- Up-to-date symlink: /app/project/install/square_controller/lib/square_controller/square_motion
[0.687s] -- Up-to-date symlink: /app/project/install/square_controller/share/ament_index/resource_index/package_run_dependencies/square_controller
[0.688s] -- Up-to-date symlink: /app/project/install/square_controller/share/ament_index/resource_index/parent_prefix_path/square_controller
[0.688s] -- Up-to-date symlink: /app/project/install/square_controller/share/square_controller/environment/ament_prefix_path.sh
[0.688s] -- Up-to-date symlink: /app/project/install/square_controller/share/square_controller/environment/ament_prefix_path.dsv
[0.688s] -- Up-to-date symlink: /app/project/install/square_controller/share/square_controller/environment/path.sh
[0.688s] -- Up-to-date symlink: /app/project/install/square_controller/share/square_controller/environment/path.dsv
[0.689s] -- Up-to-date symlink: /app/project/install/square_controller/share/square_controller/local_setup.bash
[0.689s] -- Up-to-date symlink: /app/project/install/square_controller/share/square_controller/local_setup.sh
[0.689s] -- Up-to-date symlink: /app/project/install/square_controller/share/square_controller/local_setup.zsh
[0.689s] -- Up-to-date symlink: /app/project/install/square_controller/share/square_controller/local_setup.dsv
[0.689s] -- Symlinking: /app/project/install/square_controller/share/square_controller/package.dsv
[0.700s] -- Up-to-date symlink: /app/project/install/square_controller/share/ament_index/resource_index/packages/square_controller
[0.700s] -- Up-to-date symlink: /app/project/install/square_controller/share/square_controller/cmake/square_controllerConfig.cmake
[0.700s] -- Up-to-date symlink: /app/project/install/square_controller/share/square_controller/cmake/square_controllerConfig-version.cmake
[0.700s] -- Up-to-date symlink: /app/project/install/square_controller/share/square_controller/package.xml
[0.708s] Invoked command in '/app/project/build/square_controller' returned '0': CMAKE_PREFIX_PATH=${CMAKE_PREFIX_PATH}:/opt/ros/foxy /usr/bin/cmake --install /app/project/build/square_controller
