[0.213s] DEBUG:colcon:Command line arguments: ['/usr/bin/colcon', 'build']
[0.213s] DEBUG:colcon:Parsed command line arguments: Namespace(ament_cmake_args=None, base_paths=['.'], build_base='build', catkin_cmake_args=None, catkin_skip_building_tests=False, cmake_args=None, cmake_clean_cache=False, cmake_clean_first=False, cmake_force_configure=False, cmake_target=None, cmake_target_skip_unavailable=False, continue_on_error=False, event_handlers=None, executor='parallel', ignore_user_meta=False, install_base='install', log_base=None, log_level=None, main=<bound method BuildVerb.main of <colcon_core.verb.build.BuildVerb object at 0x7086dcf32f10>>, merge_install=False, metas=['./colcon.meta'], mixin=None, mixin_files=None, mixin_verb=('build',), packages_above=None, packages_above_and_dependencies=None, packages_above_depth=None, packages_end=None, packages_ignore=None, packages_ignore_regex=None, packages_select=None, packages_select_build_failed=False, packages_select_by_dep=None, packages_select_regex=None, packages_select_test_failures=False, packages_skip=None, packages_skip_build_finished=False, packages_skip_by_dep=None, packages_skip_regex=None, packages_skip_test_passed=False, packages_skip_up_to=None, packages_start=None, packages_up_to=None, packages_up_to_regex=None, parallel_workers=16, paths=None, symlink_install=False, test_result_base=None, verb_extension=<colcon_core.verb.build.BuildVerb object at 0x7086dcf32f10>, verb_name='build', verb_parser=<colcon_mixin.mixin.mixin_argument.MixinArgumentDecorator object at 0x7086dcf3d550>)
[0.232s] Level 1:colcon.colcon_core.package_discovery:discover_packages(colcon_meta) check parameters
[0.232s] INFO:colcon.colcon_metadata.package_discovery.colcon_meta:Using configuration from '/root/.colcon/metadata/default/Gazebo.meta'
[0.233s] INFO:colcon.colcon_metadata.package_discovery.colcon_meta:Using configuration from '/root/.colcon/metadata/default/fastdds.meta'
[0.233s] INFO:colcon.colcon_metadata.package_discovery.colcon_meta:Using configuration from '/root/.colcon/metadata/default/fastrtps.meta'
[0.233s] Level 1:colcon.colcon_core.package_discovery:discover_packages(recursive) check parameters
[0.233s] Level 1:colcon.colcon_core.package_discovery:discover_packages(ignore) check parameters
[0.233s] Level 1:colcon.colcon_core.package_discovery:discover_packages(path) check parameters
[0.233s] Level 1:colcon.colcon_core.package_discovery:discover_packages(colcon_meta) discover
[0.233s] Level 1:colcon.colcon_core.package_discovery:discover_packages(recursive) discover
[0.233s] INFO:colcon.colcon_core.package_discovery:Crawling recursively for packages in '/app/project'
[0.233s] Level 1:colcon.colcon_core.package_identification:_identify(.) by extensions ['ignore', 'ignore_ament_install']
[0.233s] Level 1:colcon.colcon_core.package_identification:_identify(.) by extension 'ignore'
[0.233s] Level 1:colcon.colcon_core.package_identification:_identify(.) by extension 'ignore_ament_install'
[0.233s] Level 1:colcon.colcon_core.package_identification:_identify(.) by extensions ['colcon_pkg']
[0.234s] Level 1:colcon.colcon_core.package_identification:_identify(.) by extension 'colcon_pkg'
[0.234s] Level 1:colcon.colcon_core.package_identification:_identify(.) by extensions ['colcon_meta']
[0.234s] Level 1:colcon.colcon_core.package_identification:_identify(.) by extension 'colcon_meta'
[0.234s] Level 1:colcon.colcon_core.package_identification:_identify(.) by extensions ['ros']
[0.234s] Level 1:colcon.colcon_core.package_identification:_identify(.) by extension 'ros'
[0.251s] Level 1:colcon.colcon_core.package_identification:_identify(.) by extensions ['cmake', 'python']
[0.251s] Level 1:colcon.colcon_core.package_identification:_identify(.) by extension 'cmake'
[0.251s] Level 1:colcon.colcon_core.package_identification:_identify(.) by extension 'python'
[0.251s] Level 1:colcon.colcon_core.package_identification:_identify(.) by extensions ['python_setup_py']
[0.251s] Level 1:colcon.colcon_core.package_identification:_identify(.) by extension 'python_setup_py'
[0.251s] Level 1:colcon.colcon_core.package_identification:_identify(build) by extensions ['ignore', 'ignore_ament_install']
[0.251s] Level 1:colcon.colcon_core.package_identification:_identify(build) by extension 'ignore'
[0.251s] Level 1:colcon.colcon_core.package_identification:_identify(build) ignored
[0.251s] Level 1:colcon.colcon_core.package_identification:_identify(install) by extensions ['ignore', 'ignore_ament_install']
[0.251s] Level 1:colcon.colcon_core.package_identification:_identify(install) by extension 'ignore'
[0.251s] Level 1:colcon.colcon_core.package_identification:_identify(install) ignored
[0.251s] Level 1:colcon.colcon_core.package_identification:_identify(log) by extensions ['ignore', 'ignore_ament_install']
[0.251s] Level 1:colcon.colcon_core.package_identification:_identify(log) by extension 'ignore'
[0.251s] Level 1:colcon.colcon_core.package_identification:_identify(log) ignored
[0.251s] Level 1:colcon.colcon_core.package_identification:_identify(src) by extensions ['ignore', 'ignore_ament_install']
[0.251s] Level 1:colcon.colcon_core.package_identification:_identify(src) by extension 'ignore'
[0.251s] Level 1:colcon.colcon_core.package_identification:_identify(src) by extension 'ignore_ament_install'
[0.252s] Level 1:colcon.colcon_core.package_identification:_identify(src) by extensions ['colcon_pkg']
[0.252s] Level 1:colcon.colcon_core.package_identification:_identify(src) by extension 'colcon_pkg'
[0.252s] Level 1:colcon.colcon_core.package_identification:_identify(src) by extensions ['colcon_meta']
[0.252s] Level 1:colcon.colcon_core.package_identification:_identify(src) by extension 'colcon_meta'
[0.252s] Level 1:colcon.colcon_core.package_identification:_identify(src) by extensions ['ros']
[0.252s] Level 1:colcon.colcon_core.package_identification:_identify(src) by extension 'ros'
[0.252s] Level 1:colcon.colcon_core.package_identification:_identify(src) by extensions ['cmake', 'python']
[0.252s] Level 1:colcon.colcon_core.package_identification:_identify(src) by extension 'cmake'
[0.252s] Level 1:colcon.colcon_core.package_identification:_identify(src) by extension 'python'
[0.252s] Level 1:colcon.colcon_core.package_identification:_identify(src) by extensions ['python_setup_py']
[0.252s] Level 1:colcon.colcon_core.package_identification:_identify(src) by extension 'python_setup_py'
[0.252s] Level 1:colcon.colcon_core.package_identification:_identify(src/base_link_p3_description) by extensions ['ignore', 'ignore_ament_install']
[0.252s] Level 1:colcon.colcon_core.package_identification:_identify(src/base_link_p3_description) by extension 'ignore'
[0.252s] Level 1:colcon.colcon_core.package_identification:_identify(src/base_link_p3_description) by extension 'ignore_ament_install'
[0.252s] Level 1:colcon.colcon_core.package_identification:_identify(src/base_link_p3_description) by extensions ['colcon_pkg']
[0.252s] Level 1:colcon.colcon_core.package_identification:_identify(src/base_link_p3_description) by extension 'colcon_pkg'
[0.252s] Level 1:colcon.colcon_core.package_identification:_identify(src/base_link_p3_description) by extensions ['colcon_meta']
[0.252s] Level 1:colcon.colcon_core.package_identification:_identify(src/base_link_p3_description) by extension 'colcon_meta'
[0.252s] Level 1:colcon.colcon_core.package_identification:_identify(src/base_link_p3_description) by extensions ['ros']
[0.252s] Level 1:colcon.colcon_core.package_identification:_identify(src/base_link_p3_description) by extension 'ros'
[0.254s] DEBUG:colcon.colcon_core.package_identification:Package 'src/base_link_p3_description' with type 'ros.ament_python' and name 'base_link_p3_description'
[0.254s] Level 1:colcon.colcon_core.package_identification:_identify(src/build) by extensions ['ignore', 'ignore_ament_install']
[0.254s] Level 1:colcon.colcon_core.package_identification:_identify(src/build) by extension 'ignore'
[0.254s] Level 1:colcon.colcon_core.package_identification:_identify(src/build) ignored
[0.254s] Level 1:colcon.colcon_core.package_identification:_identify(src/install) by extensions ['ignore', 'ignore_ament_install']
[0.254s] Level 1:colcon.colcon_core.package_identification:_identify(src/install) by extension 'ignore'
[0.255s] Level 1:colcon.colcon_core.package_identification:_identify(src/install) ignored
[0.255s] Level 1:colcon.colcon_core.package_identification:_identify(src/log) by extensions ['ignore', 'ignore_ament_install']
[0.255s] Level 1:colcon.colcon_core.package_identification:_identify(src/log) by extension 'ignore'
[0.255s] Level 1:colcon.colcon_core.package_identification:_identify(src/log) ignored
[0.255s] Level 1:colcon.colcon_core.package_identification:_identify(src/my_robot_controller) by extensions ['ignore', 'ignore_ament_install']
[0.255s] Level 1:colcon.colcon_core.package_identification:_identify(src/my_robot_controller) by extension 'ignore'
[0.255s] Level 1:colcon.colcon_core.package_identification:_identify(src/my_robot_controller) by extension 'ignore_ament_install'
[0.255s] Level 1:colcon.colcon_core.package_identification:_identify(src/my_robot_controller) by extensions ['colcon_pkg']
[0.255s] Level 1:colcon.colcon_core.package_identification:_identify(src/my_robot_controller) by extension 'colcon_pkg'
[0.255s] Level 1:colcon.colcon_core.package_identification:_identify(src/my_robot_controller) by extensions ['colcon_meta']
[0.255s] Level 1:colcon.colcon_core.package_identification:_identify(src/my_robot_controller) by extension 'colcon_meta'
[0.255s] Level 1:colcon.colcon_core.package_identification:_identify(src/my_robot_controller) by extensions ['ros']
[0.255s] Level 1:colcon.colcon_core.package_identification:_identify(src/my_robot_controller) by extension 'ros'
[0.255s] DEBUG:colcon.colcon_core.package_identification:Package 'src/my_robot_controller' with type 'ros.ament_cmake' and name 'my_robot_controller'
[0.255s] Level 1:colcon.colcon_core.package_identification:_identify(src/my_robot_controller_test) by extensions ['ignore', 'ignore_ament_install']
[0.256s] Level 1:colcon.colcon_core.package_identification:_identify(src/my_robot_controller_test) by extension 'ignore'
[0.256s] Level 1:colcon.colcon_core.package_identification:_identify(src/my_robot_controller_test) by extension 'ignore_ament_install'
[0.256s] Level 1:colcon.colcon_core.package_identification:_identify(src/my_robot_controller_test) by extensions ['colcon_pkg']
[0.256s] Level 1:colcon.colcon_core.package_identification:_identify(src/my_robot_controller_test) by extension 'colcon_pkg'
[0.256s] Level 1:colcon.colcon_core.package_identification:_identify(src/my_robot_controller_test) by extensions ['colcon_meta']
[0.256s] Level 1:colcon.colcon_core.package_identification:_identify(src/my_robot_controller_test) by extension 'colcon_meta'
[0.256s] Level 1:colcon.colcon_core.package_identification:_identify(src/my_robot_controller_test) by extensions ['ros']
[0.256s] Level 1:colcon.colcon_core.package_identification:_identify(src/my_robot_controller_test) by extension 'ros'
[0.256s] DEBUG:colcon.colcon_core.package_identification:Package 'src/my_robot_controller_test' with type 'ros.ament_cmake' and name 'my_robot_controller_test'
[0.256s] Level 1:colcon.colcon_core.package_identification:_identify(src/packge) by extensions ['ignore', 'ignore_ament_install']
[0.256s] Level 1:colcon.colcon_core.package_identification:_identify(src/packge) by extension 'ignore'
[0.256s] Level 1:colcon.colcon_core.package_identification:_identify(src/packge) by extension 'ignore_ament_install'
[0.256s] Level 1:colcon.colcon_core.package_identification:_identify(src/packge) by extensions ['colcon_pkg']
[0.256s] Level 1:colcon.colcon_core.package_identification:_identify(src/packge) by extension 'colcon_pkg'
[0.256s] Level 1:colcon.colcon_core.package_identification:_identify(src/packge) by extensions ['colcon_meta']
[0.256s] Level 1:colcon.colcon_core.package_identification:_identify(src/packge) by extension 'colcon_meta'
[0.256s] Level 1:colcon.colcon_core.package_identification:_identify(src/packge) by extensions ['ros']
[0.256s] Level 1:colcon.colcon_core.package_identification:_identify(src/packge) by extension 'ros'
[0.257s] DEBUG:colcon.colcon_core.package_identification:Package 'src/packge' with type 'ros.ament_cmake' and name 'packge'
[0.257s] Level 1:colcon.colcon_core.package_identification:_identify(src/square_controller) by extensions ['ignore', 'ignore_ament_install']
[0.257s] Level 1:colcon.colcon_core.package_identification:_identify(src/square_controller) by extension 'ignore'
[0.257s] Level 1:colcon.colcon_core.package_identification:_identify(src/square_controller) by extension 'ignore_ament_install'
[0.257s] Level 1:colcon.colcon_core.package_identification:_identify(src/square_controller) by extensions ['colcon_pkg']
[0.257s] Level 1:colcon.colcon_core.package_identification:_identify(src/square_controller) by extension 'colcon_pkg'
[0.257s] Level 1:colcon.colcon_core.package_identification:_identify(src/square_controller) by extensions ['colcon_meta']
[0.257s] Level 1:colcon.colcon_core.package_identification:_identify(src/square_controller) by extension 'colcon_meta'
[0.257s] Level 1:colcon.colcon_core.package_identification:_identify(src/square_controller) by extensions ['ros']
[0.257s] Level 1:colcon.colcon_core.package_identification:_identify(src/square_controller) by extension 'ros'
[0.258s] DEBUG:colcon.colcon_core.package_identification:Package 'src/square_controller' with type 'ros.ament_cmake' and name 'square_controller'
[0.258s] Level 1:colcon.colcon_core.package_discovery:discover_packages(recursive) using defaults
[0.258s] Level 1:colcon.colcon_core.package_discovery:discover_packages(ignore) discover
[0.258s] Level 1:colcon.colcon_core.package_discovery:discover_packages(ignore) using defaults
[0.258s] Level 1:colcon.colcon_core.package_discovery:discover_packages(path) discover
[0.258s] Level 1:colcon.colcon_core.package_discovery:discover_packages(path) using defaults
[0.272s] Level 5:colcon.colcon_core.verb:set package 'base_link_p3_description' build argument 'cmake_args' from command line to 'None'
[0.272s] Level 5:colcon.colcon_core.verb:set package 'base_link_p3_description' build argument 'cmake_target' from command line to 'None'
[0.272s] Level 5:colcon.colcon_core.verb:set package 'base_link_p3_description' build argument 'cmake_target_skip_unavailable' from command line to 'False'
[0.272s] Level 5:colcon.colcon_core.verb:set package 'base_link_p3_description' build argument 'cmake_clean_cache' from command line to 'False'
[0.272s] Level 5:colcon.colcon_core.verb:set package 'base_link_p3_description' build argument 'cmake_clean_first' from command line to 'False'
[0.272s] Level 5:colcon.colcon_core.verb:set package 'base_link_p3_description' build argument 'cmake_force_configure' from command line to 'False'
[0.272s] Level 5:colcon.colcon_core.verb:set package 'base_link_p3_description' build argument 'ament_cmake_args' from command line to 'None'
[0.272s] Level 5:colcon.colcon_core.verb:set package 'base_link_p3_description' build argument 'catkin_cmake_args' from command line to 'None'
[0.272s] Level 5:colcon.colcon_core.verb:set package 'base_link_p3_description' build argument 'catkin_skip_building_tests' from command line to 'False'
[0.272s] DEBUG:colcon.colcon_core.verb:Building package 'base_link_p3_description' with the following arguments: {'ament_cmake_args': None, 'build_base': '/app/project/build/base_link_p3_description', 'catkin_cmake_args': None, 'catkin_skip_building_tests': False, 'cmake_args': None, 'cmake_clean_cache': False, 'cmake_clean_first': False, 'cmake_force_configure': False, 'cmake_target': None, 'cmake_target_skip_unavailable': False, 'install_base': '/app/project/install/base_link_p3_description', 'merge_install': False, 'path': '/app/project/src/base_link_p3_description', 'symlink_install': False, 'test_result_base': None}
[0.273s] Level 5:colcon.colcon_core.verb:set package 'my_robot_controller' build argument 'cmake_args' from command line to 'None'
[0.273s] Level 5:colcon.colcon_core.verb:set package 'my_robot_controller' build argument 'cmake_target' from command line to 'None'
[0.273s] Level 5:colcon.colcon_core.verb:set package 'my_robot_controller' build argument 'cmake_target_skip_unavailable' from command line to 'False'
[0.273s] Level 5:colcon.colcon_core.verb:set package 'my_robot_controller' build argument 'cmake_clean_cache' from command line to 'False'
[0.273s] Level 5:colcon.colcon_core.verb:set package 'my_robot_controller' build argument 'cmake_clean_first' from command line to 'False'
[0.273s] Level 5:colcon.colcon_core.verb:set package 'my_robot_controller' build argument 'cmake_force_configure' from command line to 'False'
[0.273s] Level 5:colcon.colcon_core.verb:set package 'my_robot_controller' build argument 'ament_cmake_args' from command line to 'None'
[0.273s] Level 5:colcon.colcon_core.verb:set package 'my_robot_controller' build argument 'catkin_cmake_args' from command line to 'None'
[0.273s] Level 5:colcon.colcon_core.verb:set package 'my_robot_controller' build argument 'catkin_skip_building_tests' from command line to 'False'
[0.273s] DEBUG:colcon.colcon_core.verb:Building package 'my_robot_controller' with the following arguments: {'ament_cmake_args': None, 'build_base': '/app/project/build/my_robot_controller', 'catkin_cmake_args': None, 'catkin_skip_building_tests': False, 'cmake_args': None, 'cmake_clean_cache': False, 'cmake_clean_first': False, 'cmake_force_configure': False, 'cmake_target': None, 'cmake_target_skip_unavailable': False, 'install_base': '/app/project/install/my_robot_controller', 'merge_install': False, 'path': '/app/project/src/my_robot_controller', 'symlink_install': False, 'test_result_base': None}
[0.273s] Level 5:colcon.colcon_core.verb:set package 'my_robot_controller_test' build argument 'cmake_args' from command line to 'None'
[0.273s] Level 5:colcon.colcon_core.verb:set package 'my_robot_controller_test' build argument 'cmake_target' from command line to 'None'
[0.273s] Level 5:colcon.colcon_core.verb:set package 'my_robot_controller_test' build argument 'cmake_target_skip_unavailable' from command line to 'False'
[0.273s] Level 5:colcon.colcon_core.verb:set package 'my_robot_controller_test' build argument 'cmake_clean_cache' from command line to 'False'
[0.273s] Level 5:colcon.colcon_core.verb:set package 'my_robot_controller_test' build argument 'cmake_clean_first' from command line to 'False'
[0.274s] Level 5:colcon.colcon_core.verb:set package 'my_robot_controller_test' build argument 'cmake_force_configure' from command line to 'False'
[0.274s] Level 5:colcon.colcon_core.verb:set package 'my_robot_controller_test' build argument 'ament_cmake_args' from command line to 'None'
[0.274s] Level 5:colcon.colcon_core.verb:set package 'my_robot_controller_test' build argument 'catkin_cmake_args' from command line to 'None'
[0.274s] Level 5:colcon.colcon_core.verb:set package 'my_robot_controller_test' build argument 'catkin_skip_building_tests' from command line to 'False'
[0.274s] DEBUG:colcon.colcon_core.verb:Building package 'my_robot_controller_test' with the following arguments: {'ament_cmake_args': None, 'build_base': '/app/project/build/my_robot_controller_test', 'catkin_cmake_args': None, 'catkin_skip_building_tests': False, 'cmake_args': None, 'cmake_clean_cache': False, 'cmake_clean_first': False, 'cmake_force_configure': False, 'cmake_target': None, 'cmake_target_skip_unavailable': False, 'install_base': '/app/project/install/my_robot_controller_test', 'merge_install': False, 'path': '/app/project/src/my_robot_controller_test', 'symlink_install': False, 'test_result_base': None}
[0.274s] Level 5:colcon.colcon_core.verb:set package 'packge' build argument 'cmake_args' from command line to 'None'
[0.274s] Level 5:colcon.colcon_core.verb:set package 'packge' build argument 'cmake_target' from command line to 'None'
[0.274s] Level 5:colcon.colcon_core.verb:set package 'packge' build argument 'cmake_target_skip_unavailable' from command line to 'False'
[0.274s] Level 5:colcon.colcon_core.verb:set package 'packge' build argument 'cmake_clean_cache' from command line to 'False'
[0.274s] Level 5:colcon.colcon_core.verb:set package 'packge' build argument 'cmake_clean_first' from command line to 'False'
[0.274s] Level 5:colcon.colcon_core.verb:set package 'packge' build argument 'cmake_force_configure' from command line to 'False'
[0.274s] Level 5:colcon.colcon_core.verb:set package 'packge' build argument 'ament_cmake_args' from command line to 'None'
[0.274s] Level 5:colcon.colcon_core.verb:set package 'packge' build argument 'catkin_cmake_args' from command line to 'None'
[0.274s] Level 5:colcon.colcon_core.verb:set package 'packge' build argument 'catkin_skip_building_tests' from command line to 'False'
[0.274s] DEBUG:colcon.colcon_core.verb:Building package 'packge' with the following arguments: {'ament_cmake_args': None, 'build_base': '/app/project/build/packge', 'catkin_cmake_args': None, 'catkin_skip_building_tests': False, 'cmake_args': None, 'cmake_clean_cache': False, 'cmake_clean_first': False, 'cmake_force_configure': False, 'cmake_target': None, 'cmake_target_skip_unavailable': False, 'install_base': '/app/project/install/packge', 'merge_install': False, 'path': '/app/project/src/packge', 'symlink_install': False, 'test_result_base': None}
[0.275s] Level 5:colcon.colcon_core.verb:set package 'square_controller' build argument 'cmake_args' from command line to 'None'
[0.275s] Level 5:colcon.colcon_core.verb:set package 'square_controller' build argument 'cmake_target' from command line to 'None'
[0.275s] Level 5:colcon.colcon_core.verb:set package 'square_controller' build argument 'cmake_target_skip_unavailable' from command line to 'False'
[0.275s] Level 5:colcon.colcon_core.verb:set package 'square_controller' build argument 'cmake_clean_cache' from command line to 'False'
[0.275s] Level 5:colcon.colcon_core.verb:set package 'square_controller' build argument 'cmake_clean_first' from command line to 'False'
[0.275s] Level 5:colcon.colcon_core.verb:set package 'square_controller' build argument 'cmake_force_configure' from command line to 'False'
[0.275s] Level 5:colcon.colcon_core.verb:set package 'square_controller' build argument 'ament_cmake_args' from command line to 'None'
[0.275s] Level 5:colcon.colcon_core.verb:set package 'square_controller' build argument 'catkin_cmake_args' from command line to 'None'
[0.275s] Level 5:colcon.colcon_core.verb:set package 'square_controller' build argument 'catkin_skip_building_tests' from command line to 'False'
[0.275s] DEBUG:colcon.colcon_core.verb:Building package 'square_controller' with the following arguments: {'ament_cmake_args': None, 'build_base': '/app/project/build/square_controller', 'catkin_cmake_args': None, 'catkin_skip_building_tests': False, 'cmake_args': None, 'cmake_clean_cache': False, 'cmake_clean_first': False, 'cmake_force_configure': False, 'cmake_target': None, 'cmake_target_skip_unavailable': False, 'install_base': '/app/project/install/square_controller', 'merge_install': False, 'path': '/app/project/src/square_controller', 'symlink_install': False, 'test_result_base': None}
[0.275s] INFO:colcon.colcon_core.executor:Executing jobs using 'parallel' executor
[0.278s] DEBUG:colcon.colcon_parallel_executor.executor.parallel:run_until_complete
[0.278s] INFO:colcon.colcon_ros.task.ament_python.build:Building ROS package in '/app/project/src/base_link_p3_description' with build type 'ament_python'
[0.278s] Level 1:colcon.colcon_core.shell:create_environment_hook('base_link_p3_description', 'ament_prefix_path')
[0.282s] INFO:colcon.colcon_core.plugin_system:Skipping extension 'colcon_core.shell.bat': Not used on non-Windows systems
[0.282s] INFO:colcon.colcon_core.shell:Creating environment hook '/app/project/install/base_link_p3_description/share/base_link_p3_description/hook/ament_prefix_path.ps1'
[0.283s] INFO:colcon.colcon_core.shell:Creating environment descriptor '/app/project/install/base_link_p3_description/share/base_link_p3_description/hook/ament_prefix_path.dsv'
[0.283s] INFO:colcon.colcon_core.shell:Creating environment hook '/app/project/install/base_link_p3_description/share/base_link_p3_description/hook/ament_prefix_path.sh'
[0.284s] INFO:colcon.colcon_core.shell:Skip shell extension 'powershell' for command environment: Not usable outside of PowerShell
[0.284s] DEBUG:colcon.colcon_core.shell:Skip shell extension 'dsv' for command environment
[0.293s] INFO:colcon.colcon_ros.task.ament_cmake.build:Building ROS package in '/app/project/src/my_robot_controller' with build type 'ament_cmake'
[0.293s] INFO:colcon.colcon_cmake.task.cmake.build:Building CMake package in '/app/project/src/my_robot_controller'
[0.294s] INFO:colcon.colcon_core.shell:Skip shell extension 'powershell' for command environment: Not usable outside of PowerShell
[0.294s] DEBUG:colcon.colcon_core.shell:Skip shell extension 'dsv' for command environment
[0.302s] INFO:colcon.colcon_ros.task.ament_cmake.build:Building ROS package in '/app/project/src/my_robot_controller_test' with build type 'ament_cmake'
[0.302s] INFO:colcon.colcon_cmake.task.cmake.build:Building CMake package in '/app/project/src/my_robot_controller_test'
[0.304s] INFO:colcon.colcon_core.shell:Skip shell extension 'powershell' for command environment: Not usable outside of PowerShell
[0.304s] DEBUG:colcon.colcon_core.shell:Skip shell extension 'dsv' for command environment
[0.316s] INFO:colcon.colcon_ros.task.ament_cmake.build:Building ROS package in '/app/project/src/packge' with build type 'ament_cmake'
[0.317s] INFO:colcon.colcon_cmake.task.cmake.build:Building CMake package in '/app/project/src/packge'
[0.318s] INFO:colcon.colcon_core.shell:Skip shell extension 'powershell' for command environment: Not usable outside of PowerShell
[0.318s] DEBUG:colcon.colcon_core.shell:Skip shell extension 'dsv' for command environment
[0.326s] INFO:colcon.colcon_ros.task.ament_cmake.build:Building ROS package in '/app/project/src/square_controller' with build type 'ament_cmake'
[0.327s] INFO:colcon.colcon_cmake.task.cmake.build:Building CMake package in '/app/project/src/square_controller'
[0.328s] INFO:colcon.colcon_core.shell:Skip shell extension 'powershell' for command environment: Not usable outside of PowerShell
[0.328s] DEBUG:colcon.colcon_core.shell:Skip shell extension 'dsv' for command environment
[0.491s] INFO:colcon.colcon_core.task.python.build:Building Python package in '/app/project/src/base_link_p3_description'
[0.492s] INFO:colcon.colcon_core.shell:Skip shell extension 'powershell' for command environment: Not usable outside of PowerShell
[0.492s] DEBUG:colcon.colcon_core.shell:Skip shell extension 'dsv' for command environment
[0.503s] DEBUG:colcon.colcon_core.event_handler.log_command:Invoking command in '/app/project/build/my_robot_controller': CMAKE_PREFIX_PATH=${CMAKE_PREFIX_PATH}:/app/project/install/base_link_p3_description:/opt/ros/foxy /usr/bin/cmake /app/project/src/my_robot_controller -DCMAKE_INSTALL_PREFIX=/app/project/install/my_robot_controller
[0.508s] DEBUG:colcon.colcon_core.event_handler.log_command:Invoking command in '/app/project/build/my_robot_controller_test': CMAKE_PREFIX_PATH=${CMAKE_PREFIX_PATH}:/app/project/install/base_link_p3_description:/opt/ros/foxy /usr/bin/cmake /app/project/src/my_robot_controller_test -DCMAKE_INSTALL_PREFIX=/app/project/install/my_robot_controller_test
[0.513s] DEBUG:colcon.colcon_core.event_handler.log_command:Invoking command in '/app/project/build/packge': CMAKE_PREFIX_PATH=${CMAKE_PREFIX_PATH}:/app/project/install/base_link_p3_description:/opt/ros/foxy /usr/bin/cmake /app/project/src/packge -DCMAKE_INSTALL_PREFIX=/app/project/install/packge
[0.521s] DEBUG:colcon.colcon_core.event_handler.log_command:Invoking command in '/app/project/build/square_controller': CMAKE_PREFIX_PATH=${CMAKE_PREFIX_PATH}:/app/project/install/base_link_p3_description:/opt/ros/foxy /usr/bin/cmake /app/project/src/square_controller -DCMAKE_INSTALL_PREFIX=/app/project/install/square_controller
[0.880s] DEBUG:colcon.colcon_core.event_handler.log_command:Invoking command in '/app/project/build/base_link_p3_description': PYTHONPATH=/app/project/build/base_link_p3_description/prefix_override:/app/project/install/base_link_p3_description/lib/python3.8/site-packages:${PYTHONPATH} /usr/bin/python3 setup.py develop --uninstall --editable --build-directory /app/project/build/base_link_p3_description/build
[1.161s] DEBUG:colcon.colcon_core.event_handler.log_command:Invoked command in '/app/project/build/packge' returned '0': CMAKE_PREFIX_PATH=${CMAKE_PREFIX_PATH}:/app/project/install/base_link_p3_description:/opt/ros/foxy /usr/bin/cmake /app/project/src/packge -DCMAKE_INSTALL_PREFIX=/app/project/install/packge
[1.166s] DEBUG:colcon.colcon_core.event_handler.log_command:Invoking command in '/app/project/build/packge': CMAKE_PREFIX_PATH=${CMAKE_PREFIX_PATH}:/app/project/install/base_link_p3_description:/opt/ros/foxy /usr/bin/cmake --build /app/project/build/packge -- -j16 -l16
[1.184s] DEBUG:colcon.colcon_core.event_handler.log_command:Invoked command in '/app/project/build/my_robot_controller_test' returned '0': CMAKE_PREFIX_PATH=${CMAKE_PREFIX_PATH}:/app/project/install/base_link_p3_description:/opt/ros/foxy /usr/bin/cmake /app/project/src/my_robot_controller_test -DCMAKE_INSTALL_PREFIX=/app/project/install/my_robot_controller_test
[1.189s] DEBUG:colcon.colcon_core.event_handler.log_command:Invoking command in '/app/project/build/my_robot_controller_test': CMAKE_PREFIX_PATH=${CMAKE_PREFIX_PATH}:/app/project/install/base_link_p3_description:/opt/ros/foxy /usr/bin/cmake --build /app/project/build/my_robot_controller_test -- -j16 -l16
[1.202s] DEBUG:colcon.colcon_core.event_handler.log_command:Invoked command in '/app/project/build/my_robot_controller' returned '0': CMAKE_PREFIX_PATH=${CMAKE_PREFIX_PATH}:/app/project/install/base_link_p3_description:/opt/ros/foxy /usr/bin/cmake /app/project/src/my_robot_controller -DCMAKE_INSTALL_PREFIX=/app/project/install/my_robot_controller
[1.203s] DEBUG:colcon.colcon_core.event_handler.log_command:Invoking command in '/app/project/build/my_robot_controller': CMAKE_PREFIX_PATH=${CMAKE_PREFIX_PATH}:/app/project/install/base_link_p3_description:/opt/ros/foxy /usr/bin/cmake --build /app/project/build/my_robot_controller -- -j16 -l16
[1.208s] DEBUG:colcon.colcon_core.event_handler.log_command:Invoked command in '/app/project/build/base_link_p3_description' returned '0': PYTHONPATH=/app/project/build/base_link_p3_description/prefix_override:/app/project/install/base_link_p3_description/lib/python3.8/site-packages:${PYTHONPATH} /usr/bin/python3 setup.py develop --uninstall --editable --build-directory /app/project/build/base_link_p3_description/build
[1.209s] DEBUG:colcon.colcon_core.event_handler.log_command:Invoking command in '/app/project/src/base_link_p3_description': PYTHONPATH=/app/project/build/base_link_p3_description/prefix_override:/app/project/install/base_link_p3_description/lib/python3.8/site-packages:${PYTHONPATH} /usr/bin/python3 setup.py egg_info --egg-base ../../build/base_link_p3_description build --build-base /app/project/build/base_link_p3_description/build install --record /app/project/build/base_link_p3_description/install.log --single-version-externally-managed
[1.211s] DEBUG:colcon.colcon_core.event_handler.log_command:Invoked command in '/app/project/build/square_controller' returned '0': CMAKE_PREFIX_PATH=${CMAKE_PREFIX_PATH}:/app/project/install/base_link_p3_description:/opt/ros/foxy /usr/bin/cmake /app/project/src/square_controller -DCMAKE_INSTALL_PREFIX=/app/project/install/square_controller
[1.215s] DEBUG:colcon.colcon_core.event_handler.log_command:Invoking command in '/app/project/build/square_controller': CMAKE_PREFIX_PATH=${CMAKE_PREFIX_PATH}:/app/project/install/base_link_p3_description:/opt/ros/foxy /usr/bin/cmake --build /app/project/build/square_controller -- -j16 -l16
[1.272s] DEBUG:colcon.colcon_core.event_handler.log_command:Invoked command in '/app/project/build/packge' returned '0': CMAKE_PREFIX_PATH=${CMAKE_PREFIX_PATH}:/app/project/install/base_link_p3_description:/opt/ros/foxy /usr/bin/cmake --build /app/project/build/packge -- -j16 -l16
[1.289s] DEBUG:colcon.colcon_core.event_handler.log_command:Invoked command in '/app/project/build/my_robot_controller_test' returned '0': CMAKE_PREFIX_PATH=${CMAKE_PREFIX_PATH}:/app/project/install/base_link_p3_description:/opt/ros/foxy /usr/bin/cmake --build /app/project/build/my_robot_controller_test -- -j16 -l16
[1.302s] DEBUG:colcon.colcon_core.event_handler.log_command:Invoked command in '/app/project/build/my_robot_controller' returned '0': CMAKE_PREFIX_PATH=${CMAKE_PREFIX_PATH}:/app/project/install/base_link_p3_description:/opt/ros/foxy /usr/bin/cmake --build /app/project/build/my_robot_controller -- -j16 -l16
[1.326s] DEBUG:colcon.colcon_core.event_handler.log_command:Invoking command in '/app/project/build/packge': CMAKE_PREFIX_PATH=${CMAKE_PREFIX_PATH}:/app/project/install/base_link_p3_description:/opt/ros/foxy /usr/bin/cmake --install /app/project/build/packge
[1.331s] DEBUG:colcon.colcon_core.event_handler.log_command:Invoking command in '/app/project/build/my_robot_controller_test': CMAKE_PREFIX_PATH=${CMAKE_PREFIX_PATH}:/app/project/install/base_link_p3_description:/opt/ros/foxy /usr/bin/cmake --install /app/project/build/my_robot_controller_test
[1.332s] DEBUG:colcon.colcon_core.event_handler.log_command:Invoked command in '/app/project/build/square_controller' returned '0': CMAKE_PREFIX_PATH=${CMAKE_PREFIX_PATH}:/app/project/install/base_link_p3_description:/opt/ros/foxy /usr/bin/cmake --build /app/project/build/square_controller -- -j16 -l16
[1.342s] DEBUG:colcon.colcon_core.event_handler.log_command:Invoking command in '/app/project/build/my_robot_controller': CMAKE_PREFIX_PATH=${CMAKE_PREFIX_PATH}:/app/project/install/base_link_p3_description:/opt/ros/foxy /usr/bin/cmake --install /app/project/build/my_robot_controller
[1.359s] Level 1:colcon.colcon_core.environment:create_environment_scripts_only(my_robot_controller_test)
[1.361s] DEBUG:colcon.colcon_core.event_handler.log_command:Invoked command in '/app/project/build/my_robot_controller_test' returned '0': CMAKE_PREFIX_PATH=${CMAKE_PREFIX_PATH}:/app/project/install/base_link_p3_description:/opt/ros/foxy /usr/bin/cmake --install /app/project/build/my_robot_controller_test
[1.364s] Level 1:colcon.colcon_core.environment:checking '/app/project/install/my_robot_controller_test' for CMake module files
[1.365s] Level 1:colcon.colcon_core.environment:checking '/app/project/install/my_robot_controller_test' for CMake config files
[1.365s] Level 1:colcon.colcon_core.shell:create_environment_hook('my_robot_controller_test', 'cmake_prefix_path')
[1.366s] INFO:colcon.colcon_core.shell:Creating environment hook '/app/project/install/my_robot_controller_test/share/my_robot_controller_test/hook/cmake_prefix_path.ps1'
[1.367s] INFO:colcon.colcon_core.shell:Creating environment descriptor '/app/project/install/my_robot_controller_test/share/my_robot_controller_test/hook/cmake_prefix_path.dsv'
[1.367s] INFO:colcon.colcon_core.shell:Creating environment hook '/app/project/install/my_robot_controller_test/share/my_robot_controller_test/hook/cmake_prefix_path.sh'
[1.368s] Level 1:colcon.colcon_core.environment:checking '/app/project/install/my_robot_controller_test/lib'
[1.368s] Level 1:colcon.colcon_core.environment:checking '/app/project/install/my_robot_controller_test/bin'
[1.368s] Level 1:colcon.colcon_core.environment:checking '/app/project/install/my_robot_controller_test/lib/pkgconfig/my_robot_controller_test.pc'
[1.368s] Level 1:colcon.colcon_core.environment:checking '/app/project/install/my_robot_controller_test/lib/python3.8/site-packages'
[1.368s] Level 1:colcon.colcon_core.environment:checking '/app/project/install/my_robot_controller_test/bin'
[1.370s] INFO:colcon.colcon_core.shell:Creating package script '/app/project/install/my_robot_controller_test/share/my_robot_controller_test/package.ps1'
[1.370s] INFO:colcon.colcon_core.shell:Creating package descriptor '/app/project/install/my_robot_controller_test/share/my_robot_controller_test/package.dsv'
[1.371s] INFO:colcon.colcon_core.shell:Creating package script '/app/project/install/my_robot_controller_test/share/my_robot_controller_test/package.sh'
[1.372s] INFO:colcon.colcon_core.shell:Creating package script '/app/project/install/my_robot_controller_test/share/my_robot_controller_test/package.bash'
[1.372s] INFO:colcon.colcon_core.shell:Creating package script '/app/project/install/my_robot_controller_test/share/my_robot_controller_test/package.zsh'
[1.373s] Level 1:colcon.colcon_core.environment:create_file_with_runtime_dependencies(/app/project/install/my_robot_controller_test/share/colcon-core/packages/my_robot_controller_test)
[1.377s] Level 1:colcon.colcon_core.environment:create_environment_scripts_only(packge)
[1.379s] Level 1:colcon.colcon_core.environment:checking '/app/project/install/packge' for CMake module files
[1.380s] DEBUG:colcon.colcon_core.event_handler.log_command:Invoked command in '/app/project/build/packge' returned '0': CMAKE_PREFIX_PATH=${CMAKE_PREFIX_PATH}:/app/project/install/base_link_p3_description:/opt/ros/foxy /usr/bin/cmake --install /app/project/build/packge
[1.380s] Level 1:colcon.colcon_core.environment:checking '/app/project/install/packge' for CMake config files
[1.380s] Level 1:colcon.colcon_core.shell:create_environment_hook('packge', 'cmake_prefix_path')
[1.381s] INFO:colcon.colcon_core.shell:Creating environment hook '/app/project/install/packge/share/packge/hook/cmake_prefix_path.ps1'
[1.382s] INFO:colcon.colcon_core.shell:Creating environment descriptor '/app/project/install/packge/share/packge/hook/cmake_prefix_path.dsv'
[1.383s] INFO:colcon.colcon_core.shell:Creating environment hook '/app/project/install/packge/share/packge/hook/cmake_prefix_path.sh'
[1.383s] Level 1:colcon.colcon_core.environment:checking '/app/project/install/packge/lib'
[1.383s] Level 1:colcon.colcon_core.environment:checking '/app/project/install/packge/bin'
[1.384s] Level 1:colcon.colcon_core.environment:checking '/app/project/install/packge/lib/pkgconfig/packge.pc'
[1.384s] Level 1:colcon.colcon_core.environment:checking '/app/project/install/packge/lib/python3.8/site-packages'
[1.384s] Level 1:colcon.colcon_core.environment:checking '/app/project/install/packge/bin'
[1.385s] INFO:colcon.colcon_core.shell:Creating package script '/app/project/install/packge/share/packge/package.ps1'
[1.385s] INFO:colcon.colcon_core.shell:Creating package descriptor '/app/project/install/packge/share/packge/package.dsv'
[1.386s] INFO:colcon.colcon_core.shell:Creating package script '/app/project/install/packge/share/packge/package.sh'
[1.386s] INFO:colcon.colcon_core.shell:Creating package script '/app/project/install/packge/share/packge/package.bash'
[1.386s] INFO:colcon.colcon_core.shell:Creating package script '/app/project/install/packge/share/packge/package.zsh'
[1.387s] Level 1:colcon.colcon_core.environment:create_file_with_runtime_dependencies(/app/project/install/packge/share/colcon-core/packages/packge)
[1.393s] Level 1:colcon.colcon_core.environment:create_environment_scripts_only(my_robot_controller)
[1.395s] Level 1:colcon.colcon_core.environment:checking '/app/project/install/my_robot_controller' for CMake module files
[1.396s] DEBUG:colcon.colcon_core.event_handler.log_command:Invoked command in '/app/project/build/my_robot_controller' returned '0': CMAKE_PREFIX_PATH=${CMAKE_PREFIX_PATH}:/app/project/install/base_link_p3_description:/opt/ros/foxy /usr/bin/cmake --install /app/project/build/my_robot_controller
[1.396s] Level 1:colcon.colcon_core.environment:checking '/app/project/install/my_robot_controller' for CMake config files
[1.397s] Level 1:colcon.colcon_core.shell:create_environment_hook('my_robot_controller', 'cmake_prefix_path')
[1.398s] INFO:colcon.colcon_core.shell:Creating environment hook '/app/project/install/my_robot_controller/share/my_robot_controller/hook/cmake_prefix_path.ps1'
[1.398s] INFO:colcon.colcon_core.shell:Creating environment descriptor '/app/project/install/my_robot_controller/share/my_robot_controller/hook/cmake_prefix_path.dsv'
[1.399s] INFO:colcon.colcon_core.shell:Creating environment hook '/app/project/install/my_robot_controller/share/my_robot_controller/hook/cmake_prefix_path.sh'
[1.399s] Level 1:colcon.colcon_core.environment:checking '/app/project/install/my_robot_controller/lib'
[1.399s] Level 1:colcon.colcon_core.environment:checking '/app/project/install/my_robot_controller/bin'
[1.399s] Level 1:colcon.colcon_core.environment:checking '/app/project/install/my_robot_controller/lib/pkgconfig/my_robot_controller.pc'
[1.400s] Level 1:colcon.colcon_core.environment:checking '/app/project/install/my_robot_controller/lib/python3.8/site-packages'
[1.400s] Level 1:colcon.colcon_core.environment:checking '/app/project/install/my_robot_controller/bin'
[1.401s] INFO:colcon.colcon_core.shell:Creating package script '/app/project/install/my_robot_controller/share/my_robot_controller/package.ps1'
[1.401s] INFO:colcon.colcon_core.shell:Creating package descriptor '/app/project/install/my_robot_controller/share/my_robot_controller/package.dsv'
[1.402s] INFO:colcon.colcon_core.shell:Creating package script '/app/project/install/my_robot_controller/share/my_robot_controller/package.sh'
[1.402s] INFO:colcon.colcon_core.shell:Creating package script '/app/project/install/my_robot_controller/share/my_robot_controller/package.bash'
[1.402s] INFO:colcon.colcon_core.shell:Creating package script '/app/project/install/my_robot_controller/share/my_robot_controller/package.zsh'
[1.403s] Level 1:colcon.colcon_core.environment:create_file_with_runtime_dependencies(/app/project/install/my_robot_controller/share/colcon-core/packages/my_robot_controller)
[1.412s] DEBUG:colcon.colcon_core.event_handler.log_command:Invoking command in '/app/project/build/square_controller': CMAKE_PREFIX_PATH=${CMAKE_PREFIX_PATH}:/app/project/install/base_link_p3_description:/opt/ros/foxy /usr/bin/cmake --install /app/project/build/square_controller
[1.416s] Level 1:colcon.colcon_core.environment:create_environment_scripts_only(my_robot_controller_test)
[1.418s] Level 1:colcon.colcon_core.environment:checking '/app/project/install/my_robot_controller_test' for CMake module files
[1.419s] Level 1:colcon.colcon_core.environment:checking '/app/project/install/my_robot_controller_test' for CMake config files
[1.419s] Level 1:colcon.colcon_core.shell:create_environment_hook('my_robot_controller_test', 'cmake_prefix_path')
[1.420s] INFO:colcon.colcon_core.shell:Creating environment hook '/app/project/install/my_robot_controller_test/share/my_robot_controller_test/hook/cmake_prefix_path.ps1'
[1.422s] INFO:colcon.colcon_core.shell:Creating environment descriptor '/app/project/install/my_robot_controller_test/share/my_robot_controller_test/hook/cmake_prefix_path.dsv'
[1.422s] INFO:colcon.colcon_core.shell:Creating environment hook '/app/project/install/my_robot_controller_test/share/my_robot_controller_test/hook/cmake_prefix_path.sh'
[1.423s] Level 1:colcon.colcon_core.environment:checking '/app/project/install/my_robot_controller_test/lib'
[1.423s] Level 1:colcon.colcon_core.environment:checking '/app/project/install/my_robot_controller_test/bin'
[1.423s] Level 1:colcon.colcon_core.environment:checking '/app/project/install/my_robot_controller_test/lib/pkgconfig/my_robot_controller_test.pc'
[1.424s] Level 1:colcon.colcon_core.environment:checking '/app/project/install/my_robot_controller_test/lib/python3.8/site-packages'
[1.424s] Level 1:colcon.colcon_core.environment:checking '/app/project/install/my_robot_controller_test/bin'
[1.425s] INFO:colcon.colcon_core.shell:Creating package script '/app/project/install/my_robot_controller_test/share/my_robot_controller_test/package.ps1'
[1.426s] INFO:colcon.colcon_core.shell:Creating package descriptor '/app/project/install/my_robot_controller_test/share/my_robot_controller_test/package.dsv'
[1.427s] INFO:colcon.colcon_core.shell:Creating package script '/app/project/install/my_robot_controller_test/share/my_robot_controller_test/package.sh'
[1.428s] INFO:colcon.colcon_core.shell:Creating package script '/app/project/install/my_robot_controller_test/share/my_robot_controller_test/package.bash'
[1.429s] INFO:colcon.colcon_core.shell:Creating package script '/app/project/install/my_robot_controller_test/share/my_robot_controller_test/package.zsh'
[1.429s] Level 1:colcon.colcon_core.environment:create_file_with_runtime_dependencies(/app/project/install/my_robot_controller_test/share/colcon-core/packages/my_robot_controller_test)
[1.431s] Level 1:colcon.colcon_core.environment:create_environment_scripts_only(packge)
[1.433s] Level 1:colcon.colcon_core.environment:checking '/app/project/install/packge' for CMake module files
[1.433s] Level 1:colcon.colcon_core.environment:checking '/app/project/install/packge' for CMake config files
[1.433s] Level 1:colcon.colcon_core.shell:create_environment_hook('packge', 'cmake_prefix_path')
[1.434s] INFO:colcon.colcon_core.shell:Creating environment hook '/app/project/install/packge/share/packge/hook/cmake_prefix_path.ps1'
[1.435s] INFO:colcon.colcon_core.shell:Creating environment descriptor '/app/project/install/packge/share/packge/hook/cmake_prefix_path.dsv'
[1.435s] INFO:colcon.colcon_core.shell:Creating environment hook '/app/project/install/packge/share/packge/hook/cmake_prefix_path.sh'
[1.435s] Level 1:colcon.colcon_core.environment:checking '/app/project/install/packge/lib'
[1.436s] Level 1:colcon.colcon_core.environment:checking '/app/project/install/packge/bin'
[1.436s] Level 1:colcon.colcon_core.environment:checking '/app/project/install/packge/lib/pkgconfig/packge.pc'
[1.436s] Level 1:colcon.colcon_core.environment:checking '/app/project/install/packge/lib/python3.8/site-packages'
[1.436s] Level 1:colcon.colcon_core.environment:checking '/app/project/install/packge/bin'
[1.437s] INFO:colcon.colcon_core.shell:Creating package script '/app/project/install/packge/share/packge/package.ps1'
[1.438s] INFO:colcon.colcon_core.shell:Creating package descriptor '/app/project/install/packge/share/packge/package.dsv'
[1.438s] INFO:colcon.colcon_core.shell:Creating package script '/app/project/install/packge/share/packge/package.sh'
[1.439s] INFO:colcon.colcon_core.shell:Creating package script '/app/project/install/packge/share/packge/package.bash'
[1.439s] INFO:colcon.colcon_core.shell:Creating package script '/app/project/install/packge/share/packge/package.zsh'
[1.440s] Level 1:colcon.colcon_core.environment:create_file_with_runtime_dependencies(/app/project/install/packge/share/colcon-core/packages/packge)
[1.442s] Level 1:colcon.colcon_core.environment:create_environment_scripts_only(my_robot_controller)
[1.443s] Level 1:colcon.colcon_core.environment:checking '/app/project/install/my_robot_controller' for CMake module files
[1.444s] Level 1:colcon.colcon_core.environment:checking '/app/project/install/my_robot_controller' for CMake config files
[1.445s] Level 1:colcon.colcon_core.shell:create_environment_hook('my_robot_controller', 'cmake_prefix_path')
[1.446s] INFO:colcon.colcon_core.shell:Creating environment hook '/app/project/install/my_robot_controller/share/my_robot_controller/hook/cmake_prefix_path.ps1'
[1.447s] INFO:colcon.colcon_core.shell:Creating environment descriptor '/app/project/install/my_robot_controller/share/my_robot_controller/hook/cmake_prefix_path.dsv'
[1.448s] INFO:colcon.colcon_core.shell:Creating environment hook '/app/project/install/my_robot_controller/share/my_robot_controller/hook/cmake_prefix_path.sh'
[1.449s] Level 1:colcon.colcon_core.environment:checking '/app/project/install/my_robot_controller/lib'
[1.449s] Level 1:colcon.colcon_core.environment:checking '/app/project/install/my_robot_controller/bin'
[1.449s] Level 1:colcon.colcon_core.environment:checking '/app/project/install/my_robot_controller/lib/pkgconfig/my_robot_controller.pc'
[1.449s] Level 1:colcon.colcon_core.environment:checking '/app/project/install/my_robot_controller/lib/python3.8/site-packages'
[1.450s] Level 1:colcon.colcon_core.environment:checking '/app/project/install/my_robot_controller/bin'
[1.451s] INFO:colcon.colcon_core.shell:Creating package script '/app/project/install/my_robot_controller/share/my_robot_controller/package.ps1'
[1.452s] INFO:colcon.colcon_core.shell:Creating package descriptor '/app/project/install/my_robot_controller/share/my_robot_controller/package.dsv'
[1.452s] INFO:colcon.colcon_core.shell:Creating package script '/app/project/install/my_robot_controller/share/my_robot_controller/package.sh'
[1.453s] INFO:colcon.colcon_core.shell:Creating package script '/app/project/install/my_robot_controller/share/my_robot_controller/package.bash'
[1.453s] INFO:colcon.colcon_core.shell:Creating package script '/app/project/install/my_robot_controller/share/my_robot_controller/package.zsh'
[1.453s] Level 1:colcon.colcon_core.environment:create_file_with_runtime_dependencies(/app/project/install/my_robot_controller/share/colcon-core/packages/my_robot_controller)
[1.455s] Level 1:colcon.colcon_core.environment:create_environment_scripts_only(square_controller)
[1.457s] Level 1:colcon.colcon_core.environment:checking '/app/project/install/square_controller' for CMake module files
[1.458s] DEBUG:colcon.colcon_core.event_handler.log_command:Invoked command in '/app/project/build/square_controller' returned '0': CMAKE_PREFIX_PATH=${CMAKE_PREFIX_PATH}:/app/project/install/base_link_p3_description:/opt/ros/foxy /usr/bin/cmake --install /app/project/build/square_controller
[1.458s] Level 1:colcon.colcon_core.environment:checking '/app/project/install/square_controller' for CMake config files
[1.458s] Level 1:colcon.colcon_core.shell:create_environment_hook('square_controller', 'cmake_prefix_path')
[1.460s] INFO:colcon.colcon_core.shell:Creating environment hook '/app/project/install/square_controller/share/square_controller/hook/cmake_prefix_path.ps1'
[1.460s] INFO:colcon.colcon_core.shell:Creating environment descriptor '/app/project/install/square_controller/share/square_controller/hook/cmake_prefix_path.dsv'
[1.461s] INFO:colcon.colcon_core.shell:Creating environment hook '/app/project/install/square_controller/share/square_controller/hook/cmake_prefix_path.sh'
[1.461s] Level 1:colcon.colcon_core.environment:checking '/app/project/install/square_controller/lib'
[1.461s] Level 1:colcon.colcon_core.environment:checking '/app/project/install/square_controller/bin'
[1.461s] Level 1:colcon.colcon_core.environment:checking '/app/project/install/square_controller/lib/pkgconfig/square_controller.pc'
[1.462s] Level 1:colcon.colcon_core.environment:checking '/app/project/install/square_controller/lib/python3.8/site-packages'
[1.462s] Level 1:colcon.colcon_core.environment:checking '/app/project/install/square_controller/bin'
[1.463s] INFO:colcon.colcon_core.shell:Creating package script '/app/project/install/square_controller/share/square_controller/package.ps1'
[1.464s] INFO:colcon.colcon_core.shell:Creating package descriptor '/app/project/install/square_controller/share/square_controller/package.dsv'
[1.464s] INFO:colcon.colcon_core.shell:Creating package script '/app/project/install/square_controller/share/square_controller/package.sh'
[1.464s] INFO:colcon.colcon_core.shell:Creating package script '/app/project/install/square_controller/share/square_controller/package.bash'
[1.464s] INFO:colcon.colcon_core.shell:Creating package script '/app/project/install/square_controller/share/square_controller/package.zsh'
[1.465s] Level 1:colcon.colcon_core.environment:create_file_with_runtime_dependencies(/app/project/install/square_controller/share/colcon-core/packages/square_controller)
[1.474s] Level 1:colcon.colcon_core.environment:checking '/app/project/install/base_link_p3_description' for CMake module files
[1.474s] DEBUG:colcon.colcon_core.event_handler.log_command:Invoked command in '/app/project/src/base_link_p3_description' returned '0': PYTHONPATH=/app/project/build/base_link_p3_description/prefix_override:/app/project/install/base_link_p3_description/lib/python3.8/site-packages:${PYTHONPATH} /usr/bin/python3 setup.py egg_info --egg-base ../../build/base_link_p3_description build --build-base /app/project/build/base_link_p3_description/build install --record /app/project/build/base_link_p3_description/install.log --single-version-externally-managed
[1.475s] Level 1:colcon.colcon_core.environment:checking '/app/project/install/base_link_p3_description' for CMake config files
[1.475s] Level 1:colcon.colcon_core.environment:checking '/app/project/install/base_link_p3_description/lib'
[1.475s] Level 1:colcon.colcon_core.environment:checking '/app/project/install/base_link_p3_description/bin'
[1.476s] Level 1:colcon.colcon_core.environment:checking '/app/project/install/base_link_p3_description/lib/pkgconfig/base_link_p3_description.pc'
[1.476s] Level 1:colcon.colcon_core.environment:checking '/app/project/install/base_link_p3_description/lib/python3.8/site-packages'
[1.476s] Level 1:colcon.colcon_core.shell:create_environment_hook('base_link_p3_description', 'pythonpath')
[1.477s] INFO:colcon.colcon_core.shell:Creating environment hook '/app/project/install/base_link_p3_description/share/base_link_p3_description/hook/pythonpath.ps1'
[1.477s] INFO:colcon.colcon_core.shell:Creating environment descriptor '/app/project/install/base_link_p3_description/share/base_link_p3_description/hook/pythonpath.dsv'
[1.478s] INFO:colcon.colcon_core.shell:Creating environment hook '/app/project/install/base_link_p3_description/share/base_link_p3_description/hook/pythonpath.sh'
[1.478s] Level 1:colcon.colcon_core.environment:checking '/app/project/install/base_link_p3_description/bin'
[1.478s] Level 1:colcon.colcon_core.environment:create_environment_scripts_only(base_link_p3_description)
[1.479s] INFO:colcon.colcon_core.shell:Creating package script '/app/project/install/base_link_p3_description/share/base_link_p3_description/package.ps1'
[1.480s] INFO:colcon.colcon_core.shell:Creating package descriptor '/app/project/install/base_link_p3_description/share/base_link_p3_description/package.dsv'
[1.480s] INFO:colcon.colcon_core.shell:Creating package script '/app/project/install/base_link_p3_description/share/base_link_p3_description/package.sh'
[1.480s] INFO:colcon.colcon_core.shell:Creating package script '/app/project/install/base_link_p3_description/share/base_link_p3_description/package.bash'
[1.481s] INFO:colcon.colcon_core.shell:Creating package script '/app/project/install/base_link_p3_description/share/base_link_p3_description/package.zsh'
[1.481s] Level 1:colcon.colcon_core.environment:create_file_with_runtime_dependencies(/app/project/install/base_link_p3_description/share/colcon-core/packages/base_link_p3_description)
[1.497s] Level 1:colcon.colcon_core.environment:create_environment_scripts_only(square_controller)
[1.500s] Level 1:colcon.colcon_core.environment:checking '/app/project/install/square_controller' for CMake module files
[1.500s] Level 1:colcon.colcon_core.environment:checking '/app/project/install/square_controller' for CMake config files
[1.500s] Level 1:colcon.colcon_core.shell:create_environment_hook('square_controller', 'cmake_prefix_path')
[1.501s] INFO:colcon.colcon_core.shell:Creating environment hook '/app/project/install/square_controller/share/square_controller/hook/cmake_prefix_path.ps1'
[1.502s] INFO:colcon.colcon_core.shell:Creating environment descriptor '/app/project/install/square_controller/share/square_controller/hook/cmake_prefix_path.dsv'
[1.502s] INFO:colcon.colcon_core.shell:Creating environment hook '/app/project/install/square_controller/share/square_controller/hook/cmake_prefix_path.sh'
[1.502s] Level 1:colcon.colcon_core.environment:checking '/app/project/install/square_controller/lib'
[1.502s] Level 1:colcon.colcon_core.environment:checking '/app/project/install/square_controller/bin'
[1.502s] Level 1:colcon.colcon_core.environment:checking '/app/project/install/square_controller/lib/pkgconfig/square_controller.pc'
[1.502s] Level 1:colcon.colcon_core.environment:checking '/app/project/install/square_controller/lib/python3.8/site-packages'
[1.503s] Level 1:colcon.colcon_core.environment:checking '/app/project/install/square_controller/bin'
[1.503s] INFO:colcon.colcon_core.shell:Creating package script '/app/project/install/square_controller/share/square_controller/package.ps1'
[1.504s] INFO:colcon.colcon_core.shell:Creating package descriptor '/app/project/install/square_controller/share/square_controller/package.dsv'
[1.504s] INFO:colcon.colcon_core.shell:Creating package script '/app/project/install/square_controller/share/square_controller/package.sh'
[1.504s] INFO:colcon.colcon_core.shell:Creating package script '/app/project/install/square_controller/share/square_controller/package.bash'
[1.505s] INFO:colcon.colcon_core.shell:Creating package script '/app/project/install/square_controller/share/square_controller/package.zsh'
[1.505s] Level 1:colcon.colcon_core.environment:create_file_with_runtime_dependencies(/app/project/install/square_controller/share/colcon-core/packages/square_controller)
[1.505s] DEBUG:colcon.colcon_parallel_executor.executor.parallel:closing loop
[1.505s] DEBUG:colcon.colcon_parallel_executor.executor.parallel:loop closed
[1.505s] DEBUG:colcon.colcon_parallel_executor.executor.parallel:run_until_complete finished with '0'
[1.505s] DEBUG:colcon.colcon_core.event_reactor:joining thread
[1.512s] INFO:colcon.colcon_core.plugin_system:Skipping extension 'colcon_notification.desktop_notification.notify_send': Could not find 'notify-send'
[1.512s] INFO:colcon.colcon_core.plugin_system:Skipping extension 'colcon_notification.desktop_notification.terminal_notifier': Not used on non-Darwin systems
[1.512s] INFO:colcon.colcon_core.plugin_system:Skipping extension 'colcon_notification.desktop_notification.win32': Not used on non-Windows systems
[1.512s] INFO:colcon.colcon_notification.desktop_notification:Sending desktop notification using 'notify2'
[1.514s] DEBUG:colcon.colcon_notification.desktop_notification.notify2:Failed to initialize notify2: org.freedesktop.DBus.Error.Spawn.ExecFailed: /usr/bin/dbus-launch terminated abnormally without any error message
[1.514s] DEBUG:colcon.colcon_core.event_reactor:joined thread
[1.516s] INFO:colcon.colcon_core.shell:Creating prefix script '/app/project/install/local_setup.ps1'
[1.517s] INFO:colcon.colcon_core.shell:Creating prefix util module '/app/project/install/_local_setup_util_ps1.py'
[1.518s] INFO:colcon.colcon_core.shell:Creating prefix chain script '/app/project/install/setup.ps1'
[1.520s] INFO:colcon.colcon_core.shell:Creating prefix script '/app/project/install/local_setup.sh'
[1.520s] INFO:colcon.colcon_core.shell:Creating prefix util module '/app/project/install/_local_setup_util_sh.py'
[1.520s] INFO:colcon.colcon_core.shell:Creating prefix chain script '/app/project/install/setup.sh'
[1.521s] INFO:colcon.colcon_core.shell:Creating prefix script '/app/project/install/local_setup.bash'
[1.522s] INFO:colcon.colcon_core.shell:Creating prefix chain script '/app/project/install/setup.bash'
[1.523s] INFO:colcon.colcon_core.shell:Creating prefix script '/app/project/install/local_setup.zsh'
[1.523s] INFO:colcon.colcon_core.shell:Creating prefix chain script '/app/project/install/setup.zsh'
