-- Found ament_cmake: 0.9.12 (/opt/ros/foxy/share/ament_cmake/cmake)
-- Using PYTHON_EXECUTABLE: /usr/bin/python3
-- Override CMake install command with custom implementation using symlinks instead of copying resources
-- Found rclcpp: 2.4.3 (/opt/ros/foxy/share/rclcpp/cmake)
-- Using all available rosidl_typesupport_c: rosidl_typesupport_fastrtps_c;rosidl_typesupport_introspection_c
-- Found rosidl_adapter: 1.3.1 (/opt/ros/foxy/share/rosidl_adapter/cmake)
-- Using all available rosidl_typesupport_cpp: rosidl_typesupport_fastrtps_cpp;rosidl_typesupport_introspection_cpp
-- Found rmw_implementation_cmake: 1.0.4 (/opt/ros/foxy/share/rmw_implementation_cmake/cmake)
-- Using RMW implementation 'rmw_fastrtps_cpp' as default
-- Found geometry_msgs: 2.0.5 (/opt/ros/foxy/share/geometry_msgs/cmake)
-- Found ament_lint_auto: 0.9.8 (/opt/ros/foxy/share/ament_lint_auto/cmake)
-- Added test 'copyright' to check source files copyright and LICENSE
-- Added test 'cppcheck' to perform static code analysis on C / C++ code
-- Configured cppcheck include dirs: 
-- Configured cppcheck exclude dirs and/or files: 
-- Added test 'cpplint' to check C / C++ code against the Google style
-- Configured cpplint exclude dirs and/or files: 
-- Added test 'lint_cmake' to check CMake code style
-- Added test 'uncrustify' to check C / C++ code style
-- Configured uncrustify additional arguments: 
-- Added test 'xmllint' to check XML markup files
-- Configuring done
-- Generating done
-- Build files have been written to: /app/project/build/meu_robo
[ 50%] [32m[1mLinking CXX executable robo_node[0m
[100%] Built target robo_node
-- Install configuration: ""
-- Execute custom install script
-- Symlinking: /app/project/install/meu_robo/lib/meu_robo/robo_node
-- Symlinking: /app/project/install/meu_robo/share/ament_index/resource_index/package_run_dependencies/meu_robo
-- Symlinking: /app/project/install/meu_robo/share/ament_index/resource_index/parent_prefix_path/meu_robo
-- Symlinking: /app/project/install/meu_robo/share/meu_robo/environment/ament_prefix_path.sh
-- Symlinking: /app/project/install/meu_robo/share/meu_robo/environment/ament_prefix_path.dsv
-- Symlinking: /app/project/install/meu_robo/share/meu_robo/environment/path.sh
-- Symlinking: /app/project/install/meu_robo/share/meu_robo/environment/path.dsv
-- Symlinking: /app/project/install/meu_robo/share/meu_robo/local_setup.bash
-- Symlinking: /app/project/install/meu_robo/share/meu_robo/local_setup.sh
-- Symlinking: /app/project/install/meu_robo/share/meu_robo/local_setup.zsh
-- Symlinking: /app/project/install/meu_robo/share/meu_robo/local_setup.dsv
-- Symlinking: /app/project/install/meu_robo/share/meu_robo/package.dsv
-- Symlinking: /app/project/install/meu_robo/share/ament_index/resource_index/packages/meu_robo
-- Symlinking: /app/project/install/meu_robo/share/meu_robo/cmake/meu_roboConfig.cmake
-- Symlinking: /app/project/install/meu_robo/share/meu_robo/cmake/meu_roboConfig-version.cmake
-- Symlinking: /app/project/install/meu_robo/share/meu_robo/package.xml
