[35m[1mScanning dependencies of target forward_node[0m
[ 50%] [32mBuilding CXX object CMakeFiles/forward_node.dir/src/forward_node.cpp.o[0m
[100%] [32m[1mLinking CXX executable forward_node[0m
[100%] Built target forward_node
-- Install configuration: ""
-- Installing: /app/project/install/my_robot_controller/lib/my_robot_controller/forward_node
-- Set runtime path of "/app/project/install/my_robot_controller/lib/my_robot_controller/forward_node" to ""
-- Up-to-date: /app/project/install/my_robot_controller/share/ament_index/resource_index/package_run_dependencies/my_robot_controller
-- Up-to-date: /app/project/install/my_robot_controller/share/ament_index/resource_index/parent_prefix_path/my_robot_controller
-- Up-to-date: /app/project/install/my_robot_controller/share/my_robot_controller/environment/ament_prefix_path.sh
-- Up-to-date: /app/project/install/my_robot_controller/share/my_robot_controller/environment/ament_prefix_path.dsv
-- Up-to-date: /app/project/install/my_robot_controller/share/my_robot_controller/environment/path.sh
-- Up-to-date: /app/project/install/my_robot_controller/share/my_robot_controller/environment/path.dsv
-- Up-to-date: /app/project/install/my_robot_controller/share/my_robot_controller/local_setup.bash
-- Up-to-date: /app/project/install/my_robot_controller/share/my_robot_controller/local_setup.sh
-- Up-to-date: /app/project/install/my_robot_controller/share/my_robot_controller/local_setup.zsh
-- Up-to-date: /app/project/install/my_robot_controller/share/my_robot_controller/local_setup.dsv
-- Installing: /app/project/install/my_robot_controller/share/my_robot_controller/package.dsv
-- Up-to-date: /app/project/install/my_robot_controller/share/ament_index/resource_index/packages/my_robot_controller
-- Up-to-date: /app/project/install/my_robot_controller/share/my_robot_controller/cmake/my_robot_controllerConfig.cmake
-- Up-to-date: /app/project/install/my_robot_controller/share/my_robot_controller/cmake/my_robot_controllerConfig-version.cmake
-- Up-to-date: /app/project/install/my_robot_controller/share/my_robot_controller/package.xml
