/app/project/install/base_link_t1_description/lib/python3.8/site-packages/base_link_t1_description/__init__.py
/app/project/install/base_link_t1_description/lib/python3.8/site-packages/base_link_t1_description/__pycache__/__init__.cpython-38.pyc
/app/project/install/base_link_t1_description/share/ament_index/resource_index/packages/base_link_t1_description
/app/project/install/base_link_t1_description/share/base_link_t1_description/package.xml
/app/project/install/base_link_t1_description/share/base_link_t1_description/launch/gazebo.launch.py
/app/project/install/base_link_t1_description/share/base_link_t1_description/launch/display.launch.py
/app/project/install/base_link_t1_description/share/base_link_t1_description/urdf/base_link_t1.xacro
/app/project/install/base_link_t1_description/share/base_link_t1_description/urdf/base_link_t1.ros2control
/app/project/install/base_link_t1_description/share/base_link_t1_description/urdf/base_link_t1.gazebo
/app/project/install/base_link_t1_description/share/base_link_t1_description/urdf/materials.xacro
/app/project/install/base_link_t1_description/share/base_link_t1_description/meshes/base_link.stl
/app/project/install/base_link_t1_description/share/base_link_t1_description/meshes/Parte6_1.stl
/app/project/install/base_link_t1_description/share/base_link_t1_description/meshes/Parte6_2.stl
/app/project/install/base_link_t1_description/share/base_link_t1_description/meshes/Parte1__17__2.stl
/app/project/install/base_link_t1_description/share/base_link_t1_description/meshes/Parte1__17__1.stl
/app/project/install/base_link_t1_description/share/base_link_t1_description/config/ros_gz_bridge_gazebo.yaml
/app/project/install/base_link_t1_description/share/base_link_t1_description/config/display.rviz
/app/project/install/base_link_t1_description/share/base_link_t1_description/config/gazebo.rviz
/app/project/install/base_link_t1_description/lib/python3.8/site-packages/base_link_t1_description-0.0.0-py3.8.egg-info/requires.txt
/app/project/install/base_link_t1_description/lib/python3.8/site-packages/base_link_t1_description-0.0.0-py3.8.egg-info/PKG-INFO
/app/project/install/base_link_t1_description/lib/python3.8/site-packages/base_link_t1_description-0.0.0-py3.8.egg-info/zip-safe
/app/project/install/base_link_t1_description/lib/python3.8/site-packages/base_link_t1_description-0.0.0-py3.8.egg-info/top_level.txt
/app/project/install/base_link_t1_description/lib/python3.8/site-packages/base_link_t1_description-0.0.0-py3.8.egg-info/SOURCES.txt
/app/project/install/base_link_t1_description/lib/python3.8/site-packages/base_link_t1_description-0.0.0-py3.8.egg-info/dependency_links.txt
/app/project/install/base_link_t1_description/lib/python3.8/site-packages/base_link_t1_description-0.0.0-py3.8.egg-info/entry_points.txt
