[0.214s] DEBUG:colcon:Command line arguments: ['/usr/bin/colcon', 'build']
[0.214s] DEBUG:colcon:Parsed command line arguments: Namespace(ament_cmake_args=None, base_paths=['.'], build_base='build', catkin_cmake_args=None, catkin_skip_building_tests=False, cmake_args=None, cmake_clean_cache=False, cmake_clean_first=False, cmake_force_configure=False, cmake_target=None, cmake_target_skip_unavailable=False, continue_on_error=False, event_handlers=None, executor='parallel', ignore_user_meta=False, install_base='install', log_base=None, log_level=None, main=<bound method BuildVerb.main of <colcon_core.verb.build.BuildVerb object at 0x7f3bd719ed30>>, merge_install=False, metas=['./colcon.meta'], mixin=None, mixin_files=None, mixin_verb=('build',), packages_above=None, packages_above_and_dependencies=None, packages_above_depth=None, packages_end=None, packages_ignore=None, packages_ignore_regex=None, packages_select=None, packages_select_build_failed=False, packages_select_by_dep=None, packages_select_regex=None, packages_select_test_failures=False, packages_skip=None, packages_skip_build_finished=False, packages_skip_by_dep=None, packages_skip_regex=None, packages_skip_test_passed=False, packages_skip_up_to=None, packages_start=None, packages_up_to=None, packages_up_to_regex=None, parallel_workers=16, paths=None, symlink_install=False, test_result_base=None, verb_extension=<colcon_core.verb.build.BuildVerb object at 0x7f3bd719ed30>, verb_name='build', verb_parser=<colcon_mixin.mixin.mixin_argument.MixinArgumentDecorator object at 0x7f3bd712b340>)
[0.234s] Level 1:colcon.colcon_core.package_discovery:discover_packages(colcon_meta) check parameters
[0.235s] INFO:colcon.colcon_metadata.package_discovery.colcon_meta:Using configuration from '/root/.colcon/metadata/default/Gazebo.meta'
[0.235s] INFO:colcon.colcon_metadata.package_discovery.colcon_meta:Using configuration from '/root/.colcon/metadata/default/fastdds.meta'
[0.236s] INFO:colcon.colcon_metadata.package_discovery.colcon_meta:Using configuration from '/root/.colcon/metadata/default/fastrtps.meta'
[0.236s] Level 1:colcon.colcon_core.package_discovery:discover_packages(recursive) check parameters
[0.236s] Level 1:colcon.colcon_core.package_discovery:discover_packages(ignore) check parameters
[0.236s] Level 1:colcon.colcon_core.package_discovery:discover_packages(path) check parameters
[0.236s] Level 1:colcon.colcon_core.package_discovery:discover_packages(colcon_meta) discover
[0.236s] Level 1:colcon.colcon_core.package_discovery:discover_packages(recursive) discover
[0.236s] INFO:colcon.colcon_core.package_discovery:Crawling recursively for packages in '/app/project'
[0.236s] Level 1:colcon.colcon_core.package_identification:_identify(.) by extensions ['ignore', 'ignore_ament_install']
[0.236s] Level 1:colcon.colcon_core.package_identification:_identify(.) by extension 'ignore'
[0.236s] Level 1:colcon.colcon_core.package_identification:_identify(.) by extension 'ignore_ament_install'
[0.236s] Level 1:colcon.colcon_core.package_identification:_identify(.) by extensions ['colcon_pkg']
[0.236s] Level 1:colcon.colcon_core.package_identification:_identify(.) by extension 'colcon_pkg'
[0.236s] Level 1:colcon.colcon_core.package_identification:_identify(.) by extensions ['colcon_meta']
[0.236s] Level 1:colcon.colcon_core.package_identification:_identify(.) by extension 'colcon_meta'
[0.236s] Level 1:colcon.colcon_core.package_identification:_identify(.) by extensions ['ros']
[0.236s] Level 1:colcon.colcon_core.package_identification:_identify(.) by extension 'ros'
[0.252s] Level 1:colcon.colcon_core.package_identification:_identify(.) by extensions ['cmake', 'python']
[0.252s] Level 1:colcon.colcon_core.package_identification:_identify(.) by extension 'cmake'
[0.252s] Level 1:colcon.colcon_core.package_identification:_identify(.) by extension 'python'
[0.252s] Level 1:colcon.colcon_core.package_identification:_identify(.) by extensions ['python_setup_py']
[0.252s] Level 1:colcon.colcon_core.package_identification:_identify(.) by extension 'python_setup_py'
[0.252s] Level 1:colcon.colcon_core.package_identification:_identify(build) by extensions ['ignore', 'ignore_ament_install']
[0.252s] Level 1:colcon.colcon_core.package_identification:_identify(build) by extension 'ignore'
[0.253s] Level 1:colcon.colcon_core.package_identification:_identify(build) ignored
[0.253s] Level 1:colcon.colcon_core.package_identification:_identify(doc_exemple) by extensions ['ignore', 'ignore_ament_install']
[0.253s] Level 1:colcon.colcon_core.package_identification:_identify(doc_exemple) by extension 'ignore'
[0.253s] Level 1:colcon.colcon_core.package_identification:_identify(doc_exemple) by extension 'ignore_ament_install'
[0.253s] Level 1:colcon.colcon_core.package_identification:_identify(doc_exemple) by extensions ['colcon_pkg']
[0.253s] Level 1:colcon.colcon_core.package_identification:_identify(doc_exemple) by extension 'colcon_pkg'
[0.253s] Level 1:colcon.colcon_core.package_identification:_identify(doc_exemple) by extensions ['colcon_meta']
[0.253s] Level 1:colcon.colcon_core.package_identification:_identify(doc_exemple) by extension 'colcon_meta'
[0.253s] Level 1:colcon.colcon_core.package_identification:_identify(doc_exemple) by extensions ['ros']
[0.253s] Level 1:colcon.colcon_core.package_identification:_identify(doc_exemple) by extension 'ros'
[0.253s] Level 1:colcon.colcon_core.package_identification:_identify(doc_exemple) by extensions ['cmake', 'python']
[0.253s] Level 1:colcon.colcon_core.package_identification:_identify(doc_exemple) by extension 'cmake'
[0.253s] Level 1:colcon.colcon_core.package_identification:_identify(doc_exemple) by extension 'python'
[0.253s] Level 1:colcon.colcon_core.package_identification:_identify(doc_exemple) by extensions ['python_setup_py']
[0.253s] Level 1:colcon.colcon_core.package_identification:_identify(doc_exemple) by extension 'python_setup_py'
[0.253s] Level 1:colcon.colcon_core.package_identification:_identify(doc_exemple/ws) by extensions ['ignore', 'ignore_ament_install']
[0.253s] Level 1:colcon.colcon_core.package_identification:_identify(doc_exemple/ws) by extension 'ignore'
[0.253s] Level 1:colcon.colcon_core.package_identification:_identify(doc_exemple/ws) by extension 'ignore_ament_install'
[0.253s] Level 1:colcon.colcon_core.package_identification:_identify(doc_exemple/ws) by extensions ['colcon_pkg']
[0.253s] Level 1:colcon.colcon_core.package_identification:_identify(doc_exemple/ws) by extension 'colcon_pkg'
[0.253s] Level 1:colcon.colcon_core.package_identification:_identify(doc_exemple/ws) by extensions ['colcon_meta']
[0.253s] Level 1:colcon.colcon_core.package_identification:_identify(doc_exemple/ws) by extension 'colcon_meta'
[0.253s] Level 1:colcon.colcon_core.package_identification:_identify(doc_exemple/ws) by extensions ['ros']
[0.253s] Level 1:colcon.colcon_core.package_identification:_identify(doc_exemple/ws) by extension 'ros'
[0.253s] Level 1:colcon.colcon_core.package_identification:_identify(doc_exemple/ws) by extensions ['cmake', 'python']
[0.253s] Level 1:colcon.colcon_core.package_identification:_identify(doc_exemple/ws) by extension 'cmake'
[0.253s] Level 1:colcon.colcon_core.package_identification:_identify(doc_exemple/ws) by extension 'python'
[0.253s] Level 1:colcon.colcon_core.package_identification:_identify(doc_exemple/ws) by extensions ['python_setup_py']
[0.254s] Level 1:colcon.colcon_core.package_identification:_identify(doc_exemple/ws) by extension 'python_setup_py'
[0.254s] Level 1:colcon.colcon_core.package_identification:_identify(doc_exemple/ws/src) by extensions ['ignore', 'ignore_ament_install']
[0.254s] Level 1:colcon.colcon_core.package_identification:_identify(doc_exemple/ws/src) by extension 'ignore'
[0.254s] Level 1:colcon.colcon_core.package_identification:_identify(doc_exemple/ws/src) by extension 'ignore_ament_install'
[0.254s] Level 1:colcon.colcon_core.package_identification:_identify(doc_exemple/ws/src) by extensions ['colcon_pkg']
[0.254s] Level 1:colcon.colcon_core.package_identification:_identify(doc_exemple/ws/src) by extension 'colcon_pkg'
[0.254s] Level 1:colcon.colcon_core.package_identification:_identify(doc_exemple/ws/src) by extensions ['colcon_meta']
[0.254s] Level 1:colcon.colcon_core.package_identification:_identify(doc_exemple/ws/src) by extension 'colcon_meta'
[0.254s] Level 1:colcon.colcon_core.package_identification:_identify(doc_exemple/ws/src) by extensions ['ros']
[0.254s] Level 1:colcon.colcon_core.package_identification:_identify(doc_exemple/ws/src) by extension 'ros'
[0.254s] Level 1:colcon.colcon_core.package_identification:_identify(doc_exemple/ws/src) by extensions ['cmake', 'python']
[0.254s] Level 1:colcon.colcon_core.package_identification:_identify(doc_exemple/ws/src) by extension 'cmake'
[0.254s] Level 1:colcon.colcon_core.package_identification:_identify(doc_exemple/ws/src) by extension 'python'
[0.254s] Level 1:colcon.colcon_core.package_identification:_identify(doc_exemple/ws/src) by extensions ['python_setup_py']
[0.254s] Level 1:colcon.colcon_core.package_identification:_identify(doc_exemple/ws/src) by extension 'python_setup_py'
[0.254s] Level 1:colcon.colcon_core.package_identification:_identify(doc_exemple/ws/src/gazebo_ros_pkgs) by extensions ['ignore', 'ignore_ament_install']
[0.254s] Level 1:colcon.colcon_core.package_identification:_identify(doc_exemple/ws/src/gazebo_ros_pkgs) by extension 'ignore'
[0.254s] Level 1:colcon.colcon_core.package_identification:_identify(doc_exemple/ws/src/gazebo_ros_pkgs) by extension 'ignore_ament_install'
[0.254s] Level 1:colcon.colcon_core.package_identification:_identify(doc_exemple/ws/src/gazebo_ros_pkgs) by extensions ['colcon_pkg']
[0.254s] Level 1:colcon.colcon_core.package_identification:_identify(doc_exemple/ws/src/gazebo_ros_pkgs) by extension 'colcon_pkg'
[0.254s] Level 1:colcon.colcon_core.package_identification:_identify(doc_exemple/ws/src/gazebo_ros_pkgs) by extensions ['colcon_meta']
[0.254s] Level 1:colcon.colcon_core.package_identification:_identify(doc_exemple/ws/src/gazebo_ros_pkgs) by extension 'colcon_meta'
[0.254s] Level 1:colcon.colcon_core.package_identification:_identify(doc_exemple/ws/src/gazebo_ros_pkgs) by extensions ['ros']
[0.254s] Level 1:colcon.colcon_core.package_identification:_identify(doc_exemple/ws/src/gazebo_ros_pkgs) by extension 'ros'
[0.254s] Level 1:colcon.colcon_core.package_identification:_identify(doc_exemple/ws/src/gazebo_ros_pkgs) by extensions ['cmake', 'python']
[0.254s] Level 1:colcon.colcon_core.package_identification:_identify(doc_exemple/ws/src/gazebo_ros_pkgs) by extension 'cmake'
[0.254s] Level 1:colcon.colcon_core.package_identification:_identify(doc_exemple/ws/src/gazebo_ros_pkgs) by extension 'python'
[0.255s] Level 1:colcon.colcon_core.package_identification:_identify(doc_exemple/ws/src/gazebo_ros_pkgs) by extensions ['python_setup_py']
[0.255s] Level 1:colcon.colcon_core.package_identification:_identify(doc_exemple/ws/src/gazebo_ros_pkgs) by extension 'python_setup_py'
[0.255s] Level 1:colcon.colcon_core.package_identification:_identify(doc_exemple/ws/src/gazebo_ros_pkgs/gazebo_dev) by extensions ['ignore', 'ignore_ament_install']
[0.255s] Level 1:colcon.colcon_core.package_identification:_identify(doc_exemple/ws/src/gazebo_ros_pkgs/gazebo_dev) by extension 'ignore'
[0.255s] Level 1:colcon.colcon_core.package_identification:_identify(doc_exemple/ws/src/gazebo_ros_pkgs/gazebo_dev) by extension 'ignore_ament_install'
[0.255s] Level 1:colcon.colcon_core.package_identification:_identify(doc_exemple/ws/src/gazebo_ros_pkgs/gazebo_dev) by extensions ['colcon_pkg']
[0.255s] Level 1:colcon.colcon_core.package_identification:_identify(doc_exemple/ws/src/gazebo_ros_pkgs/gazebo_dev) by extension 'colcon_pkg'
[0.255s] Level 1:colcon.colcon_core.package_identification:_identify(doc_exemple/ws/src/gazebo_ros_pkgs/gazebo_dev) by extensions ['colcon_meta']
[0.255s] Level 1:colcon.colcon_core.package_identification:_identify(doc_exemple/ws/src/gazebo_ros_pkgs/gazebo_dev) by extension 'colcon_meta'
[0.255s] Level 1:colcon.colcon_core.package_identification:_identify(doc_exemple/ws/src/gazebo_ros_pkgs/gazebo_dev) by extensions ['ros']
[0.255s] Level 1:colcon.colcon_core.package_identification:_identify(doc_exemple/ws/src/gazebo_ros_pkgs/gazebo_dev) by extension 'ros'
[0.257s] DEBUG:colcon.colcon_core.package_identification:Package 'doc_exemple/ws/src/gazebo_ros_pkgs/gazebo_dev' with type 'ros.ament_cmake' and name 'gazebo_dev'
[0.257s] Level 1:colcon.colcon_core.package_identification:_identify(doc_exemple/ws/src/gazebo_ros_pkgs/gazebo_msgs) by extensions ['ignore', 'ignore_ament_install']
[0.257s] Level 1:colcon.colcon_core.package_identification:_identify(doc_exemple/ws/src/gazebo_ros_pkgs/gazebo_msgs) by extension 'ignore'
[0.257s] Level 1:colcon.colcon_core.package_identification:_identify(doc_exemple/ws/src/gazebo_ros_pkgs/gazebo_msgs) by extension 'ignore_ament_install'
[0.257s] Level 1:colcon.colcon_core.package_identification:_identify(doc_exemple/ws/src/gazebo_ros_pkgs/gazebo_msgs) by extensions ['colcon_pkg']
[0.257s] Level 1:colcon.colcon_core.package_identification:_identify(doc_exemple/ws/src/gazebo_ros_pkgs/gazebo_msgs) by extension 'colcon_pkg'
[0.257s] Level 1:colcon.colcon_core.package_identification:_identify(doc_exemple/ws/src/gazebo_ros_pkgs/gazebo_msgs) by extensions ['colcon_meta']
[0.257s] Level 1:colcon.colcon_core.package_identification:_identify(doc_exemple/ws/src/gazebo_ros_pkgs/gazebo_msgs) by extension 'colcon_meta'
[0.257s] Level 1:colcon.colcon_core.package_identification:_identify(doc_exemple/ws/src/gazebo_ros_pkgs/gazebo_msgs) by extensions ['ros']
[0.257s] Level 1:colcon.colcon_core.package_identification:_identify(doc_exemple/ws/src/gazebo_ros_pkgs/gazebo_msgs) by extension 'ros'
[0.258s] DEBUG:colcon.colcon_core.package_identification:Package 'doc_exemple/ws/src/gazebo_ros_pkgs/gazebo_msgs' with type 'ros.ament_cmake' and name 'gazebo_msgs'
[0.258s] Level 1:colcon.colcon_core.package_identification:_identify(doc_exemple/ws/src/gazebo_ros_pkgs/gazebo_plugins) by extensions ['ignore', 'ignore_ament_install']
[0.258s] Level 1:colcon.colcon_core.package_identification:_identify(doc_exemple/ws/src/gazebo_ros_pkgs/gazebo_plugins) by extension 'ignore'
[0.258s] Level 1:colcon.colcon_core.package_identification:_identify(doc_exemple/ws/src/gazebo_ros_pkgs/gazebo_plugins) by extension 'ignore_ament_install'
[0.258s] Level 1:colcon.colcon_core.package_identification:_identify(doc_exemple/ws/src/gazebo_ros_pkgs/gazebo_plugins) by extensions ['colcon_pkg']
[0.258s] Level 1:colcon.colcon_core.package_identification:_identify(doc_exemple/ws/src/gazebo_ros_pkgs/gazebo_plugins) by extension 'colcon_pkg'
[0.259s] Level 1:colcon.colcon_core.package_identification:_identify(doc_exemple/ws/src/gazebo_ros_pkgs/gazebo_plugins) by extensions ['colcon_meta']
[0.259s] Level 1:colcon.colcon_core.package_identification:_identify(doc_exemple/ws/src/gazebo_ros_pkgs/gazebo_plugins) by extension 'colcon_meta'
[0.259s] Level 1:colcon.colcon_core.package_identification:_identify(doc_exemple/ws/src/gazebo_ros_pkgs/gazebo_plugins) by extensions ['ros']
[0.259s] Level 1:colcon.colcon_core.package_identification:_identify(doc_exemple/ws/src/gazebo_ros_pkgs/gazebo_plugins) by extension 'ros'
[0.260s] DEBUG:colcon.colcon_core.package_identification:Package 'doc_exemple/ws/src/gazebo_ros_pkgs/gazebo_plugins' with type 'ros.ament_cmake' and name 'gazebo_plugins'
[0.260s] Level 1:colcon.colcon_core.package_identification:_identify(doc_exemple/ws/src/gazebo_ros_pkgs/gazebo_ros) by extensions ['ignore', 'ignore_ament_install']
[0.260s] Level 1:colcon.colcon_core.package_identification:_identify(doc_exemple/ws/src/gazebo_ros_pkgs/gazebo_ros) by extension 'ignore'
[0.260s] Level 1:colcon.colcon_core.package_identification:_identify(doc_exemple/ws/src/gazebo_ros_pkgs/gazebo_ros) by extension 'ignore_ament_install'
[0.260s] Level 1:colcon.colcon_core.package_identification:_identify(doc_exemple/ws/src/gazebo_ros_pkgs/gazebo_ros) by extensions ['colcon_pkg']
[0.260s] Level 1:colcon.colcon_core.package_identification:_identify(doc_exemple/ws/src/gazebo_ros_pkgs/gazebo_ros) by extension 'colcon_pkg'
[0.260s] Level 1:colcon.colcon_core.package_identification:_identify(doc_exemple/ws/src/gazebo_ros_pkgs/gazebo_ros) by extensions ['colcon_meta']
[0.260s] Level 1:colcon.colcon_core.package_identification:_identify(doc_exemple/ws/src/gazebo_ros_pkgs/gazebo_ros) by extension 'colcon_meta'
[0.261s] Level 1:colcon.colcon_core.package_identification:_identify(doc_exemple/ws/src/gazebo_ros_pkgs/gazebo_ros) by extensions ['ros']
[0.261s] Level 1:colcon.colcon_core.package_identification:_identify(doc_exemple/ws/src/gazebo_ros_pkgs/gazebo_ros) by extension 'ros'
[0.262s] DEBUG:colcon.colcon_core.package_identification:Package 'doc_exemple/ws/src/gazebo_ros_pkgs/gazebo_ros' with type 'ros.ament_cmake' and name 'gazebo_ros'
[0.262s] Level 1:colcon.colcon_core.package_identification:_identify(doc_exemple/ws/src/gazebo_ros_pkgs/gazebo_ros_control) by extensions ['ignore', 'ignore_ament_install']
[0.262s] Level 1:colcon.colcon_core.package_identification:_identify(doc_exemple/ws/src/gazebo_ros_pkgs/gazebo_ros_control) by extension 'ignore'
[0.262s] Level 1:colcon.colcon_core.package_identification:_identify(doc_exemple/ws/src/gazebo_ros_pkgs/gazebo_ros_control) by extension 'ignore_ament_install'
[0.262s] Level 1:colcon.colcon_core.package_identification:_identify(doc_exemple/ws/src/gazebo_ros_pkgs/gazebo_ros_control) by extensions ['colcon_pkg']
[0.262s] Level 1:colcon.colcon_core.package_identification:_identify(doc_exemple/ws/src/gazebo_ros_pkgs/gazebo_ros_control) by extension 'colcon_pkg'
[0.262s] Level 1:colcon.colcon_core.package_identification:_identify(doc_exemple/ws/src/gazebo_ros_pkgs/gazebo_ros_control) by extensions ['colcon_meta']
[0.262s] Level 1:colcon.colcon_core.package_identification:_identify(doc_exemple/ws/src/gazebo_ros_pkgs/gazebo_ros_control) by extension 'colcon_meta'
[0.262s] Level 1:colcon.colcon_core.package_identification:_identify(doc_exemple/ws/src/gazebo_ros_pkgs/gazebo_ros_control) by extensions ['ros']
[0.262s] Level 1:colcon.colcon_core.package_identification:_identify(doc_exemple/ws/src/gazebo_ros_pkgs/gazebo_ros_control) by extension 'ros'
[0.262s] Level 1:colcon.colcon_core.package_identification:_identify(doc_exemple/ws/src/gazebo_ros_pkgs/gazebo_ros_control) by extensions ['cmake', 'python']
[0.262s] Level 1:colcon.colcon_core.package_identification:_identify(doc_exemple/ws/src/gazebo_ros_pkgs/gazebo_ros_control) by extension 'cmake'
[0.262s] Level 1:colcon.colcon_core.package_identification:_identify(doc_exemple/ws/src/gazebo_ros_pkgs/gazebo_ros_control) by extension 'python'
[0.262s] Level 1:colcon.colcon_core.package_identification:_identify(doc_exemple/ws/src/gazebo_ros_pkgs/gazebo_ros_control) by extensions ['python_setup_py']
[0.262s] Level 1:colcon.colcon_core.package_identification:_identify(doc_exemple/ws/src/gazebo_ros_pkgs/gazebo_ros_control) by extension 'python_setup_py'
[0.263s] Level 1:colcon.colcon_core.package_identification:_identify(doc_exemple/ws/src/gazebo_ros_pkgs/gazebo_ros_pkgs) by extensions ['ignore', 'ignore_ament_install']
[0.263s] Level 1:colcon.colcon_core.package_identification:_identify(doc_exemple/ws/src/gazebo_ros_pkgs/gazebo_ros_pkgs) by extension 'ignore'
[0.263s] Level 1:colcon.colcon_core.package_identification:_identify(doc_exemple/ws/src/gazebo_ros_pkgs/gazebo_ros_pkgs) by extension 'ignore_ament_install'
[0.263s] Level 1:colcon.colcon_core.package_identification:_identify(doc_exemple/ws/src/gazebo_ros_pkgs/gazebo_ros_pkgs) by extensions ['colcon_pkg']
[0.263s] Level 1:colcon.colcon_core.package_identification:_identify(doc_exemple/ws/src/gazebo_ros_pkgs/gazebo_ros_pkgs) by extension 'colcon_pkg'
[0.263s] Level 1:colcon.colcon_core.package_identification:_identify(doc_exemple/ws/src/gazebo_ros_pkgs/gazebo_ros_pkgs) by extensions ['colcon_meta']
[0.263s] Level 1:colcon.colcon_core.package_identification:_identify(doc_exemple/ws/src/gazebo_ros_pkgs/gazebo_ros_pkgs) by extension 'colcon_meta'
[0.263s] Level 1:colcon.colcon_core.package_identification:_identify(doc_exemple/ws/src/gazebo_ros_pkgs/gazebo_ros_pkgs) by extensions ['ros']
[0.263s] Level 1:colcon.colcon_core.package_identification:_identify(doc_exemple/ws/src/gazebo_ros_pkgs/gazebo_ros_pkgs) by extension 'ros'
[0.263s] DEBUG:colcon.colcon_core.package_identification:Package 'doc_exemple/ws/src/gazebo_ros_pkgs/gazebo_ros_pkgs' with type 'ros.ament_cmake' and name 'gazebo_ros_pkgs'
[0.263s] Level 1:colcon.colcon_core.package_identification:_identify(doc_exemple/ws/src/vision_opencv) by extensions ['ignore', 'ignore_ament_install']
[0.263s] Level 1:colcon.colcon_core.package_identification:_identify(doc_exemple/ws/src/vision_opencv) by extension 'ignore'
[0.263s] Level 1:colcon.colcon_core.package_identification:_identify(doc_exemple/ws/src/vision_opencv) by extension 'ignore_ament_install'
[0.263s] Level 1:colcon.colcon_core.package_identification:_identify(doc_exemple/ws/src/vision_opencv) by extensions ['colcon_pkg']
[0.263s] Level 1:colcon.colcon_core.package_identification:_identify(doc_exemple/ws/src/vision_opencv) by extension 'colcon_pkg'
[0.264s] Level 1:colcon.colcon_core.package_identification:_identify(doc_exemple/ws/src/vision_opencv) by extensions ['colcon_meta']
[0.264s] Level 1:colcon.colcon_core.package_identification:_identify(doc_exemple/ws/src/vision_opencv) by extension 'colcon_meta'
[0.264s] Level 1:colcon.colcon_core.package_identification:_identify(doc_exemple/ws/src/vision_opencv) by extensions ['ros']
[0.264s] Level 1:colcon.colcon_core.package_identification:_identify(doc_exemple/ws/src/vision_opencv) by extension 'ros'
[0.264s] Level 1:colcon.colcon_core.package_identification:_identify(doc_exemple/ws/src/vision_opencv) by extensions ['cmake', 'python']
[0.264s] Level 1:colcon.colcon_core.package_identification:_identify(doc_exemple/ws/src/vision_opencv) by extension 'cmake'
[0.264s] Level 1:colcon.colcon_core.package_identification:_identify(doc_exemple/ws/src/vision_opencv) by extension 'python'
[0.264s] Level 1:colcon.colcon_core.package_identification:_identify(doc_exemple/ws/src/vision_opencv) by extensions ['python_setup_py']
[0.264s] Level 1:colcon.colcon_core.package_identification:_identify(doc_exemple/ws/src/vision_opencv) by extension 'python_setup_py'
[0.264s] Level 1:colcon.colcon_core.package_identification:_identify(doc_exemple/ws/src/vision_opencv/cv_bridge) by extensions ['ignore', 'ignore_ament_install']
[0.264s] Level 1:colcon.colcon_core.package_identification:_identify(doc_exemple/ws/src/vision_opencv/cv_bridge) by extension 'ignore'
[0.264s] Level 1:colcon.colcon_core.package_identification:_identify(doc_exemple/ws/src/vision_opencv/cv_bridge) by extension 'ignore_ament_install'
[0.264s] Level 1:colcon.colcon_core.package_identification:_identify(doc_exemple/ws/src/vision_opencv/cv_bridge) by extensions ['colcon_pkg']
[0.264s] Level 1:colcon.colcon_core.package_identification:_identify(doc_exemple/ws/src/vision_opencv/cv_bridge) by extension 'colcon_pkg'
[0.264s] Level 1:colcon.colcon_core.package_identification:_identify(doc_exemple/ws/src/vision_opencv/cv_bridge) by extensions ['colcon_meta']
[0.264s] Level 1:colcon.colcon_core.package_identification:_identify(doc_exemple/ws/src/vision_opencv/cv_bridge) by extension 'colcon_meta'
[0.264s] Level 1:colcon.colcon_core.package_identification:_identify(doc_exemple/ws/src/vision_opencv/cv_bridge) by extensions ['ros']
[0.264s] Level 1:colcon.colcon_core.package_identification:_identify(doc_exemple/ws/src/vision_opencv/cv_bridge) by extension 'ros'
[0.265s] DEBUG:colcon.colcon_core.package_identification:Package 'doc_exemple/ws/src/vision_opencv/cv_bridge' with type 'ros.ament_cmake' and name 'cv_bridge'
[0.265s] Level 1:colcon.colcon_core.package_identification:_identify(doc_exemple/ws/src/vision_opencv/image_geometry) by extensions ['ignore', 'ignore_ament_install']
[0.265s] Level 1:colcon.colcon_core.package_identification:_identify(doc_exemple/ws/src/vision_opencv/image_geometry) by extension 'ignore'
[0.265s] Level 1:colcon.colcon_core.package_identification:_identify(doc_exemple/ws/src/vision_opencv/image_geometry) by extension 'ignore_ament_install'
[0.265s] Level 1:colcon.colcon_core.package_identification:_identify(doc_exemple/ws/src/vision_opencv/image_geometry) by extensions ['colcon_pkg']
[0.265s] Level 1:colcon.colcon_core.package_identification:_identify(doc_exemple/ws/src/vision_opencv/image_geometry) by extension 'colcon_pkg'
[0.265s] Level 1:colcon.colcon_core.package_identification:_identify(doc_exemple/ws/src/vision_opencv/image_geometry) by extensions ['colcon_meta']
[0.265s] Level 1:colcon.colcon_core.package_identification:_identify(doc_exemple/ws/src/vision_opencv/image_geometry) by extension 'colcon_meta'
[0.265s] Level 1:colcon.colcon_core.package_identification:_identify(doc_exemple/ws/src/vision_opencv/image_geometry) by extensions ['ros']
[0.265s] Level 1:colcon.colcon_core.package_identification:_identify(doc_exemple/ws/src/vision_opencv/image_geometry) by extension 'ros'
[0.266s] DEBUG:colcon.colcon_core.package_identification:Package 'doc_exemple/ws/src/vision_opencv/image_geometry' with type 'ros.ament_cmake' and name 'image_geometry'
[0.266s] Level 1:colcon.colcon_core.package_identification:_identify(doc_exemple/ws/src/vision_opencv/opencv_tests) by extensions ['ignore', 'ignore_ament_install']
[0.266s] Level 1:colcon.colcon_core.package_identification:_identify(doc_exemple/ws/src/vision_opencv/opencv_tests) by extension 'ignore'
[0.266s] Level 1:colcon.colcon_core.package_identification:_identify(doc_exemple/ws/src/vision_opencv/opencv_tests) by extension 'ignore_ament_install'
[0.266s] Level 1:colcon.colcon_core.package_identification:_identify(doc_exemple/ws/src/vision_opencv/opencv_tests) by extensions ['colcon_pkg']
[0.266s] Level 1:colcon.colcon_core.package_identification:_identify(doc_exemple/ws/src/vision_opencv/opencv_tests) by extension 'colcon_pkg'
[0.266s] Level 1:colcon.colcon_core.package_identification:_identify(doc_exemple/ws/src/vision_opencv/opencv_tests) by extensions ['colcon_meta']
[0.266s] Level 1:colcon.colcon_core.package_identification:_identify(doc_exemple/ws/src/vision_opencv/opencv_tests) by extension 'colcon_meta'
[0.266s] Level 1:colcon.colcon_core.package_identification:_identify(doc_exemple/ws/src/vision_opencv/opencv_tests) by extensions ['ros']
[0.266s] Level 1:colcon.colcon_core.package_identification:_identify(doc_exemple/ws/src/vision_opencv/opencv_tests) by extension 'ros'
[0.266s] DEBUG:colcon.colcon_core.package_identification:Package 'doc_exemple/ws/src/vision_opencv/opencv_tests' with type 'ros.ament_python' and name 'opencv_tests'
[0.267s] Level 1:colcon.colcon_core.package_identification:_identify(doc_exemple/ws/src/vision_opencv/vision_opencv) by extensions ['ignore', 'ignore_ament_install']
[0.267s] Level 1:colcon.colcon_core.package_identification:_identify(doc_exemple/ws/src/vision_opencv/vision_opencv) by extension 'ignore'
[0.267s] Level 1:colcon.colcon_core.package_identification:_identify(doc_exemple/ws/src/vision_opencv/vision_opencv) by extension 'ignore_ament_install'
[0.267s] Level 1:colcon.colcon_core.package_identification:_identify(doc_exemple/ws/src/vision_opencv/vision_opencv) by extensions ['colcon_pkg']
[0.267s] Level 1:colcon.colcon_core.package_identification:_identify(doc_exemple/ws/src/vision_opencv/vision_opencv) by extension 'colcon_pkg'
[0.267s] Level 1:colcon.colcon_core.package_identification:_identify(doc_exemple/ws/src/vision_opencv/vision_opencv) by extensions ['colcon_meta']
[0.267s] Level 1:colcon.colcon_core.package_identification:_identify(doc_exemple/ws/src/vision_opencv/vision_opencv) by extension 'colcon_meta'
[0.267s] Level 1:colcon.colcon_core.package_identification:_identify(doc_exemple/ws/src/vision_opencv/vision_opencv) by extensions ['ros']
[0.267s] Level 1:colcon.colcon_core.package_identification:_identify(doc_exemple/ws/src/vision_opencv/vision_opencv) by extension 'ros'
[0.267s] DEBUG:colcon.colcon_core.package_identification:Package 'doc_exemple/ws/src/vision_opencv/vision_opencv' with type 'ros.ament_cmake' and name 'vision_opencv'
[0.267s] Level 1:colcon.colcon_core.package_identification:_identify(install) by extensions ['ignore', 'ignore_ament_install']
[0.267s] Level 1:colcon.colcon_core.package_identification:_identify(install) by extension 'ignore'
[0.267s] Level 1:colcon.colcon_core.package_identification:_identify(install) ignored
[0.267s] Level 1:colcon.colcon_core.package_identification:_identify(log) by extensions ['ignore', 'ignore_ament_install']
[0.267s] Level 1:colcon.colcon_core.package_identification:_identify(log) by extension 'ignore'
[0.268s] Level 1:colcon.colcon_core.package_identification:_identify(log) ignored
[0.268s] Level 1:colcon.colcon_core.package_identification:_identify(src) by extensions ['ignore', 'ignore_ament_install']
[0.268s] Level 1:colcon.colcon_core.package_identification:_identify(src) by extension 'ignore'
[0.268s] Level 1:colcon.colcon_core.package_identification:_identify(src) by extension 'ignore_ament_install'
[0.268s] Level 1:colcon.colcon_core.package_identification:_identify(src) by extensions ['colcon_pkg']
[0.268s] Level 1:colcon.colcon_core.package_identification:_identify(src) by extension 'colcon_pkg'
[0.268s] Level 1:colcon.colcon_core.package_identification:_identify(src) by extensions ['colcon_meta']
[0.268s] Level 1:colcon.colcon_core.package_identification:_identify(src) by extension 'colcon_meta'
[0.268s] Level 1:colcon.colcon_core.package_identification:_identify(src) by extensions ['ros']
[0.268s] Level 1:colcon.colcon_core.package_identification:_identify(src) by extension 'ros'
[0.268s] Level 1:colcon.colcon_core.package_identification:_identify(src) by extensions ['cmake', 'python']
[0.268s] Level 1:colcon.colcon_core.package_identification:_identify(src) by extension 'cmake'
[0.268s] Level 1:colcon.colcon_core.package_identification:_identify(src) by extension 'python'
[0.268s] Level 1:colcon.colcon_core.package_identification:_identify(src) by extensions ['python_setup_py']
[0.268s] Level 1:colcon.colcon_core.package_identification:_identify(src) by extension 'python_setup_py'
[0.268s] Level 1:colcon.colcon_core.package_identification:_identify(src/packge) by extensions ['ignore', 'ignore_ament_install']
[0.268s] Level 1:colcon.colcon_core.package_identification:_identify(src/packge) by extension 'ignore'
[0.268s] Level 1:colcon.colcon_core.package_identification:_identify(src/packge) by extension 'ignore_ament_install'
[0.268s] Level 1:colcon.colcon_core.package_identification:_identify(src/packge) by extensions ['colcon_pkg']
[0.268s] Level 1:colcon.colcon_core.package_identification:_identify(src/packge) by extension 'colcon_pkg'
[0.268s] Level 1:colcon.colcon_core.package_identification:_identify(src/packge) by extensions ['colcon_meta']
[0.268s] Level 1:colcon.colcon_core.package_identification:_identify(src/packge) by extension 'colcon_meta'
[0.268s] Level 1:colcon.colcon_core.package_identification:_identify(src/packge) by extensions ['ros']
[0.268s] Level 1:colcon.colcon_core.package_identification:_identify(src/packge) by extension 'ros'
[0.269s] DEBUG:colcon.colcon_core.package_identification:Package 'src/packge' with type 'ros.ament_cmake' and name 'packge'
[0.269s] Level 1:colcon.colcon_core.package_identification:_identify(src/square_controller) by extensions ['ignore', 'ignore_ament_install']
[0.269s] Level 1:colcon.colcon_core.package_identification:_identify(src/square_controller) by extension 'ignore'
[0.269s] Level 1:colcon.colcon_core.package_identification:_identify(src/square_controller) by extension 'ignore_ament_install'
[0.269s] Level 1:colcon.colcon_core.package_identification:_identify(src/square_controller) by extensions ['colcon_pkg']
[0.269s] Level 1:colcon.colcon_core.package_identification:_identify(src/square_controller) by extension 'colcon_pkg'
[0.269s] Level 1:colcon.colcon_core.package_identification:_identify(src/square_controller) by extensions ['colcon_meta']
[0.269s] Level 1:colcon.colcon_core.package_identification:_identify(src/square_controller) by extension 'colcon_meta'
[0.269s] Level 1:colcon.colcon_core.package_identification:_identify(src/square_controller) by extensions ['ros']
[0.269s] Level 1:colcon.colcon_core.package_identification:_identify(src/square_controller) by extension 'ros'
[0.270s] DEBUG:colcon.colcon_core.package_identification:Package 'src/square_controller' with type 'ros.ament_cmake' and name 'square_controller'
[0.270s] Level 1:colcon.colcon_core.package_discovery:discover_packages(recursive) using defaults
[0.270s] Level 1:colcon.colcon_core.package_discovery:discover_packages(ignore) discover
[0.270s] Level 1:colcon.colcon_core.package_discovery:discover_packages(ignore) using defaults
[0.270s] Level 1:colcon.colcon_core.package_discovery:discover_packages(path) discover
[0.270s] Level 1:colcon.colcon_core.package_discovery:discover_packages(path) using defaults
[0.283s] INFO:colcon.colcon_metadata.metadata.colcon_pkg:Updating descriptor of package 'doc_exemple/ws/src/gazebo_ros_pkgs/gazebo_dev' from colcon.pkg: {'dependencies': ['Gazebo']}
[0.284s] INFO:colcon.colcon_metadata.metadata.colcon_pkg:Updating descriptor of package 'doc_exemple/ws/src/gazebo_ros_pkgs/gazebo_ros' from colcon.pkg: {'dependencies': ['Gazebo']}
[0.284s] INFO:colcon.colcon_metadata.metadata.colcon_pkg:Updating descriptor of package 'doc_exemple/ws/src/gazebo_ros_pkgs/gazebo_plugins' from colcon.pkg: {'dependencies': ['Gazebo']}
[0.286s] Level 5:colcon.colcon_core.verb:set package 'cv_bridge' build argument 'cmake_args' from command line to 'None'
[0.286s] Level 5:colcon.colcon_core.verb:set package 'cv_bridge' build argument 'cmake_target' from command line to 'None'
[0.286s] Level 5:colcon.colcon_core.verb:set package 'cv_bridge' build argument 'cmake_target_skip_unavailable' from command line to 'False'
[0.286s] Level 5:colcon.colcon_core.verb:set package 'cv_bridge' build argument 'cmake_clean_cache' from command line to 'False'
[0.286s] Level 5:colcon.colcon_core.verb:set package 'cv_bridge' build argument 'cmake_clean_first' from command line to 'False'
[0.286s] Level 5:colcon.colcon_core.verb:set package 'cv_bridge' build argument 'cmake_force_configure' from command line to 'False'
[0.287s] Level 5:colcon.colcon_core.verb:set package 'cv_bridge' build argument 'ament_cmake_args' from command line to 'None'
[0.287s] Level 5:colcon.colcon_core.verb:set package 'cv_bridge' build argument 'catkin_cmake_args' from command line to 'None'
[0.287s] Level 5:colcon.colcon_core.verb:set package 'cv_bridge' build argument 'catkin_skip_building_tests' from command line to 'False'
[0.287s] DEBUG:colcon.colcon_core.verb:Building package 'cv_bridge' with the following arguments: {'ament_cmake_args': None, 'build_base': '/app/project/build/cv_bridge', 'catkin_cmake_args': None, 'catkin_skip_building_tests': False, 'cmake_args': None, 'cmake_clean_cache': False, 'cmake_clean_first': False, 'cmake_force_configure': False, 'cmake_target': None, 'cmake_target_skip_unavailable': False, 'install_base': '/app/project/install/cv_bridge', 'merge_install': False, 'path': '/app/project/doc_exemple/ws/src/vision_opencv/cv_bridge', 'symlink_install': False, 'test_result_base': None}
[0.287s] Level 5:colcon.colcon_core.verb:set package 'gazebo_dev' build argument 'cmake_args' from command line to 'None'
[0.287s] Level 5:colcon.colcon_core.verb:set package 'gazebo_dev' build argument 'cmake_target' from command line to 'None'
[0.287s] Level 5:colcon.colcon_core.verb:set package 'gazebo_dev' build argument 'cmake_target_skip_unavailable' from command line to 'False'
[0.287s] Level 5:colcon.colcon_core.verb:set package 'gazebo_dev' build argument 'cmake_clean_cache' from command line to 'False'
[0.287s] Level 5:colcon.colcon_core.verb:set package 'gazebo_dev' build argument 'cmake_clean_first' from command line to 'False'
[0.287s] Level 5:colcon.colcon_core.verb:set package 'gazebo_dev' build argument 'cmake_force_configure' from command line to 'False'
[0.287s] Level 5:colcon.colcon_core.verb:set package 'gazebo_dev' build argument 'ament_cmake_args' from command line to 'None'
[0.287s] Level 5:colcon.colcon_core.verb:set package 'gazebo_dev' build argument 'catkin_cmake_args' from command line to 'None'
[0.287s] Level 5:colcon.colcon_core.verb:set package 'gazebo_dev' build argument 'catkin_skip_building_tests' from command line to 'False'
[0.287s] DEBUG:colcon.colcon_core.verb:Building package 'gazebo_dev' with the following arguments: {'ament_cmake_args': None, 'build_base': '/app/project/build/gazebo_dev', 'catkin_cmake_args': None, 'catkin_skip_building_tests': False, 'cmake_args': None, 'cmake_clean_cache': False, 'cmake_clean_first': False, 'cmake_force_configure': False, 'cmake_target': None, 'cmake_target_skip_unavailable': False, 'install_base': '/app/project/install/gazebo_dev', 'merge_install': False, 'path': '/app/project/doc_exemple/ws/src/gazebo_ros_pkgs/gazebo_dev', 'symlink_install': False, 'test_result_base': None}
[0.288s] Level 5:colcon.colcon_core.verb:set package 'gazebo_msgs' build argument 'cmake_args' from command line to 'None'
[0.288s] Level 5:colcon.colcon_core.verb:set package 'gazebo_msgs' build argument 'cmake_target' from command line to 'None'
[0.288s] Level 5:colcon.colcon_core.verb:set package 'gazebo_msgs' build argument 'cmake_target_skip_unavailable' from command line to 'False'
[0.288s] Level 5:colcon.colcon_core.verb:set package 'gazebo_msgs' build argument 'cmake_clean_cache' from command line to 'False'
[0.288s] Level 5:colcon.colcon_core.verb:set package 'gazebo_msgs' build argument 'cmake_clean_first' from command line to 'False'
[0.288s] Level 5:colcon.colcon_core.verb:set package 'gazebo_msgs' build argument 'cmake_force_configure' from command line to 'False'
[0.288s] Level 5:colcon.colcon_core.verb:set package 'gazebo_msgs' build argument 'ament_cmake_args' from command line to 'None'
[0.288s] Level 5:colcon.colcon_core.verb:set package 'gazebo_msgs' build argument 'catkin_cmake_args' from command line to 'None'
[0.288s] Level 5:colcon.colcon_core.verb:set package 'gazebo_msgs' build argument 'catkin_skip_building_tests' from command line to 'False'
[0.288s] DEBUG:colcon.colcon_core.verb:Building package 'gazebo_msgs' with the following arguments: {'ament_cmake_args': None, 'build_base': '/app/project/build/gazebo_msgs', 'catkin_cmake_args': None, 'catkin_skip_building_tests': False, 'cmake_args': None, 'cmake_clean_cache': False, 'cmake_clean_first': False, 'cmake_force_configure': False, 'cmake_target': None, 'cmake_target_skip_unavailable': False, 'install_base': '/app/project/install/gazebo_msgs', 'merge_install': False, 'path': '/app/project/doc_exemple/ws/src/gazebo_ros_pkgs/gazebo_msgs', 'symlink_install': False, 'test_result_base': None}
[0.289s] Level 5:colcon.colcon_core.verb:set package 'image_geometry' build argument 'cmake_args' from command line to 'None'
[0.289s] Level 5:colcon.colcon_core.verb:set package 'image_geometry' build argument 'cmake_target' from command line to 'None'
[0.289s] Level 5:colcon.colcon_core.verb:set package 'image_geometry' build argument 'cmake_target_skip_unavailable' from command line to 'False'
[0.289s] Level 5:colcon.colcon_core.verb:set package 'image_geometry' build argument 'cmake_clean_cache' from command line to 'False'
[0.289s] Level 5:colcon.colcon_core.verb:set package 'image_geometry' build argument 'cmake_clean_first' from command line to 'False'
[0.289s] Level 5:colcon.colcon_core.verb:set package 'image_geometry' build argument 'cmake_force_configure' from command line to 'False'
[0.289s] Level 5:colcon.colcon_core.verb:set package 'image_geometry' build argument 'ament_cmake_args' from command line to 'None'
[0.289s] Level 5:colcon.colcon_core.verb:set package 'image_geometry' build argument 'catkin_cmake_args' from command line to 'None'
[0.289s] Level 5:colcon.colcon_core.verb:set package 'image_geometry' build argument 'catkin_skip_building_tests' from command line to 'False'
[0.289s] DEBUG:colcon.colcon_core.verb:Building package 'image_geometry' with the following arguments: {'ament_cmake_args': None, 'build_base': '/app/project/build/image_geometry', 'catkin_cmake_args': None, 'catkin_skip_building_tests': False, 'cmake_args': None, 'cmake_clean_cache': False, 'cmake_clean_first': False, 'cmake_force_configure': False, 'cmake_target': None, 'cmake_target_skip_unavailable': False, 'install_base': '/app/project/install/image_geometry', 'merge_install': False, 'path': '/app/project/doc_exemple/ws/src/vision_opencv/image_geometry', 'symlink_install': False, 'test_result_base': None}
[0.290s] Level 5:colcon.colcon_core.verb:set package 'packge' build argument 'cmake_args' from command line to 'None'
[0.290s] Level 5:colcon.colcon_core.verb:set package 'packge' build argument 'cmake_target' from command line to 'None'
[0.290s] Level 5:colcon.colcon_core.verb:set package 'packge' build argument 'cmake_target_skip_unavailable' from command line to 'False'
[0.290s] Level 5:colcon.colcon_core.verb:set package 'packge' build argument 'cmake_clean_cache' from command line to 'False'
[0.290s] Level 5:colcon.colcon_core.verb:set package 'packge' build argument 'cmake_clean_first' from command line to 'False'
[0.290s] Level 5:colcon.colcon_core.verb:set package 'packge' build argument 'cmake_force_configure' from command line to 'False'
[0.290s] Level 5:colcon.colcon_core.verb:set package 'packge' build argument 'ament_cmake_args' from command line to 'None'
[0.290s] Level 5:colcon.colcon_core.verb:set package 'packge' build argument 'catkin_cmake_args' from command line to 'None'
[0.290s] Level 5:colcon.colcon_core.verb:set package 'packge' build argument 'catkin_skip_building_tests' from command line to 'False'
[0.290s] DEBUG:colcon.colcon_core.verb:Building package 'packge' with the following arguments: {'ament_cmake_args': None, 'build_base': '/app/project/build/packge', 'catkin_cmake_args': None, 'catkin_skip_building_tests': False, 'cmake_args': None, 'cmake_clean_cache': False, 'cmake_clean_first': False, 'cmake_force_configure': False, 'cmake_target': None, 'cmake_target_skip_unavailable': False, 'install_base': '/app/project/install/packge', 'merge_install': False, 'path': '/app/project/src/packge', 'symlink_install': False, 'test_result_base': None}
[0.290s] Level 5:colcon.colcon_core.verb:set package 'square_controller' build argument 'cmake_args' from command line to 'None'
[0.290s] Level 5:colcon.colcon_core.verb:set package 'square_controller' build argument 'cmake_target' from command line to 'None'
[0.290s] Level 5:colcon.colcon_core.verb:set package 'square_controller' build argument 'cmake_target_skip_unavailable' from command line to 'False'
[0.290s] Level 5:colcon.colcon_core.verb:set package 'square_controller' build argument 'cmake_clean_cache' from command line to 'False'
[0.290s] Level 5:colcon.colcon_core.verb:set package 'square_controller' build argument 'cmake_clean_first' from command line to 'False'
[0.290s] Level 5:colcon.colcon_core.verb:set package 'square_controller' build argument 'cmake_force_configure' from command line to 'False'
[0.290s] Level 5:colcon.colcon_core.verb:set package 'square_controller' build argument 'ament_cmake_args' from command line to 'None'
[0.290s] Level 5:colcon.colcon_core.verb:set package 'square_controller' build argument 'catkin_cmake_args' from command line to 'None'
[0.290s] Level 5:colcon.colcon_core.verb:set package 'square_controller' build argument 'catkin_skip_building_tests' from command line to 'False'
[0.291s] DEBUG:colcon.colcon_core.verb:Building package 'square_controller' with the following arguments: {'ament_cmake_args': None, 'build_base': '/app/project/build/square_controller', 'catkin_cmake_args': None, 'catkin_skip_building_tests': False, 'cmake_args': None, 'cmake_clean_cache': False, 'cmake_clean_first': False, 'cmake_force_configure': False, 'cmake_target': None, 'cmake_target_skip_unavailable': False, 'install_base': '/app/project/install/square_controller', 'merge_install': False, 'path': '/app/project/src/square_controller', 'symlink_install': False, 'test_result_base': None}
[0.291s] Level 5:colcon.colcon_core.verb:set package 'gazebo_ros' build argument 'cmake_args' from command line to 'None'
[0.291s] Level 5:colcon.colcon_core.verb:set package 'gazebo_ros' build argument 'cmake_target' from command line to 'None'
[0.291s] Level 5:colcon.colcon_core.verb:set package 'gazebo_ros' build argument 'cmake_target_skip_unavailable' from command line to 'False'
[0.291s] Level 5:colcon.colcon_core.verb:set package 'gazebo_ros' build argument 'cmake_clean_cache' from command line to 'False'
[0.291s] Level 5:colcon.colcon_core.verb:set package 'gazebo_ros' build argument 'cmake_clean_first' from command line to 'False'
[0.291s] Level 5:colcon.colcon_core.verb:set package 'gazebo_ros' build argument 'cmake_force_configure' from command line to 'False'
[0.291s] Level 5:colcon.colcon_core.verb:set package 'gazebo_ros' build argument 'ament_cmake_args' from command line to 'None'
[0.291s] Level 5:colcon.colcon_core.verb:set package 'gazebo_ros' build argument 'catkin_cmake_args' from command line to 'None'
[0.291s] Level 5:colcon.colcon_core.verb:set package 'gazebo_ros' build argument 'catkin_skip_building_tests' from command line to 'False'
[0.291s] DEBUG:colcon.colcon_core.verb:Building package 'gazebo_ros' with the following arguments: {'ament_cmake_args': None, 'build_base': '/app/project/build/gazebo_ros', 'catkin_cmake_args': None, 'catkin_skip_building_tests': False, 'cmake_args': None, 'cmake_clean_cache': False, 'cmake_clean_first': False, 'cmake_force_configure': False, 'cmake_target': None, 'cmake_target_skip_unavailable': False, 'install_base': '/app/project/install/gazebo_ros', 'merge_install': False, 'path': '/app/project/doc_exemple/ws/src/gazebo_ros_pkgs/gazebo_ros', 'symlink_install': False, 'test_result_base': None}
[0.292s] Level 5:colcon.colcon_core.verb:set package 'opencv_tests' build argument 'cmake_args' from command line to 'None'
[0.292s] Level 5:colcon.colcon_core.verb:set package 'opencv_tests' build argument 'cmake_target' from command line to 'None'
[0.292s] Level 5:colcon.colcon_core.verb:set package 'opencv_tests' build argument 'cmake_target_skip_unavailable' from command line to 'False'
[0.292s] Level 5:colcon.colcon_core.verb:set package 'opencv_tests' build argument 'cmake_clean_cache' from command line to 'False'
[0.292s] Level 5:colcon.colcon_core.verb:set package 'opencv_tests' build argument 'cmake_clean_first' from command line to 'False'
[0.292s] Level 5:colcon.colcon_core.verb:set package 'opencv_tests' build argument 'cmake_force_configure' from command line to 'False'
[0.292s] Level 5:colcon.colcon_core.verb:set package 'opencv_tests' build argument 'ament_cmake_args' from command line to 'None'
[0.292s] Level 5:colcon.colcon_core.verb:set package 'opencv_tests' build argument 'catkin_cmake_args' from command line to 'None'
[0.292s] Level 5:colcon.colcon_core.verb:set package 'opencv_tests' build argument 'catkin_skip_building_tests' from command line to 'False'
[0.292s] DEBUG:colcon.colcon_core.verb:Building package 'opencv_tests' with the following arguments: {'ament_cmake_args': None, 'build_base': '/app/project/build/opencv_tests', 'catkin_cmake_args': None, 'catkin_skip_building_tests': False, 'cmake_args': None, 'cmake_clean_cache': False, 'cmake_clean_first': False, 'cmake_force_configure': False, 'cmake_target': None, 'cmake_target_skip_unavailable': False, 'install_base': '/app/project/install/opencv_tests', 'merge_install': False, 'path': '/app/project/doc_exemple/ws/src/vision_opencv/opencv_tests', 'symlink_install': False, 'test_result_base': None}
[0.293s] Level 5:colcon.colcon_core.verb:set package 'vision_opencv' build argument 'cmake_args' from command line to 'None'
[0.293s] Level 5:colcon.colcon_core.verb:set package 'vision_opencv' build argument 'cmake_target' from command line to 'None'
[0.293s] Level 5:colcon.colcon_core.verb:set package 'vision_opencv' build argument 'cmake_target_skip_unavailable' from command line to 'False'
[0.293s] Level 5:colcon.colcon_core.verb:set package 'vision_opencv' build argument 'cmake_clean_cache' from command line to 'False'
[0.293s] Level 5:colcon.colcon_core.verb:set package 'vision_opencv' build argument 'cmake_clean_first' from command line to 'False'
[0.293s] Level 5:colcon.colcon_core.verb:set package 'vision_opencv' build argument 'cmake_force_configure' from command line to 'False'
[0.293s] Level 5:colcon.colcon_core.verb:set package 'vision_opencv' build argument 'ament_cmake_args' from command line to 'None'
[0.293s] Level 5:colcon.colcon_core.verb:set package 'vision_opencv' build argument 'catkin_cmake_args' from command line to 'None'
[0.293s] Level 5:colcon.colcon_core.verb:set package 'vision_opencv' build argument 'catkin_skip_building_tests' from command line to 'False'
[0.293s] DEBUG:colcon.colcon_core.verb:Building package 'vision_opencv' with the following arguments: {'ament_cmake_args': None, 'build_base': '/app/project/build/vision_opencv', 'catkin_cmake_args': None, 'catkin_skip_building_tests': False, 'cmake_args': None, 'cmake_clean_cache': False, 'cmake_clean_first': False, 'cmake_force_configure': False, 'cmake_target': None, 'cmake_target_skip_unavailable': False, 'install_base': '/app/project/install/vision_opencv', 'merge_install': False, 'path': '/app/project/doc_exemple/ws/src/vision_opencv/vision_opencv', 'symlink_install': False, 'test_result_base': None}
[0.293s] Level 5:colcon.colcon_core.verb:set package 'gazebo_plugins' build argument 'cmake_args' from command line to 'None'
[0.293s] Level 5:colcon.colcon_core.verb:set package 'gazebo_plugins' build argument 'cmake_target' from command line to 'None'
[0.293s] Level 5:colcon.colcon_core.verb:set package 'gazebo_plugins' build argument 'cmake_target_skip_unavailable' from command line to 'False'
[0.293s] Level 5:colcon.colcon_core.verb:set package 'gazebo_plugins' build argument 'cmake_clean_cache' from command line to 'False'
[0.293s] Level 5:colcon.colcon_core.verb:set package 'gazebo_plugins' build argument 'cmake_clean_first' from command line to 'False'
[0.293s] Level 5:colcon.colcon_core.verb:set package 'gazebo_plugins' build argument 'cmake_force_configure' from command line to 'False'
[0.293s] Level 5:colcon.colcon_core.verb:set package 'gazebo_plugins' build argument 'ament_cmake_args' from command line to 'None'
[0.293s] Level 5:colcon.colcon_core.verb:set package 'gazebo_plugins' build argument 'catkin_cmake_args' from command line to 'None'
[0.294s] Level 5:colcon.colcon_core.verb:set package 'gazebo_plugins' build argument 'catkin_skip_building_tests' from command line to 'False'
[0.294s] DEBUG:colcon.colcon_core.verb:Building package 'gazebo_plugins' with the following arguments: {'ament_cmake_args': None, 'build_base': '/app/project/build/gazebo_plugins', 'catkin_cmake_args': None, 'catkin_skip_building_tests': False, 'cmake_args': None, 'cmake_clean_cache': False, 'cmake_clean_first': False, 'cmake_force_configure': False, 'cmake_target': None, 'cmake_target_skip_unavailable': False, 'install_base': '/app/project/install/gazebo_plugins', 'merge_install': False, 'path': '/app/project/doc_exemple/ws/src/gazebo_ros_pkgs/gazebo_plugins', 'symlink_install': False, 'test_result_base': None}
[0.294s] Level 5:colcon.colcon_core.verb:set package 'gazebo_ros_pkgs' build argument 'cmake_args' from command line to 'None'
[0.294s] Level 5:colcon.colcon_core.verb:set package 'gazebo_ros_pkgs' build argument 'cmake_target' from command line to 'None'
[0.294s] Level 5:colcon.colcon_core.verb:set package 'gazebo_ros_pkgs' build argument 'cmake_target_skip_unavailable' from command line to 'False'
[0.294s] Level 5:colcon.colcon_core.verb:set package 'gazebo_ros_pkgs' build argument 'cmake_clean_cache' from command line to 'False'
[0.294s] Level 5:colcon.colcon_core.verb:set package 'gazebo_ros_pkgs' build argument 'cmake_clean_first' from command line to 'False'
[0.294s] Level 5:colcon.colcon_core.verb:set package 'gazebo_ros_pkgs' build argument 'cmake_force_configure' from command line to 'False'
[0.294s] Level 5:colcon.colcon_core.verb:set package 'gazebo_ros_pkgs' build argument 'ament_cmake_args' from command line to 'None'
[0.294s] Level 5:colcon.colcon_core.verb:set package 'gazebo_ros_pkgs' build argument 'catkin_cmake_args' from command line to 'None'
[0.294s] Level 5:colcon.colcon_core.verb:set package 'gazebo_ros_pkgs' build argument 'catkin_skip_building_tests' from command line to 'False'
[0.294s] DEBUG:colcon.colcon_core.verb:Building package 'gazebo_ros_pkgs' with the following arguments: {'ament_cmake_args': None, 'build_base': '/app/project/build/gazebo_ros_pkgs', 'catkin_cmake_args': None, 'catkin_skip_building_tests': False, 'cmake_args': None, 'cmake_clean_cache': False, 'cmake_clean_first': False, 'cmake_force_configure': False, 'cmake_target': None, 'cmake_target_skip_unavailable': False, 'install_base': '/app/project/install/gazebo_ros_pkgs', 'merge_install': False, 'path': '/app/project/doc_exemple/ws/src/gazebo_ros_pkgs/gazebo_ros_pkgs', 'symlink_install': False, 'test_result_base': None}
[0.295s] INFO:colcon.colcon_core.executor:Executing jobs using 'parallel' executor
[0.298s] DEBUG:colcon.colcon_parallel_executor.executor.parallel:run_until_complete
[0.298s] INFO:colcon.colcon_ros.task.ament_cmake.build:Building ROS package in '/app/project/doc_exemple/ws/src/vision_opencv/cv_bridge' with build type 'ament_cmake'
[0.298s] INFO:colcon.colcon_cmake.task.cmake.build:Building CMake package in '/app/project/doc_exemple/ws/src/vision_opencv/cv_bridge'
[0.301s] INFO:colcon.colcon_core.plugin_system:Skipping extension 'colcon_core.shell.bat': Not used on non-Windows systems
[0.301s] INFO:colcon.colcon_core.shell:Skip shell extension 'powershell' for command environment: Not usable outside of PowerShell
[0.301s] DEBUG:colcon.colcon_core.shell:Skip shell extension 'dsv' for command environment
[0.308s] INFO:colcon.colcon_ros.task.ament_cmake.build:Building ROS package in '/app/project/doc_exemple/ws/src/gazebo_ros_pkgs/gazebo_dev' with build type 'ament_cmake'
[0.308s] INFO:colcon.colcon_cmake.task.cmake.build:Building CMake package in '/app/project/doc_exemple/ws/src/gazebo_ros_pkgs/gazebo_dev'
[0.309s] INFO:colcon.colcon_core.shell:Skip shell extension 'powershell' for command environment: Not usable outside of PowerShell
[0.309s] DEBUG:colcon.colcon_core.shell:Skip shell extension 'dsv' for command environment
[0.315s] INFO:colcon.colcon_ros.task.ament_cmake.build:Building ROS package in '/app/project/doc_exemple/ws/src/gazebo_ros_pkgs/gazebo_msgs' with build type 'ament_cmake'
[0.316s] INFO:colcon.colcon_cmake.task.cmake.build:Building CMake package in '/app/project/doc_exemple/ws/src/gazebo_ros_pkgs/gazebo_msgs'
[0.318s] INFO:colcon.colcon_core.shell:Skip shell extension 'powershell' for command environment: Not usable outside of PowerShell
[0.318s] DEBUG:colcon.colcon_core.shell:Skip shell extension 'dsv' for command environment
[0.324s] INFO:colcon.colcon_ros.task.ament_cmake.build:Building ROS package in '/app/project/doc_exemple/ws/src/vision_opencv/image_geometry' with build type 'ament_cmake'
[0.324s] INFO:colcon.colcon_cmake.task.cmake.build:Building CMake package in '/app/project/doc_exemple/ws/src/vision_opencv/image_geometry'
[0.327s] INFO:colcon.colcon_core.shell:Skip shell extension 'powershell' for command environment: Not usable outside of PowerShell
[0.327s] DEBUG:colcon.colcon_core.shell:Skip shell extension 'dsv' for command environment
[0.333s] INFO:colcon.colcon_ros.task.ament_cmake.build:Building ROS package in '/app/project/src/packge' with build type 'ament_cmake'
[0.333s] INFO:colcon.colcon_cmake.task.cmake.build:Building CMake package in '/app/project/src/packge'
[0.335s] INFO:colcon.colcon_core.shell:Skip shell extension 'powershell' for command environment: Not usable outside of PowerShell
[0.335s] DEBUG:colcon.colcon_core.shell:Skip shell extension 'dsv' for command environment
[0.341s] INFO:colcon.colcon_ros.task.ament_cmake.build:Building ROS package in '/app/project/src/square_controller' with build type 'ament_cmake'
[0.341s] INFO:colcon.colcon_cmake.task.cmake.build:Building CMake package in '/app/project/src/square_controller'
[0.342s] INFO:colcon.colcon_core.shell:Skip shell extension 'powershell' for command environment: Not usable outside of PowerShell
[0.342s] DEBUG:colcon.colcon_core.shell:Skip shell extension 'dsv' for command environment
[0.352s] DEBUG:colcon.colcon_core.event_handler.log_command:Invoking command in '/app/project/build/cv_bridge': CMAKE_PREFIX_PATH=${CMAKE_PREFIX_PATH}:/opt/ros/foxy /usr/bin/cmake --build /app/project/build/cv_bridge -- -j16 -l16
[0.358s] DEBUG:colcon.colcon_core.event_handler.log_command:Invoking command in '/app/project/build/gazebo_dev': CMAKE_PREFIX_PATH=${CMAKE_PREFIX_PATH}:/opt/ros/foxy /usr/bin/cmake --build /app/project/build/gazebo_dev -- -j16 -l16
[0.362s] DEBUG:colcon.colcon_core.event_handler.log_command:Invoking command in '/app/project/build/gazebo_msgs': CMAKE_PREFIX_PATH=${CMAKE_PREFIX_PATH}:/opt/ros/foxy /usr/bin/cmake --build /app/project/build/gazebo_msgs -- -j16 -l16
[0.365s] DEBUG:colcon.colcon_core.event_handler.log_command:Invoking command in '/app/project/build/image_geometry': CMAKE_PREFIX_PATH=${CMAKE_PREFIX_PATH}:/opt/ros/foxy /usr/bin/cmake --build /app/project/build/image_geometry -- -j16 -l16
[0.369s] DEBUG:colcon.colcon_core.event_handler.log_command:Invoking command in '/app/project/build/packge': CMAKE_PREFIX_PATH=${CMAKE_PREFIX_PATH}:/opt/ros/foxy /usr/bin/cmake --build /app/project/build/packge -- -j16 -l16
[0.376s] DEBUG:colcon.colcon_core.event_handler.log_command:Invoking command in '/app/project/build/square_controller': CMAKE_PREFIX_PATH=${CMAKE_PREFIX_PATH}:/opt/ros/foxy /usr/bin/cmake --build /app/project/build/square_controller -- -j16 -l16
[0.399s] DEBUG:colcon.colcon_core.event_handler.log_command:Invoked command in '/app/project/build/gazebo_dev' returned '0': CMAKE_PREFIX_PATH=${CMAKE_PREFIX_PATH}:/opt/ros/foxy /usr/bin/cmake --build /app/project/build/gazebo_dev -- -j16 -l16
[0.446s] DEBUG:colcon.colcon_core.event_handler.log_command:Invoking command in '/app/project/build/gazebo_dev': CMAKE_PREFIX_PATH=${CMAKE_PREFIX_PATH}:/opt/ros/foxy /usr/bin/cmake --install /app/project/build/gazebo_dev
[0.452s] DEBUG:colcon.colcon_core.event_handler.log_command:Invoked command in '/app/project/build/packge' returned '0': CMAKE_PREFIX_PATH=${CMAKE_PREFIX_PATH}:/opt/ros/foxy /usr/bin/cmake --build /app/project/build/packge -- -j16 -l16
[0.460s] Level 1:colcon.colcon_core.environment:create_environment_scripts_only(gazebo_dev)
[0.461s] DEBUG:colcon.colcon_core.event_handler.log_command:Invoked command in '/app/project/build/gazebo_dev' returned '0': CMAKE_PREFIX_PATH=${CMAKE_PREFIX_PATH}:/opt/ros/foxy /usr/bin/cmake --install /app/project/build/gazebo_dev
[0.466s] Level 1:colcon.colcon_core.environment:checking '/app/project/install/gazebo_dev' for CMake module files
[0.466s] Level 1:colcon.colcon_core.environment:checking '/app/project/install/gazebo_dev' for CMake config files
[0.466s] Level 1:colcon.colcon_core.shell:create_environment_hook('gazebo_dev', 'cmake_prefix_path')
[0.468s] INFO:colcon.colcon_core.shell:Creating environment hook '/app/project/install/gazebo_dev/share/gazebo_dev/hook/cmake_prefix_path.ps1'
[0.469s] INFO:colcon.colcon_core.shell:Creating environment descriptor '/app/project/install/gazebo_dev/share/gazebo_dev/hook/cmake_prefix_path.dsv'
[0.470s] INFO:colcon.colcon_core.shell:Creating environment hook '/app/project/install/gazebo_dev/share/gazebo_dev/hook/cmake_prefix_path.sh'
[0.471s] Level 1:colcon.colcon_core.environment:checking '/app/project/install/gazebo_dev/bin'
[0.471s] Level 1:colcon.colcon_core.environment:checking '/app/project/install/gazebo_dev/lib/pkgconfig/gazebo_dev.pc'
[0.471s] Level 1:colcon.colcon_core.environment:checking '/app/project/install/gazebo_dev/lib/python3.8/site-packages'
[0.472s] Level 1:colcon.colcon_core.environment:checking '/app/project/install/gazebo_dev/bin'
[0.473s] INFO:colcon.colcon_core.shell:Creating package script '/app/project/install/gazebo_dev/share/gazebo_dev/package.ps1'
[0.473s] INFO:colcon.colcon_core.shell:Creating package descriptor '/app/project/install/gazebo_dev/share/gazebo_dev/package.dsv'
[0.474s] INFO:colcon.colcon_core.shell:Creating package script '/app/project/install/gazebo_dev/share/gazebo_dev/package.sh'
[0.474s] INFO:colcon.colcon_core.shell:Creating package script '/app/project/install/gazebo_dev/share/gazebo_dev/package.bash'
[0.475s] INFO:colcon.colcon_core.shell:Creating package script '/app/project/install/gazebo_dev/share/gazebo_dev/package.zsh'
[0.475s] Level 1:colcon.colcon_core.environment:create_file_with_runtime_dependencies(/app/project/install/gazebo_dev/share/colcon-core/packages/gazebo_dev)
[0.481s] DEBUG:colcon.colcon_core.event_handler.log_command:Invoked command in '/app/project/build/square_controller' returned '0': CMAKE_PREFIX_PATH=${CMAKE_PREFIX_PATH}:/opt/ros/foxy /usr/bin/cmake --build /app/project/build/square_controller -- -j16 -l16
[0.488s] DEBUG:colcon.colcon_core.event_handler.log_command:Invoking command in '/app/project/build/packge': CMAKE_PREFIX_PATH=${CMAKE_PREFIX_PATH}:/opt/ros/foxy /usr/bin/cmake --install /app/project/build/packge
[0.490s] DEBUG:colcon.colcon_core.event_handler.log_command:Invoked command in '/app/project/build/image_geometry' returned '0': CMAKE_PREFIX_PATH=${CMAKE_PREFIX_PATH}:/opt/ros/foxy /usr/bin/cmake --build /app/project/build/image_geometry -- -j16 -l16
[0.500s] Level 1:colcon.colcon_core.environment:create_environment_scripts_only(packge)
[0.502s] Level 1:colcon.colcon_core.environment:checking '/app/project/install/packge' for CMake module files
[0.502s] DEBUG:colcon.colcon_core.event_handler.log_command:Invoked command in '/app/project/build/packge' returned '0': CMAKE_PREFIX_PATH=${CMAKE_PREFIX_PATH}:/opt/ros/foxy /usr/bin/cmake --install /app/project/build/packge
[0.503s] Level 1:colcon.colcon_core.environment:checking '/app/project/install/packge' for CMake config files
[0.503s] Level 1:colcon.colcon_core.shell:create_environment_hook('packge', 'cmake_prefix_path')
[0.504s] INFO:colcon.colcon_core.shell:Creating environment hook '/app/project/install/packge/share/packge/hook/cmake_prefix_path.ps1'
[0.505s] INFO:colcon.colcon_core.shell:Creating environment descriptor '/app/project/install/packge/share/packge/hook/cmake_prefix_path.dsv'
[0.505s] INFO:colcon.colcon_core.shell:Creating environment hook '/app/project/install/packge/share/packge/hook/cmake_prefix_path.sh'
[0.506s] Level 1:colcon.colcon_core.environment:checking '/app/project/install/packge/lib'
[0.506s] Level 1:colcon.colcon_core.environment:checking '/app/project/install/packge/bin'
[0.506s] Level 1:colcon.colcon_core.environment:checking '/app/project/install/packge/lib/pkgconfig/packge.pc'
[0.506s] Level 1:colcon.colcon_core.environment:checking '/app/project/install/packge/lib/python3.8/site-packages'
[0.506s] Level 1:colcon.colcon_core.environment:checking '/app/project/install/packge/bin'
[0.508s] INFO:colcon.colcon_core.shell:Creating package script '/app/project/install/packge/share/packge/package.ps1'
[0.508s] INFO:colcon.colcon_core.shell:Creating package descriptor '/app/project/install/packge/share/packge/package.dsv'
[0.509s] INFO:colcon.colcon_core.shell:Creating package script '/app/project/install/packge/share/packge/package.sh'
[0.509s] INFO:colcon.colcon_core.shell:Creating package script '/app/project/install/packge/share/packge/package.bash'
[0.509s] INFO:colcon.colcon_core.shell:Creating package script '/app/project/install/packge/share/packge/package.zsh'
[0.510s] Level 1:colcon.colcon_core.environment:create_file_with_runtime_dependencies(/app/project/install/packge/share/colcon-core/packages/packge)
[0.514s] DEBUG:colcon.colcon_core.event_handler.log_command:Invoked command in '/app/project/build/cv_bridge' returned '2': CMAKE_PREFIX_PATH=${CMAKE_PREFIX_PATH}:/opt/ros/foxy /usr/bin/cmake --build /app/project/build/cv_bridge -- -j16 -l16
[0.519s] Level 1:colcon.colcon_core.environment:create_environment_scripts_only(gazebo_dev)
[0.520s] Level 1:colcon.colcon_core.environment:checking '/app/project/install/gazebo_dev' for CMake module files
[0.521s] Level 1:colcon.colcon_core.environment:checking '/app/project/install/gazebo_dev' for CMake config files
[0.521s] Level 1:colcon.colcon_core.shell:create_environment_hook('gazebo_dev', 'cmake_prefix_path')
[0.522s] INFO:colcon.colcon_core.shell:Creating environment hook '/app/project/install/gazebo_dev/share/gazebo_dev/hook/cmake_prefix_path.ps1'
[0.523s] INFO:colcon.colcon_core.shell:Creating environment descriptor '/app/project/install/gazebo_dev/share/gazebo_dev/hook/cmake_prefix_path.dsv'
[0.523s] INFO:colcon.colcon_core.shell:Creating environment hook '/app/project/install/gazebo_dev/share/gazebo_dev/hook/cmake_prefix_path.sh'
[0.524s] Level 1:colcon.colcon_core.environment:checking '/app/project/install/gazebo_dev/bin'
[0.524s] Level 1:colcon.colcon_core.environment:checking '/app/project/install/gazebo_dev/lib/pkgconfig/gazebo_dev.pc'
[0.524s] Level 1:colcon.colcon_core.environment:checking '/app/project/install/gazebo_dev/lib/python3.8/site-packages'
[0.524s] Level 1:colcon.colcon_core.environment:checking '/app/project/install/gazebo_dev/bin'
[0.525s] INFO:colcon.colcon_core.shell:Creating package script '/app/project/install/gazebo_dev/share/gazebo_dev/package.ps1'
[0.526s] INFO:colcon.colcon_core.shell:Creating package descriptor '/app/project/install/gazebo_dev/share/gazebo_dev/package.dsv'
[0.526s] INFO:colcon.colcon_core.shell:Creating package script '/app/project/install/gazebo_dev/share/gazebo_dev/package.sh'
[0.527s] INFO:colcon.colcon_core.shell:Creating package script '/app/project/install/gazebo_dev/share/gazebo_dev/package.bash'
[0.527s] INFO:colcon.colcon_core.shell:Creating package script '/app/project/install/gazebo_dev/share/gazebo_dev/package.zsh'
[0.527s] Level 1:colcon.colcon_core.environment:create_file_with_runtime_dependencies(/app/project/install/gazebo_dev/share/colcon-core/packages/gazebo_dev)
[0.531s] DEBUG:colcon.colcon_core.event_handler.log_command:Invoking command in '/app/project/build/square_controller': CMAKE_PREFIX_PATH=${CMAKE_PREFIX_PATH}:/opt/ros/foxy /usr/bin/cmake --install /app/project/build/square_controller
[0.535s] DEBUG:colcon.colcon_core.event_handler.log_command:Invoking command in '/app/project/build/image_geometry': CMAKE_PREFIX_PATH=${CMAKE_PREFIX_PATH}:/opt/ros/foxy /usr/bin/cmake --install /app/project/build/image_geometry
[0.538s] Level 1:colcon.colcon_core.environment:create_environment_scripts_only(packge)
[0.540s] Level 1:colcon.colcon_core.environment:checking '/app/project/install/packge' for CMake module files
[0.542s] Level 1:colcon.colcon_core.environment:checking '/app/project/install/packge' for CMake config files
[0.542s] Level 1:colcon.colcon_core.shell:create_environment_hook('packge', 'cmake_prefix_path')
[0.543s] INFO:colcon.colcon_core.shell:Creating environment hook '/app/project/install/packge/share/packge/hook/cmake_prefix_path.ps1'
[0.543s] INFO:colcon.colcon_core.shell:Creating environment descriptor '/app/project/install/packge/share/packge/hook/cmake_prefix_path.dsv'
[0.544s] INFO:colcon.colcon_core.shell:Creating environment hook '/app/project/install/packge/share/packge/hook/cmake_prefix_path.sh'
[0.544s] Level 1:colcon.colcon_core.environment:checking '/app/project/install/packge/lib'
[0.545s] Level 1:colcon.colcon_core.environment:checking '/app/project/install/packge/bin'
[0.545s] Level 1:colcon.colcon_core.environment:checking '/app/project/install/packge/lib/pkgconfig/packge.pc'
[0.545s] Level 1:colcon.colcon_core.environment:checking '/app/project/install/packge/lib/python3.8/site-packages'
[0.545s] Level 1:colcon.colcon_core.environment:checking '/app/project/install/packge/bin'
[0.546s] INFO:colcon.colcon_core.shell:Creating package script '/app/project/install/packge/share/packge/package.ps1'
[0.547s] INFO:colcon.colcon_core.shell:Creating package descriptor '/app/project/install/packge/share/packge/package.dsv'
[0.547s] INFO:colcon.colcon_core.shell:Creating package script '/app/project/install/packge/share/packge/package.sh'
[0.547s] INFO:colcon.colcon_core.shell:Creating package script '/app/project/install/packge/share/packge/package.bash'
[0.548s] INFO:colcon.colcon_core.shell:Creating package script '/app/project/install/packge/share/packge/package.zsh'
[0.548s] Level 1:colcon.colcon_core.environment:create_file_with_runtime_dependencies(/app/project/install/packge/share/colcon-core/packages/packge)
[0.550s] Level 1:colcon.colcon_core.environment:create_environment_scripts_only(cv_bridge)
[0.551s] Level 1:colcon.colcon_core.environment:checking '/app/project/install/cv_bridge' for CMake module files
[0.552s] Level 1:colcon.colcon_core.environment:checking '/app/project/install/cv_bridge' for CMake config files
[0.552s] Level 1:colcon.colcon_core.environment:checking '/app/project/install/cv_bridge/bin'
[0.553s] Level 1:colcon.colcon_core.environment:checking '/app/project/install/cv_bridge/lib/pkgconfig/cv_bridge.pc'
[0.553s] Level 1:colcon.colcon_core.environment:checking '/app/project/install/cv_bridge/lib/python3.8/site-packages'
[0.553s] Level 1:colcon.colcon_core.environment:checking '/app/project/install/cv_bridge/bin'
[0.554s] INFO:colcon.colcon_core.shell:Creating package script '/app/project/install/cv_bridge/share/cv_bridge/package.ps1'
[0.554s] INFO:colcon.colcon_core.shell:Creating package descriptor '/app/project/install/cv_bridge/share/cv_bridge/package.dsv'
[0.555s] INFO:colcon.colcon_core.shell:Creating package script '/app/project/install/cv_bridge/share/cv_bridge/package.sh'
[0.555s] INFO:colcon.colcon_core.shell:Creating package script '/app/project/install/cv_bridge/share/cv_bridge/package.bash'
[0.556s] INFO:colcon.colcon_core.shell:Creating package script '/app/project/install/cv_bridge/share/cv_bridge/package.zsh'
[0.556s] Level 1:colcon.colcon_core.environment:create_file_with_runtime_dependencies(/app/project/install/cv_bridge/share/colcon-core/packages/cv_bridge)
[0.705s] DEBUG:colcon.colcon_parallel_executor.executor.parallel:closing loop
[0.706s] DEBUG:colcon.colcon_parallel_executor.executor.parallel:loop closed
[0.706s] DEBUG:colcon.colcon_parallel_executor.executor.parallel:run_until_complete finished with '2'
[0.706s] DEBUG:colcon.colcon_core.event_reactor:joining thread
[0.711s] INFO:colcon.colcon_core.plugin_system:Skipping extension 'colcon_notification.desktop_notification.notify_send': Could not find 'notify-send'
[0.711s] INFO:colcon.colcon_core.plugin_system:Skipping extension 'colcon_notification.desktop_notification.terminal_notifier': Not used on non-Darwin systems
[0.711s] INFO:colcon.colcon_core.plugin_system:Skipping extension 'colcon_notification.desktop_notification.win32': Not used on non-Windows systems
[0.711s] INFO:colcon.colcon_notification.desktop_notification:Sending desktop notification using 'notify2'
[0.714s] DEBUG:colcon.colcon_notification.desktop_notification.notify2:Failed to initialize notify2: org.freedesktop.DBus.Error.Spawn.ExecFailed: /usr/bin/dbus-launch terminated abnormally without any error message
[0.714s] DEBUG:colcon.colcon_core.event_reactor:joined thread
[0.716s] INFO:colcon.colcon_core.shell:Creating prefix script '/app/project/install/local_setup.ps1'
[0.716s] INFO:colcon.colcon_core.shell:Creating prefix util module '/app/project/install/_local_setup_util_ps1.py'
[0.717s] INFO:colcon.colcon_core.shell:Creating prefix chain script '/app/project/install/setup.ps1'
[0.718s] INFO:colcon.colcon_core.shell:Creating prefix script '/app/project/install/local_setup.sh'
[0.719s] INFO:colcon.colcon_core.shell:Creating prefix util module '/app/project/install/_local_setup_util_sh.py'
[0.719s] INFO:colcon.colcon_core.shell:Creating prefix chain script '/app/project/install/setup.sh'
[0.720s] INFO:colcon.colcon_core.shell:Creating prefix script '/app/project/install/local_setup.bash'
[0.720s] INFO:colcon.colcon_core.shell:Creating prefix chain script '/app/project/install/setup.bash'
[0.721s] INFO:colcon.colcon_core.shell:Creating prefix script '/app/project/install/local_setup.zsh'
[0.722s] INFO:colcon.colcon_core.shell:Creating prefix chain script '/app/project/install/setup.zsh'
