[0.210s] DEBUG:colcon:Command line arguments: ['/usr/bin/colcon', 'build']
[0.210s] DEBUG:colcon:Parsed command line arguments: Namespace(ament_cmake_args=None, base_paths=['.'], build_base='build', catkin_cmake_args=None, catkin_skip_building_tests=False, cmake_args=None, cmake_clean_cache=False, cmake_clean_first=False, cmake_force_configure=False, cmake_target=None, cmake_target_skip_unavailable=False, continue_on_error=False, event_handlers=None, executor='parallel', ignore_user_meta=False, install_base='install', log_base=None, log_level=None, main=<bound method BuildVerb.main of <colcon_core.verb.build.BuildVerb object at 0x7918e92711f0>>, merge_install=False, metas=['./colcon.meta'], mixin=None, mixin_files=None, mixin_verb=('build',), packages_above=None, packages_above_and_dependencies=None, packages_above_depth=None, packages_end=None, packages_ignore=None, packages_ignore_regex=None, packages_select=None, packages_select_build_failed=False, packages_select_by_dep=None, packages_select_regex=None, packages_select_test_failures=False, packages_skip=None, packages_skip_build_finished=False, packages_skip_by_dep=None, packages_skip_regex=None, packages_skip_test_passed=False, packages_skip_up_to=None, packages_start=None, packages_up_to=None, packages_up_to_regex=None, parallel_workers=16, paths=None, symlink_install=False, test_result_base=None, verb_extension=<colcon_core.verb.build.BuildVerb object at 0x7918e92711f0>, verb_name='build', verb_parser=<colcon_mixin.mixin.mixin_argument.MixinArgumentDecorator object at 0x7918e9271850>)
[0.230s] Level 1:colcon.colcon_core.package_discovery:discover_packages(colcon_meta) check parameters
[0.231s] INFO:colcon.colcon_metadata.package_discovery.colcon_meta:Using configuration from '/root/.colcon/metadata/default/Gazebo.meta'
[0.231s] INFO:colcon.colcon_metadata.package_discovery.colcon_meta:Using configuration from '/root/.colcon/metadata/default/fastdds.meta'
[0.231s] INFO:colcon.colcon_metadata.package_discovery.colcon_meta:Using configuration from '/root/.colcon/metadata/default/fastrtps.meta'
[0.231s] Level 1:colcon.colcon_core.package_discovery:discover_packages(recursive) check parameters
[0.231s] Level 1:colcon.colcon_core.package_discovery:discover_packages(ignore) check parameters
[0.231s] Level 1:colcon.colcon_core.package_discovery:discover_packages(path) check parameters
[0.231s] Level 1:colcon.colcon_core.package_discovery:discover_packages(colcon_meta) discover
[0.231s] Level 1:colcon.colcon_core.package_discovery:discover_packages(recursive) discover
[0.231s] INFO:colcon.colcon_core.package_discovery:Crawling recursively for packages in '/app/project'
[0.232s] Level 1:colcon.colcon_core.package_identification:_identify(.) by extensions ['ignore', 'ignore_ament_install']
[0.232s] Level 1:colcon.colcon_core.package_identification:_identify(.) by extension 'ignore'
[0.232s] Level 1:colcon.colcon_core.package_identification:_identify(.) by extension 'ignore_ament_install'
[0.232s] Level 1:colcon.colcon_core.package_identification:_identify(.) by extensions ['colcon_pkg']
[0.232s] Level 1:colcon.colcon_core.package_identification:_identify(.) by extension 'colcon_pkg'
[0.232s] Level 1:colcon.colcon_core.package_identification:_identify(.) by extensions ['colcon_meta']
[0.232s] Level 1:colcon.colcon_core.package_identification:_identify(.) by extension 'colcon_meta'
[0.232s] Level 1:colcon.colcon_core.package_identification:_identify(.) by extensions ['ros']
[0.232s] Level 1:colcon.colcon_core.package_identification:_identify(.) by extension 'ros'
[0.246s] Level 1:colcon.colcon_core.package_identification:_identify(.) by extensions ['cmake', 'python']
[0.246s] Level 1:colcon.colcon_core.package_identification:_identify(.) by extension 'cmake'
[0.246s] Level 1:colcon.colcon_core.package_identification:_identify(.) by extension 'python'
[0.246s] Level 1:colcon.colcon_core.package_identification:_identify(.) by extensions ['python_setup_py']
[0.246s] Level 1:colcon.colcon_core.package_identification:_identify(.) by extension 'python_setup_py'
[0.246s] Level 1:colcon.colcon_core.package_identification:_identify(build) by extensions ['ignore', 'ignore_ament_install']
[0.246s] Level 1:colcon.colcon_core.package_identification:_identify(build) by extension 'ignore'
[0.246s] Level 1:colcon.colcon_core.package_identification:_identify(build) ignored
[0.246s] Level 1:colcon.colcon_core.package_identification:_identify(install) by extensions ['ignore', 'ignore_ament_install']
[0.246s] Level 1:colcon.colcon_core.package_identification:_identify(install) by extension 'ignore'
[0.247s] Level 1:colcon.colcon_core.package_identification:_identify(install) ignored
[0.247s] Level 1:colcon.colcon_core.package_identification:_identify(log) by extensions ['ignore', 'ignore_ament_install']
[0.247s] Level 1:colcon.colcon_core.package_identification:_identify(log) by extension 'ignore'
[0.247s] Level 1:colcon.colcon_core.package_identification:_identify(log) ignored
[0.247s] Level 1:colcon.colcon_core.package_identification:_identify(src) by extensions ['ignore', 'ignore_ament_install']
[0.247s] Level 1:colcon.colcon_core.package_identification:_identify(src) by extension 'ignore'
[0.247s] Level 1:colcon.colcon_core.package_identification:_identify(src) by extension 'ignore_ament_install'
[0.247s] Level 1:colcon.colcon_core.package_identification:_identify(src) by extensions ['colcon_pkg']
[0.247s] Level 1:colcon.colcon_core.package_identification:_identify(src) by extension 'colcon_pkg'
[0.247s] Level 1:colcon.colcon_core.package_identification:_identify(src) by extensions ['colcon_meta']
[0.247s] Level 1:colcon.colcon_core.package_identification:_identify(src) by extension 'colcon_meta'
[0.247s] Level 1:colcon.colcon_core.package_identification:_identify(src) by extensions ['ros']
[0.247s] Level 1:colcon.colcon_core.package_identification:_identify(src) by extension 'ros'
[0.247s] Level 1:colcon.colcon_core.package_identification:_identify(src) by extensions ['cmake', 'python']
[0.247s] Level 1:colcon.colcon_core.package_identification:_identify(src) by extension 'cmake'
[0.247s] Level 1:colcon.colcon_core.package_identification:_identify(src) by extension 'python'
[0.247s] Level 1:colcon.colcon_core.package_identification:_identify(src) by extensions ['python_setup_py']
[0.247s] Level 1:colcon.colcon_core.package_identification:_identify(src) by extension 'python_setup_py'
[0.247s] Level 1:colcon.colcon_core.package_identification:_identify(src/meu_robo) by extensions ['ignore', 'ignore_ament_install']
[0.247s] Level 1:colcon.colcon_core.package_identification:_identify(src/meu_robo) by extension 'ignore'
[0.247s] Level 1:colcon.colcon_core.package_identification:_identify(src/meu_robo) by extension 'ignore_ament_install'
[0.247s] Level 1:colcon.colcon_core.package_identification:_identify(src/meu_robo) by extensions ['colcon_pkg']
[0.247s] Level 1:colcon.colcon_core.package_identification:_identify(src/meu_robo) by extension 'colcon_pkg'
[0.247s] Level 1:colcon.colcon_core.package_identification:_identify(src/meu_robo) by extensions ['colcon_meta']
[0.247s] Level 1:colcon.colcon_core.package_identification:_identify(src/meu_robo) by extension 'colcon_meta'
[0.247s] Level 1:colcon.colcon_core.package_identification:_identify(src/meu_robo) by extensions ['ros']
[0.247s] Level 1:colcon.colcon_core.package_identification:_identify(src/meu_robo) by extension 'ros'
[0.249s] DEBUG:colcon.colcon_core.package_identification:Package 'src/meu_robo' with type 'ros.ament_cmake' and name 'meu_robo'
[0.249s] Level 1:colcon.colcon_core.package_identification:_identify(src/packge) by extensions ['ignore', 'ignore_ament_install']
[0.249s] Level 1:colcon.colcon_core.package_identification:_identify(src/packge) by extension 'ignore'
[0.249s] Level 1:colcon.colcon_core.package_identification:_identify(src/packge) by extension 'ignore_ament_install'
[0.249s] Level 1:colcon.colcon_core.package_identification:_identify(src/packge) by extensions ['colcon_pkg']
[0.249s] Level 1:colcon.colcon_core.package_identification:_identify(src/packge) by extension 'colcon_pkg'
[0.249s] Level 1:colcon.colcon_core.package_identification:_identify(src/packge) by extensions ['colcon_meta']
[0.250s] Level 1:colcon.colcon_core.package_identification:_identify(src/packge) by extension 'colcon_meta'
[0.250s] Level 1:colcon.colcon_core.package_identification:_identify(src/packge) by extensions ['ros']
[0.250s] Level 1:colcon.colcon_core.package_identification:_identify(src/packge) by extension 'ros'
[0.250s] DEBUG:colcon.colcon_core.package_identification:Package 'src/packge' with type 'ros.ament_cmake' and name 'packge'
[0.250s] Level 1:colcon.colcon_core.package_identification:_identify(src/square_controller) by extensions ['ignore', 'ignore_ament_install']
[0.250s] Level 1:colcon.colcon_core.package_identification:_identify(src/square_controller) by extension 'ignore'
[0.250s] Level 1:colcon.colcon_core.package_identification:_identify(src/square_controller) by extension 'ignore_ament_install'
[0.250s] Level 1:colcon.colcon_core.package_identification:_identify(src/square_controller) by extensions ['colcon_pkg']
[0.250s] Level 1:colcon.colcon_core.package_identification:_identify(src/square_controller) by extension 'colcon_pkg'
[0.250s] Level 1:colcon.colcon_core.package_identification:_identify(src/square_controller) by extensions ['colcon_meta']
[0.250s] Level 1:colcon.colcon_core.package_identification:_identify(src/square_controller) by extension 'colcon_meta'
[0.250s] Level 1:colcon.colcon_core.package_identification:_identify(src/square_controller) by extensions ['ros']
[0.250s] Level 1:colcon.colcon_core.package_identification:_identify(src/square_controller) by extension 'ros'
[0.251s] DEBUG:colcon.colcon_core.package_identification:Package 'src/square_controller' with type 'ros.ament_cmake' and name 'square_controller'
[0.251s] Level 1:colcon.colcon_core.package_discovery:discover_packages(recursive) using defaults
[0.251s] Level 1:colcon.colcon_core.package_discovery:discover_packages(ignore) discover
[0.251s] Level 1:colcon.colcon_core.package_discovery:discover_packages(ignore) using defaults
[0.251s] Level 1:colcon.colcon_core.package_discovery:discover_packages(path) discover
[0.251s] Level 1:colcon.colcon_core.package_discovery:discover_packages(path) using defaults
[0.264s] Level 5:colcon.colcon_core.verb:set package 'meu_robo' build argument 'cmake_args' from command line to 'None'
[0.264s] Level 5:colcon.colcon_core.verb:set package 'meu_robo' build argument 'cmake_target' from command line to 'None'
[0.264s] Level 5:colcon.colcon_core.verb:set package 'meu_robo' build argument 'cmake_target_skip_unavailable' from command line to 'False'
[0.264s] Level 5:colcon.colcon_core.verb:set package 'meu_robo' build argument 'cmake_clean_cache' from command line to 'False'
[0.264s] Level 5:colcon.colcon_core.verb:set package 'meu_robo' build argument 'cmake_clean_first' from command line to 'False'
[0.264s] Level 5:colcon.colcon_core.verb:set package 'meu_robo' build argument 'cmake_force_configure' from command line to 'False'
[0.264s] Level 5:colcon.colcon_core.verb:set package 'meu_robo' build argument 'ament_cmake_args' from command line to 'None'
[0.265s] Level 5:colcon.colcon_core.verb:set package 'meu_robo' build argument 'catkin_cmake_args' from command line to 'None'
[0.265s] Level 5:colcon.colcon_core.verb:set package 'meu_robo' build argument 'catkin_skip_building_tests' from command line to 'False'
[0.265s] DEBUG:colcon.colcon_core.verb:Building package 'meu_robo' with the following arguments: {'ament_cmake_args': None, 'build_base': '/app/project/build/meu_robo', 'catkin_cmake_args': None, 'catkin_skip_building_tests': False, 'cmake_args': None, 'cmake_clean_cache': False, 'cmake_clean_first': False, 'cmake_force_configure': False, 'cmake_target': None, 'cmake_target_skip_unavailable': False, 'install_base': '/app/project/install/meu_robo', 'merge_install': False, 'path': '/app/project/src/meu_robo', 'symlink_install': False, 'test_result_base': None}
[0.265s] Level 5:colcon.colcon_core.verb:set package 'packge' build argument 'cmake_args' from command line to 'None'
[0.265s] Level 5:colcon.colcon_core.verb:set package 'packge' build argument 'cmake_target' from command line to 'None'
[0.265s] Level 5:colcon.colcon_core.verb:set package 'packge' build argument 'cmake_target_skip_unavailable' from command line to 'False'
[0.265s] Level 5:colcon.colcon_core.verb:set package 'packge' build argument 'cmake_clean_cache' from command line to 'False'
[0.265s] Level 5:colcon.colcon_core.verb:set package 'packge' build argument 'cmake_clean_first' from command line to 'False'
[0.265s] Level 5:colcon.colcon_core.verb:set package 'packge' build argument 'cmake_force_configure' from command line to 'False'
[0.265s] Level 5:colcon.colcon_core.verb:set package 'packge' build argument 'ament_cmake_args' from command line to 'None'
[0.265s] Level 5:colcon.colcon_core.verb:set package 'packge' build argument 'catkin_cmake_args' from command line to 'None'
[0.265s] Level 5:colcon.colcon_core.verb:set package 'packge' build argument 'catkin_skip_building_tests' from command line to 'False'
[0.265s] DEBUG:colcon.colcon_core.verb:Building package 'packge' with the following arguments: {'ament_cmake_args': None, 'build_base': '/app/project/build/packge', 'catkin_cmake_args': None, 'catkin_skip_building_tests': False, 'cmake_args': None, 'cmake_clean_cache': False, 'cmake_clean_first': False, 'cmake_force_configure': False, 'cmake_target': None, 'cmake_target_skip_unavailable': False, 'install_base': '/app/project/install/packge', 'merge_install': False, 'path': '/app/project/src/packge', 'symlink_install': False, 'test_result_base': None}
[0.266s] Level 5:colcon.colcon_core.verb:set package 'square_controller' build argument 'cmake_args' from command line to 'None'
[0.266s] Level 5:colcon.colcon_core.verb:set package 'square_controller' build argument 'cmake_target' from command line to 'None'
[0.266s] Level 5:colcon.colcon_core.verb:set package 'square_controller' build argument 'cmake_target_skip_unavailable' from command line to 'False'
[0.266s] Level 5:colcon.colcon_core.verb:set package 'square_controller' build argument 'cmake_clean_cache' from command line to 'False'
[0.266s] Level 5:colcon.colcon_core.verb:set package 'square_controller' build argument 'cmake_clean_first' from command line to 'False'
[0.266s] Level 5:colcon.colcon_core.verb:set package 'square_controller' build argument 'cmake_force_configure' from command line to 'False'
[0.266s] Level 5:colcon.colcon_core.verb:set package 'square_controller' build argument 'ament_cmake_args' from command line to 'None'
[0.266s] Level 5:colcon.colcon_core.verb:set package 'square_controller' build argument 'catkin_cmake_args' from command line to 'None'
[0.266s] Level 5:colcon.colcon_core.verb:set package 'square_controller' build argument 'catkin_skip_building_tests' from command line to 'False'
[0.266s] DEBUG:colcon.colcon_core.verb:Building package 'square_controller' with the following arguments: {'ament_cmake_args': None, 'build_base': '/app/project/build/square_controller', 'catkin_cmake_args': None, 'catkin_skip_building_tests': False, 'cmake_args': None, 'cmake_clean_cache': False, 'cmake_clean_first': False, 'cmake_force_configure': False, 'cmake_target': None, 'cmake_target_skip_unavailable': False, 'install_base': '/app/project/install/square_controller', 'merge_install': False, 'path': '/app/project/src/square_controller', 'symlink_install': False, 'test_result_base': None}
[0.266s] INFO:colcon.colcon_core.executor:Executing jobs using 'parallel' executor
[0.269s] DEBUG:colcon.colcon_parallel_executor.executor.parallel:run_until_complete
[0.269s] INFO:colcon.colcon_ros.task.ament_cmake.build:Building ROS package in '/app/project/src/meu_robo' with build type 'ament_cmake'
[0.269s] INFO:colcon.colcon_cmake.task.cmake.build:Building CMake package in '/app/project/src/meu_robo'
[0.273s] INFO:colcon.colcon_core.plugin_system:Skipping extension 'colcon_core.shell.bat': Not used on non-Windows systems
[0.273s] INFO:colcon.colcon_core.shell:Skip shell extension 'powershell' for command environment: Not usable outside of PowerShell
[0.273s] DEBUG:colcon.colcon_core.shell:Skip shell extension 'dsv' for command environment
[0.279s] INFO:colcon.colcon_ros.task.ament_cmake.build:Building ROS package in '/app/project/src/packge' with build type 'ament_cmake'
[0.279s] INFO:colcon.colcon_cmake.task.cmake.build:Building CMake package in '/app/project/src/packge'
[0.280s] INFO:colcon.colcon_core.shell:Skip shell extension 'powershell' for command environment: Not usable outside of PowerShell
[0.280s] DEBUG:colcon.colcon_core.shell:Skip shell extension 'dsv' for command environment
[0.287s] INFO:colcon.colcon_ros.task.ament_cmake.build:Building ROS package in '/app/project/src/square_controller' with build type 'ament_cmake'
[0.287s] INFO:colcon.colcon_cmake.task.cmake.build:Building CMake package in '/app/project/src/square_controller'
[0.289s] INFO:colcon.colcon_core.shell:Skip shell extension 'powershell' for command environment: Not usable outside of PowerShell
[0.289s] DEBUG:colcon.colcon_core.shell:Skip shell extension 'dsv' for command environment
[0.301s] DEBUG:colcon.colcon_core.event_handler.log_command:Invoking command in '/app/project/build/meu_robo': CMAKE_PREFIX_PATH=${CMAKE_PREFIX_PATH}:/opt/ros/foxy /usr/bin/cmake --build /app/project/build/meu_robo -- -j16 -l16
[0.305s] DEBUG:colcon.colcon_core.event_handler.log_command:Invoking command in '/app/project/build/packge': CMAKE_PREFIX_PATH=${CMAKE_PREFIX_PATH}:/opt/ros/foxy /usr/bin/cmake --build /app/project/build/packge -- -j16 -l16
[0.311s] DEBUG:colcon.colcon_core.event_handler.log_command:Invoking command in '/app/project/build/square_controller': CMAKE_PREFIX_PATH=${CMAKE_PREFIX_PATH}:/opt/ros/foxy /usr/bin/cmake --build /app/project/build/square_controller -- -j16 -l16
[0.376s] DEBUG:colcon.colcon_core.event_handler.log_command:Invoked command in '/app/project/build/packge' returned '0': CMAKE_PREFIX_PATH=${CMAKE_PREFIX_PATH}:/opt/ros/foxy /usr/bin/cmake --build /app/project/build/packge -- -j16 -l16
[0.386s] DEBUG:colcon.colcon_core.event_handler.log_command:Invoked command in '/app/project/build/square_controller' returned '0': CMAKE_PREFIX_PATH=${CMAKE_PREFIX_PATH}:/opt/ros/foxy /usr/bin/cmake --build /app/project/build/square_controller -- -j16 -l16
[0.416s] DEBUG:colcon.colcon_core.event_handler.log_command:Invoking command in '/app/project/build/packge': CMAKE_PREFIX_PATH=${CMAKE_PREFIX_PATH}:/opt/ros/foxy /usr/bin/cmake --install /app/project/build/packge
[0.419s] DEBUG:colcon.colcon_core.event_handler.log_command:Invoking command in '/app/project/build/square_controller': CMAKE_PREFIX_PATH=${CMAKE_PREFIX_PATH}:/opt/ros/foxy /usr/bin/cmake --install /app/project/build/square_controller
[0.428s] Level 1:colcon.colcon_core.environment:create_environment_scripts_only(packge)
[0.429s] DEBUG:colcon.colcon_core.event_handler.log_command:Invoked command in '/app/project/build/packge' returned '0': CMAKE_PREFIX_PATH=${CMAKE_PREFIX_PATH}:/opt/ros/foxy /usr/bin/cmake --install /app/project/build/packge
[0.433s] Level 1:colcon.colcon_core.environment:checking '/app/project/install/packge' for CMake module files
[0.433s] Level 1:colcon.colcon_core.environment:checking '/app/project/install/packge' for CMake config files
[0.434s] Level 1:colcon.colcon_core.shell:create_environment_hook('packge', 'cmake_prefix_path')
[0.434s] INFO:colcon.colcon_core.shell:Creating environment hook '/app/project/install/packge/share/packge/hook/cmake_prefix_path.ps1'
[0.435s] INFO:colcon.colcon_core.shell:Creating environment descriptor '/app/project/install/packge/share/packge/hook/cmake_prefix_path.dsv'
[0.435s] INFO:colcon.colcon_core.shell:Creating environment hook '/app/project/install/packge/share/packge/hook/cmake_prefix_path.sh'
[0.436s] Level 1:colcon.colcon_core.environment:checking '/app/project/install/packge/lib'
[0.436s] Level 1:colcon.colcon_core.environment:checking '/app/project/install/packge/bin'
[0.436s] Level 1:colcon.colcon_core.environment:checking '/app/project/install/packge/lib/pkgconfig/packge.pc'
[0.437s] Level 1:colcon.colcon_core.environment:checking '/app/project/install/packge/lib/python3.8/site-packages'
[0.437s] Level 1:colcon.colcon_core.environment:checking '/app/project/install/packge/bin'
[0.438s] INFO:colcon.colcon_core.shell:Creating package script '/app/project/install/packge/share/packge/package.ps1'
[0.438s] INFO:colcon.colcon_core.shell:Creating package descriptor '/app/project/install/packge/share/packge/package.dsv'
[0.439s] INFO:colcon.colcon_core.shell:Creating package script '/app/project/install/packge/share/packge/package.sh'
[0.439s] INFO:colcon.colcon_core.shell:Creating package script '/app/project/install/packge/share/packge/package.bash'
[0.440s] INFO:colcon.colcon_core.shell:Creating package script '/app/project/install/packge/share/packge/package.zsh'
[0.440s] Level 1:colcon.colcon_core.environment:create_file_with_runtime_dependencies(/app/project/install/packge/share/colcon-core/packages/packge)
[0.444s] Level 1:colcon.colcon_core.environment:create_environment_scripts_only(square_controller)
[0.446s] Level 1:colcon.colcon_core.environment:checking '/app/project/install/square_controller' for CMake module files
[0.446s] DEBUG:colcon.colcon_core.event_handler.log_command:Invoked command in '/app/project/build/square_controller' returned '0': CMAKE_PREFIX_PATH=${CMAKE_PREFIX_PATH}:/opt/ros/foxy /usr/bin/cmake --install /app/project/build/square_controller
[0.446s] Level 1:colcon.colcon_core.environment:checking '/app/project/install/square_controller' for CMake config files
[0.446s] Level 1:colcon.colcon_core.shell:create_environment_hook('square_controller', 'cmake_prefix_path')
[0.447s] INFO:colcon.colcon_core.shell:Creating environment hook '/app/project/install/square_controller/share/square_controller/hook/cmake_prefix_path.ps1'
[0.448s] INFO:colcon.colcon_core.shell:Creating environment descriptor '/app/project/install/square_controller/share/square_controller/hook/cmake_prefix_path.dsv'
[0.448s] INFO:colcon.colcon_core.shell:Creating environment hook '/app/project/install/square_controller/share/square_controller/hook/cmake_prefix_path.sh'
[0.449s] Level 1:colcon.colcon_core.environment:checking '/app/project/install/square_controller/lib'
[0.449s] Level 1:colcon.colcon_core.environment:checking '/app/project/install/square_controller/bin'
[0.449s] Level 1:colcon.colcon_core.environment:checking '/app/project/install/square_controller/lib/pkgconfig/square_controller.pc'
[0.449s] Level 1:colcon.colcon_core.environment:checking '/app/project/install/square_controller/lib/python3.8/site-packages'
[0.449s] Level 1:colcon.colcon_core.environment:checking '/app/project/install/square_controller/bin'
[0.450s] INFO:colcon.colcon_core.shell:Creating package script '/app/project/install/square_controller/share/square_controller/package.ps1'
[0.450s] INFO:colcon.colcon_core.shell:Creating package descriptor '/app/project/install/square_controller/share/square_controller/package.dsv'
[0.450s] INFO:colcon.colcon_core.shell:Creating package script '/app/project/install/square_controller/share/square_controller/package.sh'
[0.451s] INFO:colcon.colcon_core.shell:Creating package script '/app/project/install/square_controller/share/square_controller/package.bash'
[0.451s] INFO:colcon.colcon_core.shell:Creating package script '/app/project/install/square_controller/share/square_controller/package.zsh'
[0.451s] Level 1:colcon.colcon_core.environment:create_file_with_runtime_dependencies(/app/project/install/square_controller/share/colcon-core/packages/square_controller)
[0.468s] Level 1:colcon.colcon_core.environment:create_environment_scripts_only(packge)
[0.470s] Level 1:colcon.colcon_core.environment:checking '/app/project/install/packge' for CMake module files
[0.470s] Level 1:colcon.colcon_core.environment:checking '/app/project/install/packge' for CMake config files
[0.471s] Level 1:colcon.colcon_core.shell:create_environment_hook('packge', 'cmake_prefix_path')
[0.471s] INFO:colcon.colcon_core.shell:Creating environment hook '/app/project/install/packge/share/packge/hook/cmake_prefix_path.ps1'
[0.472s] INFO:colcon.colcon_core.shell:Creating environment descriptor '/app/project/install/packge/share/packge/hook/cmake_prefix_path.dsv'
[0.472s] INFO:colcon.colcon_core.shell:Creating environment hook '/app/project/install/packge/share/packge/hook/cmake_prefix_path.sh'
[0.473s] Level 1:colcon.colcon_core.environment:checking '/app/project/install/packge/lib'
[0.473s] Level 1:colcon.colcon_core.environment:checking '/app/project/install/packge/bin'
[0.473s] Level 1:colcon.colcon_core.environment:checking '/app/project/install/packge/lib/pkgconfig/packge.pc'
[0.473s] Level 1:colcon.colcon_core.environment:checking '/app/project/install/packge/lib/python3.8/site-packages'
[0.473s] Level 1:colcon.colcon_core.environment:checking '/app/project/install/packge/bin'
[0.475s] INFO:colcon.colcon_core.shell:Creating package script '/app/project/install/packge/share/packge/package.ps1'
[0.475s] INFO:colcon.colcon_core.shell:Creating package descriptor '/app/project/install/packge/share/packge/package.dsv'
[0.475s] INFO:colcon.colcon_core.shell:Creating package script '/app/project/install/packge/share/packge/package.sh'
[0.476s] INFO:colcon.colcon_core.shell:Creating package script '/app/project/install/packge/share/packge/package.bash'
[0.476s] INFO:colcon.colcon_core.shell:Creating package script '/app/project/install/packge/share/packge/package.zsh'
[0.476s] Level 1:colcon.colcon_core.environment:create_file_with_runtime_dependencies(/app/project/install/packge/share/colcon-core/packages/packge)
[0.478s] Level 1:colcon.colcon_core.environment:create_environment_scripts_only(square_controller)
[0.480s] Level 1:colcon.colcon_core.environment:checking '/app/project/install/square_controller' for CMake module files
[0.480s] Level 1:colcon.colcon_core.environment:checking '/app/project/install/square_controller' for CMake config files
[0.480s] Level 1:colcon.colcon_core.shell:create_environment_hook('square_controller', 'cmake_prefix_path')
[0.481s] INFO:colcon.colcon_core.shell:Creating environment hook '/app/project/install/square_controller/share/square_controller/hook/cmake_prefix_path.ps1'
[0.481s] INFO:colcon.colcon_core.shell:Creating environment descriptor '/app/project/install/square_controller/share/square_controller/hook/cmake_prefix_path.dsv'
[0.482s] INFO:colcon.colcon_core.shell:Creating environment hook '/app/project/install/square_controller/share/square_controller/hook/cmake_prefix_path.sh'
[0.482s] Level 1:colcon.colcon_core.environment:checking '/app/project/install/square_controller/lib'
[0.482s] Level 1:colcon.colcon_core.environment:checking '/app/project/install/square_controller/bin'
[0.482s] Level 1:colcon.colcon_core.environment:checking '/app/project/install/square_controller/lib/pkgconfig/square_controller.pc'
[0.482s] Level 1:colcon.colcon_core.environment:checking '/app/project/install/square_controller/lib/python3.8/site-packages'
[0.482s] Level 1:colcon.colcon_core.environment:checking '/app/project/install/square_controller/bin'
[0.483s] INFO:colcon.colcon_core.shell:Creating package script '/app/project/install/square_controller/share/square_controller/package.ps1'
[0.484s] INFO:colcon.colcon_core.shell:Creating package descriptor '/app/project/install/square_controller/share/square_controller/package.dsv'
[0.484s] INFO:colcon.colcon_core.shell:Creating package script '/app/project/install/square_controller/share/square_controller/package.sh'
[0.484s] INFO:colcon.colcon_core.shell:Creating package script '/app/project/install/square_controller/share/square_controller/package.bash'
[0.484s] INFO:colcon.colcon_core.shell:Creating package script '/app/project/install/square_controller/share/square_controller/package.zsh'
[0.485s] Level 1:colcon.colcon_core.environment:create_file_with_runtime_dependencies(/app/project/install/square_controller/share/colcon-core/packages/square_controller)
[2.680s] DEBUG:colcon.colcon_core.event_handler.log_command:Invoked command in '/app/project/build/meu_robo' returned '0': CMAKE_PREFIX_PATH=${CMAKE_PREFIX_PATH}:/opt/ros/foxy /usr/bin/cmake --build /app/project/build/meu_robo -- -j16 -l16
[2.709s] DEBUG:colcon.colcon_core.event_handler.log_command:Invoking command in '/app/project/build/meu_robo': CMAKE_PREFIX_PATH=${CMAKE_PREFIX_PATH}:/opt/ros/foxy /usr/bin/cmake --install /app/project/build/meu_robo
[2.721s] Level 1:colcon.colcon_core.environment:create_environment_scripts_only(meu_robo)
[2.723s] Level 1:colcon.colcon_core.environment:checking '/app/project/install/meu_robo' for CMake module files
[2.723s] DEBUG:colcon.colcon_core.event_handler.log_command:Invoked command in '/app/project/build/meu_robo' returned '0': CMAKE_PREFIX_PATH=${CMAKE_PREFIX_PATH}:/opt/ros/foxy /usr/bin/cmake --install /app/project/build/meu_robo
[2.723s] Level 1:colcon.colcon_core.environment:checking '/app/project/install/meu_robo' for CMake config files
[2.723s] Level 1:colcon.colcon_core.shell:create_environment_hook('meu_robo', 'cmake_prefix_path')
[2.724s] INFO:colcon.colcon_core.shell:Creating environment hook '/app/project/install/meu_robo/share/meu_robo/hook/cmake_prefix_path.ps1'
[2.725s] INFO:colcon.colcon_core.shell:Creating environment descriptor '/app/project/install/meu_robo/share/meu_robo/hook/cmake_prefix_path.dsv'
[2.725s] INFO:colcon.colcon_core.shell:Creating environment hook '/app/project/install/meu_robo/share/meu_robo/hook/cmake_prefix_path.sh'
[2.725s] Level 1:colcon.colcon_core.environment:checking '/app/project/install/meu_robo/lib'
[2.725s] Level 1:colcon.colcon_core.environment:checking '/app/project/install/meu_robo/bin'
[2.725s] Level 1:colcon.colcon_core.environment:checking '/app/project/install/meu_robo/lib/pkgconfig/meu_robo.pc'
[2.726s] Level 1:colcon.colcon_core.environment:checking '/app/project/install/meu_robo/lib/python3.8/site-packages'
[2.726s] Level 1:colcon.colcon_core.environment:checking '/app/project/install/meu_robo/bin'
[2.726s] INFO:colcon.colcon_core.shell:Creating package script '/app/project/install/meu_robo/share/meu_robo/package.ps1'
[2.727s] INFO:colcon.colcon_core.shell:Creating package descriptor '/app/project/install/meu_robo/share/meu_robo/package.dsv'
[2.727s] INFO:colcon.colcon_core.shell:Creating package script '/app/project/install/meu_robo/share/meu_robo/package.sh'
[2.727s] INFO:colcon.colcon_core.shell:Creating package script '/app/project/install/meu_robo/share/meu_robo/package.bash'
[2.728s] INFO:colcon.colcon_core.shell:Creating package script '/app/project/install/meu_robo/share/meu_robo/package.zsh'
[2.728s] Level 1:colcon.colcon_core.environment:create_file_with_runtime_dependencies(/app/project/install/meu_robo/share/colcon-core/packages/meu_robo)
[2.754s] Level 1:colcon.colcon_core.environment:create_environment_scripts_only(meu_robo)
[2.756s] Level 1:colcon.colcon_core.environment:checking '/app/project/install/meu_robo' for CMake module files
[2.756s] Level 1:colcon.colcon_core.environment:checking '/app/project/install/meu_robo' for CMake config files
[2.756s] Level 1:colcon.colcon_core.shell:create_environment_hook('meu_robo', 'cmake_prefix_path')
[2.757s] INFO:colcon.colcon_core.shell:Creating environment hook '/app/project/install/meu_robo/share/meu_robo/hook/cmake_prefix_path.ps1'
[2.758s] INFO:colcon.colcon_core.shell:Creating environment descriptor '/app/project/install/meu_robo/share/meu_robo/hook/cmake_prefix_path.dsv'
[2.758s] INFO:colcon.colcon_core.shell:Creating environment hook '/app/project/install/meu_robo/share/meu_robo/hook/cmake_prefix_path.sh'
[2.758s] Level 1:colcon.colcon_core.environment:checking '/app/project/install/meu_robo/lib'
[2.758s] Level 1:colcon.colcon_core.environment:checking '/app/project/install/meu_robo/bin'
[2.759s] Level 1:colcon.colcon_core.environment:checking '/app/project/install/meu_robo/lib/pkgconfig/meu_robo.pc'
[2.759s] Level 1:colcon.colcon_core.environment:checking '/app/project/install/meu_robo/lib/python3.8/site-packages'
[2.759s] Level 1:colcon.colcon_core.environment:checking '/app/project/install/meu_robo/bin'
[2.760s] INFO:colcon.colcon_core.shell:Creating package script '/app/project/install/meu_robo/share/meu_robo/package.ps1'
[2.760s] INFO:colcon.colcon_core.shell:Creating package descriptor '/app/project/install/meu_robo/share/meu_robo/package.dsv'
[2.761s] INFO:colcon.colcon_core.shell:Creating package script '/app/project/install/meu_robo/share/meu_robo/package.sh'
[2.761s] INFO:colcon.colcon_core.shell:Creating package script '/app/project/install/meu_robo/share/meu_robo/package.bash'
[2.761s] INFO:colcon.colcon_core.shell:Creating package script '/app/project/install/meu_robo/share/meu_robo/package.zsh'
[2.761s] Level 1:colcon.colcon_core.environment:create_file_with_runtime_dependencies(/app/project/install/meu_robo/share/colcon-core/packages/meu_robo)
[2.762s] DEBUG:colcon.colcon_parallel_executor.executor.parallel:closing loop
[2.762s] DEBUG:colcon.colcon_parallel_executor.executor.parallel:loop closed
[2.762s] DEBUG:colcon.colcon_parallel_executor.executor.parallel:run_until_complete finished with '0'
[2.762s] DEBUG:colcon.colcon_core.event_reactor:joining thread
[2.767s] INFO:colcon.colcon_core.plugin_system:Skipping extension 'colcon_notification.desktop_notification.notify_send': Could not find 'notify-send'
[2.767s] INFO:colcon.colcon_core.plugin_system:Skipping extension 'colcon_notification.desktop_notification.terminal_notifier': Not used on non-Darwin systems
[2.768s] INFO:colcon.colcon_core.plugin_system:Skipping extension 'colcon_notification.desktop_notification.win32': Not used on non-Windows systems
[2.768s] INFO:colcon.colcon_notification.desktop_notification:Sending desktop notification using 'notify2'
[2.771s] DEBUG:colcon.colcon_notification.desktop_notification.notify2:Failed to initialize notify2: org.freedesktop.DBus.Error.Spawn.ExecFailed: /usr/bin/dbus-launch terminated abnormally without any error message
[2.771s] DEBUG:colcon.colcon_core.event_reactor:joined thread
[2.773s] INFO:colcon.colcon_core.shell:Creating prefix script '/app/project/install/local_setup.ps1'
[2.775s] INFO:colcon.colcon_core.shell:Creating prefix util module '/app/project/install/_local_setup_util_ps1.py'
[2.777s] INFO:colcon.colcon_core.shell:Creating prefix chain script '/app/project/install/setup.ps1'
[2.778s] INFO:colcon.colcon_core.shell:Creating prefix script '/app/project/install/local_setup.sh'
[2.779s] INFO:colcon.colcon_core.shell:Creating prefix util module '/app/project/install/_local_setup_util_sh.py'
[2.779s] INFO:colcon.colcon_core.shell:Creating prefix chain script '/app/project/install/setup.sh'
[2.780s] INFO:colcon.colcon_core.shell:Creating prefix script '/app/project/install/local_setup.bash'
[2.781s] INFO:colcon.colcon_core.shell:Creating prefix chain script '/app/project/install/setup.bash'
[2.781s] INFO:colcon.colcon_core.shell:Creating prefix script '/app/project/install/local_setup.zsh'
[2.782s] INFO:colcon.colcon_core.shell:Creating prefix chain script '/app/project/install/setup.zsh'
