running develop
Removing /app/project/install/base_link_p3_description/lib/python3.8/site-packages/base-link-p3-description.egg-link (link to .)
running egg_info
writing ../../build/base_link_p3_description/base_link_p3_description.egg-info/PKG-INFO
writing dependency_links to ../../build/base_link_p3_description/base_link_p3_description.egg-info/dependency_links.txt
writing entry points to ../../build/base_link_p3_description/base_link_p3_description.egg-info/entry_points.txt
writing requirements to ../../build/base_link_p3_description/base_link_p3_description.egg-info/requires.txt
writing top-level names to ../../build/base_link_p3_description/base_link_p3_description.egg-info/top_level.txt
reading manifest file '../../build/base_link_p3_description/base_link_p3_description.egg-info/SOURCES.txt'
writing manifest file '../../build/base_link_p3_description/base_link_p3_description.egg-info/SOURCES.txt'
running build
running build_py
creating /app/project/build/base_link_p3_description/build
creating /app/project/build/base_link_p3_description/build/lib
creating /app/project/build/base_link_p3_description/build/lib/base_link_p3_description
copying base_link_p3_description/__init__.py -> /app/project/build/base_link_p3_description/build/lib/base_link_p3_description
running install
running install_lib
creating /app/project/install/base_link_p3_description/lib/python3.8/site-packages/base_link_p3_description
copying /app/project/build/base_link_p3_description/build/lib/base_link_p3_description/__init__.py -> /app/project/install/base_link_p3_description/lib/python3.8/site-packages/base_link_p3_description
byte-compiling /app/project/install/base_link_p3_description/lib/python3.8/site-packages/base_link_p3_description/__init__.py to __init__.cpython-38.pyc
running install_data
running install_egg_info
Copying ../../build/base_link_p3_description/base_link_p3_description.egg-info to /app/project/install/base_link_p3_description/lib/python3.8/site-packages/base_link_p3_description-0.0.0-py3.8.egg-info
running install_scripts
writing list of installed files to '/app/project/build/base_link_p3_description/install.log'
