[0.197s] Invoking command in '/app/project/build/packge': CMAKE_PREFIX_PATH=${CMAKE_PREFIX_PATH}:/app/project/install/base_link_p3_description:/opt/ros/foxy /usr/bin/cmake /app/project/src/packge -DCMAKE_INSTALL_PREFIX=/app/project/install/packge
[0.211s] -- Found ament_cmake: 0.9.12 (/opt/ros/foxy/share/ament_cmake/cmake)
[0.238s] -- Using PYTHON_EXECUTABLE: /usr/bin/python3
[0.390s] -- Override CMake install command with custom implementation using symlinks instead of copying resources
[0.398s] -- Found rclcpp: 2.4.3 (/opt/ros/foxy/share/rclcpp/cmake)
[0.430s] -- Using all available rosidl_typesupport_c: rosidl_typesupport_fastrtps_c;rosidl_typesupport_introspection_c
[0.433s] -- Found rosidl_adapter: 1.3.1 (/opt/ros/foxy/share/rosidl_adapter/cmake)
[0.584s] -- Using all available rosidl_typesupport_cpp: rosidl_typesupport_fastrtps_cpp;rosidl_typesupport_introspection_cpp
[0.628s] -- Found rmw_implementation_cmake: 1.0.4 (/opt/ros/foxy/share/rmw_implementation_cmake/cmake)
[0.629s] -- Using RMW implementation 'rmw_fastrtps_cpp' as default
[0.751s] -- Found ament_lint_auto: 0.9.8 (/opt/ros/foxy/share/ament_lint_auto/cmake)
[0.820s] -- Added test 'copyright' to check source files copyright and LICENSE
[0.821s] -- Added test 'cppcheck' to perform static code analysis on C / C++ code
[0.821s] -- Configured cppcheck include dirs: 
[0.821s] -- Configured cppcheck exclude dirs and/or files: 
[0.821s] -- Added test 'cpplint' to check C / C++ code against the Google style
[0.822s] -- Configured cpplint exclude dirs and/or files: 
[0.822s] -- Added test 'lint_cmake' to check CMake code style
[0.823s] -- Added test 'uncrustify' to check C / C++ code style
[0.823s] -- Configured uncrustify additional arguments: 
[0.823s] -- Added test 'xmllint' to check XML markup files
[0.827s] -- Configuring done
[0.834s] -- Generating done
[0.836s] -- Build files have been written to: /app/project/build/packge
[0.845s] Invoked command in '/app/project/build/packge' returned '0': CMAKE_PREFIX_PATH=${CMAKE_PREFIX_PATH}:/app/project/install/base_link_p3_description:/opt/ros/foxy /usr/bin/cmake /app/project/src/packge -DCMAKE_INSTALL_PREFIX=/app/project/install/packge
[0.850s] Invoking command in '/app/project/build/packge': CMAKE_PREFIX_PATH=${CMAKE_PREFIX_PATH}:/app/project/install/base_link_p3_description:/opt/ros/foxy /usr/bin/cmake --build /app/project/build/packge -- -j16 -l16
[0.938s] [100%] Built target ola_mundo
[0.956s] Invoked command in '/app/project/build/packge' returned '0': CMAKE_PREFIX_PATH=${CMAKE_PREFIX_PATH}:/app/project/install/base_link_p3_description:/opt/ros/foxy /usr/bin/cmake --build /app/project/build/packge -- -j16 -l16
[1.010s] Invoking command in '/app/project/build/packge': CMAKE_PREFIX_PATH=${CMAKE_PREFIX_PATH}:/app/project/install/base_link_p3_description:/opt/ros/foxy /usr/bin/cmake --install /app/project/build/packge
[1.028s] -- Install configuration: ""
[1.028s] -- Execute custom install script
[1.028s] -- Up-to-date symlink: /app/project/install/packge/lib/packge/ola_mundo
[1.028s] -- Up-to-date symlink: /app/project/install/packge/share/ament_index/resource_index/package_run_dependencies/packge
[1.028s] -- Up-to-date symlink: /app/project/install/packge/share/ament_index/resource_index/parent_prefix_path/packge
[1.029s] -- Up-to-date symlink: /app/project/install/packge/share/packge/environment/ament_prefix_path.sh
[1.029s] -- Up-to-date symlink: /app/project/install/packge/share/packge/environment/ament_prefix_path.dsv
[1.029s] -- Up-to-date symlink: /app/project/install/packge/share/packge/environment/path.sh
[1.029s] -- Up-to-date symlink: /app/project/install/packge/share/packge/environment/path.dsv
[1.030s] -- Up-to-date symlink: /app/project/install/packge/share/packge/local_setup.bash
[1.030s] -- Up-to-date symlink: /app/project/install/packge/share/packge/local_setup.sh
[1.030s] -- Up-to-date symlink: /app/project/install/packge/share/packge/local_setup.zsh
[1.030s] -- Up-to-date symlink: /app/project/install/packge/share/packge/local_setup.dsv
[1.030s] -- Symlinking: /app/project/install/packge/share/packge/package.dsv
[1.040s] -- Up-to-date symlink: /app/project/install/packge/share/ament_index/resource_index/packages/packge
[1.040s] -- Up-to-date symlink: /app/project/install/packge/share/packge/cmake/packgeConfig.cmake
[1.040s] -- Up-to-date symlink: /app/project/install/packge/share/packge/cmake/packgeConfig-version.cmake
[1.040s] -- Up-to-date symlink: /app/project/install/packge/share/packge/package.xml
[1.064s] Invoked command in '/app/project/build/packge' returned '0': CMAKE_PREFIX_PATH=${CMAKE_PREFIX_PATH}:/app/project/install/base_link_p3_description:/opt/ros/foxy /usr/bin/cmake --install /app/project/build/packge
