[0.018s] Invoking command in '/app/project/build/square_controller': CMAKE_PREFIX_PATH=/opt/ros/foxy /usr/bin/cmake /app/project/src/square_controller -DCMAKE_INSTALL_PREFIX=/app/project/install/square_controller
[0.221s] -- The C compiler identification is GNU 9.4.0
[0.336s] -- The CXX compiler identification is GNU 9.4.0
[0.343s] -- Check for working C compiler: /usr/bin/cc
[0.420s] -- Check for working C compiler: /usr/bin/cc -- works
[0.422s] -- Detecting C compiler ABI info
[0.498s] -- Detecting C compiler ABI info - done
[0.507s] -- Detecting C compile features
[0.507s] -- Detecting C compile features - done
[0.510s] -- Check for working CXX compiler: /usr/bin/c++
[0.594s] -- Check for working CXX compiler: /usr/bin/c++ -- works
[0.595s] -- Detecting CXX compiler ABI info
[0.678s] -- Detecting CXX compiler ABI info - done
[0.686s] -- Detecting CXX compile features
[0.686s] -- Detecting CXX compile features - done
[0.689s] -- Found ament_cmake: 0.9.12 (/opt/ros/foxy/share/ament_cmake/cmake)
[0.714s] -- Found PythonInterp: /usr/bin/python3 (found suitable version "3.8.10", minimum required is "3") 
[0.714s] -- Using PYTHON_EXECUTABLE: /usr/bin/python3
[0.864s] -- Found rclcpp: 2.4.3 (/opt/ros/foxy/share/rclcpp/cmake)
[0.916s] -- Using all available rosidl_typesupport_c: rosidl_typesupport_fastrtps_c;rosidl_typesupport_introspection_c
[0.924s] -- Found rosidl_adapter: 1.3.1 (/opt/ros/foxy/share/rosidl_adapter/cmake)
[1.050s] -- Found OpenSSL: /usr/lib/x86_64-linux-gnu/libcrypto.so (found version "1.1.1f")  
[1.083s] -- Found FastRTPS: /opt/ros/foxy/include  
[1.168s] -- Using all available rosidl_typesupport_cpp: rosidl_typesupport_fastrtps_cpp;rosidl_typesupport_introspection_cpp
[1.221s] -- Found rmw_implementation_cmake: 1.0.4 (/opt/ros/foxy/share/rmw_implementation_cmake/cmake)
[1.223s] -- Using RMW implementation 'rmw_fastrtps_cpp' as default
[1.225s] -- Looking for pthread.h
[1.313s] -- Looking for pthread.h - found
[1.313s] -- Performing Test CMAKE_HAVE_LIBC_PTHREAD
[1.397s] -- Performing Test CMAKE_HAVE_LIBC_PTHREAD - Failed
[1.397s] -- Looking for pthread_create in pthreads
[1.472s] -- Looking for pthread_create in pthreads - not found
[1.472s] -- Looking for pthread_create in pthread
[1.552s] -- Looking for pthread_create in pthread - found
[1.553s] -- Found Threads: TRUE  
[1.678s] -- Found geometry_msgs: 2.0.5 (/opt/ros/foxy/share/geometry_msgs/cmake)
[1.707s] -- Found ament_lint_auto: 0.9.8 (/opt/ros/foxy/share/ament_lint_auto/cmake)
[1.773s] -- Added test 'copyright' to check source files copyright and LICENSE
[1.774s] -- Added test 'cppcheck' to perform static code analysis on C / C++ code
[1.774s] -- Configured cppcheck include dirs: 
[1.774s] -- Configured cppcheck exclude dirs and/or files: 
[1.775s] -- Added test 'cpplint' to check C / C++ code against the Google style
[1.775s] -- Configured cpplint exclude dirs and/or files: 
[1.776s] -- Added test 'lint_cmake' to check CMake code style
[1.777s] -- Added test 'uncrustify' to check C / C++ code style
[1.777s] -- Configured uncrustify additional arguments: 
[1.777s] -- Added test 'xmllint' to check XML markup files
[1.781s] -- Configuring done
[1.787s] -- Generating done
[1.788s] -- Build files have been written to: /app/project/build/square_controller
[1.793s] Invoked command in '/app/project/build/square_controller' returned '0': CMAKE_PREFIX_PATH=/opt/ros/foxy /usr/bin/cmake /app/project/src/square_controller -DCMAKE_INSTALL_PREFIX=/app/project/install/square_controller
[1.795s] Invoking command in '/app/project/build/square_controller': CMAKE_PREFIX_PATH=/opt/ros/foxy /usr/bin/cmake --build /app/project/build/square_controller -- -j16 -l16
[1.837s] [35m[1mScanning dependencies of target square_motion[0m
[1.918s] [ 50%] [32mBuilding CXX object CMakeFiles/square_motion.dir/src/square_motion.cpp.o[0m
[4.061s] [100%] [32m[1mLinking CXX executable square_motion[0m
[4.199s] [100%] Built target square_motion
[4.210s] Invoked command in '/app/project/build/square_controller' returned '0': CMAKE_PREFIX_PATH=/opt/ros/foxy /usr/bin/cmake --build /app/project/build/square_controller -- -j16 -l16
[4.240s] Invoking command in '/app/project/build/square_controller': CMAKE_PREFIX_PATH=/opt/ros/foxy /usr/bin/cmake --install /app/project/build/square_controller
[4.249s] -- Install configuration: ""
[4.249s] -- Installing: /app/project/install/square_controller/lib/square_controller/square_motion
[4.250s] -- Set runtime path of "/app/project/install/square_controller/lib/square_controller/square_motion" to ""
[4.250s] -- Installing: /app/project/install/square_controller/share/ament_index/resource_index/package_run_dependencies/square_controller
[4.250s] -- Installing: /app/project/install/square_controller/share/ament_index/resource_index/parent_prefix_path/square_controller
[4.251s] -- Installing: /app/project/install/square_controller/share/square_controller/environment/ament_prefix_path.sh
[4.251s] -- Installing: /app/project/install/square_controller/share/square_controller/environment/ament_prefix_path.dsv
[4.251s] -- Installing: /app/project/install/square_controller/share/square_controller/environment/path.sh
[4.251s] -- Installing: /app/project/install/square_controller/share/square_controller/environment/path.dsv
[4.251s] -- Installing: /app/project/install/square_controller/share/square_controller/local_setup.bash
[4.251s] -- Installing: /app/project/install/square_controller/share/square_controller/local_setup.sh
[4.252s] -- Installing: /app/project/install/square_controller/share/square_controller/local_setup.zsh
[4.252s] -- Installing: /app/project/install/square_controller/share/square_controller/local_setup.dsv
[4.252s] -- Installing: /app/project/install/square_controller/share/square_controller/package.dsv
[4.252s] -- Installing: /app/project/install/square_controller/share/ament_index/resource_index/packages/square_controller
[4.252s] -- Installing: /app/project/install/square_controller/share/square_controller/cmake/square_controllerConfig.cmake
[4.252s] -- Installing: /app/project/install/square_controller/share/square_controller/cmake/square_controllerConfig-version.cmake
[4.253s] -- Installing: /app/project/install/square_controller/share/square_controller/package.xml
[4.256s] Invoked command in '/app/project/build/square_controller' returned '0': CMAKE_PREFIX_PATH=/opt/ros/foxy /usr/bin/cmake --install /app/project/build/square_controller
