[0.009s] Invoking command in '/app/ros2_ws/build/my_turtle_bringup': AMENT_PREFIX_PATH=/app/ros2_ws/install/my_demo_pkg:${AMENT_PREFIX_PATH} CMAKE_PREFIX_PATH=/opt/ros/foxy PYTHONPATH=/app/ros2_ws/install/my_demo_pkg/lib/python3.8/site-packages:${PYTHONPATH} /usr/bin/cmake /app/ros2_ws/src/my_turtle_bringup -DCMAKE_INSTALL_PREFIX=/app/ros2_ws/install/my_turtle_bringup
[0.064s] -- The C compiler identification is GNU 9.4.0
[0.110s] -- The CXX compiler identification is GNU 9.4.0
[0.113s] -- Check for working C compiler: /usr/bin/cc
[0.179s] -- Check for working C compiler: /usr/bin/cc -- works
[0.180s] -- Detecting C compiler ABI info
[0.245s] -- Detecting C compiler ABI info - done
[0.252s] -- Detecting C compile features
[0.252s] -- Detecting C compile features - done
[0.254s] -- Check for working CXX compiler: /usr/bin/c++
[0.328s] -- Check for working CXX compiler: /usr/bin/c++ -- works
[0.329s] -- Detecting CXX compiler ABI info
[0.403s] -- Detecting CXX compiler ABI info - done
[0.410s] -- Detecting CXX compile features
[0.411s] -- Detecting CXX compile features - done
[0.413s] -- Found ament_cmake: 0.9.12 (/opt/ros/foxy/share/ament_cmake/cmake)
[0.433s] -- Found PythonInterp: /usr/bin/python3 (found suitable version "3.8.10", minimum required is "3") 
[0.433s] -- Using PYTHON_EXECUTABLE: /usr/bin/python3
[0.618s] -- Configuring done
[0.620s] -- Generating done
[0.621s] -- Build files have been written to: /app/ros2_ws/build/my_turtle_bringup
[0.624s] Invoked command in '/app/ros2_ws/build/my_turtle_bringup' returned '0': AMENT_PREFIX_PATH=/app/ros2_ws/install/my_demo_pkg:${AMENT_PREFIX_PATH} CMAKE_PREFIX_PATH=/opt/ros/foxy PYTHONPATH=/app/ros2_ws/install/my_demo_pkg/lib/python3.8/site-packages:${PYTHONPATH} /usr/bin/cmake /app/ros2_ws/src/my_turtle_bringup -DCMAKE_INSTALL_PREFIX=/app/ros2_ws/install/my_turtle_bringup
[0.627s] Invoking command in '/app/ros2_ws/build/my_turtle_bringup': AMENT_PREFIX_PATH=/app/ros2_ws/install/my_demo_pkg:${AMENT_PREFIX_PATH} CMAKE_PREFIX_PATH=/opt/ros/foxy PYTHONPATH=/app/ros2_ws/install/my_demo_pkg/lib/python3.8/site-packages:${PYTHONPATH} /usr/bin/cmake --build /app/ros2_ws/build/my_turtle_bringup -- -j16 -l16
[0.666s] Invoked command in '/app/ros2_ws/build/my_turtle_bringup' returned '0': AMENT_PREFIX_PATH=/app/ros2_ws/install/my_demo_pkg:${AMENT_PREFIX_PATH} CMAKE_PREFIX_PATH=/opt/ros/foxy PYTHONPATH=/app/ros2_ws/install/my_demo_pkg/lib/python3.8/site-packages:${PYTHONPATH} /usr/bin/cmake --build /app/ros2_ws/build/my_turtle_bringup -- -j16 -l16
[0.699s] Invoking command in '/app/ros2_ws/build/my_turtle_bringup': AMENT_PREFIX_PATH=/app/ros2_ws/install/my_demo_pkg:${AMENT_PREFIX_PATH} CMAKE_PREFIX_PATH=/opt/ros/foxy PYTHONPATH=/app/ros2_ws/install/my_demo_pkg/lib/python3.8/site-packages:${PYTHONPATH} /usr/bin/cmake --install /app/ros2_ws/build/my_turtle_bringup
[0.707s] -- Install configuration: ""
[0.707s] -- Installing: /app/ros2_ws/install/my_turtle_bringup/share/my_turtle_bringup/launch
[0.707s] -- Installing: /app/ros2_ws/install/my_turtle_bringup/share/my_turtle_bringup/launch/turtlesim_demo.launch.py
[0.707s] -- Installing: /app/ros2_ws/install/my_turtle_bringup/share/my_turtle_bringup/launch/only_controller.launch.py
[0.708s] -- Installing: /app/ros2_ws/install/my_turtle_bringup/share/ament_index/resource_index/package_run_dependencies/my_turtle_bringup
[0.708s] -- Installing: /app/ros2_ws/install/my_turtle_bringup/share/ament_index/resource_index/parent_prefix_path/my_turtle_bringup
[0.708s] -- Installing: /app/ros2_ws/install/my_turtle_bringup/share/my_turtle_bringup/environment/ament_prefix_path.sh
[0.708s] -- Installing: /app/ros2_ws/install/my_turtle_bringup/share/my_turtle_bringup/environment/ament_prefix_path.dsv
[0.709s] -- Installing: /app/ros2_ws/install/my_turtle_bringup/share/my_turtle_bringup/environment/path.sh
[0.709s] -- Installing: /app/ros2_ws/install/my_turtle_bringup/share/my_turtle_bringup/environment/path.dsv
[0.709s] -- Installing: /app/ros2_ws/install/my_turtle_bringup/share/my_turtle_bringup/local_setup.bash
[0.710s] -- Installing: /app/ros2_ws/install/my_turtle_bringup/share/my_turtle_bringup/local_setup.sh
[0.710s] -- Installing: /app/ros2_ws/install/my_turtle_bringup/share/my_turtle_bringup/local_setup.zsh
[0.710s] -- Installing: /app/ros2_ws/install/my_turtle_bringup/share/my_turtle_bringup/local_setup.dsv
[0.710s] -- Installing: /app/ros2_ws/install/my_turtle_bringup/share/my_turtle_bringup/package.dsv
[0.710s] -- Installing: /app/ros2_ws/install/my_turtle_bringup/share/ament_index/resource_index/packages/my_turtle_bringup
[0.711s] -- Installing: /app/ros2_ws/install/my_turtle_bringup/share/my_turtle_bringup/cmake/my_turtle_bringupConfig.cmake
[0.711s] -- Installing: /app/ros2_ws/install/my_turtle_bringup/share/my_turtle_bringup/cmake/my_turtle_bringupConfig-version.cmake
[0.711s] -- Installing: /app/ros2_ws/install/my_turtle_bringup/share/my_turtle_bringup/package.xml
[0.714s] Invoked command in '/app/ros2_ws/build/my_turtle_bringup' returned '0': AMENT_PREFIX_PATH=/app/ros2_ws/install/my_demo_pkg:${AMENT_PREFIX_PATH} CMAKE_PREFIX_PATH=/opt/ros/foxy PYTHONPATH=/app/ros2_ws/install/my_demo_pkg/lib/python3.8/site-packages:${PYTHONPATH} /usr/bin/cmake --install /app/ros2_ws/build/my_turtle_bringup
