[0.035s] Invoking command in '/app/project/build/meu_robo': CMAKE_PREFIX_PATH=${CMAKE_PREFIX_PATH}:/opt/ros/foxy /usr/bin/cmake /app/project/src/meu_robo -DCMAKE_INSTALL_PREFIX=/app/project/install/meu_robo
[0.229s] -- The C compiler identification is GNU 9.4.0
[0.338s] -- The CXX compiler identification is GNU 9.4.0
[0.344s] -- Check for working C compiler: /usr/bin/cc
[0.411s] -- Check for working C compiler: /usr/bin/cc -- works
[0.412s] -- Detecting C compiler ABI info
[0.477s] -- Detecting C compiler ABI info - done
[0.485s] -- Detecting C compile features
[0.485s] -- Detecting C compile features - done
[0.488s] -- Check for working CXX compiler: /usr/bin/c++
[0.560s] -- Check for working CXX compiler: /usr/bin/c++ -- works
[0.560s] -- Detecting CXX compiler ABI info
[0.634s] -- Detecting CXX compiler ABI info - done
[0.642s] -- Detecting CXX compile features
[0.642s] -- Detecting CXX compile features - done
[0.645s] -- Found ament_cmake: 0.9.12 (/opt/ros/foxy/share/ament_cmake/cmake)
[0.668s] -- Found PythonInterp: /usr/bin/python3 (found suitable version "3.8.10", minimum required is "3") 
[0.668s] -- Using PYTHON_EXECUTABLE: /usr/bin/python3
[0.817s] -- Found rclcpp: 2.4.3 (/opt/ros/foxy/share/rclcpp/cmake)
[0.871s] -- Using all available rosidl_typesupport_c: rosidl_typesupport_fastrtps_c;rosidl_typesupport_introspection_c
[0.880s] -- Found rosidl_adapter: 1.3.1 (/opt/ros/foxy/share/rosidl_adapter/cmake)
[1.001s] -- Found OpenSSL: /usr/lib/x86_64-linux-gnu/libcrypto.so (found version "1.1.1f")  
[1.033s] -- Found FastRTPS: /opt/ros/foxy/include  
[1.118s] -- Using all available rosidl_typesupport_cpp: rosidl_typesupport_fastrtps_cpp;rosidl_typesupport_introspection_cpp
[1.175s] -- Found rmw_implementation_cmake: 1.0.4 (/opt/ros/foxy/share/rmw_implementation_cmake/cmake)
[1.177s] -- Using RMW implementation 'rmw_fastrtps_cpp' as default
[1.178s] -- Looking for pthread.h
[1.253s] -- Looking for pthread.h - found
[1.253s] -- Performing Test CMAKE_HAVE_LIBC_PTHREAD
[1.322s] -- Performing Test CMAKE_HAVE_LIBC_PTHREAD - Failed
[1.322s] -- Looking for pthread_create in pthreads
[1.380s] -- Looking for pthread_create in pthreads - not found
[1.380s] -- Looking for pthread_create in pthread
[1.446s] -- Looking for pthread_create in pthread - found
[1.447s] -- Found Threads: TRUE  
[1.575s] -- Found geometry_msgs: 2.0.5 (/opt/ros/foxy/share/geometry_msgs/cmake)
[1.605s] -- Found ament_lint_auto: 0.9.8 (/opt/ros/foxy/share/ament_lint_auto/cmake)
[1.674s] -- Added test 'copyright' to check source files copyright and LICENSE
[1.676s] -- Added test 'cppcheck' to perform static code analysis on C / C++ code
[1.676s] -- Configured cppcheck include dirs: 
[1.676s] -- Configured cppcheck exclude dirs and/or files: 
[1.677s] -- Added test 'cpplint' to check C / C++ code against the Google style
[1.677s] -- Configured cpplint exclude dirs and/or files: 
[1.678s] -- Added test 'lint_cmake' to check CMake code style
[1.679s] -- Added test 'uncrustify' to check C / C++ code style
[1.679s] -- Configured uncrustify additional arguments: 
[1.680s] -- Added test 'xmllint' to check XML markup files
[1.683s] -- Configuring done
[1.689s] -- Generating done
[1.690s] -- Build files have been written to: /app/project/build/meu_robo
[1.696s] Invoked command in '/app/project/build/meu_robo' returned '0': CMAKE_PREFIX_PATH=${CMAKE_PREFIX_PATH}:/opt/ros/foxy /usr/bin/cmake /app/project/src/meu_robo -DCMAKE_INSTALL_PREFIX=/app/project/install/meu_robo
[1.698s] Invoking command in '/app/project/build/meu_robo': CMAKE_PREFIX_PATH=${CMAKE_PREFIX_PATH}:/opt/ros/foxy /usr/bin/cmake --build /app/project/build/meu_robo -- -j16 -l16
[1.740s] [35m[1mScanning dependencies of target robo_node[0m
[1.815s] [ 50%] [32mBuilding CXX object CMakeFiles/robo_node.dir/src/main.cpp.o[0m
[4.009s] [100%] [32m[1mLinking CXX executable robo_node[0m
[4.149s] [100%] Built target robo_node
[4.159s] Invoked command in '/app/project/build/meu_robo' returned '0': CMAKE_PREFIX_PATH=${CMAKE_PREFIX_PATH}:/opt/ros/foxy /usr/bin/cmake --build /app/project/build/meu_robo -- -j16 -l16
[4.186s] Invoking command in '/app/project/build/meu_robo': CMAKE_PREFIX_PATH=${CMAKE_PREFIX_PATH}:/opt/ros/foxy /usr/bin/cmake --install /app/project/build/meu_robo
[4.195s] -- Install configuration: ""
[4.195s] -- Installing: /app/project/install/meu_robo/lib/meu_robo/robo_node
[4.196s] -- Set runtime path of "/app/project/install/meu_robo/lib/meu_robo/robo_node" to ""
[4.196s] -- Installing: /app/project/install/meu_robo/share/ament_index/resource_index/package_run_dependencies/meu_robo
[4.196s] -- Installing: /app/project/install/meu_robo/share/ament_index/resource_index/parent_prefix_path/meu_robo
[4.196s] -- Installing: /app/project/install/meu_robo/share/meu_robo/environment/ament_prefix_path.sh
[4.197s] -- Installing: /app/project/install/meu_robo/share/meu_robo/environment/ament_prefix_path.dsv
[4.197s] -- Installing: /app/project/install/meu_robo/share/meu_robo/environment/path.sh
[4.197s] -- Installing: /app/project/install/meu_robo/share/meu_robo/environment/path.dsv
[4.197s] -- Installing: /app/project/install/meu_robo/share/meu_robo/local_setup.bash
[4.197s] -- Installing: /app/project/install/meu_robo/share/meu_robo/local_setup.sh
[4.197s] -- Installing: /app/project/install/meu_robo/share/meu_robo/local_setup.zsh
[4.197s] -- Installing: /app/project/install/meu_robo/share/meu_robo/local_setup.dsv
[4.197s] -- Installing: /app/project/install/meu_robo/share/meu_robo/package.dsv
[4.198s] -- Installing: /app/project/install/meu_robo/share/ament_index/resource_index/packages/meu_robo
[4.198s] -- Installing: /app/project/install/meu_robo/share/meu_robo/cmake/meu_roboConfig.cmake
[4.198s] -- Installing: /app/project/install/meu_robo/share/meu_robo/cmake/meu_roboConfig-version.cmake
[4.198s] -- Installing: /app/project/install/meu_robo/share/meu_robo/package.xml
[4.202s] Invoked command in '/app/project/build/meu_robo' returned '0': CMAKE_PREFIX_PATH=${CMAKE_PREFIX_PATH}:/opt/ros/foxy /usr/bin/cmake --install /app/project/build/meu_robo
