[0.038s] Invoking command in '/app/project/build/image_geometry': CMAKE_PREFIX_PATH=${CMAKE_PREFIX_PATH}:/opt/ros/foxy /usr/bin/cmake --build /app/project/build/image_geometry -- -j16 -l16
[0.095s] [ 36%] Built target gtest_main
[0.095s] [ 36%] Built target gtest
[0.105s] [ 63%] Built target image_geometry
[0.142s] [100%] Built target image_geometry-utest-equi
[0.142s] [100%] Built target image_geometry-utest
[0.164s] Invoked command in '/app/project/build/image_geometry' returned '0': CMAKE_PREFIX_PATH=${CMAKE_PREFIX_PATH}:/opt/ros/foxy /usr/bin/cmake --build /app/project/build/image_geometry -- -j16 -l16
[0.208s] Invoking command in '/app/project/build/image_geometry': CMAKE_PREFIX_PATH=${CMAKE_PREFIX_PATH}:/opt/ros/foxy /usr/bin/cmake --install /app/project/build/image_geometry
[0.217s] -- Install configuration: ""
[0.218s] -- Up-to-date: /app/project/install/image_geometry/share/image_geometry/environment/pythonpath.sh
[0.218s] -- Up-to-date: /app/project/install/image_geometry/share/image_geometry/environment/pythonpath.dsv
[0.218s] -- Up-to-date: /app/project/install/image_geometry/lib/python3.8/site-packages/image_geometry
[0.218s] -- Up-to-date: /app/project/install/image_geometry/lib/python3.8/site-packages/image_geometry/__init__.py
[0.218s] -- Up-to-date: /app/project/install/image_geometry/lib/python3.8/site-packages/image_geometry/cameramodels.py
[0.246s] Listing '/app/project/install/image_geometry/lib/python3.8/site-packages/image_geometry'...
[0.250s] -- Up-to-date: /app/project/install/image_geometry/include/image_geometry
[0.250s] -- Up-to-date: /app/project/install/image_geometry/include/image_geometry/image_geometry
[0.250s] -- Up-to-date: /app/project/install/image_geometry/include/image_geometry/image_geometry/stereo_camera_model.hpp
[0.250s] -- Up-to-date: /app/project/install/image_geometry/include/image_geometry/image_geometry/pinhole_camera_model.hpp
[0.250s] -- Up-to-date: /app/project/install/image_geometry/include/image_geometry/image_geometry/visibility_control.hpp
[0.250s] -- Up-to-date: /app/project/install/image_geometry/lib/libimage_geometry.so
[0.251s] -- Up-to-date: /app/project/install/image_geometry/share/ament_index/resource_index/package_run_dependencies/image_geometry
[0.251s] -- Up-to-date: /app/project/install/image_geometry/share/ament_index/resource_index/parent_prefix_path/image_geometry
[0.251s] -- Up-to-date: /app/project/install/image_geometry/share/image_geometry/environment/ament_prefix_path.sh
[0.251s] -- Up-to-date: /app/project/install/image_geometry/share/image_geometry/environment/ament_prefix_path.dsv
[0.251s] -- Up-to-date: /app/project/install/image_geometry/share/image_geometry/environment/path.sh
[0.251s] -- Up-to-date: /app/project/install/image_geometry/share/image_geometry/environment/path.dsv
[0.251s] -- Up-to-date: /app/project/install/image_geometry/share/image_geometry/local_setup.bash
[0.251s] -- Up-to-date: /app/project/install/image_geometry/share/image_geometry/local_setup.sh
[0.251s] -- Up-to-date: /app/project/install/image_geometry/share/image_geometry/local_setup.zsh
[0.252s] -- Up-to-date: /app/project/install/image_geometry/share/image_geometry/local_setup.dsv
[0.252s] -- Up-to-date: /app/project/install/image_geometry/share/image_geometry/package.dsv
[0.252s] -- Up-to-date: /app/project/install/image_geometry/share/ament_index/resource_index/packages/image_geometry
[0.252s] -- Up-to-date: /app/project/install/image_geometry/share/image_geometry/cmake/export_image_geometryExport.cmake
[0.252s] -- Up-to-date: /app/project/install/image_geometry/share/image_geometry/cmake/export_image_geometryExport-noconfig.cmake
[0.252s] -- Up-to-date: /app/project/install/image_geometry/share/image_geometry/cmake/ament_cmake_export_targets-extras.cmake
[0.252s] -- Up-to-date: /app/project/install/image_geometry/share/image_geometry/cmake/ament_cmake_export_dependencies-extras.cmake
[0.252s] -- Up-to-date: /app/project/install/image_geometry/share/image_geometry/cmake/image_geometryConfig.cmake
[0.252s] -- Up-to-date: /app/project/install/image_geometry/share/image_geometry/cmake/image_geometryConfig-version.cmake
[0.252s] -- Up-to-date: /app/project/install/image_geometry/share/image_geometry/package.xml
