[0.191s] Invoking command in '/app/project/build/square_controller': CMAKE_PREFIX_PATH=${CMAKE_PREFIX_PATH}:/app/project/install/base_link_p3_description:/opt/ros/foxy /usr/bin/cmake /app/project/src/square_controller -DAMENT_CMAKE_SYMLINK_INSTALL=1 -DCMAKE_INSTALL_PREFIX=/app/project/install/square_controller
[0.208s] -- Found ament_cmake: 0.9.12 (/opt/ros/foxy/share/ament_cmake/cmake)
[0.231s] -- Using PYTHON_EXECUTABLE: /usr/bin/python3
[0.371s] -- Override CMake install command with custom implementation using symlinks instead of copying resources
[0.378s] -- Found rclcpp: 2.4.3 (/opt/ros/foxy/share/rclcpp/cmake)
[0.410s] -- Using all available rosidl_typesupport_c: rosidl_typesupport_fastrtps_c;rosidl_typesupport_introspection_c
[0.413s] -- Found rosidl_adapter: 1.3.1 (/opt/ros/foxy/share/rosidl_adapter/cmake)
[0.560s] -- Using all available rosidl_typesupport_cpp: rosidl_typesupport_fastrtps_cpp;rosidl_typesupport_introspection_cpp
[0.604s] -- Found rmw_implementation_cmake: 1.0.4 (/opt/ros/foxy/share/rmw_implementation_cmake/cmake)
[0.606s] -- Using RMW implementation 'rmw_fastrtps_cpp' as default
[0.730s] -- Found geometry_msgs: 2.0.5 (/opt/ros/foxy/share/geometry_msgs/cmake)
[0.760s] -- Found ament_lint_auto: 0.9.8 (/opt/ros/foxy/share/ament_lint_auto/cmake)
[0.824s] -- Added test 'copyright' to check source files copyright and LICENSE
[0.825s] -- Added test 'cppcheck' to perform static code analysis on C / C++ code
[0.825s] -- Configured cppcheck include dirs: 
[0.825s] -- Configured cppcheck exclude dirs and/or files: 
[0.826s] -- Added test 'cpplint' to check C / C++ code against the Google style
[0.826s] -- Configured cpplint exclude dirs and/or files: 
[0.826s] -- Added test 'lint_cmake' to check CMake code style
[0.827s] -- Added test 'uncrustify' to check C / C++ code style
[0.827s] -- Configured uncrustify additional arguments: 
[0.827s] -- Added test 'xmllint' to check XML markup files
[0.830s] -- Configuring done
[0.837s] -- Generating done
[0.839s] -- Build files have been written to: /app/project/build/square_controller
[0.849s] Invoked command in '/app/project/build/square_controller' returned '0': CMAKE_PREFIX_PATH=${CMAKE_PREFIX_PATH}:/app/project/install/base_link_p3_description:/opt/ros/foxy /usr/bin/cmake /app/project/src/square_controller -DAMENT_CMAKE_SYMLINK_INSTALL=1 -DCMAKE_INSTALL_PREFIX=/app/project/install/square_controller
[0.853s] Invoking command in '/app/project/build/square_controller': CMAKE_PREFIX_PATH=${CMAKE_PREFIX_PATH}:/app/project/install/base_link_p3_description:/opt/ros/foxy /usr/bin/cmake --build /app/project/build/square_controller -- -j16 -l16
[0.928s] [100%] Built target square_motion
[0.943s] Invoked command in '/app/project/build/square_controller' returned '0': CMAKE_PREFIX_PATH=${CMAKE_PREFIX_PATH}:/app/project/install/base_link_p3_description:/opt/ros/foxy /usr/bin/cmake --build /app/project/build/square_controller -- -j16 -l16
[0.984s] Invoking command in '/app/project/build/square_controller': CMAKE_PREFIX_PATH=${CMAKE_PREFIX_PATH}:/app/project/install/base_link_p3_description:/opt/ros/foxy /usr/bin/cmake --install /app/project/build/square_controller
[0.994s] -- Install configuration: ""
[0.994s] -- Execute custom install script
[0.995s] -- Symlinking: /app/project/install/square_controller/lib/square_controller/square_motion
[1.005s] -- Symlinking: /app/project/install/square_controller/share/ament_index/resource_index/package_run_dependencies/square_controller
[1.015s] -- Symlinking: /app/project/install/square_controller/share/ament_index/resource_index/parent_prefix_path/square_controller
[1.025s] -- Symlinking: /app/project/install/square_controller/share/square_controller/environment/ament_prefix_path.sh
[1.035s] -- Symlinking: /app/project/install/square_controller/share/square_controller/environment/ament_prefix_path.dsv
[1.045s] -- Symlinking: /app/project/install/square_controller/share/square_controller/environment/path.sh
[1.055s] -- Symlinking: /app/project/install/square_controller/share/square_controller/environment/path.dsv
[1.065s] -- Symlinking: /app/project/install/square_controller/share/square_controller/local_setup.bash
[1.075s] -- Symlinking: /app/project/install/square_controller/share/square_controller/local_setup.sh
[1.085s] -- Symlinking: /app/project/install/square_controller/share/square_controller/local_setup.zsh
[1.096s] -- Symlinking: /app/project/install/square_controller/share/square_controller/local_setup.dsv
[1.106s] -- Symlinking: /app/project/install/square_controller/share/square_controller/package.dsv
[1.117s] -- Symlinking: /app/project/install/square_controller/share/ament_index/resource_index/packages/square_controller
[1.128s] -- Symlinking: /app/project/install/square_controller/share/square_controller/cmake/square_controllerConfig.cmake
[1.139s] -- Symlinking: /app/project/install/square_controller/share/square_controller/cmake/square_controllerConfig-version.cmake
[1.149s] -- Symlinking: /app/project/install/square_controller/share/square_controller/package.xml
[1.182s] Invoked command in '/app/project/build/square_controller' returned '0': CMAKE_PREFIX_PATH=${CMAKE_PREFIX_PATH}:/app/project/install/base_link_p3_description:/opt/ros/foxy /usr/bin/cmake --install /app/project/build/square_controller
