[0.284s] DEBUG:colcon:Command line arguments: ['/usr/bin/colcon', 'build', '--packages-select', 'simple_robot_gazebo']
[0.284s] DEBUG:colcon:Parsed command line arguments: Namespace(ament_cmake_args=None, base_paths=['.'], build_base='build', catkin_cmake_args=None, catkin_skip_building_tests=False, cmake_args=None, cmake_clean_cache=False, cmake_clean_first=False, cmake_force_configure=False, cmake_target=None, cmake_target_skip_unavailable=False, continue_on_error=False, event_handlers=None, executor='parallel', ignore_user_meta=False, install_base='install', log_base=None, log_level=None, main=<bound method BuildVerb.main of <colcon_core.verb.build.BuildVerb object at 0x7cc65ec169a0>>, merge_install=False, metas=['./colcon.meta'], mixin=None, mixin_files=None, mixin_verb=('build',), packages_above=None, packages_above_and_dependencies=None, packages_above_depth=None, packages_end=None, packages_ignore=None, packages_ignore_regex=None, packages_select=['simple_robot_gazebo'], packages_select_build_failed=False, packages_select_by_dep=None, packages_select_regex=None, packages_select_test_failures=False, packages_skip=None, packages_skip_build_finished=False, packages_skip_by_dep=None, packages_skip_regex=None, packages_skip_test_passed=False, packages_skip_up_to=None, packages_start=None, packages_up_to=None, packages_up_to_regex=None, parallel_workers=16, paths=None, symlink_install=False, test_result_base=None, verb_extension=<colcon_core.verb.build.BuildVerb object at 0x7cc65ec169a0>, verb_name='build', verb_parser=<colcon_mixin.mixin.mixin_argument.MixinArgumentDecorator object at 0x7cc65ec16f70>)
[0.317s] Level 1:colcon.colcon_core.package_discovery:discover_packages(colcon_meta) check parameters
[0.318s] INFO:colcon.colcon_metadata.package_discovery.colcon_meta:Using configuration from '/root/.colcon/metadata/default/Gazebo.meta'
[0.318s] INFO:colcon.colcon_metadata.package_discovery.colcon_meta:Using configuration from '/root/.colcon/metadata/default/fastdds.meta'
[0.319s] INFO:colcon.colcon_metadata.package_discovery.colcon_meta:Using configuration from '/root/.colcon/metadata/default/fastrtps.meta'
[0.319s] Level 1:colcon.colcon_core.package_discovery:discover_packages(recursive) check parameters
[0.319s] Level 1:colcon.colcon_core.package_discovery:discover_packages(ignore) check parameters
[0.319s] Level 1:colcon.colcon_core.package_discovery:discover_packages(path) check parameters
[0.319s] Level 1:colcon.colcon_core.package_discovery:discover_packages(colcon_meta) discover
[0.319s] Level 1:colcon.colcon_core.package_discovery:discover_packages(recursive) discover
[0.319s] INFO:colcon.colcon_core.package_discovery:Crawling recursively for packages in '/app/project'
[0.319s] Level 1:colcon.colcon_core.package_identification:_identify(.) by extensions ['ignore', 'ignore_ament_install']
[0.319s] Level 1:colcon.colcon_core.package_identification:_identify(.) by extension 'ignore'
[0.319s] Level 1:colcon.colcon_core.package_identification:_identify(.) by extension 'ignore_ament_install'
[0.319s] Level 1:colcon.colcon_core.package_identification:_identify(.) by extensions ['colcon_pkg']
[0.319s] Level 1:colcon.colcon_core.package_identification:_identify(.) by extension 'colcon_pkg'
[0.319s] Level 1:colcon.colcon_core.package_identification:_identify(.) by extensions ['colcon_meta']
[0.319s] Level 1:colcon.colcon_core.package_identification:_identify(.) by extension 'colcon_meta'
[0.319s] Level 1:colcon.colcon_core.package_identification:_identify(.) by extensions ['ros']
[0.319s] Level 1:colcon.colcon_core.package_identification:_identify(.) by extension 'ros'
[0.337s] Level 1:colcon.colcon_core.package_identification:_identify(.) by extensions ['cmake', 'python']
[0.337s] Level 1:colcon.colcon_core.package_identification:_identify(.) by extension 'cmake'
[0.337s] Level 1:colcon.colcon_core.package_identification:_identify(.) by extension 'python'
[0.337s] Level 1:colcon.colcon_core.package_identification:_identify(.) by extensions ['python_setup_py']
[0.337s] Level 1:colcon.colcon_core.package_identification:_identify(.) by extension 'python_setup_py'
[0.338s] Level 1:colcon.colcon_core.package_identification:_identify(build) by extensions ['ignore', 'ignore_ament_install']
[0.338s] Level 1:colcon.colcon_core.package_identification:_identify(build) by extension 'ignore'
[0.338s] Level 1:colcon.colcon_core.package_identification:_identify(build) ignored
[0.338s] Level 1:colcon.colcon_core.package_identification:_identify(doc_exemple) by extensions ['ignore', 'ignore_ament_install']
[0.338s] Level 1:colcon.colcon_core.package_identification:_identify(doc_exemple) by extension 'ignore'
[0.338s] Level 1:colcon.colcon_core.package_identification:_identify(doc_exemple) by extension 'ignore_ament_install'
[0.338s] Level 1:colcon.colcon_core.package_identification:_identify(doc_exemple) by extensions ['colcon_pkg']
[0.338s] Level 1:colcon.colcon_core.package_identification:_identify(doc_exemple) by extension 'colcon_pkg'
[0.338s] Level 1:colcon.colcon_core.package_identification:_identify(doc_exemple) by extensions ['colcon_meta']
[0.338s] Level 1:colcon.colcon_core.package_identification:_identify(doc_exemple) by extension 'colcon_meta'
[0.338s] Level 1:colcon.colcon_core.package_identification:_identify(doc_exemple) by extensions ['ros']
[0.338s] Level 1:colcon.colcon_core.package_identification:_identify(doc_exemple) by extension 'ros'
[0.338s] Level 1:colcon.colcon_core.package_identification:_identify(doc_exemple) by extensions ['cmake', 'python']
[0.338s] Level 1:colcon.colcon_core.package_identification:_identify(doc_exemple) by extension 'cmake'
[0.338s] Level 1:colcon.colcon_core.package_identification:_identify(doc_exemple) by extension 'python'
[0.338s] Level 1:colcon.colcon_core.package_identification:_identify(doc_exemple) by extensions ['python_setup_py']
[0.338s] Level 1:colcon.colcon_core.package_identification:_identify(doc_exemple) by extension 'python_setup_py'
[0.338s] Level 1:colcon.colcon_core.package_identification:_identify(doc_exemple/ws) by extensions ['ignore', 'ignore_ament_install']
[0.338s] Level 1:colcon.colcon_core.package_identification:_identify(doc_exemple/ws) by extension 'ignore'
[0.338s] Level 1:colcon.colcon_core.package_identification:_identify(doc_exemple/ws) by extension 'ignore_ament_install'
[0.338s] Level 1:colcon.colcon_core.package_identification:_identify(doc_exemple/ws) by extensions ['colcon_pkg']
[0.338s] Level 1:colcon.colcon_core.package_identification:_identify(doc_exemple/ws) by extension 'colcon_pkg'
[0.339s] Level 1:colcon.colcon_core.package_identification:_identify(doc_exemple/ws) by extensions ['colcon_meta']
[0.339s] Level 1:colcon.colcon_core.package_identification:_identify(doc_exemple/ws) by extension 'colcon_meta'
[0.339s] Level 1:colcon.colcon_core.package_identification:_identify(doc_exemple/ws) by extensions ['ros']
[0.339s] Level 1:colcon.colcon_core.package_identification:_identify(doc_exemple/ws) by extension 'ros'
[0.339s] Level 1:colcon.colcon_core.package_identification:_identify(doc_exemple/ws) by extensions ['cmake', 'python']
[0.339s] Level 1:colcon.colcon_core.package_identification:_identify(doc_exemple/ws) by extension 'cmake'
[0.339s] Level 1:colcon.colcon_core.package_identification:_identify(doc_exemple/ws) by extension 'python'
[0.339s] Level 1:colcon.colcon_core.package_identification:_identify(doc_exemple/ws) by extensions ['python_setup_py']
[0.339s] Level 1:colcon.colcon_core.package_identification:_identify(doc_exemple/ws) by extension 'python_setup_py'
[0.339s] Level 1:colcon.colcon_core.package_identification:_identify(doc_exemple/ws/src) by extensions ['ignore', 'ignore_ament_install']
[0.339s] Level 1:colcon.colcon_core.package_identification:_identify(doc_exemple/ws/src) by extension 'ignore'
[0.339s] Level 1:colcon.colcon_core.package_identification:_identify(doc_exemple/ws/src) by extension 'ignore_ament_install'
[0.339s] Level 1:colcon.colcon_core.package_identification:_identify(doc_exemple/ws/src) by extensions ['colcon_pkg']
[0.339s] Level 1:colcon.colcon_core.package_identification:_identify(doc_exemple/ws/src) by extension 'colcon_pkg'
[0.339s] Level 1:colcon.colcon_core.package_identification:_identify(doc_exemple/ws/src) by extensions ['colcon_meta']
[0.339s] Level 1:colcon.colcon_core.package_identification:_identify(doc_exemple/ws/src) by extension 'colcon_meta'
[0.339s] Level 1:colcon.colcon_core.package_identification:_identify(doc_exemple/ws/src) by extensions ['ros']
[0.339s] Level 1:colcon.colcon_core.package_identification:_identify(doc_exemple/ws/src) by extension 'ros'
[0.339s] Level 1:colcon.colcon_core.package_identification:_identify(doc_exemple/ws/src) by extensions ['cmake', 'python']
[0.339s] Level 1:colcon.colcon_core.package_identification:_identify(doc_exemple/ws/src) by extension 'cmake'
[0.339s] Level 1:colcon.colcon_core.package_identification:_identify(doc_exemple/ws/src) by extension 'python'
[0.339s] Level 1:colcon.colcon_core.package_identification:_identify(doc_exemple/ws/src) by extensions ['python_setup_py']
[0.339s] Level 1:colcon.colcon_core.package_identification:_identify(doc_exemple/ws/src) by extension 'python_setup_py'
[0.340s] Level 1:colcon.colcon_core.package_identification:_identify(doc_exemple/ws/src/gazebo_ros_pkgs) by extensions ['ignore', 'ignore_ament_install']
[0.340s] Level 1:colcon.colcon_core.package_identification:_identify(doc_exemple/ws/src/gazebo_ros_pkgs) by extension 'ignore'
[0.340s] Level 1:colcon.colcon_core.package_identification:_identify(doc_exemple/ws/src/gazebo_ros_pkgs) by extension 'ignore_ament_install'
[0.340s] Level 1:colcon.colcon_core.package_identification:_identify(doc_exemple/ws/src/gazebo_ros_pkgs) by extensions ['colcon_pkg']
[0.340s] Level 1:colcon.colcon_core.package_identification:_identify(doc_exemple/ws/src/gazebo_ros_pkgs) by extension 'colcon_pkg'
[0.340s] Level 1:colcon.colcon_core.package_identification:_identify(doc_exemple/ws/src/gazebo_ros_pkgs) by extensions ['colcon_meta']
[0.340s] Level 1:colcon.colcon_core.package_identification:_identify(doc_exemple/ws/src/gazebo_ros_pkgs) by extension 'colcon_meta'
[0.340s] Level 1:colcon.colcon_core.package_identification:_identify(doc_exemple/ws/src/gazebo_ros_pkgs) by extensions ['ros']
[0.340s] Level 1:colcon.colcon_core.package_identification:_identify(doc_exemple/ws/src/gazebo_ros_pkgs) by extension 'ros'
[0.340s] Level 1:colcon.colcon_core.package_identification:_identify(doc_exemple/ws/src/gazebo_ros_pkgs) by extensions ['cmake', 'python']
[0.340s] Level 1:colcon.colcon_core.package_identification:_identify(doc_exemple/ws/src/gazebo_ros_pkgs) by extension 'cmake'
[0.340s] Level 1:colcon.colcon_core.package_identification:_identify(doc_exemple/ws/src/gazebo_ros_pkgs) by extension 'python'
[0.340s] Level 1:colcon.colcon_core.package_identification:_identify(doc_exemple/ws/src/gazebo_ros_pkgs) by extensions ['python_setup_py']
[0.340s] Level 1:colcon.colcon_core.package_identification:_identify(doc_exemple/ws/src/gazebo_ros_pkgs) by extension 'python_setup_py'
[0.340s] Level 1:colcon.colcon_core.package_identification:_identify(doc_exemple/ws/src/gazebo_ros_pkgs/gazebo_dev) by extensions ['ignore', 'ignore_ament_install']
[0.340s] Level 1:colcon.colcon_core.package_identification:_identify(doc_exemple/ws/src/gazebo_ros_pkgs/gazebo_dev) by extension 'ignore'
[0.340s] Level 1:colcon.colcon_core.package_identification:_identify(doc_exemple/ws/src/gazebo_ros_pkgs/gazebo_dev) by extension 'ignore_ament_install'
[0.340s] Level 1:colcon.colcon_core.package_identification:_identify(doc_exemple/ws/src/gazebo_ros_pkgs/gazebo_dev) by extensions ['colcon_pkg']
[0.340s] Level 1:colcon.colcon_core.package_identification:_identify(doc_exemple/ws/src/gazebo_ros_pkgs/gazebo_dev) by extension 'colcon_pkg'
[0.341s] Level 1:colcon.colcon_core.package_identification:_identify(doc_exemple/ws/src/gazebo_ros_pkgs/gazebo_dev) by extensions ['colcon_meta']
[0.341s] Level 1:colcon.colcon_core.package_identification:_identify(doc_exemple/ws/src/gazebo_ros_pkgs/gazebo_dev) by extension 'colcon_meta'
[0.341s] Level 1:colcon.colcon_core.package_identification:_identify(doc_exemple/ws/src/gazebo_ros_pkgs/gazebo_dev) by extensions ['ros']
[0.341s] Level 1:colcon.colcon_core.package_identification:_identify(doc_exemple/ws/src/gazebo_ros_pkgs/gazebo_dev) by extension 'ros'
[0.344s] DEBUG:colcon.colcon_core.package_identification:Package 'doc_exemple/ws/src/gazebo_ros_pkgs/gazebo_dev' with type 'ros.ament_cmake' and name 'gazebo_dev'
[0.344s] Level 1:colcon.colcon_core.package_identification:_identify(doc_exemple/ws/src/gazebo_ros_pkgs/gazebo_msgs) by extensions ['ignore', 'ignore_ament_install']
[0.344s] Level 1:colcon.colcon_core.package_identification:_identify(doc_exemple/ws/src/gazebo_ros_pkgs/gazebo_msgs) by extension 'ignore'
[0.344s] Level 1:colcon.colcon_core.package_identification:_identify(doc_exemple/ws/src/gazebo_ros_pkgs/gazebo_msgs) by extension 'ignore_ament_install'
[0.344s] Level 1:colcon.colcon_core.package_identification:_identify(doc_exemple/ws/src/gazebo_ros_pkgs/gazebo_msgs) by extensions ['colcon_pkg']
[0.344s] Level 1:colcon.colcon_core.package_identification:_identify(doc_exemple/ws/src/gazebo_ros_pkgs/gazebo_msgs) by extension 'colcon_pkg'
[0.344s] Level 1:colcon.colcon_core.package_identification:_identify(doc_exemple/ws/src/gazebo_ros_pkgs/gazebo_msgs) by extensions ['colcon_meta']
[0.344s] Level 1:colcon.colcon_core.package_identification:_identify(doc_exemple/ws/src/gazebo_ros_pkgs/gazebo_msgs) by extension 'colcon_meta'
[0.344s] Level 1:colcon.colcon_core.package_identification:_identify(doc_exemple/ws/src/gazebo_ros_pkgs/gazebo_msgs) by extensions ['ros']
[0.344s] Level 1:colcon.colcon_core.package_identification:_identify(doc_exemple/ws/src/gazebo_ros_pkgs/gazebo_msgs) by extension 'ros'
[0.345s] DEBUG:colcon.colcon_core.package_identification:Package 'doc_exemple/ws/src/gazebo_ros_pkgs/gazebo_msgs' with type 'ros.ament_cmake' and name 'gazebo_msgs'
[0.345s] Level 1:colcon.colcon_core.package_identification:_identify(doc_exemple/ws/src/gazebo_ros_pkgs/gazebo_plugins) by extensions ['ignore', 'ignore_ament_install']
[0.345s] Level 1:colcon.colcon_core.package_identification:_identify(doc_exemple/ws/src/gazebo_ros_pkgs/gazebo_plugins) by extension 'ignore'
[0.345s] Level 1:colcon.colcon_core.package_identification:_identify(doc_exemple/ws/src/gazebo_ros_pkgs/gazebo_plugins) by extension 'ignore_ament_install'
[0.345s] Level 1:colcon.colcon_core.package_identification:_identify(doc_exemple/ws/src/gazebo_ros_pkgs/gazebo_plugins) by extensions ['colcon_pkg']
[0.345s] Level 1:colcon.colcon_core.package_identification:_identify(doc_exemple/ws/src/gazebo_ros_pkgs/gazebo_plugins) by extension 'colcon_pkg'
[0.346s] Level 1:colcon.colcon_core.package_identification:_identify(doc_exemple/ws/src/gazebo_ros_pkgs/gazebo_plugins) by extensions ['colcon_meta']
[0.346s] Level 1:colcon.colcon_core.package_identification:_identify(doc_exemple/ws/src/gazebo_ros_pkgs/gazebo_plugins) by extension 'colcon_meta'
[0.346s] Level 1:colcon.colcon_core.package_identification:_identify(doc_exemple/ws/src/gazebo_ros_pkgs/gazebo_plugins) by extensions ['ros']
[0.346s] Level 1:colcon.colcon_core.package_identification:_identify(doc_exemple/ws/src/gazebo_ros_pkgs/gazebo_plugins) by extension 'ros'
[0.347s] DEBUG:colcon.colcon_core.package_identification:Package 'doc_exemple/ws/src/gazebo_ros_pkgs/gazebo_plugins' with type 'ros.ament_cmake' and name 'gazebo_plugins'
[0.348s] Level 1:colcon.colcon_core.package_identification:_identify(doc_exemple/ws/src/gazebo_ros_pkgs/gazebo_ros) by extensions ['ignore', 'ignore_ament_install']
[0.348s] Level 1:colcon.colcon_core.package_identification:_identify(doc_exemple/ws/src/gazebo_ros_pkgs/gazebo_ros) by extension 'ignore'
[0.348s] Level 1:colcon.colcon_core.package_identification:_identify(doc_exemple/ws/src/gazebo_ros_pkgs/gazebo_ros) by extension 'ignore_ament_install'
[0.348s] Level 1:colcon.colcon_core.package_identification:_identify(doc_exemple/ws/src/gazebo_ros_pkgs/gazebo_ros) by extensions ['colcon_pkg']
[0.348s] Level 1:colcon.colcon_core.package_identification:_identify(doc_exemple/ws/src/gazebo_ros_pkgs/gazebo_ros) by extension 'colcon_pkg'
[0.348s] Level 1:colcon.colcon_core.package_identification:_identify(doc_exemple/ws/src/gazebo_ros_pkgs/gazebo_ros) by extensions ['colcon_meta']
[0.348s] Level 1:colcon.colcon_core.package_identification:_identify(doc_exemple/ws/src/gazebo_ros_pkgs/gazebo_ros) by extension 'colcon_meta'
[0.348s] Level 1:colcon.colcon_core.package_identification:_identify(doc_exemple/ws/src/gazebo_ros_pkgs/gazebo_ros) by extensions ['ros']
[0.348s] Level 1:colcon.colcon_core.package_identification:_identify(doc_exemple/ws/src/gazebo_ros_pkgs/gazebo_ros) by extension 'ros'
[0.350s] DEBUG:colcon.colcon_core.package_identification:Package 'doc_exemple/ws/src/gazebo_ros_pkgs/gazebo_ros' with type 'ros.ament_cmake' and name 'gazebo_ros'
[0.350s] Level 1:colcon.colcon_core.package_identification:_identify(doc_exemple/ws/src/gazebo_ros_pkgs/gazebo_ros_control) by extensions ['ignore', 'ignore_ament_install']
[0.350s] Level 1:colcon.colcon_core.package_identification:_identify(doc_exemple/ws/src/gazebo_ros_pkgs/gazebo_ros_control) by extension 'ignore'
[0.350s] Level 1:colcon.colcon_core.package_identification:_identify(doc_exemple/ws/src/gazebo_ros_pkgs/gazebo_ros_control) by extension 'ignore_ament_install'
[0.350s] Level 1:colcon.colcon_core.package_identification:_identify(doc_exemple/ws/src/gazebo_ros_pkgs/gazebo_ros_control) by extensions ['colcon_pkg']
[0.350s] Level 1:colcon.colcon_core.package_identification:_identify(doc_exemple/ws/src/gazebo_ros_pkgs/gazebo_ros_control) by extension 'colcon_pkg'
[0.350s] Level 1:colcon.colcon_core.package_identification:_identify(doc_exemple/ws/src/gazebo_ros_pkgs/gazebo_ros_control) by extensions ['colcon_meta']
[0.351s] Level 1:colcon.colcon_core.package_identification:_identify(doc_exemple/ws/src/gazebo_ros_pkgs/gazebo_ros_control) by extension 'colcon_meta'
[0.351s] Level 1:colcon.colcon_core.package_identification:_identify(doc_exemple/ws/src/gazebo_ros_pkgs/gazebo_ros_control) by extensions ['ros']
[0.351s] Level 1:colcon.colcon_core.package_identification:_identify(doc_exemple/ws/src/gazebo_ros_pkgs/gazebo_ros_control) by extension 'ros'
[0.351s] Level 1:colcon.colcon_core.package_identification:_identify(doc_exemple/ws/src/gazebo_ros_pkgs/gazebo_ros_control) by extensions ['cmake', 'python']
[0.351s] Level 1:colcon.colcon_core.package_identification:_identify(doc_exemple/ws/src/gazebo_ros_pkgs/gazebo_ros_control) by extension 'cmake'
[0.351s] Level 1:colcon.colcon_core.package_identification:_identify(doc_exemple/ws/src/gazebo_ros_pkgs/gazebo_ros_control) by extension 'python'
[0.351s] Level 1:colcon.colcon_core.package_identification:_identify(doc_exemple/ws/src/gazebo_ros_pkgs/gazebo_ros_control) by extensions ['python_setup_py']
[0.351s] Level 1:colcon.colcon_core.package_identification:_identify(doc_exemple/ws/src/gazebo_ros_pkgs/gazebo_ros_control) by extension 'python_setup_py'
[0.351s] Level 1:colcon.colcon_core.package_identification:_identify(doc_exemple/ws/src/gazebo_ros_pkgs/gazebo_ros_pkgs) by extensions ['ignore', 'ignore_ament_install']
[0.351s] Level 1:colcon.colcon_core.package_identification:_identify(doc_exemple/ws/src/gazebo_ros_pkgs/gazebo_ros_pkgs) by extension 'ignore'
[0.351s] Level 1:colcon.colcon_core.package_identification:_identify(doc_exemple/ws/src/gazebo_ros_pkgs/gazebo_ros_pkgs) by extension 'ignore_ament_install'
[0.351s] Level 1:colcon.colcon_core.package_identification:_identify(doc_exemple/ws/src/gazebo_ros_pkgs/gazebo_ros_pkgs) by extensions ['colcon_pkg']
[0.351s] Level 1:colcon.colcon_core.package_identification:_identify(doc_exemple/ws/src/gazebo_ros_pkgs/gazebo_ros_pkgs) by extension 'colcon_pkg'
[0.351s] Level 1:colcon.colcon_core.package_identification:_identify(doc_exemple/ws/src/gazebo_ros_pkgs/gazebo_ros_pkgs) by extensions ['colcon_meta']
[0.351s] Level 1:colcon.colcon_core.package_identification:_identify(doc_exemple/ws/src/gazebo_ros_pkgs/gazebo_ros_pkgs) by extension 'colcon_meta'
[0.351s] Level 1:colcon.colcon_core.package_identification:_identify(doc_exemple/ws/src/gazebo_ros_pkgs/gazebo_ros_pkgs) by extensions ['ros']
[0.351s] Level 1:colcon.colcon_core.package_identification:_identify(doc_exemple/ws/src/gazebo_ros_pkgs/gazebo_ros_pkgs) by extension 'ros'
[0.352s] DEBUG:colcon.colcon_core.package_identification:Package 'doc_exemple/ws/src/gazebo_ros_pkgs/gazebo_ros_pkgs' with type 'ros.ament_cmake' and name 'gazebo_ros_pkgs'
[0.352s] Level 1:colcon.colcon_core.package_identification:_identify(doc_exemple/ws/src/vision_opencv) by extensions ['ignore', 'ignore_ament_install']
[0.352s] Level 1:colcon.colcon_core.package_identification:_identify(doc_exemple/ws/src/vision_opencv) by extension 'ignore'
[0.352s] Level 1:colcon.colcon_core.package_identification:_identify(doc_exemple/ws/src/vision_opencv) by extension 'ignore_ament_install'
[0.352s] Level 1:colcon.colcon_core.package_identification:_identify(doc_exemple/ws/src/vision_opencv) by extensions ['colcon_pkg']
[0.352s] Level 1:colcon.colcon_core.package_identification:_identify(doc_exemple/ws/src/vision_opencv) by extension 'colcon_pkg'
[0.352s] Level 1:colcon.colcon_core.package_identification:_identify(doc_exemple/ws/src/vision_opencv) by extensions ['colcon_meta']
[0.352s] Level 1:colcon.colcon_core.package_identification:_identify(doc_exemple/ws/src/vision_opencv) by extension 'colcon_meta'
[0.352s] Level 1:colcon.colcon_core.package_identification:_identify(doc_exemple/ws/src/vision_opencv) by extensions ['ros']
[0.352s] Level 1:colcon.colcon_core.package_identification:_identify(doc_exemple/ws/src/vision_opencv) by extension 'ros'
[0.352s] Level 1:colcon.colcon_core.package_identification:_identify(doc_exemple/ws/src/vision_opencv) by extensions ['cmake', 'python']
[0.352s] Level 1:colcon.colcon_core.package_identification:_identify(doc_exemple/ws/src/vision_opencv) by extension 'cmake'
[0.352s] Level 1:colcon.colcon_core.package_identification:_identify(doc_exemple/ws/src/vision_opencv) by extension 'python'
[0.352s] Level 1:colcon.colcon_core.package_identification:_identify(doc_exemple/ws/src/vision_opencv) by extensions ['python_setup_py']
[0.352s] Level 1:colcon.colcon_core.package_identification:_identify(doc_exemple/ws/src/vision_opencv) by extension 'python_setup_py'
[0.353s] Level 1:colcon.colcon_core.package_identification:_identify(doc_exemple/ws/src/vision_opencv/cv_bridge) by extensions ['ignore', 'ignore_ament_install']
[0.353s] Level 1:colcon.colcon_core.package_identification:_identify(doc_exemple/ws/src/vision_opencv/cv_bridge) by extension 'ignore'
[0.353s] Level 1:colcon.colcon_core.package_identification:_identify(doc_exemple/ws/src/vision_opencv/cv_bridge) by extension 'ignore_ament_install'
[0.353s] Level 1:colcon.colcon_core.package_identification:_identify(doc_exemple/ws/src/vision_opencv/cv_bridge) by extensions ['colcon_pkg']
[0.353s] Level 1:colcon.colcon_core.package_identification:_identify(doc_exemple/ws/src/vision_opencv/cv_bridge) by extension 'colcon_pkg'
[0.353s] Level 1:colcon.colcon_core.package_identification:_identify(doc_exemple/ws/src/vision_opencv/cv_bridge) by extensions ['colcon_meta']
[0.353s] Level 1:colcon.colcon_core.package_identification:_identify(doc_exemple/ws/src/vision_opencv/cv_bridge) by extension 'colcon_meta'
[0.353s] Level 1:colcon.colcon_core.package_identification:_identify(doc_exemple/ws/src/vision_opencv/cv_bridge) by extensions ['ros']
[0.353s] Level 1:colcon.colcon_core.package_identification:_identify(doc_exemple/ws/src/vision_opencv/cv_bridge) by extension 'ros'
[0.354s] DEBUG:colcon.colcon_core.package_identification:Package 'doc_exemple/ws/src/vision_opencv/cv_bridge' with type 'ros.ament_cmake' and name 'cv_bridge'
[0.354s] Level 1:colcon.colcon_core.package_identification:_identify(doc_exemple/ws/src/vision_opencv/image_geometry) by extensions ['ignore', 'ignore_ament_install']
[0.354s] Level 1:colcon.colcon_core.package_identification:_identify(doc_exemple/ws/src/vision_opencv/image_geometry) by extension 'ignore'
[0.354s] Level 1:colcon.colcon_core.package_identification:_identify(doc_exemple/ws/src/vision_opencv/image_geometry) by extension 'ignore_ament_install'
[0.355s] Level 1:colcon.colcon_core.package_identification:_identify(doc_exemple/ws/src/vision_opencv/image_geometry) by extensions ['colcon_pkg']
[0.355s] Level 1:colcon.colcon_core.package_identification:_identify(doc_exemple/ws/src/vision_opencv/image_geometry) by extension 'colcon_pkg'
[0.355s] Level 1:colcon.colcon_core.package_identification:_identify(doc_exemple/ws/src/vision_opencv/image_geometry) by extensions ['colcon_meta']
[0.355s] Level 1:colcon.colcon_core.package_identification:_identify(doc_exemple/ws/src/vision_opencv/image_geometry) by extension 'colcon_meta'
[0.355s] Level 1:colcon.colcon_core.package_identification:_identify(doc_exemple/ws/src/vision_opencv/image_geometry) by extensions ['ros']
[0.355s] Level 1:colcon.colcon_core.package_identification:_identify(doc_exemple/ws/src/vision_opencv/image_geometry) by extension 'ros'
[0.356s] DEBUG:colcon.colcon_core.package_identification:Package 'doc_exemple/ws/src/vision_opencv/image_geometry' with type 'ros.ament_cmake' and name 'image_geometry'
[0.356s] Level 1:colcon.colcon_core.package_identification:_identify(doc_exemple/ws/src/vision_opencv/opencv_tests) by extensions ['ignore', 'ignore_ament_install']
[0.356s] Level 1:colcon.colcon_core.package_identification:_identify(doc_exemple/ws/src/vision_opencv/opencv_tests) by extension 'ignore'
[0.356s] Level 1:colcon.colcon_core.package_identification:_identify(doc_exemple/ws/src/vision_opencv/opencv_tests) by extension 'ignore_ament_install'
[0.356s] Level 1:colcon.colcon_core.package_identification:_identify(doc_exemple/ws/src/vision_opencv/opencv_tests) by extensions ['colcon_pkg']
[0.356s] Level 1:colcon.colcon_core.package_identification:_identify(doc_exemple/ws/src/vision_opencv/opencv_tests) by extension 'colcon_pkg'
[0.356s] Level 1:colcon.colcon_core.package_identification:_identify(doc_exemple/ws/src/vision_opencv/opencv_tests) by extensions ['colcon_meta']
[0.356s] Level 1:colcon.colcon_core.package_identification:_identify(doc_exemple/ws/src/vision_opencv/opencv_tests) by extension 'colcon_meta'
[0.356s] Level 1:colcon.colcon_core.package_identification:_identify(doc_exemple/ws/src/vision_opencv/opencv_tests) by extensions ['ros']
[0.356s] Level 1:colcon.colcon_core.package_identification:_identify(doc_exemple/ws/src/vision_opencv/opencv_tests) by extension 'ros'
[0.357s] DEBUG:colcon.colcon_core.package_identification:Package 'doc_exemple/ws/src/vision_opencv/opencv_tests' with type 'ros.ament_python' and name 'opencv_tests'
[0.357s] Level 1:colcon.colcon_core.package_identification:_identify(doc_exemple/ws/src/vision_opencv/vision_opencv) by extensions ['ignore', 'ignore_ament_install']
[0.357s] Level 1:colcon.colcon_core.package_identification:_identify(doc_exemple/ws/src/vision_opencv/vision_opencv) by extension 'ignore'
[0.357s] Level 1:colcon.colcon_core.package_identification:_identify(doc_exemple/ws/src/vision_opencv/vision_opencv) by extension 'ignore_ament_install'
[0.357s] Level 1:colcon.colcon_core.package_identification:_identify(doc_exemple/ws/src/vision_opencv/vision_opencv) by extensions ['colcon_pkg']
[0.357s] Level 1:colcon.colcon_core.package_identification:_identify(doc_exemple/ws/src/vision_opencv/vision_opencv) by extension 'colcon_pkg'
[0.357s] Level 1:colcon.colcon_core.package_identification:_identify(doc_exemple/ws/src/vision_opencv/vision_opencv) by extensions ['colcon_meta']
[0.358s] Level 1:colcon.colcon_core.package_identification:_identify(doc_exemple/ws/src/vision_opencv/vision_opencv) by extension 'colcon_meta'
[0.358s] Level 1:colcon.colcon_core.package_identification:_identify(doc_exemple/ws/src/vision_opencv/vision_opencv) by extensions ['ros']
[0.358s] Level 1:colcon.colcon_core.package_identification:_identify(doc_exemple/ws/src/vision_opencv/vision_opencv) by extension 'ros'
[0.358s] DEBUG:colcon.colcon_core.package_identification:Package 'doc_exemple/ws/src/vision_opencv/vision_opencv' with type 'ros.ament_cmake' and name 'vision_opencv'
[0.358s] Level 1:colcon.colcon_core.package_identification:_identify(install) by extensions ['ignore', 'ignore_ament_install']
[0.358s] Level 1:colcon.colcon_core.package_identification:_identify(install) by extension 'ignore'
[0.358s] Level 1:colcon.colcon_core.package_identification:_identify(install) ignored
[0.358s] Level 1:colcon.colcon_core.package_identification:_identify(log) by extensions ['ignore', 'ignore_ament_install']
[0.359s] Level 1:colcon.colcon_core.package_identification:_identify(log) by extension 'ignore'
[0.359s] Level 1:colcon.colcon_core.package_identification:_identify(log) ignored
[0.359s] Level 1:colcon.colcon_core.package_identification:_identify(src) by extensions ['ignore', 'ignore_ament_install']
[0.359s] Level 1:colcon.colcon_core.package_identification:_identify(src) by extension 'ignore'
[0.359s] Level 1:colcon.colcon_core.package_identification:_identify(src) by extension 'ignore_ament_install'
[0.359s] Level 1:colcon.colcon_core.package_identification:_identify(src) by extensions ['colcon_pkg']
[0.359s] Level 1:colcon.colcon_core.package_identification:_identify(src) by extension 'colcon_pkg'
[0.359s] Level 1:colcon.colcon_core.package_identification:_identify(src) by extensions ['colcon_meta']
[0.359s] Level 1:colcon.colcon_core.package_identification:_identify(src) by extension 'colcon_meta'
[0.359s] Level 1:colcon.colcon_core.package_identification:_identify(src) by extensions ['ros']
[0.359s] Level 1:colcon.colcon_core.package_identification:_identify(src) by extension 'ros'
[0.359s] Level 1:colcon.colcon_core.package_identification:_identify(src) by extensions ['cmake', 'python']
[0.359s] Level 1:colcon.colcon_core.package_identification:_identify(src) by extension 'cmake'
[0.359s] Level 1:colcon.colcon_core.package_identification:_identify(src) by extension 'python'
[0.359s] Level 1:colcon.colcon_core.package_identification:_identify(src) by extensions ['python_setup_py']
[0.359s] Level 1:colcon.colcon_core.package_identification:_identify(src) by extension 'python_setup_py'
[0.359s] Level 1:colcon.colcon_core.package_identification:_identify(src/packge) by extensions ['ignore', 'ignore_ament_install']
[0.360s] Level 1:colcon.colcon_core.package_identification:_identify(src/packge) by extension 'ignore'
[0.360s] Level 1:colcon.colcon_core.package_identification:_identify(src/packge) by extension 'ignore_ament_install'
[0.360s] Level 1:colcon.colcon_core.package_identification:_identify(src/packge) by extensions ['colcon_pkg']
[0.360s] Level 1:colcon.colcon_core.package_identification:_identify(src/packge) by extension 'colcon_pkg'
[0.360s] Level 1:colcon.colcon_core.package_identification:_identify(src/packge) by extensions ['colcon_meta']
[0.360s] Level 1:colcon.colcon_core.package_identification:_identify(src/packge) by extension 'colcon_meta'
[0.360s] Level 1:colcon.colcon_core.package_identification:_identify(src/packge) by extensions ['ros']
[0.360s] Level 1:colcon.colcon_core.package_identification:_identify(src/packge) by extension 'ros'
[0.360s] DEBUG:colcon.colcon_core.package_identification:Package 'src/packge' with type 'ros.ament_cmake' and name 'packge'
[0.360s] Level 1:colcon.colcon_core.package_identification:_identify(src/square_controller) by extensions ['ignore', 'ignore_ament_install']
[0.360s] Level 1:colcon.colcon_core.package_identification:_identify(src/square_controller) by extension 'ignore'
[0.361s] Level 1:colcon.colcon_core.package_identification:_identify(src/square_controller) by extension 'ignore_ament_install'
[0.361s] Level 1:colcon.colcon_core.package_identification:_identify(src/square_controller) by extensions ['colcon_pkg']
[0.361s] Level 1:colcon.colcon_core.package_identification:_identify(src/square_controller) by extension 'colcon_pkg'
[0.361s] Level 1:colcon.colcon_core.package_identification:_identify(src/square_controller) by extensions ['colcon_meta']
[0.361s] Level 1:colcon.colcon_core.package_identification:_identify(src/square_controller) by extension 'colcon_meta'
[0.361s] Level 1:colcon.colcon_core.package_identification:_identify(src/square_controller) by extensions ['ros']
[0.361s] Level 1:colcon.colcon_core.package_identification:_identify(src/square_controller) by extension 'ros'
[0.361s] DEBUG:colcon.colcon_core.package_identification:Package 'src/square_controller' with type 'ros.ament_cmake' and name 'square_controller'
[0.361s] Level 1:colcon.colcon_core.package_discovery:discover_packages(recursive) using defaults
[0.361s] Level 1:colcon.colcon_core.package_discovery:discover_packages(ignore) discover
[0.361s] Level 1:colcon.colcon_core.package_discovery:discover_packages(ignore) using defaults
[0.361s] Level 1:colcon.colcon_core.package_discovery:discover_packages(path) discover
[0.361s] Level 1:colcon.colcon_core.package_discovery:discover_packages(path) using defaults
[0.362s] WARNING:colcon.colcon_core.package_selection:ignoring unknown package 'simple_robot_gazebo' in --packages-select
[0.380s] INFO:colcon.colcon_metadata.metadata.colcon_pkg:Updating descriptor of package 'doc_exemple/ws/src/gazebo_ros_pkgs/gazebo_plugins' from colcon.pkg: {'dependencies': ['Gazebo']}
[0.381s] INFO:colcon.colcon_metadata.metadata.colcon_pkg:Updating descriptor of package 'doc_exemple/ws/src/gazebo_ros_pkgs/gazebo_ros' from colcon.pkg: {'dependencies': ['Gazebo']}
[0.381s] INFO:colcon.colcon_metadata.metadata.colcon_pkg:Updating descriptor of package 'doc_exemple/ws/src/gazebo_ros_pkgs/gazebo_dev' from colcon.pkg: {'dependencies': ['Gazebo']}
[0.383s] INFO:colcon.colcon_core.package_selection:Skipping not selected package 'cv_bridge' in 'doc_exemple/ws/src/vision_opencv/cv_bridge'
[0.383s] INFO:colcon.colcon_core.package_selection:Skipping not selected package 'gazebo_dev' in 'doc_exemple/ws/src/gazebo_ros_pkgs/gazebo_dev'
[0.383s] INFO:colcon.colcon_core.package_selection:Skipping not selected package 'gazebo_msgs' in 'doc_exemple/ws/src/gazebo_ros_pkgs/gazebo_msgs'
[0.383s] INFO:colcon.colcon_core.package_selection:Skipping not selected package 'image_geometry' in 'doc_exemple/ws/src/vision_opencv/image_geometry'
[0.383s] INFO:colcon.colcon_core.package_selection:Skipping not selected package 'packge' in 'src/packge'
[0.383s] INFO:colcon.colcon_core.package_selection:Skipping not selected package 'square_controller' in 'src/square_controller'
[0.383s] INFO:colcon.colcon_core.package_selection:Skipping not selected package 'gazebo_ros' in 'doc_exemple/ws/src/gazebo_ros_pkgs/gazebo_ros'
[0.383s] INFO:colcon.colcon_core.package_selection:Skipping not selected package 'opencv_tests' in 'doc_exemple/ws/src/vision_opencv/opencv_tests'
[0.383s] INFO:colcon.colcon_core.package_selection:Skipping not selected package 'vision_opencv' in 'doc_exemple/ws/src/vision_opencv/vision_opencv'
[0.383s] INFO:colcon.colcon_core.package_selection:Skipping not selected package 'gazebo_plugins' in 'doc_exemple/ws/src/gazebo_ros_pkgs/gazebo_plugins'
[0.383s] INFO:colcon.colcon_core.package_selection:Skipping not selected package 'gazebo_ros_pkgs' in 'doc_exemple/ws/src/gazebo_ros_pkgs/gazebo_ros_pkgs'
[0.383s] INFO:colcon.colcon_core.executor:Executing jobs using 'parallel' executor
[0.386s] DEBUG:colcon.colcon_parallel_executor.executor.parallel:run_until_complete
[0.386s] DEBUG:colcon.colcon_parallel_executor.executor.parallel:closing loop
[0.387s] DEBUG:colcon.colcon_parallel_executor.executor.parallel:loop closed
[0.387s] DEBUG:colcon.colcon_parallel_executor.executor.parallel:run_until_complete finished with '0'
[0.387s] DEBUG:colcon.colcon_core.event_reactor:joining thread
[0.395s] INFO:colcon.colcon_core.plugin_system:Skipping extension 'colcon_notification.desktop_notification.notify_send': Could not find 'notify-send'
[0.395s] INFO:colcon.colcon_core.plugin_system:Skipping extension 'colcon_notification.desktop_notification.terminal_notifier': Not used on non-Darwin systems
[0.395s] INFO:colcon.colcon_core.plugin_system:Skipping extension 'colcon_notification.desktop_notification.win32': Not used on non-Windows systems
[0.395s] INFO:colcon.colcon_notification.desktop_notification:Sending desktop notification using 'notify2'
[0.401s] DEBUG:colcon.colcon_notification.desktop_notification.notify2:Failed to initialize notify2: org.freedesktop.DBus.Error.ServiceUnknown: The name org.freedesktop.Notifications was not provided by any .service files
[0.401s] DEBUG:colcon.colcon_core.event_reactor:joined thread
[0.408s] INFO:colcon.colcon_core.plugin_system:Skipping extension 'colcon_core.shell.bat': Not used on non-Windows systems
[0.408s] INFO:colcon.colcon_core.shell:Creating prefix script '/app/project/install/local_setup.ps1'
[0.410s] INFO:colcon.colcon_core.shell:Creating prefix util module '/app/project/install/_local_setup_util_ps1.py'
[0.411s] INFO:colcon.colcon_core.shell:Creating prefix chain script '/app/project/install/setup.ps1'
[0.414s] INFO:colcon.colcon_core.shell:Creating prefix script '/app/project/install/local_setup.sh'
[0.414s] INFO:colcon.colcon_core.shell:Creating prefix util module '/app/project/install/_local_setup_util_sh.py'
[0.414s] INFO:colcon.colcon_core.shell:Creating prefix chain script '/app/project/install/setup.sh'
[0.416s] INFO:colcon.colcon_core.shell:Creating prefix script '/app/project/install/local_setup.bash'
[0.416s] INFO:colcon.colcon_core.shell:Creating prefix chain script '/app/project/install/setup.bash'
[0.417s] INFO:colcon.colcon_core.shell:Creating prefix script '/app/project/install/local_setup.zsh'
[0.418s] INFO:colcon.colcon_core.shell:Creating prefix chain script '/app/project/install/setup.zsh'
