[0.208s] Invoking command in '/app/project/build/my_robot_controller': CMAKE_PREFIX_PATH=${CMAKE_PREFIX_PATH}:/app/project/install/base_link_p3_description:/opt/ros/foxy /usr/bin/cmake /app/project/src/my_robot_controller -DCMAKE_INSTALL_PREFIX=/app/project/install/my_robot_controller
[0.228s] -- Found ament_cmake: 0.9.12 (/opt/ros/foxy/share/ament_cmake/cmake)
[0.255s] -- Using PYTHON_EXECUTABLE: /usr/bin/python3
[0.420s] -- Override CMake install command with custom implementation using symlinks instead of copying resources
[0.427s] -- Found rclcpp: 2.4.3 (/opt/ros/foxy/share/rclcpp/cmake)
[0.458s] -- Using all available rosidl_typesupport_c: rosidl_typesupport_fastrtps_c;rosidl_typesupport_introspection_c
[0.461s] -- Found rosidl_adapter: 1.3.1 (/opt/ros/foxy/share/rosidl_adapter/cmake)
[0.603s] -- Using all available rosidl_typesupport_cpp: rosidl_typesupport_fastrtps_cpp;rosidl_typesupport_introspection_cpp
[0.648s] -- Found rmw_implementation_cmake: 1.0.4 (/opt/ros/foxy/share/rmw_implementation_cmake/cmake)
[0.649s] -- Using RMW implementation 'rmw_fastrtps_cpp' as default
[0.771s] -- Found geometry_msgs: 2.0.5 (/opt/ros/foxy/share/geometry_msgs/cmake)
[0.801s] -- Found ament_lint_auto: 0.9.8 (/opt/ros/foxy/share/ament_lint_auto/cmake)
[0.873s] -- Added test 'copyright' to check source files copyright and LICENSE
[0.874s] -- Added test 'cppcheck' to perform static code analysis on C / C++ code
[0.874s] -- Configured cppcheck include dirs: 
[0.874s] -- Configured cppcheck exclude dirs and/or files: 
[0.875s] -- Added test 'cpplint' to check C / C++ code against the Google style
[0.875s] -- Configured cpplint exclude dirs and/or files: 
[0.875s] -- Added test 'lint_cmake' to check CMake code style
[0.876s] -- Added test 'uncrustify' to check C / C++ code style
[0.876s] -- Configured uncrustify additional arguments: 
[0.876s] -- Added test 'xmllint' to check XML markup files
[0.881s] -- Configuring done
[0.890s] -- Generating done
[0.895s] -- Build files have been written to: /app/project/build/my_robot_controller
[0.905s] Invoked command in '/app/project/build/my_robot_controller' returned '0': CMAKE_PREFIX_PATH=${CMAKE_PREFIX_PATH}:/app/project/install/base_link_p3_description:/opt/ros/foxy /usr/bin/cmake /app/project/src/my_robot_controller -DCMAKE_INSTALL_PREFIX=/app/project/install/my_robot_controller
[0.909s] Invoking command in '/app/project/build/my_robot_controller': CMAKE_PREFIX_PATH=${CMAKE_PREFIX_PATH}:/app/project/install/base_link_p3_description:/opt/ros/foxy /usr/bin/cmake --build /app/project/build/my_robot_controller -- -j16 -l16
[0.992s] [100%] Built target forward_node
[1.008s] Invoked command in '/app/project/build/my_robot_controller' returned '0': CMAKE_PREFIX_PATH=${CMAKE_PREFIX_PATH}:/app/project/install/base_link_p3_description:/opt/ros/foxy /usr/bin/cmake --build /app/project/build/my_robot_controller -- -j16 -l16
[1.048s] Invoking command in '/app/project/build/my_robot_controller': CMAKE_PREFIX_PATH=${CMAKE_PREFIX_PATH}:/app/project/install/base_link_p3_description:/opt/ros/foxy /usr/bin/cmake --install /app/project/build/my_robot_controller
[1.060s] -- Install configuration: ""
[1.060s] -- Execute custom install script
[1.061s] -- Up-to-date symlink: /app/project/install/my_robot_controller/lib/my_robot_controller/forward_node
[1.061s] -- Up-to-date symlink: /app/project/install/my_robot_controller/share/ament_index/resource_index/package_run_dependencies/my_robot_controller
[1.061s] -- Up-to-date symlink: /app/project/install/my_robot_controller/share/ament_index/resource_index/parent_prefix_path/my_robot_controller
[1.062s] -- Up-to-date symlink: /app/project/install/my_robot_controller/share/my_robot_controller/environment/ament_prefix_path.sh
[1.062s] -- Up-to-date symlink: /app/project/install/my_robot_controller/share/my_robot_controller/environment/ament_prefix_path.dsv
[1.062s] -- Up-to-date symlink: /app/project/install/my_robot_controller/share/my_robot_controller/environment/path.sh
[1.062s] -- Up-to-date symlink: /app/project/install/my_robot_controller/share/my_robot_controller/environment/path.dsv
[1.062s] -- Up-to-date symlink: /app/project/install/my_robot_controller/share/my_robot_controller/local_setup.bash
[1.062s] -- Up-to-date symlink: /app/project/install/my_robot_controller/share/my_robot_controller/local_setup.sh
[1.063s] -- Up-to-date symlink: /app/project/install/my_robot_controller/share/my_robot_controller/local_setup.zsh
[1.063s] -- Up-to-date symlink: /app/project/install/my_robot_controller/share/my_robot_controller/local_setup.dsv
[1.063s] -- Symlinking: /app/project/install/my_robot_controller/share/my_robot_controller/package.dsv
[1.076s] -- Up-to-date symlink: /app/project/install/my_robot_controller/share/ament_index/resource_index/packages/my_robot_controller
[1.077s] -- Up-to-date symlink: /app/project/install/my_robot_controller/share/my_robot_controller/cmake/my_robot_controllerConfig.cmake
[1.077s] -- Up-to-date symlink: /app/project/install/my_robot_controller/share/my_robot_controller/cmake/my_robot_controllerConfig-version.cmake
[1.077s] -- Up-to-date symlink: /app/project/install/my_robot_controller/share/my_robot_controller/package.xml
[1.102s] Invoked command in '/app/project/build/my_robot_controller' returned '0': CMAKE_PREFIX_PATH=${CMAKE_PREFIX_PATH}:/app/project/install/base_link_p3_description:/opt/ros/foxy /usr/bin/cmake --install /app/project/build/my_robot_controller
