running egg_info
creating ../../build/my_demo_pkg/my_demo_pkg.egg-info
writing ../../build/my_demo_pkg/my_demo_pkg.egg-info/PKG-INFO
writing dependency_links to ../../build/my_demo_pkg/my_demo_pkg.egg-info/dependency_links.txt
writing entry points to ../../build/my_demo_pkg/my_demo_pkg.egg-info/entry_points.txt
writing requirements to ../../build/my_demo_pkg/my_demo_pkg.egg-info/requires.txt
writing top-level names to ../../build/my_demo_pkg/my_demo_pkg.egg-info/top_level.txt
writing manifest file '../../build/my_demo_pkg/my_demo_pkg.egg-info/SOURCES.txt'
reading manifest file '../../build/my_demo_pkg/my_demo_pkg.egg-info/SOURCES.txt'
writing manifest file '../../build/my_demo_pkg/my_demo_pkg.egg-info/SOURCES.txt'
running build
running build_py
creating /app/ros2_ws/build/my_demo_pkg/build
creating /app/ros2_ws/build/my_demo_pkg/build/lib
creating /app/ros2_ws/build/my_demo_pkg/build/lib/my_demo_pkg
copying my_demo_pkg/move_controller.py -> /app/ros2_ws/build/my_demo_pkg/build/lib/my_demo_pkg
copying my_demo_pkg/color_controller.py -> /app/ros2_ws/build/my_demo_pkg/build/lib/my_demo_pkg
copying my_demo_pkg/__init__.py -> /app/ros2_ws/build/my_demo_pkg/build/lib/my_demo_pkg
running install
running install_lib
creating /app/ros2_ws/install/my_demo_pkg/lib/python3.8/site-packages/my_demo_pkg
copying /app/ros2_ws/build/my_demo_pkg/build/lib/my_demo_pkg/move_controller.py -> /app/ros2_ws/install/my_demo_pkg/lib/python3.8/site-packages/my_demo_pkg
copying /app/ros2_ws/build/my_demo_pkg/build/lib/my_demo_pkg/color_controller.py -> /app/ros2_ws/install/my_demo_pkg/lib/python3.8/site-packages/my_demo_pkg
copying /app/ros2_ws/build/my_demo_pkg/build/lib/my_demo_pkg/__init__.py -> /app/ros2_ws/install/my_demo_pkg/lib/python3.8/site-packages/my_demo_pkg
byte-compiling /app/ros2_ws/install/my_demo_pkg/lib/python3.8/site-packages/my_demo_pkg/move_controller.py to move_controller.cpython-38.pyc
byte-compiling /app/ros2_ws/install/my_demo_pkg/lib/python3.8/site-packages/my_demo_pkg/color_controller.py to color_controller.cpython-38.pyc
byte-compiling /app/ros2_ws/install/my_demo_pkg/lib/python3.8/site-packages/my_demo_pkg/__init__.py to __init__.cpython-38.pyc
running install_data
creating /app/ros2_ws/install/my_demo_pkg/share/ament_index
creating /app/ros2_ws/install/my_demo_pkg/share/ament_index/resource_index
creating /app/ros2_ws/install/my_demo_pkg/share/ament_index/resource_index/packages
copying resource/my_demo_pkg -> /app/ros2_ws/install/my_demo_pkg/share/ament_index/resource_index/packages
copying package.xml -> /app/ros2_ws/install/my_demo_pkg/share/my_demo_pkg
running install_egg_info
Copying ../../build/my_demo_pkg/my_demo_pkg.egg-info to /app/ros2_ws/install/my_demo_pkg/lib/python3.8/site-packages/my_demo_pkg-0.0.0-py3.8.egg-info
running install_scripts
Installing color_controller script to /app/ros2_ws/install/my_demo_pkg/lib/my_demo_pkg
Installing move_controller script to /app/ros2_ws/install/my_demo_pkg/lib/my_demo_pkg
writing list of installed files to '/app/ros2_ws/build/my_demo_pkg/install.log'
