[0.237s] DEBUG:colcon:Command line arguments: ['/usr/bin/colcon', 'build']
[0.237s] DEBUG:colcon:Parsed command line arguments: Namespace(ament_cmake_args=None, base_paths=['.'], build_base='build', catkin_cmake_args=None, catkin_skip_building_tests=False, cmake_args=None, cmake_clean_cache=False, cmake_clean_first=False, cmake_force_configure=False, cmake_target=None, cmake_target_skip_unavailable=False, continue_on_error=False, event_handlers=None, executor='parallel', ignore_user_meta=False, install_base='install', log_base=None, log_level=None, main=<bound method BuildVerb.main of <colcon_core.verb.build.BuildVerb object at 0x76c55bac4bb0>>, merge_install=False, metas=['./colcon.meta'], mixin=None, mixin_files=None, mixin_verb=('build',), packages_above=None, packages_above_and_dependencies=None, packages_above_depth=None, packages_end=None, packages_ignore=None, packages_ignore_regex=None, packages_select=None, packages_select_build_failed=False, packages_select_by_dep=None, packages_select_regex=None, packages_select_test_failures=False, packages_skip=None, packages_skip_build_finished=False, packages_skip_by_dep=None, packages_skip_regex=None, packages_skip_test_passed=False, packages_skip_up_to=None, packages_start=None, packages_up_to=None, packages_up_to_regex=None, parallel_workers=16, paths=None, symlink_install=False, test_result_base=None, verb_extension=<colcon_core.verb.build.BuildVerb object at 0x76c55bac4bb0>, verb_name='build', verb_parser=<colcon_mixin.mixin.mixin_argument.MixinArgumentDecorator object at 0x76c55bad11c0>)
[0.258s] Level 1:colcon.colcon_core.package_discovery:discover_packages(colcon_meta) check parameters
[0.258s] INFO:colcon.colcon_metadata.package_discovery.colcon_meta:Using configuration from '/root/.colcon/metadata/default/Gazebo.meta'
[0.259s] INFO:colcon.colcon_metadata.package_discovery.colcon_meta:Using configuration from '/root/.colcon/metadata/default/fastdds.meta'
[0.259s] INFO:colcon.colcon_metadata.package_discovery.colcon_meta:Using configuration from '/root/.colcon/metadata/default/fastrtps.meta'
[0.259s] Level 1:colcon.colcon_core.package_discovery:discover_packages(recursive) check parameters
[0.259s] Level 1:colcon.colcon_core.package_discovery:discover_packages(ignore) check parameters
[0.259s] Level 1:colcon.colcon_core.package_discovery:discover_packages(path) check parameters
[0.259s] Level 1:colcon.colcon_core.package_discovery:discover_packages(colcon_meta) discover
[0.259s] Level 1:colcon.colcon_core.package_discovery:discover_packages(recursive) discover
[0.259s] INFO:colcon.colcon_core.package_discovery:Crawling recursively for packages in '/app/project'
[0.259s] Level 1:colcon.colcon_core.package_identification:_identify(.) by extensions ['ignore', 'ignore_ament_install']
[0.259s] Level 1:colcon.colcon_core.package_identification:_identify(.) by extension 'ignore'
[0.259s] Level 1:colcon.colcon_core.package_identification:_identify(.) by extension 'ignore_ament_install'
[0.259s] Level 1:colcon.colcon_core.package_identification:_identify(.) by extensions ['colcon_pkg']
[0.260s] Level 1:colcon.colcon_core.package_identification:_identify(.) by extension 'colcon_pkg'
[0.260s] Level 1:colcon.colcon_core.package_identification:_identify(.) by extensions ['colcon_meta']
[0.260s] Level 1:colcon.colcon_core.package_identification:_identify(.) by extension 'colcon_meta'
[0.260s] Level 1:colcon.colcon_core.package_identification:_identify(.) by extensions ['ros']
[0.260s] Level 1:colcon.colcon_core.package_identification:_identify(.) by extension 'ros'
[0.277s] Level 1:colcon.colcon_core.package_identification:_identify(.) by extensions ['cmake', 'python']
[0.277s] Level 1:colcon.colcon_core.package_identification:_identify(.) by extension 'cmake'
[0.278s] Level 1:colcon.colcon_core.package_identification:_identify(.) by extension 'python'
[0.278s] Level 1:colcon.colcon_core.package_identification:_identify(.) by extensions ['python_setup_py']
[0.278s] Level 1:colcon.colcon_core.package_identification:_identify(.) by extension 'python_setup_py'
[0.278s] Level 1:colcon.colcon_core.package_identification:_identify(build) by extensions ['ignore', 'ignore_ament_install']
[0.278s] Level 1:colcon.colcon_core.package_identification:_identify(build) by extension 'ignore'
[0.278s] Level 1:colcon.colcon_core.package_identification:_identify(build) ignored
[0.278s] Level 1:colcon.colcon_core.package_identification:_identify(doc_exemple) by extensions ['ignore', 'ignore_ament_install']
[0.278s] Level 1:colcon.colcon_core.package_identification:_identify(doc_exemple) by extension 'ignore'
[0.278s] Level 1:colcon.colcon_core.package_identification:_identify(doc_exemple) by extension 'ignore_ament_install'
[0.278s] Level 1:colcon.colcon_core.package_identification:_identify(doc_exemple) by extensions ['colcon_pkg']
[0.278s] Level 1:colcon.colcon_core.package_identification:_identify(doc_exemple) by extension 'colcon_pkg'
[0.278s] Level 1:colcon.colcon_core.package_identification:_identify(doc_exemple) by extensions ['colcon_meta']
[0.278s] Level 1:colcon.colcon_core.package_identification:_identify(doc_exemple) by extension 'colcon_meta'
[0.278s] Level 1:colcon.colcon_core.package_identification:_identify(doc_exemple) by extensions ['ros']
[0.278s] Level 1:colcon.colcon_core.package_identification:_identify(doc_exemple) by extension 'ros'
[0.278s] Level 1:colcon.colcon_core.package_identification:_identify(doc_exemple) by extensions ['cmake', 'python']
[0.278s] Level 1:colcon.colcon_core.package_identification:_identify(doc_exemple) by extension 'cmake'
[0.278s] Level 1:colcon.colcon_core.package_identification:_identify(doc_exemple) by extension 'python'
[0.278s] Level 1:colcon.colcon_core.package_identification:_identify(doc_exemple) by extensions ['python_setup_py']
[0.278s] Level 1:colcon.colcon_core.package_identification:_identify(doc_exemple) by extension 'python_setup_py'
[0.278s] Level 1:colcon.colcon_core.package_identification:_identify(doc_exemple/ws) by extensions ['ignore', 'ignore_ament_install']
[0.278s] Level 1:colcon.colcon_core.package_identification:_identify(doc_exemple/ws) by extension 'ignore'
[0.279s] Level 1:colcon.colcon_core.package_identification:_identify(doc_exemple/ws) by extension 'ignore_ament_install'
[0.279s] Level 1:colcon.colcon_core.package_identification:_identify(doc_exemple/ws) by extensions ['colcon_pkg']
[0.279s] Level 1:colcon.colcon_core.package_identification:_identify(doc_exemple/ws) by extension 'colcon_pkg'
[0.279s] Level 1:colcon.colcon_core.package_identification:_identify(doc_exemple/ws) by extensions ['colcon_meta']
[0.279s] Level 1:colcon.colcon_core.package_identification:_identify(doc_exemple/ws) by extension 'colcon_meta'
[0.279s] Level 1:colcon.colcon_core.package_identification:_identify(doc_exemple/ws) by extensions ['ros']
[0.279s] Level 1:colcon.colcon_core.package_identification:_identify(doc_exemple/ws) by extension 'ros'
[0.279s] Level 1:colcon.colcon_core.package_identification:_identify(doc_exemple/ws) by extensions ['cmake', 'python']
[0.279s] Level 1:colcon.colcon_core.package_identification:_identify(doc_exemple/ws) by extension 'cmake'
[0.279s] Level 1:colcon.colcon_core.package_identification:_identify(doc_exemple/ws) by extension 'python'
[0.279s] Level 1:colcon.colcon_core.package_identification:_identify(doc_exemple/ws) by extensions ['python_setup_py']
[0.279s] Level 1:colcon.colcon_core.package_identification:_identify(doc_exemple/ws) by extension 'python_setup_py'
[0.279s] Level 1:colcon.colcon_core.package_identification:_identify(doc_exemple/ws/src) by extensions ['ignore', 'ignore_ament_install']
[0.279s] Level 1:colcon.colcon_core.package_identification:_identify(doc_exemple/ws/src) by extension 'ignore'
[0.279s] Level 1:colcon.colcon_core.package_identification:_identify(doc_exemple/ws/src) by extension 'ignore_ament_install'
[0.279s] Level 1:colcon.colcon_core.package_identification:_identify(doc_exemple/ws/src) by extensions ['colcon_pkg']
[0.279s] Level 1:colcon.colcon_core.package_identification:_identify(doc_exemple/ws/src) by extension 'colcon_pkg'
[0.279s] Level 1:colcon.colcon_core.package_identification:_identify(doc_exemple/ws/src) by extensions ['colcon_meta']
[0.279s] Level 1:colcon.colcon_core.package_identification:_identify(doc_exemple/ws/src) by extension 'colcon_meta'
[0.279s] Level 1:colcon.colcon_core.package_identification:_identify(doc_exemple/ws/src) by extensions ['ros']
[0.279s] Level 1:colcon.colcon_core.package_identification:_identify(doc_exemple/ws/src) by extension 'ros'
[0.279s] Level 1:colcon.colcon_core.package_identification:_identify(doc_exemple/ws/src) by extensions ['cmake', 'python']
[0.279s] Level 1:colcon.colcon_core.package_identification:_identify(doc_exemple/ws/src) by extension 'cmake'
[0.279s] Level 1:colcon.colcon_core.package_identification:_identify(doc_exemple/ws/src) by extension 'python'
[0.279s] Level 1:colcon.colcon_core.package_identification:_identify(doc_exemple/ws/src) by extensions ['python_setup_py']
[0.279s] Level 1:colcon.colcon_core.package_identification:_identify(doc_exemple/ws/src) by extension 'python_setup_py'
[0.279s] Level 1:colcon.colcon_core.package_identification:_identify(doc_exemple/ws/src/gazebo_ros_pkgs) by extensions ['ignore', 'ignore_ament_install']
[0.280s] Level 1:colcon.colcon_core.package_identification:_identify(doc_exemple/ws/src/gazebo_ros_pkgs) by extension 'ignore'
[0.280s] Level 1:colcon.colcon_core.package_identification:_identify(doc_exemple/ws/src/gazebo_ros_pkgs) by extension 'ignore_ament_install'
[0.280s] Level 1:colcon.colcon_core.package_identification:_identify(doc_exemple/ws/src/gazebo_ros_pkgs) by extensions ['colcon_pkg']
[0.280s] Level 1:colcon.colcon_core.package_identification:_identify(doc_exemple/ws/src/gazebo_ros_pkgs) by extension 'colcon_pkg'
[0.280s] Level 1:colcon.colcon_core.package_identification:_identify(doc_exemple/ws/src/gazebo_ros_pkgs) by extensions ['colcon_meta']
[0.280s] Level 1:colcon.colcon_core.package_identification:_identify(doc_exemple/ws/src/gazebo_ros_pkgs) by extension 'colcon_meta'
[0.280s] Level 1:colcon.colcon_core.package_identification:_identify(doc_exemple/ws/src/gazebo_ros_pkgs) by extensions ['ros']
[0.280s] Level 1:colcon.colcon_core.package_identification:_identify(doc_exemple/ws/src/gazebo_ros_pkgs) by extension 'ros'
[0.280s] Level 1:colcon.colcon_core.package_identification:_identify(doc_exemple/ws/src/gazebo_ros_pkgs) by extensions ['cmake', 'python']
[0.280s] Level 1:colcon.colcon_core.package_identification:_identify(doc_exemple/ws/src/gazebo_ros_pkgs) by extension 'cmake'
[0.280s] Level 1:colcon.colcon_core.package_identification:_identify(doc_exemple/ws/src/gazebo_ros_pkgs) by extension 'python'
[0.280s] Level 1:colcon.colcon_core.package_identification:_identify(doc_exemple/ws/src/gazebo_ros_pkgs) by extensions ['python_setup_py']
[0.280s] Level 1:colcon.colcon_core.package_identification:_identify(doc_exemple/ws/src/gazebo_ros_pkgs) by extension 'python_setup_py'
[0.280s] Level 1:colcon.colcon_core.package_identification:_identify(doc_exemple/ws/src/gazebo_ros_pkgs/gazebo_dev) by extensions ['ignore', 'ignore_ament_install']
[0.280s] Level 1:colcon.colcon_core.package_identification:_identify(doc_exemple/ws/src/gazebo_ros_pkgs/gazebo_dev) by extension 'ignore'
[0.280s] Level 1:colcon.colcon_core.package_identification:_identify(doc_exemple/ws/src/gazebo_ros_pkgs/gazebo_dev) by extension 'ignore_ament_install'
[0.280s] Level 1:colcon.colcon_core.package_identification:_identify(doc_exemple/ws/src/gazebo_ros_pkgs/gazebo_dev) by extensions ['colcon_pkg']
[0.280s] Level 1:colcon.colcon_core.package_identification:_identify(doc_exemple/ws/src/gazebo_ros_pkgs/gazebo_dev) by extension 'colcon_pkg'
[0.281s] Level 1:colcon.colcon_core.package_identification:_identify(doc_exemple/ws/src/gazebo_ros_pkgs/gazebo_dev) by extensions ['colcon_meta']
[0.281s] Level 1:colcon.colcon_core.package_identification:_identify(doc_exemple/ws/src/gazebo_ros_pkgs/gazebo_dev) by extension 'colcon_meta'
[0.281s] Level 1:colcon.colcon_core.package_identification:_identify(doc_exemple/ws/src/gazebo_ros_pkgs/gazebo_dev) by extensions ['ros']
[0.281s] Level 1:colcon.colcon_core.package_identification:_identify(doc_exemple/ws/src/gazebo_ros_pkgs/gazebo_dev) by extension 'ros'
[0.283s] DEBUG:colcon.colcon_core.package_identification:Package 'doc_exemple/ws/src/gazebo_ros_pkgs/gazebo_dev' with type 'ros.ament_cmake' and name 'gazebo_dev'
[0.283s] Level 1:colcon.colcon_core.package_identification:_identify(doc_exemple/ws/src/gazebo_ros_pkgs/gazebo_msgs) by extensions ['ignore', 'ignore_ament_install']
[0.283s] Level 1:colcon.colcon_core.package_identification:_identify(doc_exemple/ws/src/gazebo_ros_pkgs/gazebo_msgs) by extension 'ignore'
[0.283s] Level 1:colcon.colcon_core.package_identification:_identify(doc_exemple/ws/src/gazebo_ros_pkgs/gazebo_msgs) by extension 'ignore_ament_install'
[0.283s] Level 1:colcon.colcon_core.package_identification:_identify(doc_exemple/ws/src/gazebo_ros_pkgs/gazebo_msgs) by extensions ['colcon_pkg']
[0.283s] Level 1:colcon.colcon_core.package_identification:_identify(doc_exemple/ws/src/gazebo_ros_pkgs/gazebo_msgs) by extension 'colcon_pkg'
[0.283s] Level 1:colcon.colcon_core.package_identification:_identify(doc_exemple/ws/src/gazebo_ros_pkgs/gazebo_msgs) by extensions ['colcon_meta']
[0.283s] Level 1:colcon.colcon_core.package_identification:_identify(doc_exemple/ws/src/gazebo_ros_pkgs/gazebo_msgs) by extension 'colcon_meta'
[0.283s] Level 1:colcon.colcon_core.package_identification:_identify(doc_exemple/ws/src/gazebo_ros_pkgs/gazebo_msgs) by extensions ['ros']
[0.283s] Level 1:colcon.colcon_core.package_identification:_identify(doc_exemple/ws/src/gazebo_ros_pkgs/gazebo_msgs) by extension 'ros'
[0.284s] DEBUG:colcon.colcon_core.package_identification:Package 'doc_exemple/ws/src/gazebo_ros_pkgs/gazebo_msgs' with type 'ros.ament_cmake' and name 'gazebo_msgs'
[0.284s] Level 1:colcon.colcon_core.package_identification:_identify(doc_exemple/ws/src/gazebo_ros_pkgs/gazebo_plugins) by extensions ['ignore', 'ignore_ament_install']
[0.284s] Level 1:colcon.colcon_core.package_identification:_identify(doc_exemple/ws/src/gazebo_ros_pkgs/gazebo_plugins) by extension 'ignore'
[0.284s] Level 1:colcon.colcon_core.package_identification:_identify(doc_exemple/ws/src/gazebo_ros_pkgs/gazebo_plugins) by extension 'ignore_ament_install'
[0.284s] Level 1:colcon.colcon_core.package_identification:_identify(doc_exemple/ws/src/gazebo_ros_pkgs/gazebo_plugins) by extensions ['colcon_pkg']
[0.284s] Level 1:colcon.colcon_core.package_identification:_identify(doc_exemple/ws/src/gazebo_ros_pkgs/gazebo_plugins) by extension 'colcon_pkg'
[0.284s] Level 1:colcon.colcon_core.package_identification:_identify(doc_exemple/ws/src/gazebo_ros_pkgs/gazebo_plugins) by extensions ['colcon_meta']
[0.285s] Level 1:colcon.colcon_core.package_identification:_identify(doc_exemple/ws/src/gazebo_ros_pkgs/gazebo_plugins) by extension 'colcon_meta'
[0.285s] Level 1:colcon.colcon_core.package_identification:_identify(doc_exemple/ws/src/gazebo_ros_pkgs/gazebo_plugins) by extensions ['ros']
[0.285s] Level 1:colcon.colcon_core.package_identification:_identify(doc_exemple/ws/src/gazebo_ros_pkgs/gazebo_plugins) by extension 'ros'
[0.286s] DEBUG:colcon.colcon_core.package_identification:Package 'doc_exemple/ws/src/gazebo_ros_pkgs/gazebo_plugins' with type 'ros.ament_cmake' and name 'gazebo_plugins'
[0.286s] Level 1:colcon.colcon_core.package_identification:_identify(doc_exemple/ws/src/gazebo_ros_pkgs/gazebo_ros) by extensions ['ignore', 'ignore_ament_install']
[0.286s] Level 1:colcon.colcon_core.package_identification:_identify(doc_exemple/ws/src/gazebo_ros_pkgs/gazebo_ros) by extension 'ignore'
[0.286s] Level 1:colcon.colcon_core.package_identification:_identify(doc_exemple/ws/src/gazebo_ros_pkgs/gazebo_ros) by extension 'ignore_ament_install'
[0.286s] Level 1:colcon.colcon_core.package_identification:_identify(doc_exemple/ws/src/gazebo_ros_pkgs/gazebo_ros) by extensions ['colcon_pkg']
[0.286s] Level 1:colcon.colcon_core.package_identification:_identify(doc_exemple/ws/src/gazebo_ros_pkgs/gazebo_ros) by extension 'colcon_pkg'
[0.286s] Level 1:colcon.colcon_core.package_identification:_identify(doc_exemple/ws/src/gazebo_ros_pkgs/gazebo_ros) by extensions ['colcon_meta']
[0.286s] Level 1:colcon.colcon_core.package_identification:_identify(doc_exemple/ws/src/gazebo_ros_pkgs/gazebo_ros) by extension 'colcon_meta'
[0.286s] Level 1:colcon.colcon_core.package_identification:_identify(doc_exemple/ws/src/gazebo_ros_pkgs/gazebo_ros) by extensions ['ros']
[0.286s] Level 1:colcon.colcon_core.package_identification:_identify(doc_exemple/ws/src/gazebo_ros_pkgs/gazebo_ros) by extension 'ros'
[0.287s] DEBUG:colcon.colcon_core.package_identification:Package 'doc_exemple/ws/src/gazebo_ros_pkgs/gazebo_ros' with type 'ros.ament_cmake' and name 'gazebo_ros'
[0.288s] Level 1:colcon.colcon_core.package_identification:_identify(doc_exemple/ws/src/gazebo_ros_pkgs/gazebo_ros_control) by extensions ['ignore', 'ignore_ament_install']
[0.288s] Level 1:colcon.colcon_core.package_identification:_identify(doc_exemple/ws/src/gazebo_ros_pkgs/gazebo_ros_control) by extension 'ignore'
[0.288s] Level 1:colcon.colcon_core.package_identification:_identify(doc_exemple/ws/src/gazebo_ros_pkgs/gazebo_ros_control) by extension 'ignore_ament_install'
[0.288s] Level 1:colcon.colcon_core.package_identification:_identify(doc_exemple/ws/src/gazebo_ros_pkgs/gazebo_ros_control) by extensions ['colcon_pkg']
[0.288s] Level 1:colcon.colcon_core.package_identification:_identify(doc_exemple/ws/src/gazebo_ros_pkgs/gazebo_ros_control) by extension 'colcon_pkg'
[0.288s] Level 1:colcon.colcon_core.package_identification:_identify(doc_exemple/ws/src/gazebo_ros_pkgs/gazebo_ros_control) by extensions ['colcon_meta']
[0.288s] Level 1:colcon.colcon_core.package_identification:_identify(doc_exemple/ws/src/gazebo_ros_pkgs/gazebo_ros_control) by extension 'colcon_meta'
[0.288s] Level 1:colcon.colcon_core.package_identification:_identify(doc_exemple/ws/src/gazebo_ros_pkgs/gazebo_ros_control) by extensions ['ros']
[0.288s] Level 1:colcon.colcon_core.package_identification:_identify(doc_exemple/ws/src/gazebo_ros_pkgs/gazebo_ros_control) by extension 'ros'
[0.288s] Level 1:colcon.colcon_core.package_identification:_identify(doc_exemple/ws/src/gazebo_ros_pkgs/gazebo_ros_control) by extensions ['cmake', 'python']
[0.288s] Level 1:colcon.colcon_core.package_identification:_identify(doc_exemple/ws/src/gazebo_ros_pkgs/gazebo_ros_control) by extension 'cmake'
[0.288s] Level 1:colcon.colcon_core.package_identification:_identify(doc_exemple/ws/src/gazebo_ros_pkgs/gazebo_ros_control) by extension 'python'
[0.288s] Level 1:colcon.colcon_core.package_identification:_identify(doc_exemple/ws/src/gazebo_ros_pkgs/gazebo_ros_control) by extensions ['python_setup_py']
[0.288s] Level 1:colcon.colcon_core.package_identification:_identify(doc_exemple/ws/src/gazebo_ros_pkgs/gazebo_ros_control) by extension 'python_setup_py'
[0.288s] Level 1:colcon.colcon_core.package_identification:_identify(doc_exemple/ws/src/gazebo_ros_pkgs/gazebo_ros_pkgs) by extensions ['ignore', 'ignore_ament_install']
[0.288s] Level 1:colcon.colcon_core.package_identification:_identify(doc_exemple/ws/src/gazebo_ros_pkgs/gazebo_ros_pkgs) by extension 'ignore'
[0.289s] Level 1:colcon.colcon_core.package_identification:_identify(doc_exemple/ws/src/gazebo_ros_pkgs/gazebo_ros_pkgs) by extension 'ignore_ament_install'
[0.289s] Level 1:colcon.colcon_core.package_identification:_identify(doc_exemple/ws/src/gazebo_ros_pkgs/gazebo_ros_pkgs) by extensions ['colcon_pkg']
[0.289s] Level 1:colcon.colcon_core.package_identification:_identify(doc_exemple/ws/src/gazebo_ros_pkgs/gazebo_ros_pkgs) by extension 'colcon_pkg'
[0.289s] Level 1:colcon.colcon_core.package_identification:_identify(doc_exemple/ws/src/gazebo_ros_pkgs/gazebo_ros_pkgs) by extensions ['colcon_meta']
[0.289s] Level 1:colcon.colcon_core.package_identification:_identify(doc_exemple/ws/src/gazebo_ros_pkgs/gazebo_ros_pkgs) by extension 'colcon_meta'
[0.289s] Level 1:colcon.colcon_core.package_identification:_identify(doc_exemple/ws/src/gazebo_ros_pkgs/gazebo_ros_pkgs) by extensions ['ros']
[0.289s] Level 1:colcon.colcon_core.package_identification:_identify(doc_exemple/ws/src/gazebo_ros_pkgs/gazebo_ros_pkgs) by extension 'ros'
[0.289s] DEBUG:colcon.colcon_core.package_identification:Package 'doc_exemple/ws/src/gazebo_ros_pkgs/gazebo_ros_pkgs' with type 'ros.ament_cmake' and name 'gazebo_ros_pkgs'
[0.289s] Level 1:colcon.colcon_core.package_identification:_identify(doc_exemple/ws/src/vision_opencv) by extensions ['ignore', 'ignore_ament_install']
[0.289s] Level 1:colcon.colcon_core.package_identification:_identify(doc_exemple/ws/src/vision_opencv) by extension 'ignore'
[0.289s] Level 1:colcon.colcon_core.package_identification:_identify(doc_exemple/ws/src/vision_opencv) by extension 'ignore_ament_install'
[0.289s] Level 1:colcon.colcon_core.package_identification:_identify(doc_exemple/ws/src/vision_opencv) by extensions ['colcon_pkg']
[0.289s] Level 1:colcon.colcon_core.package_identification:_identify(doc_exemple/ws/src/vision_opencv) by extension 'colcon_pkg'
[0.289s] Level 1:colcon.colcon_core.package_identification:_identify(doc_exemple/ws/src/vision_opencv) by extensions ['colcon_meta']
[0.289s] Level 1:colcon.colcon_core.package_identification:_identify(doc_exemple/ws/src/vision_opencv) by extension 'colcon_meta'
[0.289s] Level 1:colcon.colcon_core.package_identification:_identify(doc_exemple/ws/src/vision_opencv) by extensions ['ros']
[0.290s] Level 1:colcon.colcon_core.package_identification:_identify(doc_exemple/ws/src/vision_opencv) by extension 'ros'
[0.290s] Level 1:colcon.colcon_core.package_identification:_identify(doc_exemple/ws/src/vision_opencv) by extensions ['cmake', 'python']
[0.290s] Level 1:colcon.colcon_core.package_identification:_identify(doc_exemple/ws/src/vision_opencv) by extension 'cmake'
[0.290s] Level 1:colcon.colcon_core.package_identification:_identify(doc_exemple/ws/src/vision_opencv) by extension 'python'
[0.290s] Level 1:colcon.colcon_core.package_identification:_identify(doc_exemple/ws/src/vision_opencv) by extensions ['python_setup_py']
[0.290s] Level 1:colcon.colcon_core.package_identification:_identify(doc_exemple/ws/src/vision_opencv) by extension 'python_setup_py'
[0.290s] Level 1:colcon.colcon_core.package_identification:_identify(doc_exemple/ws/src/vision_opencv/cv_bridge) by extensions ['ignore', 'ignore_ament_install']
[0.290s] Level 1:colcon.colcon_core.package_identification:_identify(doc_exemple/ws/src/vision_opencv/cv_bridge) by extension 'ignore'
[0.290s] Level 1:colcon.colcon_core.package_identification:_identify(doc_exemple/ws/src/vision_opencv/cv_bridge) by extension 'ignore_ament_install'
[0.290s] Level 1:colcon.colcon_core.package_identification:_identify(doc_exemple/ws/src/vision_opencv/cv_bridge) by extensions ['colcon_pkg']
[0.290s] Level 1:colcon.colcon_core.package_identification:_identify(doc_exemple/ws/src/vision_opencv/cv_bridge) by extension 'colcon_pkg'
[0.290s] Level 1:colcon.colcon_core.package_identification:_identify(doc_exemple/ws/src/vision_opencv/cv_bridge) by extensions ['colcon_meta']
[0.290s] Level 1:colcon.colcon_core.package_identification:_identify(doc_exemple/ws/src/vision_opencv/cv_bridge) by extension 'colcon_meta'
[0.290s] Level 1:colcon.colcon_core.package_identification:_identify(doc_exemple/ws/src/vision_opencv/cv_bridge) by extensions ['ros']
[0.290s] Level 1:colcon.colcon_core.package_identification:_identify(doc_exemple/ws/src/vision_opencv/cv_bridge) by extension 'ros'
[0.291s] DEBUG:colcon.colcon_core.package_identification:Package 'doc_exemple/ws/src/vision_opencv/cv_bridge' with type 'ros.ament_cmake' and name 'cv_bridge'
[0.291s] Level 1:colcon.colcon_core.package_identification:_identify(doc_exemple/ws/src/vision_opencv/image_geometry) by extensions ['ignore', 'ignore_ament_install']
[0.291s] Level 1:colcon.colcon_core.package_identification:_identify(doc_exemple/ws/src/vision_opencv/image_geometry) by extension 'ignore'
[0.291s] Level 1:colcon.colcon_core.package_identification:_identify(doc_exemple/ws/src/vision_opencv/image_geometry) by extension 'ignore_ament_install'
[0.291s] Level 1:colcon.colcon_core.package_identification:_identify(doc_exemple/ws/src/vision_opencv/image_geometry) by extensions ['colcon_pkg']
[0.291s] Level 1:colcon.colcon_core.package_identification:_identify(doc_exemple/ws/src/vision_opencv/image_geometry) by extension 'colcon_pkg'
[0.291s] Level 1:colcon.colcon_core.package_identification:_identify(doc_exemple/ws/src/vision_opencv/image_geometry) by extensions ['colcon_meta']
[0.291s] Level 1:colcon.colcon_core.package_identification:_identify(doc_exemple/ws/src/vision_opencv/image_geometry) by extension 'colcon_meta'
[0.291s] Level 1:colcon.colcon_core.package_identification:_identify(doc_exemple/ws/src/vision_opencv/image_geometry) by extensions ['ros']
[0.291s] Level 1:colcon.colcon_core.package_identification:_identify(doc_exemple/ws/src/vision_opencv/image_geometry) by extension 'ros'
[0.292s] DEBUG:colcon.colcon_core.package_identification:Package 'doc_exemple/ws/src/vision_opencv/image_geometry' with type 'ros.ament_cmake' and name 'image_geometry'
[0.292s] Level 1:colcon.colcon_core.package_identification:_identify(doc_exemple/ws/src/vision_opencv/opencv_tests) by extensions ['ignore', 'ignore_ament_install']
[0.292s] Level 1:colcon.colcon_core.package_identification:_identify(doc_exemple/ws/src/vision_opencv/opencv_tests) by extension 'ignore'
[0.292s] Level 1:colcon.colcon_core.package_identification:_identify(doc_exemple/ws/src/vision_opencv/opencv_tests) by extension 'ignore_ament_install'
[0.292s] Level 1:colcon.colcon_core.package_identification:_identify(doc_exemple/ws/src/vision_opencv/opencv_tests) by extensions ['colcon_pkg']
[0.292s] Level 1:colcon.colcon_core.package_identification:_identify(doc_exemple/ws/src/vision_opencv/opencv_tests) by extension 'colcon_pkg'
[0.292s] Level 1:colcon.colcon_core.package_identification:_identify(doc_exemple/ws/src/vision_opencv/opencv_tests) by extensions ['colcon_meta']
[0.292s] Level 1:colcon.colcon_core.package_identification:_identify(doc_exemple/ws/src/vision_opencv/opencv_tests) by extension 'colcon_meta'
[0.292s] Level 1:colcon.colcon_core.package_identification:_identify(doc_exemple/ws/src/vision_opencv/opencv_tests) by extensions ['ros']
[0.292s] Level 1:colcon.colcon_core.package_identification:_identify(doc_exemple/ws/src/vision_opencv/opencv_tests) by extension 'ros'
[0.293s] DEBUG:colcon.colcon_core.package_identification:Package 'doc_exemple/ws/src/vision_opencv/opencv_tests' with type 'ros.ament_python' and name 'opencv_tests'
[0.293s] Level 1:colcon.colcon_core.package_identification:_identify(doc_exemple/ws/src/vision_opencv/vision_opencv) by extensions ['ignore', 'ignore_ament_install']
[0.293s] Level 1:colcon.colcon_core.package_identification:_identify(doc_exemple/ws/src/vision_opencv/vision_opencv) by extension 'ignore'
[0.293s] Level 1:colcon.colcon_core.package_identification:_identify(doc_exemple/ws/src/vision_opencv/vision_opencv) by extension 'ignore_ament_install'
[0.293s] Level 1:colcon.colcon_core.package_identification:_identify(doc_exemple/ws/src/vision_opencv/vision_opencv) by extensions ['colcon_pkg']
[0.293s] Level 1:colcon.colcon_core.package_identification:_identify(doc_exemple/ws/src/vision_opencv/vision_opencv) by extension 'colcon_pkg'
[0.293s] Level 1:colcon.colcon_core.package_identification:_identify(doc_exemple/ws/src/vision_opencv/vision_opencv) by extensions ['colcon_meta']
[0.293s] Level 1:colcon.colcon_core.package_identification:_identify(doc_exemple/ws/src/vision_opencv/vision_opencv) by extension 'colcon_meta'
[0.293s] Level 1:colcon.colcon_core.package_identification:_identify(doc_exemple/ws/src/vision_opencv/vision_opencv) by extensions ['ros']
[0.293s] Level 1:colcon.colcon_core.package_identification:_identify(doc_exemple/ws/src/vision_opencv/vision_opencv) by extension 'ros'
[0.293s] DEBUG:colcon.colcon_core.package_identification:Package 'doc_exemple/ws/src/vision_opencv/vision_opencv' with type 'ros.ament_cmake' and name 'vision_opencv'
[0.293s] Level 1:colcon.colcon_core.package_identification:_identify(install) by extensions ['ignore', 'ignore_ament_install']
[0.293s] Level 1:colcon.colcon_core.package_identification:_identify(install) by extension 'ignore'
[0.293s] Level 1:colcon.colcon_core.package_identification:_identify(install) ignored
[0.294s] Level 1:colcon.colcon_core.package_identification:_identify(log) by extensions ['ignore', 'ignore_ament_install']
[0.294s] Level 1:colcon.colcon_core.package_identification:_identify(log) by extension 'ignore'
[0.294s] Level 1:colcon.colcon_core.package_identification:_identify(log) ignored
[0.294s] Level 1:colcon.colcon_core.package_identification:_identify(src) by extensions ['ignore', 'ignore_ament_install']
[0.294s] Level 1:colcon.colcon_core.package_identification:_identify(src) by extension 'ignore'
[0.294s] Level 1:colcon.colcon_core.package_identification:_identify(src) by extension 'ignore_ament_install'
[0.294s] Level 1:colcon.colcon_core.package_identification:_identify(src) by extensions ['colcon_pkg']
[0.294s] Level 1:colcon.colcon_core.package_identification:_identify(src) by extension 'colcon_pkg'
[0.294s] Level 1:colcon.colcon_core.package_identification:_identify(src) by extensions ['colcon_meta']
[0.294s] Level 1:colcon.colcon_core.package_identification:_identify(src) by extension 'colcon_meta'
[0.294s] Level 1:colcon.colcon_core.package_identification:_identify(src) by extensions ['ros']
[0.294s] Level 1:colcon.colcon_core.package_identification:_identify(src) by extension 'ros'
[0.294s] Level 1:colcon.colcon_core.package_identification:_identify(src) by extensions ['cmake', 'python']
[0.294s] Level 1:colcon.colcon_core.package_identification:_identify(src) by extension 'cmake'
[0.294s] Level 1:colcon.colcon_core.package_identification:_identify(src) by extension 'python'
[0.294s] Level 1:colcon.colcon_core.package_identification:_identify(src) by extensions ['python_setup_py']
[0.294s] Level 1:colcon.colcon_core.package_identification:_identify(src) by extension 'python_setup_py'
[0.294s] Level 1:colcon.colcon_core.package_identification:_identify(src/packge) by extensions ['ignore', 'ignore_ament_install']
[0.294s] Level 1:colcon.colcon_core.package_identification:_identify(src/packge) by extension 'ignore'
[0.294s] Level 1:colcon.colcon_core.package_identification:_identify(src/packge) by extension 'ignore_ament_install'
[0.294s] Level 1:colcon.colcon_core.package_identification:_identify(src/packge) by extensions ['colcon_pkg']
[0.294s] Level 1:colcon.colcon_core.package_identification:_identify(src/packge) by extension 'colcon_pkg'
[0.294s] Level 1:colcon.colcon_core.package_identification:_identify(src/packge) by extensions ['colcon_meta']
[0.294s] Level 1:colcon.colcon_core.package_identification:_identify(src/packge) by extension 'colcon_meta'
[0.294s] Level 1:colcon.colcon_core.package_identification:_identify(src/packge) by extensions ['ros']
[0.295s] Level 1:colcon.colcon_core.package_identification:_identify(src/packge) by extension 'ros'
[0.295s] DEBUG:colcon.colcon_core.package_identification:Package 'src/packge' with type 'ros.ament_cmake' and name 'packge'
[0.295s] Level 1:colcon.colcon_core.package_identification:_identify(src/square_controller) by extensions ['ignore', 'ignore_ament_install']
[0.295s] Level 1:colcon.colcon_core.package_identification:_identify(src/square_controller) by extension 'ignore'
[0.295s] Level 1:colcon.colcon_core.package_identification:_identify(src/square_controller) by extension 'ignore_ament_install'
[0.295s] Level 1:colcon.colcon_core.package_identification:_identify(src/square_controller) by extensions ['colcon_pkg']
[0.295s] Level 1:colcon.colcon_core.package_identification:_identify(src/square_controller) by extension 'colcon_pkg'
[0.295s] Level 1:colcon.colcon_core.package_identification:_identify(src/square_controller) by extensions ['colcon_meta']
[0.295s] Level 1:colcon.colcon_core.package_identification:_identify(src/square_controller) by extension 'colcon_meta'
[0.295s] Level 1:colcon.colcon_core.package_identification:_identify(src/square_controller) by extensions ['ros']
[0.295s] Level 1:colcon.colcon_core.package_identification:_identify(src/square_controller) by extension 'ros'
[0.296s] DEBUG:colcon.colcon_core.package_identification:Package 'src/square_controller' with type 'ros.ament_cmake' and name 'square_controller'
[0.296s] Level 1:colcon.colcon_core.package_discovery:discover_packages(recursive) using defaults
[0.296s] Level 1:colcon.colcon_core.package_discovery:discover_packages(ignore) discover
[0.296s] Level 1:colcon.colcon_core.package_discovery:discover_packages(ignore) using defaults
[0.296s] Level 1:colcon.colcon_core.package_discovery:discover_packages(path) discover
[0.296s] Level 1:colcon.colcon_core.package_discovery:discover_packages(path) using defaults
[0.310s] INFO:colcon.colcon_metadata.metadata.colcon_pkg:Updating descriptor of package 'doc_exemple/ws/src/gazebo_ros_pkgs/gazebo_dev' from colcon.pkg: {'dependencies': ['Gazebo']}
[0.311s] INFO:colcon.colcon_metadata.metadata.colcon_pkg:Updating descriptor of package 'doc_exemple/ws/src/gazebo_ros_pkgs/gazebo_ros' from colcon.pkg: {'dependencies': ['Gazebo']}
[0.311s] INFO:colcon.colcon_metadata.metadata.colcon_pkg:Updating descriptor of package 'doc_exemple/ws/src/gazebo_ros_pkgs/gazebo_plugins' from colcon.pkg: {'dependencies': ['Gazebo']}
[0.313s] Level 5:colcon.colcon_core.verb:set package 'cv_bridge' build argument 'cmake_args' from command line to 'None'
[0.313s] Level 5:colcon.colcon_core.verb:set package 'cv_bridge' build argument 'cmake_target' from command line to 'None'
[0.313s] Level 5:colcon.colcon_core.verb:set package 'cv_bridge' build argument 'cmake_target_skip_unavailable' from command line to 'False'
[0.313s] Level 5:colcon.colcon_core.verb:set package 'cv_bridge' build argument 'cmake_clean_cache' from command line to 'False'
[0.313s] Level 5:colcon.colcon_core.verb:set package 'cv_bridge' build argument 'cmake_clean_first' from command line to 'False'
[0.313s] Level 5:colcon.colcon_core.verb:set package 'cv_bridge' build argument 'cmake_force_configure' from command line to 'False'
[0.313s] Level 5:colcon.colcon_core.verb:set package 'cv_bridge' build argument 'ament_cmake_args' from command line to 'None'
[0.313s] Level 5:colcon.colcon_core.verb:set package 'cv_bridge' build argument 'catkin_cmake_args' from command line to 'None'
[0.314s] Level 5:colcon.colcon_core.verb:set package 'cv_bridge' build argument 'catkin_skip_building_tests' from command line to 'False'
[0.314s] DEBUG:colcon.colcon_core.verb:Building package 'cv_bridge' with the following arguments: {'ament_cmake_args': None, 'build_base': '/app/project/build/cv_bridge', 'catkin_cmake_args': None, 'catkin_skip_building_tests': False, 'cmake_args': None, 'cmake_clean_cache': False, 'cmake_clean_first': False, 'cmake_force_configure': False, 'cmake_target': None, 'cmake_target_skip_unavailable': False, 'install_base': '/app/project/install/cv_bridge', 'merge_install': False, 'path': '/app/project/doc_exemple/ws/src/vision_opencv/cv_bridge', 'symlink_install': False, 'test_result_base': None}
[0.314s] Level 5:colcon.colcon_core.verb:set package 'gazebo_dev' build argument 'cmake_args' from command line to 'None'
[0.314s] Level 5:colcon.colcon_core.verb:set package 'gazebo_dev' build argument 'cmake_target' from command line to 'None'
[0.314s] Level 5:colcon.colcon_core.verb:set package 'gazebo_dev' build argument 'cmake_target_skip_unavailable' from command line to 'False'
[0.314s] Level 5:colcon.colcon_core.verb:set package 'gazebo_dev' build argument 'cmake_clean_cache' from command line to 'False'
[0.314s] Level 5:colcon.colcon_core.verb:set package 'gazebo_dev' build argument 'cmake_clean_first' from command line to 'False'
[0.314s] Level 5:colcon.colcon_core.verb:set package 'gazebo_dev' build argument 'cmake_force_configure' from command line to 'False'
[0.314s] Level 5:colcon.colcon_core.verb:set package 'gazebo_dev' build argument 'ament_cmake_args' from command line to 'None'
[0.314s] Level 5:colcon.colcon_core.verb:set package 'gazebo_dev' build argument 'catkin_cmake_args' from command line to 'None'
[0.314s] Level 5:colcon.colcon_core.verb:set package 'gazebo_dev' build argument 'catkin_skip_building_tests' from command line to 'False'
[0.314s] DEBUG:colcon.colcon_core.verb:Building package 'gazebo_dev' with the following arguments: {'ament_cmake_args': None, 'build_base': '/app/project/build/gazebo_dev', 'catkin_cmake_args': None, 'catkin_skip_building_tests': False, 'cmake_args': None, 'cmake_clean_cache': False, 'cmake_clean_first': False, 'cmake_force_configure': False, 'cmake_target': None, 'cmake_target_skip_unavailable': False, 'install_base': '/app/project/install/gazebo_dev', 'merge_install': False, 'path': '/app/project/doc_exemple/ws/src/gazebo_ros_pkgs/gazebo_dev', 'symlink_install': False, 'test_result_base': None}
[0.315s] Level 5:colcon.colcon_core.verb:set package 'gazebo_msgs' build argument 'cmake_args' from command line to 'None'
[0.315s] Level 5:colcon.colcon_core.verb:set package 'gazebo_msgs' build argument 'cmake_target' from command line to 'None'
[0.315s] Level 5:colcon.colcon_core.verb:set package 'gazebo_msgs' build argument 'cmake_target_skip_unavailable' from command line to 'False'
[0.315s] Level 5:colcon.colcon_core.verb:set package 'gazebo_msgs' build argument 'cmake_clean_cache' from command line to 'False'
[0.315s] Level 5:colcon.colcon_core.verb:set package 'gazebo_msgs' build argument 'cmake_clean_first' from command line to 'False'
[0.315s] Level 5:colcon.colcon_core.verb:set package 'gazebo_msgs' build argument 'cmake_force_configure' from command line to 'False'
[0.315s] Level 5:colcon.colcon_core.verb:set package 'gazebo_msgs' build argument 'ament_cmake_args' from command line to 'None'
[0.315s] Level 5:colcon.colcon_core.verb:set package 'gazebo_msgs' build argument 'catkin_cmake_args' from command line to 'None'
[0.315s] Level 5:colcon.colcon_core.verb:set package 'gazebo_msgs' build argument 'catkin_skip_building_tests' from command line to 'False'
[0.315s] DEBUG:colcon.colcon_core.verb:Building package 'gazebo_msgs' with the following arguments: {'ament_cmake_args': None, 'build_base': '/app/project/build/gazebo_msgs', 'catkin_cmake_args': None, 'catkin_skip_building_tests': False, 'cmake_args': None, 'cmake_clean_cache': False, 'cmake_clean_first': False, 'cmake_force_configure': False, 'cmake_target': None, 'cmake_target_skip_unavailable': False, 'install_base': '/app/project/install/gazebo_msgs', 'merge_install': False, 'path': '/app/project/doc_exemple/ws/src/gazebo_ros_pkgs/gazebo_msgs', 'symlink_install': False, 'test_result_base': None}
[0.316s] Level 5:colcon.colcon_core.verb:set package 'image_geometry' build argument 'cmake_args' from command line to 'None'
[0.316s] Level 5:colcon.colcon_core.verb:set package 'image_geometry' build argument 'cmake_target' from command line to 'None'
[0.316s] Level 5:colcon.colcon_core.verb:set package 'image_geometry' build argument 'cmake_target_skip_unavailable' from command line to 'False'
[0.316s] Level 5:colcon.colcon_core.verb:set package 'image_geometry' build argument 'cmake_clean_cache' from command line to 'False'
[0.316s] Level 5:colcon.colcon_core.verb:set package 'image_geometry' build argument 'cmake_clean_first' from command line to 'False'
[0.316s] Level 5:colcon.colcon_core.verb:set package 'image_geometry' build argument 'cmake_force_configure' from command line to 'False'
[0.316s] Level 5:colcon.colcon_core.verb:set package 'image_geometry' build argument 'ament_cmake_args' from command line to 'None'
[0.316s] Level 5:colcon.colcon_core.verb:set package 'image_geometry' build argument 'catkin_cmake_args' from command line to 'None'
[0.316s] Level 5:colcon.colcon_core.verb:set package 'image_geometry' build argument 'catkin_skip_building_tests' from command line to 'False'
[0.316s] DEBUG:colcon.colcon_core.verb:Building package 'image_geometry' with the following arguments: {'ament_cmake_args': None, 'build_base': '/app/project/build/image_geometry', 'catkin_cmake_args': None, 'catkin_skip_building_tests': False, 'cmake_args': None, 'cmake_clean_cache': False, 'cmake_clean_first': False, 'cmake_force_configure': False, 'cmake_target': None, 'cmake_target_skip_unavailable': False, 'install_base': '/app/project/install/image_geometry', 'merge_install': False, 'path': '/app/project/doc_exemple/ws/src/vision_opencv/image_geometry', 'symlink_install': False, 'test_result_base': None}
[0.317s] Level 5:colcon.colcon_core.verb:set package 'packge' build argument 'cmake_args' from command line to 'None'
[0.317s] Level 5:colcon.colcon_core.verb:set package 'packge' build argument 'cmake_target' from command line to 'None'
[0.317s] Level 5:colcon.colcon_core.verb:set package 'packge' build argument 'cmake_target_skip_unavailable' from command line to 'False'
[0.317s] Level 5:colcon.colcon_core.verb:set package 'packge' build argument 'cmake_clean_cache' from command line to 'False'
[0.317s] Level 5:colcon.colcon_core.verb:set package 'packge' build argument 'cmake_clean_first' from command line to 'False'
[0.317s] Level 5:colcon.colcon_core.verb:set package 'packge' build argument 'cmake_force_configure' from command line to 'False'
[0.317s] Level 5:colcon.colcon_core.verb:set package 'packge' build argument 'ament_cmake_args' from command line to 'None'
[0.317s] Level 5:colcon.colcon_core.verb:set package 'packge' build argument 'catkin_cmake_args' from command line to 'None'
[0.317s] Level 5:colcon.colcon_core.verb:set package 'packge' build argument 'catkin_skip_building_tests' from command line to 'False'
[0.317s] DEBUG:colcon.colcon_core.verb:Building package 'packge' with the following arguments: {'ament_cmake_args': None, 'build_base': '/app/project/build/packge', 'catkin_cmake_args': None, 'catkin_skip_building_tests': False, 'cmake_args': None, 'cmake_clean_cache': False, 'cmake_clean_first': False, 'cmake_force_configure': False, 'cmake_target': None, 'cmake_target_skip_unavailable': False, 'install_base': '/app/project/install/packge', 'merge_install': False, 'path': '/app/project/src/packge', 'symlink_install': False, 'test_result_base': None}
[0.317s] Level 5:colcon.colcon_core.verb:set package 'square_controller' build argument 'cmake_args' from command line to 'None'
[0.317s] Level 5:colcon.colcon_core.verb:set package 'square_controller' build argument 'cmake_target' from command line to 'None'
[0.317s] Level 5:colcon.colcon_core.verb:set package 'square_controller' build argument 'cmake_target_skip_unavailable' from command line to 'False'
[0.317s] Level 5:colcon.colcon_core.verb:set package 'square_controller' build argument 'cmake_clean_cache' from command line to 'False'
[0.317s] Level 5:colcon.colcon_core.verb:set package 'square_controller' build argument 'cmake_clean_first' from command line to 'False'
[0.317s] Level 5:colcon.colcon_core.verb:set package 'square_controller' build argument 'cmake_force_configure' from command line to 'False'
[0.317s] Level 5:colcon.colcon_core.verb:set package 'square_controller' build argument 'ament_cmake_args' from command line to 'None'
[0.318s] Level 5:colcon.colcon_core.verb:set package 'square_controller' build argument 'catkin_cmake_args' from command line to 'None'
[0.318s] Level 5:colcon.colcon_core.verb:set package 'square_controller' build argument 'catkin_skip_building_tests' from command line to 'False'
[0.318s] DEBUG:colcon.colcon_core.verb:Building package 'square_controller' with the following arguments: {'ament_cmake_args': None, 'build_base': '/app/project/build/square_controller', 'catkin_cmake_args': None, 'catkin_skip_building_tests': False, 'cmake_args': None, 'cmake_clean_cache': False, 'cmake_clean_first': False, 'cmake_force_configure': False, 'cmake_target': None, 'cmake_target_skip_unavailable': False, 'install_base': '/app/project/install/square_controller', 'merge_install': False, 'path': '/app/project/src/square_controller', 'symlink_install': False, 'test_result_base': None}
[0.318s] Level 5:colcon.colcon_core.verb:set package 'gazebo_ros' build argument 'cmake_args' from command line to 'None'
[0.318s] Level 5:colcon.colcon_core.verb:set package 'gazebo_ros' build argument 'cmake_target' from command line to 'None'
[0.318s] Level 5:colcon.colcon_core.verb:set package 'gazebo_ros' build argument 'cmake_target_skip_unavailable' from command line to 'False'
[0.318s] Level 5:colcon.colcon_core.verb:set package 'gazebo_ros' build argument 'cmake_clean_cache' from command line to 'False'
[0.318s] Level 5:colcon.colcon_core.verb:set package 'gazebo_ros' build argument 'cmake_clean_first' from command line to 'False'
[0.318s] Level 5:colcon.colcon_core.verb:set package 'gazebo_ros' build argument 'cmake_force_configure' from command line to 'False'
[0.318s] Level 5:colcon.colcon_core.verb:set package 'gazebo_ros' build argument 'ament_cmake_args' from command line to 'None'
[0.318s] Level 5:colcon.colcon_core.verb:set package 'gazebo_ros' build argument 'catkin_cmake_args' from command line to 'None'
[0.318s] Level 5:colcon.colcon_core.verb:set package 'gazebo_ros' build argument 'catkin_skip_building_tests' from command line to 'False'
[0.318s] DEBUG:colcon.colcon_core.verb:Building package 'gazebo_ros' with the following arguments: {'ament_cmake_args': None, 'build_base': '/app/project/build/gazebo_ros', 'catkin_cmake_args': None, 'catkin_skip_building_tests': False, 'cmake_args': None, 'cmake_clean_cache': False, 'cmake_clean_first': False, 'cmake_force_configure': False, 'cmake_target': None, 'cmake_target_skip_unavailable': False, 'install_base': '/app/project/install/gazebo_ros', 'merge_install': False, 'path': '/app/project/doc_exemple/ws/src/gazebo_ros_pkgs/gazebo_ros', 'symlink_install': False, 'test_result_base': None}
[0.319s] Level 5:colcon.colcon_core.verb:set package 'opencv_tests' build argument 'cmake_args' from command line to 'None'
[0.319s] Level 5:colcon.colcon_core.verb:set package 'opencv_tests' build argument 'cmake_target' from command line to 'None'
[0.319s] Level 5:colcon.colcon_core.verb:set package 'opencv_tests' build argument 'cmake_target_skip_unavailable' from command line to 'False'
[0.319s] Level 5:colcon.colcon_core.verb:set package 'opencv_tests' build argument 'cmake_clean_cache' from command line to 'False'
[0.319s] Level 5:colcon.colcon_core.verb:set package 'opencv_tests' build argument 'cmake_clean_first' from command line to 'False'
[0.319s] Level 5:colcon.colcon_core.verb:set package 'opencv_tests' build argument 'cmake_force_configure' from command line to 'False'
[0.319s] Level 5:colcon.colcon_core.verb:set package 'opencv_tests' build argument 'ament_cmake_args' from command line to 'None'
[0.319s] Level 5:colcon.colcon_core.verb:set package 'opencv_tests' build argument 'catkin_cmake_args' from command line to 'None'
[0.319s] Level 5:colcon.colcon_core.verb:set package 'opencv_tests' build argument 'catkin_skip_building_tests' from command line to 'False'
[0.319s] DEBUG:colcon.colcon_core.verb:Building package 'opencv_tests' with the following arguments: {'ament_cmake_args': None, 'build_base': '/app/project/build/opencv_tests', 'catkin_cmake_args': None, 'catkin_skip_building_tests': False, 'cmake_args': None, 'cmake_clean_cache': False, 'cmake_clean_first': False, 'cmake_force_configure': False, 'cmake_target': None, 'cmake_target_skip_unavailable': False, 'install_base': '/app/project/install/opencv_tests', 'merge_install': False, 'path': '/app/project/doc_exemple/ws/src/vision_opencv/opencv_tests', 'symlink_install': False, 'test_result_base': None}
[0.320s] Level 5:colcon.colcon_core.verb:set package 'vision_opencv' build argument 'cmake_args' from command line to 'None'
[0.320s] Level 5:colcon.colcon_core.verb:set package 'vision_opencv' build argument 'cmake_target' from command line to 'None'
[0.320s] Level 5:colcon.colcon_core.verb:set package 'vision_opencv' build argument 'cmake_target_skip_unavailable' from command line to 'False'
[0.320s] Level 5:colcon.colcon_core.verb:set package 'vision_opencv' build argument 'cmake_clean_cache' from command line to 'False'
[0.320s] Level 5:colcon.colcon_core.verb:set package 'vision_opencv' build argument 'cmake_clean_first' from command line to 'False'
[0.320s] Level 5:colcon.colcon_core.verb:set package 'vision_opencv' build argument 'cmake_force_configure' from command line to 'False'
[0.320s] Level 5:colcon.colcon_core.verb:set package 'vision_opencv' build argument 'ament_cmake_args' from command line to 'None'
[0.320s] Level 5:colcon.colcon_core.verb:set package 'vision_opencv' build argument 'catkin_cmake_args' from command line to 'None'
[0.320s] Level 5:colcon.colcon_core.verb:set package 'vision_opencv' build argument 'catkin_skip_building_tests' from command line to 'False'
[0.320s] DEBUG:colcon.colcon_core.verb:Building package 'vision_opencv' with the following arguments: {'ament_cmake_args': None, 'build_base': '/app/project/build/vision_opencv', 'catkin_cmake_args': None, 'catkin_skip_building_tests': False, 'cmake_args': None, 'cmake_clean_cache': False, 'cmake_clean_first': False, 'cmake_force_configure': False, 'cmake_target': None, 'cmake_target_skip_unavailable': False, 'install_base': '/app/project/install/vision_opencv', 'merge_install': False, 'path': '/app/project/doc_exemple/ws/src/vision_opencv/vision_opencv', 'symlink_install': False, 'test_result_base': None}
[0.321s] Level 5:colcon.colcon_core.verb:set package 'gazebo_plugins' build argument 'cmake_args' from command line to 'None'
[0.321s] Level 5:colcon.colcon_core.verb:set package 'gazebo_plugins' build argument 'cmake_target' from command line to 'None'
[0.321s] Level 5:colcon.colcon_core.verb:set package 'gazebo_plugins' build argument 'cmake_target_skip_unavailable' from command line to 'False'
[0.321s] Level 5:colcon.colcon_core.verb:set package 'gazebo_plugins' build argument 'cmake_clean_cache' from command line to 'False'
[0.321s] Level 5:colcon.colcon_core.verb:set package 'gazebo_plugins' build argument 'cmake_clean_first' from command line to 'False'
[0.321s] Level 5:colcon.colcon_core.verb:set package 'gazebo_plugins' build argument 'cmake_force_configure' from command line to 'False'
[0.321s] Level 5:colcon.colcon_core.verb:set package 'gazebo_plugins' build argument 'ament_cmake_args' from command line to 'None'
[0.321s] Level 5:colcon.colcon_core.verb:set package 'gazebo_plugins' build argument 'catkin_cmake_args' from command line to 'None'
[0.321s] Level 5:colcon.colcon_core.verb:set package 'gazebo_plugins' build argument 'catkin_skip_building_tests' from command line to 'False'
[0.321s] DEBUG:colcon.colcon_core.verb:Building package 'gazebo_plugins' with the following arguments: {'ament_cmake_args': None, 'build_base': '/app/project/build/gazebo_plugins', 'catkin_cmake_args': None, 'catkin_skip_building_tests': False, 'cmake_args': None, 'cmake_clean_cache': False, 'cmake_clean_first': False, 'cmake_force_configure': False, 'cmake_target': None, 'cmake_target_skip_unavailable': False, 'install_base': '/app/project/install/gazebo_plugins', 'merge_install': False, 'path': '/app/project/doc_exemple/ws/src/gazebo_ros_pkgs/gazebo_plugins', 'symlink_install': False, 'test_result_base': None}
[0.321s] Level 5:colcon.colcon_core.verb:set package 'gazebo_ros_pkgs' build argument 'cmake_args' from command line to 'None'
[0.321s] Level 5:colcon.colcon_core.verb:set package 'gazebo_ros_pkgs' build argument 'cmake_target' from command line to 'None'
[0.321s] Level 5:colcon.colcon_core.verb:set package 'gazebo_ros_pkgs' build argument 'cmake_target_skip_unavailable' from command line to 'False'
[0.321s] Level 5:colcon.colcon_core.verb:set package 'gazebo_ros_pkgs' build argument 'cmake_clean_cache' from command line to 'False'
[0.321s] Level 5:colcon.colcon_core.verb:set package 'gazebo_ros_pkgs' build argument 'cmake_clean_first' from command line to 'False'
[0.321s] Level 5:colcon.colcon_core.verb:set package 'gazebo_ros_pkgs' build argument 'cmake_force_configure' from command line to 'False'
[0.321s] Level 5:colcon.colcon_core.verb:set package 'gazebo_ros_pkgs' build argument 'ament_cmake_args' from command line to 'None'
[0.321s] Level 5:colcon.colcon_core.verb:set package 'gazebo_ros_pkgs' build argument 'catkin_cmake_args' from command line to 'None'
[0.321s] Level 5:colcon.colcon_core.verb:set package 'gazebo_ros_pkgs' build argument 'catkin_skip_building_tests' from command line to 'False'
[0.321s] DEBUG:colcon.colcon_core.verb:Building package 'gazebo_ros_pkgs' with the following arguments: {'ament_cmake_args': None, 'build_base': '/app/project/build/gazebo_ros_pkgs', 'catkin_cmake_args': None, 'catkin_skip_building_tests': False, 'cmake_args': None, 'cmake_clean_cache': False, 'cmake_clean_first': False, 'cmake_force_configure': False, 'cmake_target': None, 'cmake_target_skip_unavailable': False, 'install_base': '/app/project/install/gazebo_ros_pkgs', 'merge_install': False, 'path': '/app/project/doc_exemple/ws/src/gazebo_ros_pkgs/gazebo_ros_pkgs', 'symlink_install': False, 'test_result_base': None}
[0.322s] INFO:colcon.colcon_core.executor:Executing jobs using 'parallel' executor
[0.324s] DEBUG:colcon.colcon_parallel_executor.executor.parallel:run_until_complete
[0.325s] INFO:colcon.colcon_ros.task.ament_cmake.build:Building ROS package in '/app/project/doc_exemple/ws/src/vision_opencv/cv_bridge' with build type 'ament_cmake'
[0.325s] INFO:colcon.colcon_cmake.task.cmake.build:Building CMake package in '/app/project/doc_exemple/ws/src/vision_opencv/cv_bridge'
[0.328s] INFO:colcon.colcon_core.plugin_system:Skipping extension 'colcon_core.shell.bat': Not used on non-Windows systems
[0.328s] INFO:colcon.colcon_core.shell:Skip shell extension 'powershell' for command environment: Not usable outside of PowerShell
[0.328s] DEBUG:colcon.colcon_core.shell:Skip shell extension 'dsv' for command environment
[0.337s] INFO:colcon.colcon_ros.task.ament_cmake.build:Building ROS package in '/app/project/doc_exemple/ws/src/gazebo_ros_pkgs/gazebo_dev' with build type 'ament_cmake'
[0.337s] INFO:colcon.colcon_cmake.task.cmake.build:Building CMake package in '/app/project/doc_exemple/ws/src/gazebo_ros_pkgs/gazebo_dev'
[0.338s] INFO:colcon.colcon_core.shell:Skip shell extension 'powershell' for command environment: Not usable outside of PowerShell
[0.338s] DEBUG:colcon.colcon_core.shell:Skip shell extension 'dsv' for command environment
[0.345s] INFO:colcon.colcon_ros.task.ament_cmake.build:Building ROS package in '/app/project/doc_exemple/ws/src/gazebo_ros_pkgs/gazebo_msgs' with build type 'ament_cmake'
[0.345s] INFO:colcon.colcon_cmake.task.cmake.build:Building CMake package in '/app/project/doc_exemple/ws/src/gazebo_ros_pkgs/gazebo_msgs'
[0.347s] INFO:colcon.colcon_core.shell:Skip shell extension 'powershell' for command environment: Not usable outside of PowerShell
[0.347s] DEBUG:colcon.colcon_core.shell:Skip shell extension 'dsv' for command environment
[0.354s] INFO:colcon.colcon_ros.task.ament_cmake.build:Building ROS package in '/app/project/doc_exemple/ws/src/vision_opencv/image_geometry' with build type 'ament_cmake'
[0.354s] INFO:colcon.colcon_cmake.task.cmake.build:Building CMake package in '/app/project/doc_exemple/ws/src/vision_opencv/image_geometry'
[0.356s] INFO:colcon.colcon_core.shell:Skip shell extension 'powershell' for command environment: Not usable outside of PowerShell
[0.356s] DEBUG:colcon.colcon_core.shell:Skip shell extension 'dsv' for command environment
[0.362s] INFO:colcon.colcon_ros.task.ament_cmake.build:Building ROS package in '/app/project/src/packge' with build type 'ament_cmake'
[0.363s] INFO:colcon.colcon_cmake.task.cmake.build:Building CMake package in '/app/project/src/packge'
[0.365s] INFO:colcon.colcon_core.shell:Skip shell extension 'powershell' for command environment: Not usable outside of PowerShell
[0.365s] DEBUG:colcon.colcon_core.shell:Skip shell extension 'dsv' for command environment
[0.370s] INFO:colcon.colcon_ros.task.ament_cmake.build:Building ROS package in '/app/project/src/square_controller' with build type 'ament_cmake'
[0.371s] INFO:colcon.colcon_cmake.task.cmake.build:Building CMake package in '/app/project/src/square_controller'
[0.372s] INFO:colcon.colcon_core.shell:Skip shell extension 'powershell' for command environment: Not usable outside of PowerShell
[0.372s] DEBUG:colcon.colcon_core.shell:Skip shell extension 'dsv' for command environment
[0.384s] DEBUG:colcon.colcon_core.event_handler.log_command:Invoking command in '/app/project/build/cv_bridge': CMAKE_PREFIX_PATH=${CMAKE_PREFIX_PATH}:/opt/ros/foxy /usr/bin/cmake /app/project/doc_exemple/ws/src/vision_opencv/cv_bridge -DCMAKE_INSTALL_PREFIX=/app/project/install/cv_bridge
[0.388s] DEBUG:colcon.colcon_core.event_handler.log_command:Invoking command in '/app/project/build/gazebo_dev': CMAKE_PREFIX_PATH=${CMAKE_PREFIX_PATH}:/opt/ros/foxy /usr/bin/cmake /app/project/doc_exemple/ws/src/gazebo_ros_pkgs/gazebo_dev -DCMAKE_INSTALL_PREFIX=/app/project/install/gazebo_dev
[0.391s] DEBUG:colcon.colcon_core.event_handler.log_command:Invoking command in '/app/project/build/gazebo_msgs': CMAKE_PREFIX_PATH=${CMAKE_PREFIX_PATH}:/opt/ros/foxy /usr/bin/cmake /app/project/doc_exemple/ws/src/gazebo_ros_pkgs/gazebo_msgs -DCMAKE_INSTALL_PREFIX=/app/project/install/gazebo_msgs
[0.395s] DEBUG:colcon.colcon_core.event_handler.log_command:Invoking command in '/app/project/build/image_geometry': CMAKE_PREFIX_PATH=${CMAKE_PREFIX_PATH}:/opt/ros/foxy /usr/bin/cmake /app/project/doc_exemple/ws/src/vision_opencv/image_geometry -DCMAKE_INSTALL_PREFIX=/app/project/install/image_geometry
[0.402s] DEBUG:colcon.colcon_core.event_handler.log_command:Invoking command in '/app/project/build/packge': CMAKE_PREFIX_PATH=${CMAKE_PREFIX_PATH}:/opt/ros/foxy /usr/bin/cmake --build /app/project/build/packge -- -j16 -l16
[0.409s] DEBUG:colcon.colcon_core.event_handler.log_command:Invoking command in '/app/project/build/square_controller': CMAKE_PREFIX_PATH=${CMAKE_PREFIX_PATH}:/opt/ros/foxy /usr/bin/cmake --build /app/project/build/square_controller -- -j16 -l16
[0.528s] DEBUG:colcon.colcon_core.event_handler.log_command:Invoked command in '/app/project/build/square_controller' returned '0': CMAKE_PREFIX_PATH=${CMAKE_PREFIX_PATH}:/opt/ros/foxy /usr/bin/cmake --build /app/project/build/square_controller -- -j16 -l16
[0.533s] DEBUG:colcon.colcon_core.event_handler.log_command:Invoked command in '/app/project/build/packge' returned '0': CMAKE_PREFIX_PATH=${CMAKE_PREFIX_PATH}:/opt/ros/foxy /usr/bin/cmake --build /app/project/build/packge -- -j16 -l16
[0.576s] DEBUG:colcon.colcon_core.event_handler.log_command:Invoking command in '/app/project/build/square_controller': CMAKE_PREFIX_PATH=${CMAKE_PREFIX_PATH}:/opt/ros/foxy /usr/bin/cmake --install /app/project/build/square_controller
[0.580s] DEBUG:colcon.colcon_core.event_handler.log_command:Invoking command in '/app/project/build/packge': CMAKE_PREFIX_PATH=${CMAKE_PREFIX_PATH}:/opt/ros/foxy /usr/bin/cmake --install /app/project/build/packge
[0.590s] Level 1:colcon.colcon_core.environment:create_environment_scripts_only(square_controller)
[0.590s] DEBUG:colcon.colcon_core.event_handler.log_command:Invoked command in '/app/project/build/square_controller' returned '0': CMAKE_PREFIX_PATH=${CMAKE_PREFIX_PATH}:/opt/ros/foxy /usr/bin/cmake --install /app/project/build/square_controller
[0.600s] Level 1:colcon.colcon_core.environment:checking '/app/project/install/square_controller' for CMake module files
[0.601s] Level 1:colcon.colcon_core.environment:checking '/app/project/install/square_controller' for CMake config files
[0.601s] Level 1:colcon.colcon_core.shell:create_environment_hook('square_controller', 'cmake_prefix_path')
[0.602s] INFO:colcon.colcon_core.shell:Creating environment hook '/app/project/install/square_controller/share/square_controller/hook/cmake_prefix_path.ps1'
[0.603s] INFO:colcon.colcon_core.shell:Creating environment descriptor '/app/project/install/square_controller/share/square_controller/hook/cmake_prefix_path.dsv'
[0.604s] INFO:colcon.colcon_core.shell:Creating environment hook '/app/project/install/square_controller/share/square_controller/hook/cmake_prefix_path.sh'
[0.605s] Level 1:colcon.colcon_core.environment:checking '/app/project/install/square_controller/lib'
[0.605s] Level 1:colcon.colcon_core.environment:checking '/app/project/install/square_controller/bin'
[0.605s] Level 1:colcon.colcon_core.environment:checking '/app/project/install/square_controller/lib/pkgconfig/square_controller.pc'
[0.606s] Level 1:colcon.colcon_core.environment:checking '/app/project/install/square_controller/lib/python3.8/site-packages'
[0.606s] Level 1:colcon.colcon_core.environment:checking '/app/project/install/square_controller/bin'
[0.607s] INFO:colcon.colcon_core.shell:Creating package script '/app/project/install/square_controller/share/square_controller/package.ps1'
[0.607s] INFO:colcon.colcon_core.shell:Creating package descriptor '/app/project/install/square_controller/share/square_controller/package.dsv'
[0.608s] INFO:colcon.colcon_core.shell:Creating package script '/app/project/install/square_controller/share/square_controller/package.sh'
[0.609s] INFO:colcon.colcon_core.shell:Creating package script '/app/project/install/square_controller/share/square_controller/package.bash'
[0.609s] INFO:colcon.colcon_core.shell:Creating package script '/app/project/install/square_controller/share/square_controller/package.zsh'
[0.610s] Level 1:colcon.colcon_core.environment:create_file_with_runtime_dependencies(/app/project/install/square_controller/share/colcon-core/packages/square_controller)
[0.614s] Level 1:colcon.colcon_core.environment:create_environment_scripts_only(packge)
[0.617s] Level 1:colcon.colcon_core.environment:checking '/app/project/install/packge' for CMake module files
[0.617s] DEBUG:colcon.colcon_core.event_handler.log_command:Invoked command in '/app/project/build/packge' returned '0': CMAKE_PREFIX_PATH=${CMAKE_PREFIX_PATH}:/opt/ros/foxy /usr/bin/cmake --install /app/project/build/packge
[0.618s] Level 1:colcon.colcon_core.environment:checking '/app/project/install/packge' for CMake config files
[0.618s] Level 1:colcon.colcon_core.shell:create_environment_hook('packge', 'cmake_prefix_path')
[0.619s] INFO:colcon.colcon_core.shell:Creating environment hook '/app/project/install/packge/share/packge/hook/cmake_prefix_path.ps1'
[0.620s] INFO:colcon.colcon_core.shell:Creating environment descriptor '/app/project/install/packge/share/packge/hook/cmake_prefix_path.dsv'
[0.620s] INFO:colcon.colcon_core.shell:Creating environment hook '/app/project/install/packge/share/packge/hook/cmake_prefix_path.sh'
[0.621s] Level 1:colcon.colcon_core.environment:checking '/app/project/install/packge/lib'
[0.621s] Level 1:colcon.colcon_core.environment:checking '/app/project/install/packge/bin'
[0.621s] Level 1:colcon.colcon_core.environment:checking '/app/project/install/packge/lib/pkgconfig/packge.pc'
[0.621s] Level 1:colcon.colcon_core.environment:checking '/app/project/install/packge/lib/python3.8/site-packages'
[0.621s] Level 1:colcon.colcon_core.environment:checking '/app/project/install/packge/bin'
[0.622s] INFO:colcon.colcon_core.shell:Creating package script '/app/project/install/packge/share/packge/package.ps1'
[0.623s] INFO:colcon.colcon_core.shell:Creating package descriptor '/app/project/install/packge/share/packge/package.dsv'
[0.623s] INFO:colcon.colcon_core.shell:Creating package script '/app/project/install/packge/share/packge/package.sh'
[0.623s] INFO:colcon.colcon_core.shell:Creating package script '/app/project/install/packge/share/packge/package.bash'
[0.624s] INFO:colcon.colcon_core.shell:Creating package script '/app/project/install/packge/share/packge/package.zsh'
[0.624s] Level 1:colcon.colcon_core.environment:create_file_with_runtime_dependencies(/app/project/install/packge/share/colcon-core/packages/packge)
[0.641s] Level 1:colcon.colcon_core.environment:create_environment_scripts_only(square_controller)
[0.643s] Level 1:colcon.colcon_core.environment:checking '/app/project/install/square_controller' for CMake module files
[0.643s] Level 1:colcon.colcon_core.environment:checking '/app/project/install/square_controller' for CMake config files
[0.644s] Level 1:colcon.colcon_core.shell:create_environment_hook('square_controller', 'cmake_prefix_path')
[0.645s] INFO:colcon.colcon_core.shell:Creating environment hook '/app/project/install/square_controller/share/square_controller/hook/cmake_prefix_path.ps1'
[0.645s] INFO:colcon.colcon_core.shell:Creating environment descriptor '/app/project/install/square_controller/share/square_controller/hook/cmake_prefix_path.dsv'
[0.646s] INFO:colcon.colcon_core.shell:Creating environment hook '/app/project/install/square_controller/share/square_controller/hook/cmake_prefix_path.sh'
[0.646s] Level 1:colcon.colcon_core.environment:checking '/app/project/install/square_controller/lib'
[0.646s] Level 1:colcon.colcon_core.environment:checking '/app/project/install/square_controller/bin'
[0.646s] Level 1:colcon.colcon_core.environment:checking '/app/project/install/square_controller/lib/pkgconfig/square_controller.pc'
[0.647s] Level 1:colcon.colcon_core.environment:checking '/app/project/install/square_controller/lib/python3.8/site-packages'
[0.647s] Level 1:colcon.colcon_core.environment:checking '/app/project/install/square_controller/bin'
[0.648s] INFO:colcon.colcon_core.shell:Creating package script '/app/project/install/square_controller/share/square_controller/package.ps1'
[0.649s] INFO:colcon.colcon_core.shell:Creating package descriptor '/app/project/install/square_controller/share/square_controller/package.dsv'
[0.649s] INFO:colcon.colcon_core.shell:Creating package script '/app/project/install/square_controller/share/square_controller/package.sh'
[0.650s] INFO:colcon.colcon_core.shell:Creating package script '/app/project/install/square_controller/share/square_controller/package.bash'
[0.650s] INFO:colcon.colcon_core.shell:Creating package script '/app/project/install/square_controller/share/square_controller/package.zsh'
[0.651s] Level 1:colcon.colcon_core.environment:create_file_with_runtime_dependencies(/app/project/install/square_controller/share/colcon-core/packages/square_controller)
[0.656s] Level 1:colcon.colcon_core.environment:create_environment_scripts_only(packge)
[0.658s] Level 1:colcon.colcon_core.environment:checking '/app/project/install/packge' for CMake module files
[0.658s] Level 1:colcon.colcon_core.environment:checking '/app/project/install/packge' for CMake config files
[0.658s] Level 1:colcon.colcon_core.shell:create_environment_hook('packge', 'cmake_prefix_path')
[0.659s] INFO:colcon.colcon_core.shell:Creating environment hook '/app/project/install/packge/share/packge/hook/cmake_prefix_path.ps1'
[0.660s] INFO:colcon.colcon_core.shell:Creating environment descriptor '/app/project/install/packge/share/packge/hook/cmake_prefix_path.dsv'
[0.660s] INFO:colcon.colcon_core.shell:Creating environment hook '/app/project/install/packge/share/packge/hook/cmake_prefix_path.sh'
[0.660s] Level 1:colcon.colcon_core.environment:checking '/app/project/install/packge/lib'
[0.661s] Level 1:colcon.colcon_core.environment:checking '/app/project/install/packge/bin'
[0.661s] Level 1:colcon.colcon_core.environment:checking '/app/project/install/packge/lib/pkgconfig/packge.pc'
[0.661s] Level 1:colcon.colcon_core.environment:checking '/app/project/install/packge/lib/python3.8/site-packages'
[0.661s] Level 1:colcon.colcon_core.environment:checking '/app/project/install/packge/bin'
[0.662s] INFO:colcon.colcon_core.shell:Creating package script '/app/project/install/packge/share/packge/package.ps1'
[0.662s] INFO:colcon.colcon_core.shell:Creating package descriptor '/app/project/install/packge/share/packge/package.dsv'
[0.663s] INFO:colcon.colcon_core.shell:Creating package script '/app/project/install/packge/share/packge/package.sh'
[0.663s] INFO:colcon.colcon_core.shell:Creating package script '/app/project/install/packge/share/packge/package.bash'
[0.663s] INFO:colcon.colcon_core.shell:Creating package script '/app/project/install/packge/share/packge/package.zsh'
[0.664s] Level 1:colcon.colcon_core.environment:create_file_with_runtime_dependencies(/app/project/install/packge/share/colcon-core/packages/packge)
[1.310s] DEBUG:colcon.colcon_core.event_handler.log_command:Invoked command in '/app/project/build/gazebo_dev' returned '0': CMAKE_PREFIX_PATH=${CMAKE_PREFIX_PATH}:/opt/ros/foxy /usr/bin/cmake /app/project/doc_exemple/ws/src/gazebo_ros_pkgs/gazebo_dev -DCMAKE_INSTALL_PREFIX=/app/project/install/gazebo_dev
[1.312s] DEBUG:colcon.colcon_core.event_handler.log_command:Invoking command in '/app/project/build/gazebo_dev': CMAKE_PREFIX_PATH=${CMAKE_PREFIX_PATH}:/opt/ros/foxy /usr/bin/cmake --build /app/project/build/gazebo_dev -- -j16 -l16
[1.360s] DEBUG:colcon.colcon_core.event_handler.log_command:Invoked command in '/app/project/build/gazebo_dev' returned '0': CMAKE_PREFIX_PATH=${CMAKE_PREFIX_PATH}:/opt/ros/foxy /usr/bin/cmake --build /app/project/build/gazebo_dev -- -j16 -l16
[1.389s] DEBUG:colcon.colcon_core.event_handler.log_command:Invoking command in '/app/project/build/gazebo_dev': CMAKE_PREFIX_PATH=${CMAKE_PREFIX_PATH}:/opt/ros/foxy /usr/bin/cmake --install /app/project/build/gazebo_dev
[1.403s] Level 1:colcon.colcon_core.environment:create_environment_scripts_only(gazebo_dev)
[1.406s] Level 1:colcon.colcon_core.environment:checking '/app/project/install/gazebo_dev' for CMake module files
[1.406s] DEBUG:colcon.colcon_core.event_handler.log_command:Invoked command in '/app/project/build/gazebo_dev' returned '0': CMAKE_PREFIX_PATH=${CMAKE_PREFIX_PATH}:/opt/ros/foxy /usr/bin/cmake --install /app/project/build/gazebo_dev
[1.407s] Level 1:colcon.colcon_core.environment:checking '/app/project/install/gazebo_dev' for CMake config files
[1.407s] Level 1:colcon.colcon_core.shell:create_environment_hook('gazebo_dev', 'cmake_prefix_path')
[1.408s] INFO:colcon.colcon_core.shell:Creating environment hook '/app/project/install/gazebo_dev/share/gazebo_dev/hook/cmake_prefix_path.ps1'
[1.408s] INFO:colcon.colcon_core.shell:Creating environment descriptor '/app/project/install/gazebo_dev/share/gazebo_dev/hook/cmake_prefix_path.dsv'
[1.409s] INFO:colcon.colcon_core.shell:Creating environment hook '/app/project/install/gazebo_dev/share/gazebo_dev/hook/cmake_prefix_path.sh'
[1.409s] Level 1:colcon.colcon_core.environment:checking '/app/project/install/gazebo_dev/bin'
[1.409s] Level 1:colcon.colcon_core.environment:checking '/app/project/install/gazebo_dev/lib/pkgconfig/gazebo_dev.pc'
[1.409s] Level 1:colcon.colcon_core.environment:checking '/app/project/install/gazebo_dev/lib/python3.8/site-packages'
[1.409s] Level 1:colcon.colcon_core.environment:checking '/app/project/install/gazebo_dev/bin'
[1.410s] INFO:colcon.colcon_core.shell:Creating package script '/app/project/install/gazebo_dev/share/gazebo_dev/package.ps1'
[1.411s] INFO:colcon.colcon_core.shell:Creating package descriptor '/app/project/install/gazebo_dev/share/gazebo_dev/package.dsv'
[1.411s] INFO:colcon.colcon_core.shell:Creating package script '/app/project/install/gazebo_dev/share/gazebo_dev/package.sh'
[1.411s] INFO:colcon.colcon_core.shell:Creating package script '/app/project/install/gazebo_dev/share/gazebo_dev/package.bash'
[1.411s] INFO:colcon.colcon_core.shell:Creating package script '/app/project/install/gazebo_dev/share/gazebo_dev/package.zsh'
[1.412s] Level 1:colcon.colcon_core.environment:create_file_with_runtime_dependencies(/app/project/install/gazebo_dev/share/colcon-core/packages/gazebo_dev)
[1.440s] Level 1:colcon.colcon_core.environment:create_environment_scripts_only(gazebo_dev)
[1.442s] Level 1:colcon.colcon_core.environment:checking '/app/project/install/gazebo_dev' for CMake module files
[1.442s] Level 1:colcon.colcon_core.environment:checking '/app/project/install/gazebo_dev' for CMake config files
[1.443s] Level 1:colcon.colcon_core.shell:create_environment_hook('gazebo_dev', 'cmake_prefix_path')
[1.444s] INFO:colcon.colcon_core.shell:Creating environment hook '/app/project/install/gazebo_dev/share/gazebo_dev/hook/cmake_prefix_path.ps1'
[1.444s] INFO:colcon.colcon_core.shell:Creating environment descriptor '/app/project/install/gazebo_dev/share/gazebo_dev/hook/cmake_prefix_path.dsv'
[1.444s] INFO:colcon.colcon_core.shell:Creating environment hook '/app/project/install/gazebo_dev/share/gazebo_dev/hook/cmake_prefix_path.sh'
[1.445s] Level 1:colcon.colcon_core.environment:checking '/app/project/install/gazebo_dev/bin'
[1.445s] Level 1:colcon.colcon_core.environment:checking '/app/project/install/gazebo_dev/lib/pkgconfig/gazebo_dev.pc'
[1.445s] Level 1:colcon.colcon_core.environment:checking '/app/project/install/gazebo_dev/lib/python3.8/site-packages'
[1.445s] Level 1:colcon.colcon_core.environment:checking '/app/project/install/gazebo_dev/bin'
[1.446s] INFO:colcon.colcon_core.shell:Creating package script '/app/project/install/gazebo_dev/share/gazebo_dev/package.ps1'
[1.446s] INFO:colcon.colcon_core.shell:Creating package descriptor '/app/project/install/gazebo_dev/share/gazebo_dev/package.dsv'
[1.447s] INFO:colcon.colcon_core.shell:Creating package script '/app/project/install/gazebo_dev/share/gazebo_dev/package.sh'
[1.447s] INFO:colcon.colcon_core.shell:Creating package script '/app/project/install/gazebo_dev/share/gazebo_dev/package.bash'
[1.447s] INFO:colcon.colcon_core.shell:Creating package script '/app/project/install/gazebo_dev/share/gazebo_dev/package.zsh'
[1.448s] Level 1:colcon.colcon_core.environment:create_file_with_runtime_dependencies(/app/project/install/gazebo_dev/share/colcon-core/packages/gazebo_dev)
[2.482s] DEBUG:colcon.colcon_core.event_handler.log_command:Invoked command in '/app/project/build/image_geometry' returned '0': CMAKE_PREFIX_PATH=${CMAKE_PREFIX_PATH}:/opt/ros/foxy /usr/bin/cmake /app/project/doc_exemple/ws/src/vision_opencv/image_geometry -DCMAKE_INSTALL_PREFIX=/app/project/install/image_geometry
[2.483s] DEBUG:colcon.colcon_core.event_handler.log_command:Invoking command in '/app/project/build/image_geometry': CMAKE_PREFIX_PATH=${CMAKE_PREFIX_PATH}:/opt/ros/foxy /usr/bin/cmake --build /app/project/build/image_geometry -- -j16 -l16
[2.906s] DEBUG:colcon.colcon_core.event_handler.log_command:Invoked command in '/app/project/build/gazebo_msgs' returned '0': CMAKE_PREFIX_PATH=${CMAKE_PREFIX_PATH}:/opt/ros/foxy /usr/bin/cmake /app/project/doc_exemple/ws/src/gazebo_ros_pkgs/gazebo_msgs -DCMAKE_INSTALL_PREFIX=/app/project/install/gazebo_msgs
[2.910s] DEBUG:colcon.colcon_core.event_handler.log_command:Invoking command in '/app/project/build/gazebo_msgs': CMAKE_PREFIX_PATH=${CMAKE_PREFIX_PATH}:/opt/ros/foxy /usr/bin/cmake --build /app/project/build/gazebo_msgs -- -j16 -l16
[4.516s] DEBUG:colcon.colcon_core.event_handler.log_command:Invoked command in '/app/project/build/cv_bridge' returned '0': CMAKE_PREFIX_PATH=${CMAKE_PREFIX_PATH}:/opt/ros/foxy /usr/bin/cmake /app/project/doc_exemple/ws/src/vision_opencv/cv_bridge -DCMAKE_INSTALL_PREFIX=/app/project/install/cv_bridge
[4.518s] DEBUG:colcon.colcon_core.event_handler.log_command:Invoking command in '/app/project/build/cv_bridge': CMAKE_PREFIX_PATH=${CMAKE_PREFIX_PATH}:/opt/ros/foxy /usr/bin/cmake --build /app/project/build/cv_bridge -- -j16 -l16
[8.300s] DEBUG:colcon.colcon_core.event_handler.log_command:Invoked command in '/app/project/build/image_geometry' returned '0': CMAKE_PREFIX_PATH=${CMAKE_PREFIX_PATH}:/opt/ros/foxy /usr/bin/cmake --build /app/project/build/image_geometry -- -j16 -l16
[8.341s] DEBUG:colcon.colcon_core.event_handler.log_command:Invoking command in '/app/project/build/image_geometry': CMAKE_PREFIX_PATH=${CMAKE_PREFIX_PATH}:/opt/ros/foxy /usr/bin/cmake --install /app/project/build/image_geometry
[8.398s] Level 1:colcon.colcon_core.environment:create_environment_scripts_only(image_geometry)
[8.400s] Level 1:colcon.colcon_core.environment:checking '/app/project/install/image_geometry' for CMake module files
[8.400s] DEBUG:colcon.colcon_core.event_handler.log_command:Invoked command in '/app/project/build/image_geometry' returned '0': CMAKE_PREFIX_PATH=${CMAKE_PREFIX_PATH}:/opt/ros/foxy /usr/bin/cmake --install /app/project/build/image_geometry
[8.401s] Level 1:colcon.colcon_core.environment:checking '/app/project/install/image_geometry' for CMake config files
[8.401s] Level 1:colcon.colcon_core.shell:create_environment_hook('image_geometry', 'cmake_prefix_path')
[8.403s] INFO:colcon.colcon_core.shell:Creating environment hook '/app/project/install/image_geometry/share/image_geometry/hook/cmake_prefix_path.ps1'
[8.403s] INFO:colcon.colcon_core.shell:Creating environment descriptor '/app/project/install/image_geometry/share/image_geometry/hook/cmake_prefix_path.dsv'
[8.404s] INFO:colcon.colcon_core.shell:Creating environment hook '/app/project/install/image_geometry/share/image_geometry/hook/cmake_prefix_path.sh'
[8.404s] Level 1:colcon.colcon_core.environment:checking '/app/project/install/image_geometry/lib'
[8.404s] Level 1:colcon.colcon_core.shell:create_environment_hook('image_geometry', 'ld_library_path_lib')
[8.406s] INFO:colcon.colcon_core.shell:Creating environment hook '/app/project/install/image_geometry/share/image_geometry/hook/ld_library_path_lib.ps1'
[8.406s] INFO:colcon.colcon_core.shell:Creating environment descriptor '/app/project/install/image_geometry/share/image_geometry/hook/ld_library_path_lib.dsv'
[8.406s] INFO:colcon.colcon_core.shell:Creating environment hook '/app/project/install/image_geometry/share/image_geometry/hook/ld_library_path_lib.sh'
[8.406s] Level 1:colcon.colcon_core.environment:checking '/app/project/install/image_geometry/bin'
[8.406s] Level 1:colcon.colcon_core.environment:checking '/app/project/install/image_geometry/lib/pkgconfig/image_geometry.pc'
[8.407s] Level 1:colcon.colcon_core.environment:checking '/app/project/install/image_geometry/lib/python3.8/site-packages'
[8.407s] Level 1:colcon.colcon_core.shell:create_environment_hook('image_geometry', 'pythonpath')
[8.408s] INFO:colcon.colcon_core.shell:Creating environment hook '/app/project/install/image_geometry/share/image_geometry/hook/pythonpath.ps1'
[8.408s] INFO:colcon.colcon_core.shell:Creating environment descriptor '/app/project/install/image_geometry/share/image_geometry/hook/pythonpath.dsv'
[8.408s] INFO:colcon.colcon_core.shell:Creating environment hook '/app/project/install/image_geometry/share/image_geometry/hook/pythonpath.sh'
[8.408s] Level 1:colcon.colcon_core.environment:checking '/app/project/install/image_geometry/bin'
[8.409s] INFO:colcon.colcon_core.shell:Creating package script '/app/project/install/image_geometry/share/image_geometry/package.ps1'
[8.410s] INFO:colcon.colcon_core.shell:Creating package descriptor '/app/project/install/image_geometry/share/image_geometry/package.dsv'
[8.410s] INFO:colcon.colcon_core.shell:Creating package script '/app/project/install/image_geometry/share/image_geometry/package.sh'
[8.411s] INFO:colcon.colcon_core.shell:Creating package script '/app/project/install/image_geometry/share/image_geometry/package.bash'
[8.411s] INFO:colcon.colcon_core.shell:Creating package script '/app/project/install/image_geometry/share/image_geometry/package.zsh'
[8.411s] Level 1:colcon.colcon_core.environment:create_file_with_runtime_dependencies(/app/project/install/image_geometry/share/colcon-core/packages/image_geometry)
[8.446s] Level 1:colcon.colcon_core.environment:create_environment_scripts_only(image_geometry)
[8.448s] Level 1:colcon.colcon_core.environment:checking '/app/project/install/image_geometry' for CMake module files
[8.448s] Level 1:colcon.colcon_core.environment:checking '/app/project/install/image_geometry' for CMake config files
[8.449s] Level 1:colcon.colcon_core.shell:create_environment_hook('image_geometry', 'cmake_prefix_path')
[8.450s] INFO:colcon.colcon_core.shell:Creating environment hook '/app/project/install/image_geometry/share/image_geometry/hook/cmake_prefix_path.ps1'
[8.450s] INFO:colcon.colcon_core.shell:Creating environment descriptor '/app/project/install/image_geometry/share/image_geometry/hook/cmake_prefix_path.dsv'
[8.451s] INFO:colcon.colcon_core.shell:Creating environment hook '/app/project/install/image_geometry/share/image_geometry/hook/cmake_prefix_path.sh'
[8.451s] Level 1:colcon.colcon_core.environment:checking '/app/project/install/image_geometry/lib'
[8.451s] Level 1:colcon.colcon_core.shell:create_environment_hook('image_geometry', 'ld_library_path_lib')
[8.452s] INFO:colcon.colcon_core.shell:Creating environment hook '/app/project/install/image_geometry/share/image_geometry/hook/ld_library_path_lib.ps1'
[8.453s] INFO:colcon.colcon_core.shell:Creating environment descriptor '/app/project/install/image_geometry/share/image_geometry/hook/ld_library_path_lib.dsv'
[8.453s] INFO:colcon.colcon_core.shell:Creating environment hook '/app/project/install/image_geometry/share/image_geometry/hook/ld_library_path_lib.sh'
[8.453s] Level 1:colcon.colcon_core.environment:checking '/app/project/install/image_geometry/bin'
[8.453s] Level 1:colcon.colcon_core.environment:checking '/app/project/install/image_geometry/lib/pkgconfig/image_geometry.pc'
[8.454s] Level 1:colcon.colcon_core.environment:checking '/app/project/install/image_geometry/lib/python3.8/site-packages'
[8.454s] Level 1:colcon.colcon_core.shell:create_environment_hook('image_geometry', 'pythonpath')
[8.455s] INFO:colcon.colcon_core.shell:Creating environment hook '/app/project/install/image_geometry/share/image_geometry/hook/pythonpath.ps1'
[8.455s] INFO:colcon.colcon_core.shell:Creating environment descriptor '/app/project/install/image_geometry/share/image_geometry/hook/pythonpath.dsv'
[8.455s] INFO:colcon.colcon_core.shell:Creating environment hook '/app/project/install/image_geometry/share/image_geometry/hook/pythonpath.sh'
[8.456s] Level 1:colcon.colcon_core.environment:checking '/app/project/install/image_geometry/bin'
[8.457s] INFO:colcon.colcon_core.shell:Creating package script '/app/project/install/image_geometry/share/image_geometry/package.ps1'
[8.458s] INFO:colcon.colcon_core.shell:Creating package descriptor '/app/project/install/image_geometry/share/image_geometry/package.dsv'
[8.458s] INFO:colcon.colcon_core.shell:Creating package script '/app/project/install/image_geometry/share/image_geometry/package.sh'
[8.458s] INFO:colcon.colcon_core.shell:Creating package script '/app/project/install/image_geometry/share/image_geometry/package.bash'
[8.459s] INFO:colcon.colcon_core.shell:Creating package script '/app/project/install/image_geometry/share/image_geometry/package.zsh'
[8.459s] Level 1:colcon.colcon_core.environment:create_file_with_runtime_dependencies(/app/project/install/image_geometry/share/colcon-core/packages/image_geometry)
[9.245s] DEBUG:colcon.colcon_core.event_handler.log_command:Invoked command in '/app/project/build/cv_bridge' returned '2': CMAKE_PREFIX_PATH=${CMAKE_PREFIX_PATH}:/opt/ros/foxy /usr/bin/cmake --build /app/project/build/cv_bridge -- -j16 -l16
[9.277s] Level 1:colcon.colcon_core.environment:create_environment_scripts_only(cv_bridge)
[9.279s] Level 1:colcon.colcon_core.environment:checking '/app/project/install/cv_bridge' for CMake module files
[9.280s] Level 1:colcon.colcon_core.environment:checking '/app/project/install/cv_bridge' for CMake config files
[9.280s] Level 1:colcon.colcon_core.environment:checking '/app/project/install/cv_bridge/bin'
[9.280s] Level 1:colcon.colcon_core.environment:checking '/app/project/install/cv_bridge/lib/pkgconfig/cv_bridge.pc'
[9.280s] Level 1:colcon.colcon_core.environment:checking '/app/project/install/cv_bridge/lib/python3.8/site-packages'
[9.280s] Level 1:colcon.colcon_core.environment:checking '/app/project/install/cv_bridge/bin'
[9.282s] INFO:colcon.colcon_core.shell:Creating package script '/app/project/install/cv_bridge/share/cv_bridge/package.ps1'
[9.282s] INFO:colcon.colcon_core.shell:Creating package descriptor '/app/project/install/cv_bridge/share/cv_bridge/package.dsv'
[9.283s] INFO:colcon.colcon_core.shell:Creating package script '/app/project/install/cv_bridge/share/cv_bridge/package.sh'
[9.283s] INFO:colcon.colcon_core.shell:Creating package script '/app/project/install/cv_bridge/share/cv_bridge/package.bash'
[9.283s] INFO:colcon.colcon_core.shell:Creating package script '/app/project/install/cv_bridge/share/cv_bridge/package.zsh'
[9.284s] Level 1:colcon.colcon_core.environment:create_file_with_runtime_dependencies(/app/project/install/cv_bridge/share/colcon-core/packages/cv_bridge)
[29.747s] DEBUG:colcon.colcon_parallel_executor.executor.parallel:closing loop
[29.747s] DEBUG:colcon.colcon_parallel_executor.executor.parallel:loop closed
[29.747s] DEBUG:colcon.colcon_parallel_executor.executor.parallel:run_until_complete finished with '2'
[29.747s] DEBUG:colcon.colcon_core.event_reactor:joining thread
[29.754s] INFO:colcon.colcon_core.plugin_system:Skipping extension 'colcon_notification.desktop_notification.notify_send': Could not find 'notify-send'
[29.754s] INFO:colcon.colcon_core.plugin_system:Skipping extension 'colcon_notification.desktop_notification.terminal_notifier': Not used on non-Darwin systems
[29.754s] INFO:colcon.colcon_core.plugin_system:Skipping extension 'colcon_notification.desktop_notification.win32': Not used on non-Windows systems
[29.754s] INFO:colcon.colcon_notification.desktop_notification:Sending desktop notification using 'notify2'
[29.761s] DEBUG:colcon.colcon_notification.desktop_notification.notify2:Failed to initialize notify2: org.freedesktop.DBus.Error.ServiceUnknown: The name org.freedesktop.Notifications was not provided by any .service files
[29.761s] DEBUG:colcon.colcon_core.event_reactor:joined thread
[29.763s] INFO:colcon.colcon_core.shell:Creating prefix script '/app/project/install/local_setup.ps1'
[29.764s] INFO:colcon.colcon_core.shell:Creating prefix util module '/app/project/install/_local_setup_util_ps1.py'
[29.765s] INFO:colcon.colcon_core.shell:Creating prefix chain script '/app/project/install/setup.ps1'
[29.766s] INFO:colcon.colcon_core.shell:Creating prefix script '/app/project/install/local_setup.sh'
[29.766s] INFO:colcon.colcon_core.shell:Creating prefix util module '/app/project/install/_local_setup_util_sh.py'
[29.766s] INFO:colcon.colcon_core.shell:Creating prefix chain script '/app/project/install/setup.sh'
[29.768s] INFO:colcon.colcon_core.shell:Creating prefix script '/app/project/install/local_setup.bash'
[29.768s] INFO:colcon.colcon_core.shell:Creating prefix chain script '/app/project/install/setup.bash'
[29.769s] INFO:colcon.colcon_core.shell:Creating prefix script '/app/project/install/local_setup.zsh'
[29.770s] INFO:colcon.colcon_core.shell:Creating prefix chain script '/app/project/install/setup.zsh'
