[0.195s] Invoking command in '/app/project/build/square_controller': CMAKE_PREFIX_PATH=${CMAKE_PREFIX_PATH}:/app/project/install/base_link_p3_description:/opt/ros/foxy /usr/bin/cmake /app/project/src/square_controller -DCMAKE_INSTALL_PREFIX=/app/project/install/square_controller
[0.211s] -- Found ament_cmake: 0.9.12 (/opt/ros/foxy/share/ament_cmake/cmake)
[0.239s] -- Using PYTHON_EXECUTABLE: /usr/bin/python3
[0.392s] -- Override CMake install command with custom implementation using symlinks instead of copying resources
[0.399s] -- Found rclcpp: 2.4.3 (/opt/ros/foxy/share/rclcpp/cmake)
[0.430s] -- Using all available rosidl_typesupport_c: rosidl_typesupport_fastrtps_c;rosidl_typesupport_introspection_c
[0.433s] -- Found rosidl_adapter: 1.3.1 (/opt/ros/foxy/share/rosidl_adapter/cmake)
[0.587s] -- Using all available rosidl_typesupport_cpp: rosidl_typesupport_fastrtps_cpp;rosidl_typesupport_introspection_cpp
[0.631s] -- Found rmw_implementation_cmake: 1.0.4 (/opt/ros/foxy/share/rmw_implementation_cmake/cmake)
[0.632s] -- Using RMW implementation 'rmw_fastrtps_cpp' as default
[0.752s] -- Found geometry_msgs: 2.0.5 (/opt/ros/foxy/share/geometry_msgs/cmake)
[0.781s] -- Found ament_lint_auto: 0.9.8 (/opt/ros/foxy/share/ament_lint_auto/cmake)
[0.852s] -- Added test 'copyright' to check source files copyright and LICENSE
[0.853s] -- Added test 'cppcheck' to perform static code analysis on C / C++ code
[0.853s] -- Configured cppcheck include dirs: 
[0.853s] -- Configured cppcheck exclude dirs and/or files: 
[0.854s] -- Added test 'cpplint' to check C / C++ code against the Google style
[0.854s] -- Configured cpplint exclude dirs and/or files: 
[0.855s] -- Added test 'lint_cmake' to check CMake code style
[0.856s] -- Added test 'uncrustify' to check C / C++ code style
[0.856s] -- Configured uncrustify additional arguments: 
[0.856s] -- Added test 'xmllint' to check XML markup files
[0.864s] -- Configuring done
[0.868s] -- Generating done
[0.869s] -- Build files have been written to: /app/project/build/square_controller
[0.884s] Invoked command in '/app/project/build/square_controller' returned '0': CMAKE_PREFIX_PATH=${CMAKE_PREFIX_PATH}:/app/project/install/base_link_p3_description:/opt/ros/foxy /usr/bin/cmake /app/project/src/square_controller -DCMAKE_INSTALL_PREFIX=/app/project/install/square_controller
[0.888s] Invoking command in '/app/project/build/square_controller': CMAKE_PREFIX_PATH=${CMAKE_PREFIX_PATH}:/app/project/install/base_link_p3_description:/opt/ros/foxy /usr/bin/cmake --build /app/project/build/square_controller -- -j16 -l16
[0.972s] [100%] Built target square_motion
[1.006s] Invoked command in '/app/project/build/square_controller' returned '0': CMAKE_PREFIX_PATH=${CMAKE_PREFIX_PATH}:/app/project/install/base_link_p3_description:/opt/ros/foxy /usr/bin/cmake --build /app/project/build/square_controller -- -j16 -l16
[1.085s] Invoking command in '/app/project/build/square_controller': CMAKE_PREFIX_PATH=${CMAKE_PREFIX_PATH}:/app/project/install/base_link_p3_description:/opt/ros/foxy /usr/bin/cmake --install /app/project/build/square_controller
[1.097s] -- Install configuration: ""
[1.097s] -- Execute custom install script
[1.100s] -- Up-to-date symlink: /app/project/install/square_controller/lib/square_controller/square_motion
[1.101s] -- Up-to-date symlink: /app/project/install/square_controller/share/ament_index/resource_index/package_run_dependencies/square_controller
[1.101s] -- Up-to-date symlink: /app/project/install/square_controller/share/ament_index/resource_index/parent_prefix_path/square_controller
[1.101s] -- Up-to-date symlink: /app/project/install/square_controller/share/square_controller/environment/ament_prefix_path.sh
[1.101s] -- Up-to-date symlink: /app/project/install/square_controller/share/square_controller/environment/ament_prefix_path.dsv
[1.101s] -- Up-to-date symlink: /app/project/install/square_controller/share/square_controller/environment/path.sh
[1.101s] -- Up-to-date symlink: /app/project/install/square_controller/share/square_controller/environment/path.dsv
[1.101s] -- Up-to-date symlink: /app/project/install/square_controller/share/square_controller/local_setup.bash
[1.101s] -- Up-to-date symlink: /app/project/install/square_controller/share/square_controller/local_setup.sh
[1.101s] -- Up-to-date symlink: /app/project/install/square_controller/share/square_controller/local_setup.zsh
[1.101s] -- Up-to-date symlink: /app/project/install/square_controller/share/square_controller/local_setup.dsv
[1.102s] -- Symlinking: /app/project/install/square_controller/share/square_controller/package.dsv
[1.112s] -- Up-to-date symlink: /app/project/install/square_controller/share/ament_index/resource_index/packages/square_controller
[1.113s] -- Up-to-date symlink: /app/project/install/square_controller/share/square_controller/cmake/square_controllerConfig.cmake
[1.113s] -- Up-to-date symlink: /app/project/install/square_controller/share/square_controller/cmake/square_controllerConfig-version.cmake
[1.113s] -- Up-to-date symlink: /app/project/install/square_controller/share/square_controller/package.xml
[1.131s] Invoked command in '/app/project/build/square_controller' returned '0': CMAKE_PREFIX_PATH=${CMAKE_PREFIX_PATH}:/app/project/install/base_link_p3_description:/opt/ros/foxy /usr/bin/cmake --install /app/project/build/square_controller
