-- Found ament_cmake: 1.3.12 (/opt/ros/humble/share/ament_cmake/cmake)
-- Found rclcpp: 16.0.15 (/opt/ros/humble/share/rclcpp/cmake)
-- Found rosidl_generator_c: 3.1.7 (/opt/ros/humble/share/rosidl_generator_c/cmake)
-- Found rosidl_adapter: 3.1.7 (/opt/ros/humble/share/rosidl_adapter/cmake)
-- Found rosidl_generator_cpp: 3.1.7 (/opt/ros/humble/share/rosidl_generator_cpp/cmake)
-- Using all available rosidl_typesupport_c: rosidl_typesupport_fastrtps_c;rosidl_typesupport_introspection_c
-- Using all available rosidl_typesupport_cpp: rosidl_typesupport_fastrtps_cpp;rosidl_typesupport_introspection_cpp
-- Found rmw_implementation_cmake: 6.1.2 (/opt/ros/humble/share/rmw_implementation_cmake/cmake)
-- Found rmw_fastrtps_cpp: 6.2.9 (/opt/ros/humble/share/rmw_fastrtps_cpp/cmake)
-- Using RMW implementation 'rmw_fastrtps_cpp' as default
-- Found ament_lint_auto: 0.12.14 (/opt/ros/humble/share/ament_lint_auto/cmake)
-- Added test 'cppcheck' to perform static code analysis on C / C++ code
-- Configured cppcheck include dirs: 
-- Configured cppcheck exclude dirs and/or files: 
-- Added test 'lint_cmake' to check CMake code style
-- Added test 'uncrustify' to check C / C++ code style
-- Configured uncrustify additional arguments: 
-- Added test 'xmllint' to check XML markup files
-- Configuring done
-- Generating done
-- Build files have been written to: /src/build/meu_pacote
[ 50%] [32mBuilding CXX object CMakeFiles/ola_mundo.dir/src/main.cpp.o[0m
[100%] [32m[1mLinking CXX executable ola_mundo[0m
[100%] Built target ola_mundo
-- Install configuration: ""
-- Installing: /src/install/meu_pacote/lib/meu_pacote/ola_mundo
-- Set runtime path of "/src/install/meu_pacote/lib/meu_pacote/ola_mundo" to ""
-- Installing: /src/install/meu_pacote/share/ament_index/resource_index/package_run_dependencies/meu_pacote
-- Installing: /src/install/meu_pacote/share/ament_index/resource_index/parent_prefix_path/meu_pacote
-- Installing: /src/install/meu_pacote/share/meu_pacote/environment/ament_prefix_path.sh
-- Installing: /src/install/meu_pacote/share/meu_pacote/environment/ament_prefix_path.dsv
-- Installing: /src/install/meu_pacote/share/meu_pacote/environment/path.sh
-- Installing: /src/install/meu_pacote/share/meu_pacote/environment/path.dsv
-- Installing: /src/install/meu_pacote/share/meu_pacote/local_setup.bash
-- Installing: /src/install/meu_pacote/share/meu_pacote/local_setup.sh
-- Installing: /src/install/meu_pacote/share/meu_pacote/local_setup.zsh
-- Installing: /src/install/meu_pacote/share/meu_pacote/local_setup.dsv
-- Installing: /src/install/meu_pacote/share/meu_pacote/package.dsv
-- Installing: /src/install/meu_pacote/share/ament_index/resource_index/packages/meu_pacote
-- Installing: /src/install/meu_pacote/share/meu_pacote/cmake/meu_pacoteConfig.cmake
-- Installing: /src/install/meu_pacote/share/meu_pacote/cmake/meu_pacoteConfig-version.cmake
-- Installing: /src/install/meu_pacote/share/meu_pacote/package.xml
