[0.009s] Invoking command in '/src/build/meu_pacote': CMAKE_PREFIX_PATH=/opt/ros/humble /usr/bin/cmake /src/meu_pacote -DCMAKE_INSTALL_PREFIX=/src/install/meu_pacote
[0.019s] -- Found ament_cmake: 1.3.12 (/opt/ros/humble/share/ament_cmake/cmake)
[0.107s] -- Found rclcpp: 16.0.15 (/opt/ros/humble/share/rclcpp/cmake)
[0.128s] -- Found rosidl_generator_c: 3.1.7 (/opt/ros/humble/share/rosidl_generator_c/cmake)
[0.130s] -- Found rosidl_adapter: 3.1.7 (/opt/ros/humble/share/rosidl_adapter/cmake)
[0.135s] -- Found rosidl_generator_cpp: 3.1.7 (/opt/ros/humble/share/rosidl_generator_cpp/cmake)
[0.142s] -- Using all available rosidl_typesupport_c: rosidl_typesupport_fastrtps_c;rosidl_typesupport_introspection_c
[0.152s] -- Using all available rosidl_typesupport_cpp: rosidl_typesupport_fastrtps_cpp;rosidl_typesupport_introspection_cpp
[0.177s] -- Found rmw_implementation_cmake: 6.1.2 (/opt/ros/humble/share/rmw_implementation_cmake/cmake)
[0.178s] -- Found rmw_fastrtps_cpp: 6.2.9 (/opt/ros/humble/share/rmw_fastrtps_cpp/cmake)
[0.238s] -- Using RMW implementation 'rmw_fastrtps_cpp' as default
[0.275s] -- Found ament_lint_auto: 0.12.14 (/opt/ros/humble/share/ament_lint_auto/cmake)
[0.337s] -- Added test 'cppcheck' to perform static code analysis on C / C++ code
[0.337s] -- Configured cppcheck include dirs: 
[0.337s] -- Configured cppcheck exclude dirs and/or files: 
[0.337s] -- Added test 'lint_cmake' to check CMake code style
[0.338s] -- Added test 'uncrustify' to check C / C++ code style
[0.339s] -- Configured uncrustify additional arguments: 
[0.339s] -- Added test 'xmllint' to check XML markup files
[0.340s] -- Configuring done
[0.348s] -- Generating done
[0.350s] -- Build files have been written to: /src/build/meu_pacote
[0.355s] Invoked command in '/src/build/meu_pacote' returned '0': CMAKE_PREFIX_PATH=/opt/ros/humble /usr/bin/cmake /src/meu_pacote -DCMAKE_INSTALL_PREFIX=/src/install/meu_pacote
[0.356s] Invoking command in '/src/build/meu_pacote': CMAKE_PREFIX_PATH=/opt/ros/humble /usr/bin/cmake --build /src/build/meu_pacote -- -j16 -l16
[0.398s] [ 50%] [32mBuilding CXX object CMakeFiles/ola_mundo.dir/src/main.cpp.o[0m
[2.578s] [100%] [32m[1mLinking CXX executable ola_mundo[0m
[2.674s] [100%] Built target ola_mundo
[2.684s] Invoked command in '/src/build/meu_pacote' returned '0': CMAKE_PREFIX_PATH=/opt/ros/humble /usr/bin/cmake --build /src/build/meu_pacote -- -j16 -l16
[2.692s] Invoking command in '/src/build/meu_pacote': CMAKE_PREFIX_PATH=/opt/ros/humble /usr/bin/cmake --install /src/build/meu_pacote
[2.697s] -- Install configuration: ""
[2.697s] -- Installing: /src/install/meu_pacote/lib/meu_pacote/ola_mundo
[2.698s] -- Set runtime path of "/src/install/meu_pacote/lib/meu_pacote/ola_mundo" to ""
[2.698s] -- Installing: /src/install/meu_pacote/share/ament_index/resource_index/package_run_dependencies/meu_pacote
[2.698s] -- Installing: /src/install/meu_pacote/share/ament_index/resource_index/parent_prefix_path/meu_pacote
[2.698s] -- Installing: /src/install/meu_pacote/share/meu_pacote/environment/ament_prefix_path.sh
[2.698s] -- Installing: /src/install/meu_pacote/share/meu_pacote/environment/ament_prefix_path.dsv
[2.699s] -- Installing: /src/install/meu_pacote/share/meu_pacote/environment/path.sh
[2.699s] -- Installing: /src/install/meu_pacote/share/meu_pacote/environment/path.dsv
[2.699s] -- Installing: /src/install/meu_pacote/share/meu_pacote/local_setup.bash
[2.699s] -- Installing: /src/install/meu_pacote/share/meu_pacote/local_setup.sh
[2.699s] -- Installing: /src/install/meu_pacote/share/meu_pacote/local_setup.zsh
[2.699s] -- Installing: /src/install/meu_pacote/share/meu_pacote/local_setup.dsv
[2.699s] -- Installing: /src/install/meu_pacote/share/meu_pacote/package.dsv
[2.700s] -- Installing: /src/install/meu_pacote/share/ament_index/resource_index/packages/meu_pacote
[2.700s] -- Installing: /src/install/meu_pacote/share/meu_pacote/cmake/meu_pacoteConfig.cmake
[2.700s] -- Installing: /src/install/meu_pacote/share/meu_pacote/cmake/meu_pacoteConfig-version.cmake
[2.700s] -- Installing: /src/install/meu_pacote/share/meu_pacote/package.xml
[2.702s] Invoked command in '/src/build/meu_pacote' returned '0': CMAKE_PREFIX_PATH=/opt/ros/humble /usr/bin/cmake --install /src/build/meu_pacote
