[0.000000] (-) TimerEvent: {}
[0.000359] (my_demo_pkg) JobQueued: {'identifier': 'my_demo_pkg', 'dependencies': OrderedDict()}
[0.000399] (my_turtle_bringup) JobQueued: {'identifier': 'my_turtle_bringup', 'dependencies': OrderedDict([('my_demo_pkg', '/app/ros2_ws/install/my_demo_pkg')])}
[0.000429] (my_demo_pkg) JobStarted: {'identifier': 'my_demo_pkg'}
[0.099953] (-) TimerEvent: {}
[0.200215] (-) TimerEvent: {}
[0.300416] (-) TimerEvent: {}
[0.400579] (-) TimerEvent: {}
[0.427574] (my_demo_pkg) Command: {'cmd': ['/usr/bin/python3', 'setup.py', 'egg_info', '--egg-base', '../../build/my_demo_pkg', 'build', '--build-base', '/app/ros2_ws/build/my_demo_pkg/build', 'install', '--record', '/app/ros2_ws/build/my_demo_pkg/install.log', '--install-scripts', '$base/lib/my_demo_pkg', '--single-version-externally-managed'], 'cwd': '/app/ros2_ws/src/my_demo_pkg', 'env': {'SHLVL': '0', 'LD_LIBRARY_PATH': '/opt/ros/foxy/opt/yaml_cpp_vendor/lib:/opt/ros/foxy/opt/rviz_ogre_vendor/lib:/opt/ros/foxy/lib/x86_64-linux-gnu:/opt/ros/foxy/lib', 'HOME': '/root', 'OLDPWD': '/app', 'ROS_PYTHON_VERSION': '3', 'ROS_DISTRO': 'foxy', '_': '/usr/bin/colcon', 'ROS_VERSION': '2', 'ROS_LOCALHOST_ONLY': '0', 'PATH': '/opt/ros/foxy/bin:/usr/local/sbin:/usr/local/bin:/usr/sbin:/usr/bin:/sbin:/bin', 'LANG': 'C.UTF-8', 'AMENT_PREFIX_PATH': '/opt/ros/foxy', 'PWD': '/app/ros2_ws/build/my_demo_pkg', 'LC_ALL': 'C.UTF-8', 'PYTHONPATH': '/app/ros2_ws/build/my_demo_pkg/prefix_override:/app/ros2_ws/install/my_demo_pkg/lib/python3.8/site-packages:/opt/ros/foxy/lib/python3.8/site-packages', 'COLCON': '1'}, 'shell': False}
[0.500694] (-) TimerEvent: {}
[0.567527] (my_demo_pkg) StdoutLine: {'line': b'running egg_info\n'}
[0.567792] (my_demo_pkg) StdoutLine: {'line': b'creating ../../build/my_demo_pkg/my_demo_pkg.egg-info\n'}
[0.567958] (my_demo_pkg) StdoutLine: {'line': b'writing ../../build/my_demo_pkg/my_demo_pkg.egg-info/PKG-INFO\n'}
[0.568199] (my_demo_pkg) StdoutLine: {'line': b'writing dependency_links to ../../build/my_demo_pkg/my_demo_pkg.egg-info/dependency_links.txt\n'}
[0.568370] (my_demo_pkg) StdoutLine: {'line': b'writing entry points to ../../build/my_demo_pkg/my_demo_pkg.egg-info/entry_points.txt\n'}
[0.568507] (my_demo_pkg) StdoutLine: {'line': b'writing requirements to ../../build/my_demo_pkg/my_demo_pkg.egg-info/requires.txt\n'}
[0.568566] (my_demo_pkg) StdoutLine: {'line': b'writing top-level names to ../../build/my_demo_pkg/my_demo_pkg.egg-info/top_level.txt\n'}
[0.569837] (my_demo_pkg) StdoutLine: {'line': b"writing manifest file '../../build/my_demo_pkg/my_demo_pkg.egg-info/SOURCES.txt'\n"}
[0.593048] (my_demo_pkg) StdoutLine: {'line': b"reading manifest file '../../build/my_demo_pkg/my_demo_pkg.egg-info/SOURCES.txt'\n"}
[0.593609] (my_demo_pkg) StdoutLine: {'line': b"writing manifest file '../../build/my_demo_pkg/my_demo_pkg.egg-info/SOURCES.txt'\n"}
[0.593834] (my_demo_pkg) StdoutLine: {'line': b'running build\n'}
[0.593911] (my_demo_pkg) StdoutLine: {'line': b'running build_py\n'}
[0.594023] (my_demo_pkg) StdoutLine: {'line': b'creating /app/ros2_ws/build/my_demo_pkg/build\n'}
[0.594156] (my_demo_pkg) StdoutLine: {'line': b'creating /app/ros2_ws/build/my_demo_pkg/build/lib\n'}
[0.594276] (my_demo_pkg) StdoutLine: {'line': b'creating /app/ros2_ws/build/my_demo_pkg/build/lib/my_demo_pkg\n'}
[0.594335] (my_demo_pkg) StdoutLine: {'line': b'copying my_demo_pkg/move_controller.py -> /app/ros2_ws/build/my_demo_pkg/build/lib/my_demo_pkg\n'}
[0.594385] (my_demo_pkg) StdoutLine: {'line': b'copying my_demo_pkg/color_controller.py -> /app/ros2_ws/build/my_demo_pkg/build/lib/my_demo_pkg\n'}
[0.594485] (my_demo_pkg) StdoutLine: {'line': b'copying my_demo_pkg/__init__.py -> /app/ros2_ws/build/my_demo_pkg/build/lib/my_demo_pkg\n'}
[0.594533] (my_demo_pkg) StdoutLine: {'line': b'running install\n'}
[0.594995] (my_demo_pkg) StdoutLine: {'line': b'running install_lib\n'}
[0.595663] (my_demo_pkg) StdoutLine: {'line': b'creating /app/ros2_ws/install/my_demo_pkg/lib/python3.8/site-packages/my_demo_pkg\n'}
[0.595756] (my_demo_pkg) StdoutLine: {'line': b'copying /app/ros2_ws/build/my_demo_pkg/build/lib/my_demo_pkg/move_controller.py -> /app/ros2_ws/install/my_demo_pkg/lib/python3.8/site-packages/my_demo_pkg\n'}
[0.595876] (my_demo_pkg) StdoutLine: {'line': b'copying /app/ros2_ws/build/my_demo_pkg/build/lib/my_demo_pkg/color_controller.py -> /app/ros2_ws/install/my_demo_pkg/lib/python3.8/site-packages/my_demo_pkg\n'}
[0.596002] (my_demo_pkg) StdoutLine: {'line': b'copying /app/ros2_ws/build/my_demo_pkg/build/lib/my_demo_pkg/__init__.py -> /app/ros2_ws/install/my_demo_pkg/lib/python3.8/site-packages/my_demo_pkg\n'}
[0.596431] (my_demo_pkg) StdoutLine: {'line': b'byte-compiling /app/ros2_ws/install/my_demo_pkg/lib/python3.8/site-packages/my_demo_pkg/move_controller.py to move_controller.cpython-38.pyc\n'}
[0.597390] (my_demo_pkg) StdoutLine: {'line': b'byte-compiling /app/ros2_ws/install/my_demo_pkg/lib/python3.8/site-packages/my_demo_pkg/color_controller.py to color_controller.cpython-38.pyc\n'}
[0.597827] (my_demo_pkg) StdoutLine: {'line': b'byte-compiling /app/ros2_ws/install/my_demo_pkg/lib/python3.8/site-packages/my_demo_pkg/__init__.py to __init__.cpython-38.pyc\n'}
[0.597990] (my_demo_pkg) StdoutLine: {'line': b'running install_data\n'}
[0.598282] (my_demo_pkg) StdoutLine: {'line': b'creating /app/ros2_ws/install/my_demo_pkg/share/ament_index\n'}
[0.598454] (my_demo_pkg) StdoutLine: {'line': b'creating /app/ros2_ws/install/my_demo_pkg/share/ament_index/resource_index\n'}
[0.598512] (my_demo_pkg) StdoutLine: {'line': b'creating /app/ros2_ws/install/my_demo_pkg/share/ament_index/resource_index/packages\n'}
[0.598654] (my_demo_pkg) StdoutLine: {'line': b'copying resource/my_demo_pkg -> /app/ros2_ws/install/my_demo_pkg/share/ament_index/resource_index/packages\n'}
[0.598702] (my_demo_pkg) StdoutLine: {'line': b'copying package.xml -> /app/ros2_ws/install/my_demo_pkg/share/my_demo_pkg\n'}
[0.598744] (my_demo_pkg) StdoutLine: {'line': b'running install_egg_info\n'}
[0.599790] (my_demo_pkg) StdoutLine: {'line': b'Copying ../../build/my_demo_pkg/my_demo_pkg.egg-info to /app/ros2_ws/install/my_demo_pkg/lib/python3.8/site-packages/my_demo_pkg-0.0.0-py3.8.egg-info\n'}
[0.600749] (-) TimerEvent: {}
[0.600851] (my_demo_pkg) StdoutLine: {'line': b'running install_scripts\n'}
[0.613350] (my_demo_pkg) StdoutLine: {'line': b'Installing color_controller script to /app/ros2_ws/install/my_demo_pkg/lib/my_demo_pkg\n'}
[0.613526] (my_demo_pkg) StdoutLine: {'line': b'Installing move_controller script to /app/ros2_ws/install/my_demo_pkg/lib/my_demo_pkg\n'}
[0.613732] (my_demo_pkg) StdoutLine: {'line': b"writing list of installed files to '/app/ros2_ws/build/my_demo_pkg/install.log'\n"}
[0.629458] (my_demo_pkg) CommandEnded: {'returncode': 0}
[0.642634] (my_demo_pkg) JobEnded: {'identifier': 'my_demo_pkg', 'rc': 0}
[0.643843] (my_turtle_bringup) JobStarted: {'identifier': 'my_turtle_bringup'}
[0.650846] (my_turtle_bringup) JobProgress: {'identifier': 'my_turtle_bringup', 'progress': 'cmake'}
[0.651146] (my_turtle_bringup) Command: {'cmd': ['/usr/bin/cmake', '/app/ros2_ws/src/my_turtle_bringup', '-DCMAKE_INSTALL_PREFIX=/app/ros2_ws/install/my_turtle_bringup'], 'cwd': '/app/ros2_ws/build/my_turtle_bringup', 'env': OrderedDict([('SHLVL', '0'), ('LD_LIBRARY_PATH', '/opt/ros/foxy/opt/yaml_cpp_vendor/lib:/opt/ros/foxy/opt/rviz_ogre_vendor/lib:/opt/ros/foxy/lib/x86_64-linux-gnu:/opt/ros/foxy/lib'), ('HOME', '/root'), ('OLDPWD', '/app'), ('ROS_PYTHON_VERSION', '3'), ('ROS_DISTRO', 'foxy'), ('_', '/usr/bin/colcon'), ('ROS_VERSION', '2'), ('ROS_LOCALHOST_ONLY', '0'), ('PATH', '/opt/ros/foxy/bin:/usr/local/sbin:/usr/local/bin:/usr/sbin:/usr/bin:/sbin:/bin'), ('LANG', 'C.UTF-8'), ('AMENT_PREFIX_PATH', '/app/ros2_ws/install/my_demo_pkg:/opt/ros/foxy'), ('PWD', '/app/ros2_ws/build/my_turtle_bringup'), ('LC_ALL', 'C.UTF-8'), ('PYTHONPATH', '/app/ros2_ws/install/my_demo_pkg/lib/python3.8/site-packages:/opt/ros/foxy/lib/python3.8/site-packages'), ('COLCON', '1'), ('CMAKE_PREFIX_PATH', '/opt/ros/foxy')]), 'shell': False}
[0.700889] (-) TimerEvent: {}
[0.707809] (my_turtle_bringup) StdoutLine: {'line': b'-- The C compiler identification is GNU 9.4.0\n'}
[0.753469] (my_turtle_bringup) StdoutLine: {'line': b'-- The CXX compiler identification is GNU 9.4.0\n'}
[0.757024] (my_turtle_bringup) StdoutLine: {'line': b'-- Check for working C compiler: /usr/bin/cc\n'}
[0.800982] (-) TimerEvent: {}
[0.822644] (my_turtle_bringup) StdoutLine: {'line': b'-- Check for working C compiler: /usr/bin/cc -- works\n'}
[0.823431] (my_turtle_bringup) StdoutLine: {'line': b'-- Detecting C compiler ABI info\n'}
[0.888246] (my_turtle_bringup) StdoutLine: {'line': b'-- Detecting C compiler ABI info - done\n'}
[0.895290] (my_turtle_bringup) StdoutLine: {'line': b'-- Detecting C compile features\n'}
[0.895534] (my_turtle_bringup) StdoutLine: {'line': b'-- Detecting C compile features - done\n'}
[0.897553] (my_turtle_bringup) StdoutLine: {'line': b'-- Check for working CXX compiler: /usr/bin/c++\n'}
[0.901038] (-) TimerEvent: {}
[0.971760] (my_turtle_bringup) StdoutLine: {'line': b'-- Check for working CXX compiler: /usr/bin/c++ -- works\n'}
[0.972526] (my_turtle_bringup) StdoutLine: {'line': b'-- Detecting CXX compiler ABI info\n'}
[1.001162] (-) TimerEvent: {}
[1.046534] (my_turtle_bringup) StdoutLine: {'line': b'-- Detecting CXX compiler ABI info - done\n'}
[1.053973] (my_turtle_bringup) StdoutLine: {'line': b'-- Detecting CXX compile features\n'}
[1.054335] (my_turtle_bringup) StdoutLine: {'line': b'-- Detecting CXX compile features - done\n'}
[1.056797] (my_turtle_bringup) StdoutLine: {'line': b'-- Found ament_cmake: 0.9.12 (/opt/ros/foxy/share/ament_cmake/cmake)\n'}
[1.076772] (my_turtle_bringup) StdoutLine: {'line': b'-- Found PythonInterp: /usr/bin/python3 (found suitable version "3.8.10", minimum required is "3") \n'}
[1.076905] (my_turtle_bringup) StdoutLine: {'line': b'-- Using PYTHON_EXECUTABLE: /usr/bin/python3\n'}
[1.101242] (-) TimerEvent: {}
[1.201398] (-) TimerEvent: {}
[1.261685] (my_turtle_bringup) StdoutLine: {'line': b'-- Configuring done\n'}
[1.263896] (my_turtle_bringup) StdoutLine: {'line': b'-- Generating done\n'}
[1.264741] (my_turtle_bringup) StdoutLine: {'line': b'-- Build files have been written to: /app/ros2_ws/build/my_turtle_bringup\n'}
[1.267544] (my_turtle_bringup) CommandEnded: {'returncode': 0}
[1.268040] (my_turtle_bringup) JobProgress: {'identifier': 'my_turtle_bringup', 'progress': 'build'}
[1.269974] (my_turtle_bringup) Command: {'cmd': ['/usr/bin/cmake', '--build', '/app/ros2_ws/build/my_turtle_bringup', '--', '-j16', '-l16'], 'cwd': '/app/ros2_ws/build/my_turtle_bringup', 'env': OrderedDict([('SHLVL', '0'), ('LD_LIBRARY_PATH', '/opt/ros/foxy/opt/yaml_cpp_vendor/lib:/opt/ros/foxy/opt/rviz_ogre_vendor/lib:/opt/ros/foxy/lib/x86_64-linux-gnu:/opt/ros/foxy/lib'), ('HOME', '/root'), ('OLDPWD', '/app'), ('ROS_PYTHON_VERSION', '3'), ('ROS_DISTRO', 'foxy'), ('_', '/usr/bin/colcon'), ('ROS_VERSION', '2'), ('ROS_LOCALHOST_ONLY', '0'), ('PATH', '/opt/ros/foxy/bin:/usr/local/sbin:/usr/local/bin:/usr/sbin:/usr/bin:/sbin:/bin'), ('LANG', 'C.UTF-8'), ('AMENT_PREFIX_PATH', '/app/ros2_ws/install/my_demo_pkg:/opt/ros/foxy'), ('PWD', '/app/ros2_ws/build/my_turtle_bringup'), ('LC_ALL', 'C.UTF-8'), ('PYTHONPATH', '/app/ros2_ws/install/my_demo_pkg/lib/python3.8/site-packages:/opt/ros/foxy/lib/python3.8/site-packages'), ('COLCON', '1'), ('CMAKE_PREFIX_PATH', '/opt/ros/foxy')]), 'shell': False}
[1.301509] (-) TimerEvent: {}
[1.309719] (my_turtle_bringup) CommandEnded: {'returncode': 0}
[1.331111] (my_turtle_bringup) JobProgress: {'identifier': 'my_turtle_bringup', 'progress': 'install'}
[1.341779] (my_turtle_bringup) Command: {'cmd': ['/usr/bin/cmake', '--install', '/app/ros2_ws/build/my_turtle_bringup'], 'cwd': '/app/ros2_ws/build/my_turtle_bringup', 'env': OrderedDict([('SHLVL', '0'), ('LD_LIBRARY_PATH', '/opt/ros/foxy/opt/yaml_cpp_vendor/lib:/opt/ros/foxy/opt/rviz_ogre_vendor/lib:/opt/ros/foxy/lib/x86_64-linux-gnu:/opt/ros/foxy/lib'), ('HOME', '/root'), ('OLDPWD', '/app'), ('ROS_PYTHON_VERSION', '3'), ('ROS_DISTRO', 'foxy'), ('_', '/usr/bin/colcon'), ('ROS_VERSION', '2'), ('ROS_LOCALHOST_ONLY', '0'), ('PATH', '/opt/ros/foxy/bin:/usr/local/sbin:/usr/local/bin:/usr/sbin:/usr/bin:/sbin:/bin'), ('LANG', 'C.UTF-8'), ('AMENT_PREFIX_PATH', '/app/ros2_ws/install/my_demo_pkg:/opt/ros/foxy'), ('PWD', '/app/ros2_ws/build/my_turtle_bringup'), ('LC_ALL', 'C.UTF-8'), ('PYTHONPATH', '/app/ros2_ws/install/my_demo_pkg/lib/python3.8/site-packages:/opt/ros/foxy/lib/python3.8/site-packages'), ('COLCON', '1'), ('CMAKE_PREFIX_PATH', '/opt/ros/foxy')]), 'shell': False}
[1.350692] (my_turtle_bringup) StdoutLine: {'line': b'-- Install configuration: ""\n'}
[1.350830] (my_turtle_bringup) StdoutLine: {'line': b'-- Installing: /app/ros2_ws/install/my_turtle_bringup/share/my_turtle_bringup/launch\n'}
[1.350946] (my_turtle_bringup) StdoutLine: {'line': b'-- Installing: /app/ros2_ws/install/my_turtle_bringup/share/my_turtle_bringup/launch/turtlesim_demo.launch.py\n'}
[1.351140] (my_turtle_bringup) StdoutLine: {'line': b'-- Installing: /app/ros2_ws/install/my_turtle_bringup/share/my_turtle_bringup/launch/only_controller.launch.py\n'}
[1.351446] (my_turtle_bringup) StdoutLine: {'line': b'-- Installing: /app/ros2_ws/install/my_turtle_bringup/share/ament_index/resource_index/package_run_dependencies/my_turtle_bringup\n'}
[1.351709] (my_turtle_bringup) StdoutLine: {'line': b'-- Installing: /app/ros2_ws/install/my_turtle_bringup/share/ament_index/resource_index/parent_prefix_path/my_turtle_bringup\n'}
[1.351974] (my_turtle_bringup) StdoutLine: {'line': b'-- Installing: /app/ros2_ws/install/my_turtle_bringup/share/my_turtle_bringup/environment/ament_prefix_path.sh\n'}
[1.352245] (my_turtle_bringup) StdoutLine: {'line': b'-- Installing: /app/ros2_ws/install/my_turtle_bringup/share/my_turtle_bringup/environment/ament_prefix_path.dsv\n'}
[1.352543] (my_turtle_bringup) StdoutLine: {'line': b'-- Installing: /app/ros2_ws/install/my_turtle_bringup/share/my_turtle_bringup/environment/path.sh\n'}
[1.352807] (my_turtle_bringup) StdoutLine: {'line': b'-- Installing: /app/ros2_ws/install/my_turtle_bringup/share/my_turtle_bringup/environment/path.dsv\n'}
[1.353061] (my_turtle_bringup) StdoutLine: {'line': b'-- Installing: /app/ros2_ws/install/my_turtle_bringup/share/my_turtle_bringup/local_setup.bash\n'}
[1.353336] (my_turtle_bringup) StdoutLine: {'line': b'-- Installing: /app/ros2_ws/install/my_turtle_bringup/share/my_turtle_bringup/local_setup.sh\n'}
[1.353569] (my_turtle_bringup) StdoutLine: {'line': b'-- Installing: /app/ros2_ws/install/my_turtle_bringup/share/my_turtle_bringup/local_setup.zsh\n'}
[1.353767] (my_turtle_bringup) StdoutLine: {'line': b'-- Installing: /app/ros2_ws/install/my_turtle_bringup/share/my_turtle_bringup/local_setup.dsv\n'}
[1.353965] (my_turtle_bringup) StdoutLine: {'line': b'-- Installing: /app/ros2_ws/install/my_turtle_bringup/share/my_turtle_bringup/package.dsv\n'}
[1.354269] (my_turtle_bringup) StdoutLine: {'line': b'-- Installing: /app/ros2_ws/install/my_turtle_bringup/share/ament_index/resource_index/packages/my_turtle_bringup\n'}
[1.354514] (my_turtle_bringup) StdoutLine: {'line': b'-- Installing: /app/ros2_ws/install/my_turtle_bringup/share/my_turtle_bringup/cmake/my_turtle_bringupConfig.cmake\n'}
[1.354681] (my_turtle_bringup) StdoutLine: {'line': b'-- Installing: /app/ros2_ws/install/my_turtle_bringup/share/my_turtle_bringup/cmake/my_turtle_bringupConfig-version.cmake\n'}
[1.354878] (my_turtle_bringup) StdoutLine: {'line': b'-- Installing: /app/ros2_ws/install/my_turtle_bringup/share/my_turtle_bringup/package.xml\n'}
[1.356403] (my_turtle_bringup) CommandEnded: {'returncode': 0}
[1.393813] (my_turtle_bringup) JobEnded: {'identifier': 'my_turtle_bringup', 'rc': 0}
[1.394468] (-) EventReactorShutdown: {}
