[0.230s] DEBUG:colcon:Command line arguments: ['/usr/bin/colcon', 'build']
[0.230s] DEBUG:colcon:Parsed command line arguments: Namespace(ament_cmake_args=None, base_paths=['.'], build_base='build', catkin_cmake_args=None, catkin_skip_building_tests=False, cmake_args=None, cmake_clean_cache=False, cmake_clean_first=False, cmake_force_configure=False, cmake_target=None, cmake_target_skip_unavailable=False, continue_on_error=False, event_handlers=None, executor='parallel', ignore_user_meta=False, install_base='install', log_base=None, log_level=None, main=<bound method BuildVerb.main of <colcon_core.verb.build.BuildVerb object at 0x7fb075d4c850>>, merge_install=False, metas=['./colcon.meta'], mixin=None, mixin_files=None, mixin_verb=('build',), packages_above=None, packages_above_and_dependencies=None, packages_above_depth=None, packages_end=None, packages_ignore=None, packages_ignore_regex=None, packages_select=None, packages_select_build_failed=False, packages_select_by_dep=None, packages_select_regex=None, packages_select_test_failures=False, packages_skip=None, packages_skip_build_finished=False, packages_skip_by_dep=None, packages_skip_regex=None, packages_skip_test_passed=False, packages_skip_up_to=None, packages_start=None, packages_up_to=None, packages_up_to_regex=None, parallel_workers=16, paths=None, symlink_install=False, test_result_base=None, verb_extension=<colcon_core.verb.build.BuildVerb object at 0x7fb075d4c850>, verb_name='build', verb_parser=<colcon_mixin.mixin.mixin_argument.MixinArgumentDecorator object at 0x7fb075d4ce20>)
[0.251s] Level 1:colcon.colcon_core.package_discovery:discover_packages(colcon_meta) check parameters
[0.252s] INFO:colcon.colcon_metadata.package_discovery.colcon_meta:Using configuration from '/root/.colcon/metadata/default/Gazebo.meta'
[0.252s] INFO:colcon.colcon_metadata.package_discovery.colcon_meta:Using configuration from '/root/.colcon/metadata/default/fastdds.meta'
[0.253s] INFO:colcon.colcon_metadata.package_discovery.colcon_meta:Using configuration from '/root/.colcon/metadata/default/fastrtps.meta'
[0.253s] Level 1:colcon.colcon_core.package_discovery:discover_packages(recursive) check parameters
[0.253s] Level 1:colcon.colcon_core.package_discovery:discover_packages(ignore) check parameters
[0.253s] Level 1:colcon.colcon_core.package_discovery:discover_packages(path) check parameters
[0.253s] Level 1:colcon.colcon_core.package_discovery:discover_packages(colcon_meta) discover
[0.253s] Level 1:colcon.colcon_core.package_discovery:discover_packages(recursive) discover
[0.253s] INFO:colcon.colcon_core.package_discovery:Crawling recursively for packages in '/app/ros2_ws'
[0.253s] Level 1:colcon.colcon_core.package_identification:_identify(.) by extensions ['ignore', 'ignore_ament_install']
[0.253s] Level 1:colcon.colcon_core.package_identification:_identify(.) by extension 'ignore'
[0.253s] Level 1:colcon.colcon_core.package_identification:_identify(.) by extension 'ignore_ament_install'
[0.253s] Level 1:colcon.colcon_core.package_identification:_identify(.) by extensions ['colcon_pkg']
[0.253s] Level 1:colcon.colcon_core.package_identification:_identify(.) by extension 'colcon_pkg'
[0.253s] Level 1:colcon.colcon_core.package_identification:_identify(.) by extensions ['colcon_meta']
[0.253s] Level 1:colcon.colcon_core.package_identification:_identify(.) by extension 'colcon_meta'
[0.253s] Level 1:colcon.colcon_core.package_identification:_identify(.) by extensions ['ros']
[0.253s] Level 1:colcon.colcon_core.package_identification:_identify(.) by extension 'ros'
[0.267s] Level 1:colcon.colcon_core.package_identification:_identify(.) by extensions ['cmake', 'python']
[0.267s] Level 1:colcon.colcon_core.package_identification:_identify(.) by extension 'cmake'
[0.267s] Level 1:colcon.colcon_core.package_identification:_identify(.) by extension 'python'
[0.268s] Level 1:colcon.colcon_core.package_identification:_identify(.) by extensions ['python_setup_py']
[0.268s] Level 1:colcon.colcon_core.package_identification:_identify(.) by extension 'python_setup_py'
[0.268s] Level 1:colcon.colcon_core.package_identification:_identify(build) by extensions ['ignore', 'ignore_ament_install']
[0.268s] Level 1:colcon.colcon_core.package_identification:_identify(build) by extension 'ignore'
[0.268s] Level 1:colcon.colcon_core.package_identification:_identify(build) ignored
[0.268s] Level 1:colcon.colcon_core.package_identification:_identify(install) by extensions ['ignore', 'ignore_ament_install']
[0.268s] Level 1:colcon.colcon_core.package_identification:_identify(install) by extension 'ignore'
[0.268s] Level 1:colcon.colcon_core.package_identification:_identify(install) ignored
[0.268s] Level 1:colcon.colcon_core.package_identification:_identify(log) by extensions ['ignore', 'ignore_ament_install']
[0.268s] Level 1:colcon.colcon_core.package_identification:_identify(log) by extension 'ignore'
[0.268s] Level 1:colcon.colcon_core.package_identification:_identify(log) ignored
[0.268s] Level 1:colcon.colcon_core.package_identification:_identify(src) by extensions ['ignore', 'ignore_ament_install']
[0.268s] Level 1:colcon.colcon_core.package_identification:_identify(src) by extension 'ignore'
[0.268s] Level 1:colcon.colcon_core.package_identification:_identify(src) by extension 'ignore_ament_install'
[0.268s] Level 1:colcon.colcon_core.package_identification:_identify(src) by extensions ['colcon_pkg']
[0.268s] Level 1:colcon.colcon_core.package_identification:_identify(src) by extension 'colcon_pkg'
[0.268s] Level 1:colcon.colcon_core.package_identification:_identify(src) by extensions ['colcon_meta']
[0.268s] Level 1:colcon.colcon_core.package_identification:_identify(src) by extension 'colcon_meta'
[0.269s] Level 1:colcon.colcon_core.package_identification:_identify(src) by extensions ['ros']
[0.269s] Level 1:colcon.colcon_core.package_identification:_identify(src) by extension 'ros'
[0.269s] Level 1:colcon.colcon_core.package_identification:_identify(src) by extensions ['cmake', 'python']
[0.269s] Level 1:colcon.colcon_core.package_identification:_identify(src) by extension 'cmake'
[0.269s] Level 1:colcon.colcon_core.package_identification:_identify(src) by extension 'python'
[0.269s] Level 1:colcon.colcon_core.package_identification:_identify(src) by extensions ['python_setup_py']
[0.269s] Level 1:colcon.colcon_core.package_identification:_identify(src) by extension 'python_setup_py'
[0.269s] Level 1:colcon.colcon_core.package_identification:_identify(src/my_demo_pkg) by extensions ['ignore', 'ignore_ament_install']
[0.269s] Level 1:colcon.colcon_core.package_identification:_identify(src/my_demo_pkg) by extension 'ignore'
[0.269s] Level 1:colcon.colcon_core.package_identification:_identify(src/my_demo_pkg) by extension 'ignore_ament_install'
[0.269s] Level 1:colcon.colcon_core.package_identification:_identify(src/my_demo_pkg) by extensions ['colcon_pkg']
[0.269s] Level 1:colcon.colcon_core.package_identification:_identify(src/my_demo_pkg) by extension 'colcon_pkg'
[0.269s] Level 1:colcon.colcon_core.package_identification:_identify(src/my_demo_pkg) by extensions ['colcon_meta']
[0.269s] Level 1:colcon.colcon_core.package_identification:_identify(src/my_demo_pkg) by extension 'colcon_meta'
[0.269s] Level 1:colcon.colcon_core.package_identification:_identify(src/my_demo_pkg) by extensions ['ros']
[0.269s] Level 1:colcon.colcon_core.package_identification:_identify(src/my_demo_pkg) by extension 'ros'
[0.271s] DEBUG:colcon.colcon_core.package_identification:Package 'src/my_demo_pkg' with type 'ros.ament_python' and name 'my_demo_pkg'
[0.271s] Level 1:colcon.colcon_core.package_identification:_identify(src/my_turtle_bringup) by extensions ['ignore', 'ignore_ament_install']
[0.271s] Level 1:colcon.colcon_core.package_identification:_identify(src/my_turtle_bringup) by extension 'ignore'
[0.271s] Level 1:colcon.colcon_core.package_identification:_identify(src/my_turtle_bringup) by extension 'ignore_ament_install'
[0.271s] Level 1:colcon.colcon_core.package_identification:_identify(src/my_turtle_bringup) by extensions ['colcon_pkg']
[0.271s] Level 1:colcon.colcon_core.package_identification:_identify(src/my_turtle_bringup) by extension 'colcon_pkg'
[0.271s] Level 1:colcon.colcon_core.package_identification:_identify(src/my_turtle_bringup) by extensions ['colcon_meta']
[0.271s] Level 1:colcon.colcon_core.package_identification:_identify(src/my_turtle_bringup) by extension 'colcon_meta'
[0.272s] Level 1:colcon.colcon_core.package_identification:_identify(src/my_turtle_bringup) by extensions ['ros']
[0.272s] Level 1:colcon.colcon_core.package_identification:_identify(src/my_turtle_bringup) by extension 'ros'
[0.272s] DEBUG:colcon.colcon_core.package_identification:Package 'src/my_turtle_bringup' with type 'ros.ament_cmake' and name 'my_turtle_bringup'
[0.272s] Level 1:colcon.colcon_core.package_discovery:discover_packages(recursive) using defaults
[0.272s] Level 1:colcon.colcon_core.package_discovery:discover_packages(ignore) discover
[0.272s] Level 1:colcon.colcon_core.package_discovery:discover_packages(ignore) using defaults
[0.272s] Level 1:colcon.colcon_core.package_discovery:discover_packages(path) discover
[0.272s] Level 1:colcon.colcon_core.package_discovery:discover_packages(path) using defaults
[0.286s] Level 5:colcon.colcon_core.verb:set package 'my_demo_pkg' build argument 'cmake_args' from command line to 'None'
[0.286s] Level 5:colcon.colcon_core.verb:set package 'my_demo_pkg' build argument 'cmake_target' from command line to 'None'
[0.286s] Level 5:colcon.colcon_core.verb:set package 'my_demo_pkg' build argument 'cmake_target_skip_unavailable' from command line to 'False'
[0.286s] Level 5:colcon.colcon_core.verb:set package 'my_demo_pkg' build argument 'cmake_clean_cache' from command line to 'False'
[0.286s] Level 5:colcon.colcon_core.verb:set package 'my_demo_pkg' build argument 'cmake_clean_first' from command line to 'False'
[0.286s] Level 5:colcon.colcon_core.verb:set package 'my_demo_pkg' build argument 'cmake_force_configure' from command line to 'False'
[0.286s] Level 5:colcon.colcon_core.verb:set package 'my_demo_pkg' build argument 'ament_cmake_args' from command line to 'None'
[0.286s] Level 5:colcon.colcon_core.verb:set package 'my_demo_pkg' build argument 'catkin_cmake_args' from command line to 'None'
[0.286s] Level 5:colcon.colcon_core.verb:set package 'my_demo_pkg' build argument 'catkin_skip_building_tests' from command line to 'False'
[0.286s] DEBUG:colcon.colcon_core.verb:Building package 'my_demo_pkg' with the following arguments: {'ament_cmake_args': None, 'build_base': '/app/ros2_ws/build/my_demo_pkg', 'catkin_cmake_args': None, 'catkin_skip_building_tests': False, 'cmake_args': None, 'cmake_clean_cache': False, 'cmake_clean_first': False, 'cmake_force_configure': False, 'cmake_target': None, 'cmake_target_skip_unavailable': False, 'install_base': '/app/ros2_ws/install/my_demo_pkg', 'merge_install': False, 'path': '/app/ros2_ws/src/my_demo_pkg', 'symlink_install': False, 'test_result_base': None}
[0.287s] Level 5:colcon.colcon_core.verb:set package 'my_turtle_bringup' build argument 'cmake_args' from command line to 'None'
[0.287s] Level 5:colcon.colcon_core.verb:set package 'my_turtle_bringup' build argument 'cmake_target' from command line to 'None'
[0.287s] Level 5:colcon.colcon_core.verb:set package 'my_turtle_bringup' build argument 'cmake_target_skip_unavailable' from command line to 'False'
[0.287s] Level 5:colcon.colcon_core.verb:set package 'my_turtle_bringup' build argument 'cmake_clean_cache' from command line to 'False'
[0.287s] Level 5:colcon.colcon_core.verb:set package 'my_turtle_bringup' build argument 'cmake_clean_first' from command line to 'False'
[0.287s] Level 5:colcon.colcon_core.verb:set package 'my_turtle_bringup' build argument 'cmake_force_configure' from command line to 'False'
[0.287s] Level 5:colcon.colcon_core.verb:set package 'my_turtle_bringup' build argument 'ament_cmake_args' from command line to 'None'
[0.287s] Level 5:colcon.colcon_core.verb:set package 'my_turtle_bringup' build argument 'catkin_cmake_args' from command line to 'None'
[0.287s] Level 5:colcon.colcon_core.verb:set package 'my_turtle_bringup' build argument 'catkin_skip_building_tests' from command line to 'False'
[0.287s] DEBUG:colcon.colcon_core.verb:Building package 'my_turtle_bringup' with the following arguments: {'ament_cmake_args': None, 'build_base': '/app/ros2_ws/build/my_turtle_bringup', 'catkin_cmake_args': None, 'catkin_skip_building_tests': False, 'cmake_args': None, 'cmake_clean_cache': False, 'cmake_clean_first': False, 'cmake_force_configure': False, 'cmake_target': None, 'cmake_target_skip_unavailable': False, 'install_base': '/app/ros2_ws/install/my_turtle_bringup', 'merge_install': False, 'path': '/app/ros2_ws/src/my_turtle_bringup', 'symlink_install': False, 'test_result_base': None}
[0.288s] INFO:colcon.colcon_core.executor:Executing jobs using 'parallel' executor
[0.290s] DEBUG:colcon.colcon_parallel_executor.executor.parallel:run_until_complete
[0.290s] INFO:colcon.colcon_ros.task.ament_python.build:Building ROS package in '/app/ros2_ws/src/my_demo_pkg' with build type 'ament_python'
[0.290s] Level 1:colcon.colcon_core.shell:create_environment_hook('my_demo_pkg', 'ament_prefix_path')
[0.294s] INFO:colcon.colcon_core.plugin_system:Skipping extension 'colcon_core.shell.bat': Not used on non-Windows systems
[0.294s] INFO:colcon.colcon_core.shell:Creating environment hook '/app/ros2_ws/install/my_demo_pkg/share/my_demo_pkg/hook/ament_prefix_path.ps1'
[0.295s] INFO:colcon.colcon_core.shell:Creating environment descriptor '/app/ros2_ws/install/my_demo_pkg/share/my_demo_pkg/hook/ament_prefix_path.dsv'
[0.295s] INFO:colcon.colcon_core.shell:Creating environment hook '/app/ros2_ws/install/my_demo_pkg/share/my_demo_pkg/hook/ament_prefix_path.sh'
[0.296s] INFO:colcon.colcon_core.shell:Skip shell extension 'powershell' for command environment: Not usable outside of PowerShell
[0.297s] DEBUG:colcon.colcon_core.shell:Skip shell extension 'dsv' for command environment
[0.447s] INFO:colcon.colcon_core.task.python.build:Building Python package in '/app/ros2_ws/src/my_demo_pkg'
[0.448s] INFO:colcon.colcon_core.shell:Skip shell extension 'powershell' for command environment: Not usable outside of PowerShell
[0.448s] DEBUG:colcon.colcon_core.shell:Skip shell extension 'dsv' for command environment
[0.720s] DEBUG:colcon.colcon_core.event_handler.log_command:Invoking command in '/app/ros2_ws/src/my_demo_pkg': PYTHONPATH=/app/ros2_ws/build/my_demo_pkg/prefix_override:/app/ros2_ws/install/my_demo_pkg/lib/python3.8/site-packages:${PYTHONPATH} /usr/bin/python3 setup.py egg_info --egg-base ../../build/my_demo_pkg build --build-base /app/ros2_ws/build/my_demo_pkg/build install --record /app/ros2_ws/build/my_demo_pkg/install.log --install-scripts $base/lib/my_demo_pkg --single-version-externally-managed
[0.920s] DEBUG:colcon.colcon_core.event_handler.log_command:Invoked command in '/app/ros2_ws/src/my_demo_pkg' returned '0': PYTHONPATH=/app/ros2_ws/build/my_demo_pkg/prefix_override:/app/ros2_ws/install/my_demo_pkg/lib/python3.8/site-packages:${PYTHONPATH} /usr/bin/python3 setup.py egg_info --egg-base ../../build/my_demo_pkg build --build-base /app/ros2_ws/build/my_demo_pkg/build install --record /app/ros2_ws/build/my_demo_pkg/install.log --install-scripts $base/lib/my_demo_pkg --single-version-externally-managed
[0.924s] Level 1:colcon.colcon_core.environment:checking '/app/ros2_ws/install/my_demo_pkg' for CMake module files
[0.925s] Level 1:colcon.colcon_core.environment:checking '/app/ros2_ws/install/my_demo_pkg' for CMake config files
[0.925s] Level 1:colcon.colcon_core.environment:checking '/app/ros2_ws/install/my_demo_pkg/lib'
[0.926s] Level 1:colcon.colcon_core.environment:checking '/app/ros2_ws/install/my_demo_pkg/bin'
[0.926s] Level 1:colcon.colcon_core.environment:checking '/app/ros2_ws/install/my_demo_pkg/lib/pkgconfig/my_demo_pkg.pc'
[0.926s] Level 1:colcon.colcon_core.environment:checking '/app/ros2_ws/install/my_demo_pkg/lib/python3.8/site-packages'
[0.926s] Level 1:colcon.colcon_core.shell:create_environment_hook('my_demo_pkg', 'pythonpath')
[0.927s] INFO:colcon.colcon_core.shell:Creating environment hook '/app/ros2_ws/install/my_demo_pkg/share/my_demo_pkg/hook/pythonpath.ps1'
[0.927s] INFO:colcon.colcon_core.shell:Creating environment descriptor '/app/ros2_ws/install/my_demo_pkg/share/my_demo_pkg/hook/pythonpath.dsv'
[0.927s] INFO:colcon.colcon_core.shell:Creating environment hook '/app/ros2_ws/install/my_demo_pkg/share/my_demo_pkg/hook/pythonpath.sh'
[0.928s] Level 1:colcon.colcon_core.environment:checking '/app/ros2_ws/install/my_demo_pkg/bin'
[0.928s] Level 1:colcon.colcon_core.environment:create_environment_scripts_only(my_demo_pkg)
[0.929s] INFO:colcon.colcon_core.shell:Creating package script '/app/ros2_ws/install/my_demo_pkg/share/my_demo_pkg/package.ps1'
[0.929s] INFO:colcon.colcon_core.shell:Creating package descriptor '/app/ros2_ws/install/my_demo_pkg/share/my_demo_pkg/package.dsv'
[0.930s] INFO:colcon.colcon_core.shell:Creating package script '/app/ros2_ws/install/my_demo_pkg/share/my_demo_pkg/package.sh'
[0.930s] INFO:colcon.colcon_core.shell:Creating package script '/app/ros2_ws/install/my_demo_pkg/share/my_demo_pkg/package.bash'
[0.931s] INFO:colcon.colcon_core.shell:Creating package script '/app/ros2_ws/install/my_demo_pkg/share/my_demo_pkg/package.zsh'
[0.931s] Level 1:colcon.colcon_core.environment:create_file_with_runtime_dependencies(/app/ros2_ws/install/my_demo_pkg/share/colcon-core/packages/my_demo_pkg)
[0.932s] INFO:colcon.colcon_ros.task.ament_cmake.build:Building ROS package in '/app/ros2_ws/src/my_turtle_bringup' with build type 'ament_cmake'
[0.932s] INFO:colcon.colcon_cmake.task.cmake.build:Building CMake package in '/app/ros2_ws/src/my_turtle_bringup'
[0.932s] INFO:colcon.colcon_core.shell:Skip shell extension 'powershell' for command environment: Not usable outside of PowerShell
[0.933s] DEBUG:colcon.colcon_core.shell:Skip shell extension 'dsv' for command environment
[0.943s] DEBUG:colcon.colcon_core.event_handler.log_command:Invoking command in '/app/ros2_ws/build/my_turtle_bringup': AMENT_PREFIX_PATH=/app/ros2_ws/install/my_demo_pkg:${AMENT_PREFIX_PATH} CMAKE_PREFIX_PATH=/opt/ros/foxy PYTHONPATH=/app/ros2_ws/install/my_demo_pkg/lib/python3.8/site-packages:${PYTHONPATH} /usr/bin/cmake /app/ros2_ws/src/my_turtle_bringup -DCMAKE_INSTALL_PREFIX=/app/ros2_ws/install/my_turtle_bringup
[1.558s] DEBUG:colcon.colcon_core.event_handler.log_command:Invoked command in '/app/ros2_ws/build/my_turtle_bringup' returned '0': AMENT_PREFIX_PATH=/app/ros2_ws/install/my_demo_pkg:${AMENT_PREFIX_PATH} CMAKE_PREFIX_PATH=/opt/ros/foxy PYTHONPATH=/app/ros2_ws/install/my_demo_pkg/lib/python3.8/site-packages:${PYTHONPATH} /usr/bin/cmake /app/ros2_ws/src/my_turtle_bringup -DCMAKE_INSTALL_PREFIX=/app/ros2_ws/install/my_turtle_bringup
[1.560s] DEBUG:colcon.colcon_core.event_handler.log_command:Invoking command in '/app/ros2_ws/build/my_turtle_bringup': AMENT_PREFIX_PATH=/app/ros2_ws/install/my_demo_pkg:${AMENT_PREFIX_PATH} CMAKE_PREFIX_PATH=/opt/ros/foxy PYTHONPATH=/app/ros2_ws/install/my_demo_pkg/lib/python3.8/site-packages:${PYTHONPATH} /usr/bin/cmake --build /app/ros2_ws/build/my_turtle_bringup -- -j16 -l16
[1.600s] DEBUG:colcon.colcon_core.event_handler.log_command:Invoked command in '/app/ros2_ws/build/my_turtle_bringup' returned '0': AMENT_PREFIX_PATH=/app/ros2_ws/install/my_demo_pkg:${AMENT_PREFIX_PATH} CMAKE_PREFIX_PATH=/opt/ros/foxy PYTHONPATH=/app/ros2_ws/install/my_demo_pkg/lib/python3.8/site-packages:${PYTHONPATH} /usr/bin/cmake --build /app/ros2_ws/build/my_turtle_bringup -- -j16 -l16
[1.633s] DEBUG:colcon.colcon_core.event_handler.log_command:Invoking command in '/app/ros2_ws/build/my_turtle_bringup': AMENT_PREFIX_PATH=/app/ros2_ws/install/my_demo_pkg:${AMENT_PREFIX_PATH} CMAKE_PREFIX_PATH=/opt/ros/foxy PYTHONPATH=/app/ros2_ws/install/my_demo_pkg/lib/python3.8/site-packages:${PYTHONPATH} /usr/bin/cmake --install /app/ros2_ws/build/my_turtle_bringup
[1.646s] Level 1:colcon.colcon_core.environment:create_environment_scripts_only(my_turtle_bringup)
[1.648s] Level 1:colcon.colcon_core.environment:checking '/app/ros2_ws/install/my_turtle_bringup' for CMake module files
[1.648s] DEBUG:colcon.colcon_core.event_handler.log_command:Invoked command in '/app/ros2_ws/build/my_turtle_bringup' returned '0': AMENT_PREFIX_PATH=/app/ros2_ws/install/my_demo_pkg:${AMENT_PREFIX_PATH} CMAKE_PREFIX_PATH=/opt/ros/foxy PYTHONPATH=/app/ros2_ws/install/my_demo_pkg/lib/python3.8/site-packages:${PYTHONPATH} /usr/bin/cmake --install /app/ros2_ws/build/my_turtle_bringup
[1.649s] Level 1:colcon.colcon_core.environment:checking '/app/ros2_ws/install/my_turtle_bringup' for CMake config files
[1.649s] Level 1:colcon.colcon_core.shell:create_environment_hook('my_turtle_bringup', 'cmake_prefix_path')
[1.650s] INFO:colcon.colcon_core.shell:Creating environment hook '/app/ros2_ws/install/my_turtle_bringup/share/my_turtle_bringup/hook/cmake_prefix_path.ps1'
[1.650s] INFO:colcon.colcon_core.shell:Creating environment descriptor '/app/ros2_ws/install/my_turtle_bringup/share/my_turtle_bringup/hook/cmake_prefix_path.dsv'
[1.650s] INFO:colcon.colcon_core.shell:Creating environment hook '/app/ros2_ws/install/my_turtle_bringup/share/my_turtle_bringup/hook/cmake_prefix_path.sh'
[1.651s] Level 1:colcon.colcon_core.environment:checking '/app/ros2_ws/install/my_turtle_bringup/bin'
[1.651s] Level 1:colcon.colcon_core.environment:checking '/app/ros2_ws/install/my_turtle_bringup/lib/pkgconfig/my_turtle_bringup.pc'
[1.651s] Level 1:colcon.colcon_core.environment:checking '/app/ros2_ws/install/my_turtle_bringup/lib/python3.8/site-packages'
[1.651s] Level 1:colcon.colcon_core.environment:checking '/app/ros2_ws/install/my_turtle_bringup/bin'
[1.652s] INFO:colcon.colcon_core.shell:Creating package script '/app/ros2_ws/install/my_turtle_bringup/share/my_turtle_bringup/package.ps1'
[1.652s] INFO:colcon.colcon_core.shell:Creating package descriptor '/app/ros2_ws/install/my_turtle_bringup/share/my_turtle_bringup/package.dsv'
[1.653s] INFO:colcon.colcon_core.shell:Creating package script '/app/ros2_ws/install/my_turtle_bringup/share/my_turtle_bringup/package.sh'
[1.653s] INFO:colcon.colcon_core.shell:Creating package script '/app/ros2_ws/install/my_turtle_bringup/share/my_turtle_bringup/package.bash'
[1.653s] INFO:colcon.colcon_core.shell:Creating package script '/app/ros2_ws/install/my_turtle_bringup/share/my_turtle_bringup/package.zsh'
[1.653s] Level 1:colcon.colcon_core.environment:create_file_with_runtime_dependencies(/app/ros2_ws/install/my_turtle_bringup/share/colcon-core/packages/my_turtle_bringup)
[1.676s] Level 1:colcon.colcon_core.environment:create_environment_scripts_only(my_turtle_bringup)
[1.678s] Level 1:colcon.colcon_core.environment:checking '/app/ros2_ws/install/my_turtle_bringup' for CMake module files
[1.678s] Level 1:colcon.colcon_core.environment:checking '/app/ros2_ws/install/my_turtle_bringup' for CMake config files
[1.679s] Level 1:colcon.colcon_core.shell:create_environment_hook('my_turtle_bringup', 'cmake_prefix_path')
[1.679s] INFO:colcon.colcon_core.shell:Creating environment hook '/app/ros2_ws/install/my_turtle_bringup/share/my_turtle_bringup/hook/cmake_prefix_path.ps1'
[1.680s] INFO:colcon.colcon_core.shell:Creating environment descriptor '/app/ros2_ws/install/my_turtle_bringup/share/my_turtle_bringup/hook/cmake_prefix_path.dsv'
[1.680s] INFO:colcon.colcon_core.shell:Creating environment hook '/app/ros2_ws/install/my_turtle_bringup/share/my_turtle_bringup/hook/cmake_prefix_path.sh'
[1.680s] Level 1:colcon.colcon_core.environment:checking '/app/ros2_ws/install/my_turtle_bringup/bin'
[1.680s] Level 1:colcon.colcon_core.environment:checking '/app/ros2_ws/install/my_turtle_bringup/lib/pkgconfig/my_turtle_bringup.pc'
[1.681s] Level 1:colcon.colcon_core.environment:checking '/app/ros2_ws/install/my_turtle_bringup/lib/python3.8/site-packages'
[1.681s] Level 1:colcon.colcon_core.environment:checking '/app/ros2_ws/install/my_turtle_bringup/bin'
[1.682s] INFO:colcon.colcon_core.shell:Creating package script '/app/ros2_ws/install/my_turtle_bringup/share/my_turtle_bringup/package.ps1'
[1.682s] INFO:colcon.colcon_core.shell:Creating package descriptor '/app/ros2_ws/install/my_turtle_bringup/share/my_turtle_bringup/package.dsv'
[1.683s] INFO:colcon.colcon_core.shell:Creating package script '/app/ros2_ws/install/my_turtle_bringup/share/my_turtle_bringup/package.sh'
[1.683s] INFO:colcon.colcon_core.shell:Creating package script '/app/ros2_ws/install/my_turtle_bringup/share/my_turtle_bringup/package.bash'
[1.683s] INFO:colcon.colcon_core.shell:Creating package script '/app/ros2_ws/install/my_turtle_bringup/share/my_turtle_bringup/package.zsh'
[1.683s] Level 1:colcon.colcon_core.environment:create_file_with_runtime_dependencies(/app/ros2_ws/install/my_turtle_bringup/share/colcon-core/packages/my_turtle_bringup)
[1.684s] DEBUG:colcon.colcon_parallel_executor.executor.parallel:closing loop
[1.684s] DEBUG:colcon.colcon_parallel_executor.executor.parallel:loop closed
[1.684s] DEBUG:colcon.colcon_parallel_executor.executor.parallel:run_until_complete finished with '0'
[1.684s] DEBUG:colcon.colcon_core.event_reactor:joining thread
[1.689s] INFO:colcon.colcon_core.plugin_system:Skipping extension 'colcon_notification.desktop_notification.notify_send': Could not find 'notify-send'
[1.689s] INFO:colcon.colcon_core.plugin_system:Skipping extension 'colcon_notification.desktop_notification.terminal_notifier': Not used on non-Darwin systems
[1.689s] INFO:colcon.colcon_core.plugin_system:Skipping extension 'colcon_notification.desktop_notification.win32': Not used on non-Windows systems
[1.689s] INFO:colcon.colcon_notification.desktop_notification:Sending desktop notification using 'notify2'
[1.690s] DEBUG:colcon.colcon_notification.desktop_notification.notify2:Failed to initialize notify2: org.freedesktop.DBus.Error.NotSupported: Unable to autolaunch a dbus-daemon without a $DISPLAY for X11
[1.690s] DEBUG:colcon.colcon_core.event_reactor:joined thread
[1.691s] INFO:colcon.colcon_core.shell:Creating prefix script '/app/ros2_ws/install/local_setup.ps1'
[1.691s] INFO:colcon.colcon_core.shell:Creating prefix util module '/app/ros2_ws/install/_local_setup_util_ps1.py'
[1.692s] INFO:colcon.colcon_core.shell:Creating prefix chain script '/app/ros2_ws/install/setup.ps1'
[1.693s] INFO:colcon.colcon_core.shell:Creating prefix script '/app/ros2_ws/install/local_setup.sh'
[1.693s] INFO:colcon.colcon_core.shell:Creating prefix util module '/app/ros2_ws/install/_local_setup_util_sh.py'
[1.694s] INFO:colcon.colcon_core.shell:Creating prefix chain script '/app/ros2_ws/install/setup.sh'
[1.694s] INFO:colcon.colcon_core.shell:Creating prefix script '/app/ros2_ws/install/local_setup.bash'
[1.695s] INFO:colcon.colcon_core.shell:Creating prefix chain script '/app/ros2_ws/install/setup.bash'
[1.695s] INFO:colcon.colcon_core.shell:Creating prefix script '/app/ros2_ws/install/local_setup.zsh'
[1.696s] INFO:colcon.colcon_core.shell:Creating prefix chain script '/app/ros2_ws/install/setup.zsh'
