-- Found ament_cmake: 0.9.12 (/opt/ros/foxy/share/ament_cmake/cmake)
-- Using PYTHON_EXECUTABLE: /usr/bin/python3
-- Found rclcpp: 2.4.3 (/opt/ros/foxy/share/rclcpp/cmake)
-- Using all available rosidl_typesupport_c: rosidl_typesupport_fastrtps_c;rosidl_typesupport_introspection_c
-- Found rosidl_adapter: 1.3.1 (/opt/ros/foxy/share/rosidl_adapter/cmake)
-- Using all available rosidl_typesupport_cpp: rosidl_typesupport_fastrtps_cpp;rosidl_typesupport_introspection_cpp
-- Found rmw_implementation_cmake: 1.0.4 (/opt/ros/foxy/share/rmw_implementation_cmake/cmake)
-- Using RMW implementation 'rmw_fastrtps_cpp' as default
-- Found geometry_msgs: 2.0.5 (/opt/ros/foxy/share/geometry_msgs/cmake)
-- Found ament_lint_auto: 0.9.8 (/opt/ros/foxy/share/ament_lint_auto/cmake)
-- Added test 'copyright' to check source files copyright and LICENSE
-- Added test 'cppcheck' to perform static code analysis on C / C++ code
-- Configured cppcheck include dirs: 
-- Configured cppcheck exclude dirs and/or files: 
-- Added test 'cpplint' to check C / C++ code against the Google style
-- Configured cpplint exclude dirs and/or files: 
-- Added test 'lint_cmake' to check CMake code style
-- Added test 'uncrustify' to check C / C++ code style
-- Configured uncrustify additional arguments: 
-- Added test 'xmllint' to check XML markup files
-- Configuring done
-- Generating done
-- Build files have been written to: /app/project/build/my_robot_controller
[35m[1mScanning dependencies of target forward_node[0m
[ 50%] [32mBuilding CXX object CMakeFiles/forward_node.dir/src/forward_node.cpp.o[0m
[100%] [32m[1mLinking CXX executable forward_node[0m
[100%] Built target forward_node
-- Install configuration: ""
-- Installing: /app/project/install/my_robot_controller/lib/my_robot_controller/forward_node
-- Set runtime path of "/app/project/install/my_robot_controller/lib/my_robot_controller/forward_node" to ""
-- Installing: /app/project/install/my_robot_controller/share/ament_index/resource_index/package_run_dependencies/my_robot_controller
-- Installing: /app/project/install/my_robot_controller/share/ament_index/resource_index/parent_prefix_path/my_robot_controller
-- Installing: /app/project/install/my_robot_controller/share/my_robot_controller/environment/ament_prefix_path.sh
-- Installing: /app/project/install/my_robot_controller/share/my_robot_controller/environment/ament_prefix_path.dsv
-- Installing: /app/project/install/my_robot_controller/share/my_robot_controller/environment/path.sh
-- Installing: /app/project/install/my_robot_controller/share/my_robot_controller/environment/path.dsv
-- Installing: /app/project/install/my_robot_controller/share/my_robot_controller/local_setup.bash
-- Installing: /app/project/install/my_robot_controller/share/my_robot_controller/local_setup.sh
-- Installing: /app/project/install/my_robot_controller/share/my_robot_controller/local_setup.zsh
-- Installing: /app/project/install/my_robot_controller/share/my_robot_controller/local_setup.dsv
-- Installing: /app/project/install/my_robot_controller/share/my_robot_controller/package.dsv
-- Installing: /app/project/install/my_robot_controller/share/ament_index/resource_index/packages/my_robot_controller
-- Installing: /app/project/install/my_robot_controller/share/my_robot_controller/cmake/my_robot_controllerConfig.cmake
-- Installing: /app/project/install/my_robot_controller/share/my_robot_controller/cmake/my_robot_controllerConfig-version.cmake
-- Installing: /app/project/install/my_robot_controller/share/my_robot_controller/package.xml
