[0.032s] Invoking command in '/app/project/build/my_robot_controller': CMAKE_PREFIX_PATH=${CMAKE_PREFIX_PATH}:/opt/ros/foxy /usr/bin/cmake /app/project/src/my_robot_controller -DCMAKE_INSTALL_PREFIX=/app/project/install/my_robot_controller
[0.046s] -- Found ament_cmake: 0.9.12 (/opt/ros/foxy/share/ament_cmake/cmake)
[0.064s] -- Using PYTHON_EXECUTABLE: /usr/bin/python3
[0.187s] -- Found rclcpp: 2.4.3 (/opt/ros/foxy/share/rclcpp/cmake)
[0.213s] -- Using all available rosidl_typesupport_c: rosidl_typesupport_fastrtps_c;rosidl_typesupport_introspection_c
[0.218s] -- Found rosidl_adapter: 1.3.1 (/opt/ros/foxy/share/rosidl_adapter/cmake)
[0.342s] -- Using all available rosidl_typesupport_cpp: rosidl_typesupport_fastrtps_cpp;rosidl_typesupport_introspection_cpp
[0.377s] -- Found rmw_implementation_cmake: 1.0.4 (/opt/ros/foxy/share/rmw_implementation_cmake/cmake)
[0.378s] -- Using RMW implementation 'rmw_fastrtps_cpp' as default
[0.477s] -- Found geometry_msgs: 2.0.5 (/opt/ros/foxy/share/geometry_msgs/cmake)
[0.501s] -- Found ament_lint_auto: 0.9.8 (/opt/ros/foxy/share/ament_lint_auto/cmake)
[0.565s] -- Added test 'copyright' to check source files copyright and LICENSE
[0.565s] -- Added test 'cppcheck' to perform static code analysis on C / C++ code
[0.566s] -- Configured cppcheck include dirs: 
[0.566s] -- Configured cppcheck exclude dirs and/or files: 
[0.566s] -- Added test 'cpplint' to check C / C++ code against the Google style
[0.566s] -- Configured cpplint exclude dirs and/or files: 
[0.567s] -- Added test 'lint_cmake' to check CMake code style
[0.568s] -- Added test 'uncrustify' to check C / C++ code style
[0.568s] -- Configured uncrustify additional arguments: 
[0.568s] -- Added test 'xmllint' to check XML markup files
[0.571s] -- Configuring done
[0.577s] -- Generating done
[0.578s] -- Build files have been written to: /app/project/build/my_robot_controller
[0.583s] Invoked command in '/app/project/build/my_robot_controller' returned '0': CMAKE_PREFIX_PATH=${CMAKE_PREFIX_PATH}:/opt/ros/foxy /usr/bin/cmake /app/project/src/my_robot_controller -DCMAKE_INSTALL_PREFIX=/app/project/install/my_robot_controller
[0.585s] Invoking command in '/app/project/build/my_robot_controller': CMAKE_PREFIX_PATH=${CMAKE_PREFIX_PATH}:/opt/ros/foxy /usr/bin/cmake --build /app/project/build/my_robot_controller -- -j16 -l16
[0.627s] [35m[1mScanning dependencies of target forward_node[0m
[0.658s] [ 50%] [32mBuilding CXX object CMakeFiles/forward_node.dir/src/forward_node.cpp.o[0m
[2.838s] [100%] [32m[1mLinking CXX executable forward_node[0m
[2.961s] [100%] Built target forward_node
[2.972s] Invoked command in '/app/project/build/my_robot_controller' returned '0': CMAKE_PREFIX_PATH=${CMAKE_PREFIX_PATH}:/opt/ros/foxy /usr/bin/cmake --build /app/project/build/my_robot_controller -- -j16 -l16
[2.999s] Invoking command in '/app/project/build/my_robot_controller': CMAKE_PREFIX_PATH=${CMAKE_PREFIX_PATH}:/opt/ros/foxy /usr/bin/cmake --install /app/project/build/my_robot_controller
[3.008s] -- Install configuration: ""
[3.008s] -- Installing: /app/project/install/my_robot_controller/lib/my_robot_controller/forward_node
[3.009s] -- Set runtime path of "/app/project/install/my_robot_controller/lib/my_robot_controller/forward_node" to ""
[3.009s] -- Installing: /app/project/install/my_robot_controller/share/ament_index/resource_index/package_run_dependencies/my_robot_controller
[3.009s] -- Installing: /app/project/install/my_robot_controller/share/ament_index/resource_index/parent_prefix_path/my_robot_controller
[3.009s] -- Installing: /app/project/install/my_robot_controller/share/my_robot_controller/environment/ament_prefix_path.sh
[3.009s] -- Installing: /app/project/install/my_robot_controller/share/my_robot_controller/environment/ament_prefix_path.dsv
[3.010s] -- Installing: /app/project/install/my_robot_controller/share/my_robot_controller/environment/path.sh
[3.010s] -- Installing: /app/project/install/my_robot_controller/share/my_robot_controller/environment/path.dsv
[3.010s] -- Installing: /app/project/install/my_robot_controller/share/my_robot_controller/local_setup.bash
[3.010s] -- Installing: /app/project/install/my_robot_controller/share/my_robot_controller/local_setup.sh
[3.010s] -- Installing: /app/project/install/my_robot_controller/share/my_robot_controller/local_setup.zsh
[3.010s] -- Installing: /app/project/install/my_robot_controller/share/my_robot_controller/local_setup.dsv
[3.010s] -- Installing: /app/project/install/my_robot_controller/share/my_robot_controller/package.dsv
[3.011s] -- Installing: /app/project/install/my_robot_controller/share/ament_index/resource_index/packages/my_robot_controller
[3.011s] -- Installing: /app/project/install/my_robot_controller/share/my_robot_controller/cmake/my_robot_controllerConfig.cmake
[3.011s] -- Installing: /app/project/install/my_robot_controller/share/my_robot_controller/cmake/my_robot_controllerConfig-version.cmake
[3.011s] -- Installing: /app/project/install/my_robot_controller/share/my_robot_controller/package.xml
[3.014s] Invoked command in '/app/project/build/my_robot_controller' returned '0': CMAKE_PREFIX_PATH=${CMAKE_PREFIX_PATH}:/opt/ros/foxy /usr/bin/cmake --install /app/project/build/my_robot_controller
