[0.207s] DEBUG:colcon:Command line arguments: ['/usr/bin/colcon', 'build']
[0.207s] DEBUG:colcon:Parsed command line arguments: Namespace(ament_cmake_args=None, base_paths=['.'], build_base='build', catkin_cmake_args=None, catkin_skip_building_tests=False, cmake_args=None, cmake_clean_cache=False, cmake_clean_first=False, cmake_force_configure=False, cmake_target=None, cmake_target_skip_unavailable=False, continue_on_error=False, event_handlers=None, executor='parallel', ignore_user_meta=False, install_base='install', log_base=None, log_level=None, main=<bound method BuildVerb.main of <colcon_core.verb.build.BuildVerb object at 0x7ba5c82ec100>>, merge_install=False, metas=['./colcon.meta'], mixin=None, mixin_files=None, mixin_verb=('build',), packages_above=None, packages_above_and_dependencies=None, packages_above_depth=None, packages_end=None, packages_ignore=None, packages_ignore_regex=None, packages_select=None, packages_select_build_failed=False, packages_select_by_dep=None, packages_select_regex=None, packages_select_test_failures=False, packages_skip=None, packages_skip_build_finished=False, packages_skip_by_dep=None, packages_skip_regex=None, packages_skip_test_passed=False, packages_skip_up_to=None, packages_start=None, packages_up_to=None, packages_up_to_regex=None, parallel_workers=16, paths=None, symlink_install=False, test_result_base=None, verb_extension=<colcon_core.verb.build.BuildVerb object at 0x7ba5c82ec100>, verb_name='build', verb_parser=<colcon_mixin.mixin.mixin_argument.MixinArgumentDecorator object at 0x7ba5c82ec610>)
[0.226s] Level 1:colcon.colcon_core.package_discovery:discover_packages(colcon_meta) check parameters
[0.226s] INFO:colcon.colcon_metadata.package_discovery.colcon_meta:Using configuration from '/root/.colcon/metadata/default/Gazebo.meta'
[0.226s] INFO:colcon.colcon_metadata.package_discovery.colcon_meta:Using configuration from '/root/.colcon/metadata/default/fastdds.meta'
[0.227s] INFO:colcon.colcon_metadata.package_discovery.colcon_meta:Using configuration from '/root/.colcon/metadata/default/fastrtps.meta'
[0.227s] Level 1:colcon.colcon_core.package_discovery:discover_packages(recursive) check parameters
[0.227s] Level 1:colcon.colcon_core.package_discovery:discover_packages(ignore) check parameters
[0.227s] Level 1:colcon.colcon_core.package_discovery:discover_packages(path) check parameters
[0.227s] Level 1:colcon.colcon_core.package_discovery:discover_packages(colcon_meta) discover
[0.227s] Level 1:colcon.colcon_core.package_discovery:discover_packages(recursive) discover
[0.227s] INFO:colcon.colcon_core.package_discovery:Crawling recursively for packages in '/app/project'
[0.227s] Level 1:colcon.colcon_core.package_identification:_identify(.) by extensions ['ignore', 'ignore_ament_install']
[0.227s] Level 1:colcon.colcon_core.package_identification:_identify(.) by extension 'ignore'
[0.227s] Level 1:colcon.colcon_core.package_identification:_identify(.) by extension 'ignore_ament_install'
[0.227s] Level 1:colcon.colcon_core.package_identification:_identify(.) by extensions ['colcon_pkg']
[0.227s] Level 1:colcon.colcon_core.package_identification:_identify(.) by extension 'colcon_pkg'
[0.227s] Level 1:colcon.colcon_core.package_identification:_identify(.) by extensions ['colcon_meta']
[0.227s] Level 1:colcon.colcon_core.package_identification:_identify(.) by extension 'colcon_meta'
[0.227s] Level 1:colcon.colcon_core.package_identification:_identify(.) by extensions ['ros']
[0.227s] Level 1:colcon.colcon_core.package_identification:_identify(.) by extension 'ros'
[0.241s] Level 1:colcon.colcon_core.package_identification:_identify(.) by extensions ['cmake', 'python']
[0.241s] Level 1:colcon.colcon_core.package_identification:_identify(.) by extension 'cmake'
[0.241s] Level 1:colcon.colcon_core.package_identification:_identify(.) by extension 'python'
[0.241s] Level 1:colcon.colcon_core.package_identification:_identify(.) by extensions ['python_setup_py']
[0.241s] Level 1:colcon.colcon_core.package_identification:_identify(.) by extension 'python_setup_py'
[0.241s] Level 1:colcon.colcon_core.package_identification:_identify(build) by extensions ['ignore', 'ignore_ament_install']
[0.241s] Level 1:colcon.colcon_core.package_identification:_identify(build) by extension 'ignore'
[0.241s] Level 1:colcon.colcon_core.package_identification:_identify(build) ignored
[0.241s] Level 1:colcon.colcon_core.package_identification:_identify(install) by extensions ['ignore', 'ignore_ament_install']
[0.241s] Level 1:colcon.colcon_core.package_identification:_identify(install) by extension 'ignore'
[0.241s] Level 1:colcon.colcon_core.package_identification:_identify(install) ignored
[0.241s] Level 1:colcon.colcon_core.package_identification:_identify(log) by extensions ['ignore', 'ignore_ament_install']
[0.241s] Level 1:colcon.colcon_core.package_identification:_identify(log) by extension 'ignore'
[0.241s] Level 1:colcon.colcon_core.package_identification:_identify(log) ignored
[0.241s] Level 1:colcon.colcon_core.package_identification:_identify(src) by extensions ['ignore', 'ignore_ament_install']
[0.242s] Level 1:colcon.colcon_core.package_identification:_identify(src) by extension 'ignore'
[0.242s] Level 1:colcon.colcon_core.package_identification:_identify(src) by extension 'ignore_ament_install'
[0.242s] Level 1:colcon.colcon_core.package_identification:_identify(src) by extensions ['colcon_pkg']
[0.242s] Level 1:colcon.colcon_core.package_identification:_identify(src) by extension 'colcon_pkg'
[0.242s] Level 1:colcon.colcon_core.package_identification:_identify(src) by extensions ['colcon_meta']
[0.242s] Level 1:colcon.colcon_core.package_identification:_identify(src) by extension 'colcon_meta'
[0.242s] Level 1:colcon.colcon_core.package_identification:_identify(src) by extensions ['ros']
[0.242s] Level 1:colcon.colcon_core.package_identification:_identify(src) by extension 'ros'
[0.242s] Level 1:colcon.colcon_core.package_identification:_identify(src) by extensions ['cmake', 'python']
[0.242s] Level 1:colcon.colcon_core.package_identification:_identify(src) by extension 'cmake'
[0.242s] Level 1:colcon.colcon_core.package_identification:_identify(src) by extension 'python'
[0.242s] Level 1:colcon.colcon_core.package_identification:_identify(src) by extensions ['python_setup_py']
[0.242s] Level 1:colcon.colcon_core.package_identification:_identify(src) by extension 'python_setup_py'
[0.242s] Level 1:colcon.colcon_core.package_identification:_identify(src/packge) by extensions ['ignore', 'ignore_ament_install']
[0.242s] Level 1:colcon.colcon_core.package_identification:_identify(src/packge) by extension 'ignore'
[0.242s] Level 1:colcon.colcon_core.package_identification:_identify(src/packge) by extension 'ignore_ament_install'
[0.242s] Level 1:colcon.colcon_core.package_identification:_identify(src/packge) by extensions ['colcon_pkg']
[0.242s] Level 1:colcon.colcon_core.package_identification:_identify(src/packge) by extension 'colcon_pkg'
[0.242s] Level 1:colcon.colcon_core.package_identification:_identify(src/packge) by extensions ['colcon_meta']
[0.242s] Level 1:colcon.colcon_core.package_identification:_identify(src/packge) by extension 'colcon_meta'
[0.242s] Level 1:colcon.colcon_core.package_identification:_identify(src/packge) by extensions ['ros']
[0.242s] Level 1:colcon.colcon_core.package_identification:_identify(src/packge) by extension 'ros'
[0.244s] DEBUG:colcon.colcon_core.package_identification:Package 'src/packge' with type 'ros.ament_cmake' and name 'packge'
[0.244s] Level 1:colcon.colcon_core.package_identification:_identify(src/square_controller) by extensions ['ignore', 'ignore_ament_install']
[0.244s] Level 1:colcon.colcon_core.package_identification:_identify(src/square_controller) by extension 'ignore'
[0.244s] Level 1:colcon.colcon_core.package_identification:_identify(src/square_controller) by extension 'ignore_ament_install'
[0.244s] Level 1:colcon.colcon_core.package_identification:_identify(src/square_controller) by extensions ['colcon_pkg']
[0.244s] Level 1:colcon.colcon_core.package_identification:_identify(src/square_controller) by extension 'colcon_pkg'
[0.244s] Level 1:colcon.colcon_core.package_identification:_identify(src/square_controller) by extensions ['colcon_meta']
[0.244s] Level 1:colcon.colcon_core.package_identification:_identify(src/square_controller) by extension 'colcon_meta'
[0.244s] Level 1:colcon.colcon_core.package_identification:_identify(src/square_controller) by extensions ['ros']
[0.244s] Level 1:colcon.colcon_core.package_identification:_identify(src/square_controller) by extension 'ros'
[0.245s] DEBUG:colcon.colcon_core.package_identification:Package 'src/square_controller' with type 'ros.ament_cmake' and name 'square_controller'
[0.245s] Level 1:colcon.colcon_core.package_discovery:discover_packages(recursive) using defaults
[0.245s] Level 1:colcon.colcon_core.package_discovery:discover_packages(ignore) discover
[0.245s] Level 1:colcon.colcon_core.package_discovery:discover_packages(ignore) using defaults
[0.245s] Level 1:colcon.colcon_core.package_discovery:discover_packages(path) discover
[0.245s] Level 1:colcon.colcon_core.package_discovery:discover_packages(path) using defaults
[0.258s] Level 5:colcon.colcon_core.verb:set package 'packge' build argument 'cmake_args' from command line to 'None'
[0.258s] Level 5:colcon.colcon_core.verb:set package 'packge' build argument 'cmake_target' from command line to 'None'
[0.258s] Level 5:colcon.colcon_core.verb:set package 'packge' build argument 'cmake_target_skip_unavailable' from command line to 'False'
[0.258s] Level 5:colcon.colcon_core.verb:set package 'packge' build argument 'cmake_clean_cache' from command line to 'False'
[0.258s] Level 5:colcon.colcon_core.verb:set package 'packge' build argument 'cmake_clean_first' from command line to 'False'
[0.258s] Level 5:colcon.colcon_core.verb:set package 'packge' build argument 'cmake_force_configure' from command line to 'False'
[0.258s] Level 5:colcon.colcon_core.verb:set package 'packge' build argument 'ament_cmake_args' from command line to 'None'
[0.258s] Level 5:colcon.colcon_core.verb:set package 'packge' build argument 'catkin_cmake_args' from command line to 'None'
[0.258s] Level 5:colcon.colcon_core.verb:set package 'packge' build argument 'catkin_skip_building_tests' from command line to 'False'
[0.258s] DEBUG:colcon.colcon_core.verb:Building package 'packge' with the following arguments: {'ament_cmake_args': None, 'build_base': '/app/project/build/packge', 'catkin_cmake_args': None, 'catkin_skip_building_tests': False, 'cmake_args': None, 'cmake_clean_cache': False, 'cmake_clean_first': False, 'cmake_force_configure': False, 'cmake_target': None, 'cmake_target_skip_unavailable': False, 'install_base': '/app/project/install/packge', 'merge_install': False, 'path': '/app/project/src/packge', 'symlink_install': False, 'test_result_base': None}
[0.259s] Level 5:colcon.colcon_core.verb:set package 'square_controller' build argument 'cmake_args' from command line to 'None'
[0.259s] Level 5:colcon.colcon_core.verb:set package 'square_controller' build argument 'cmake_target' from command line to 'None'
[0.259s] Level 5:colcon.colcon_core.verb:set package 'square_controller' build argument 'cmake_target_skip_unavailable' from command line to 'False'
[0.259s] Level 5:colcon.colcon_core.verb:set package 'square_controller' build argument 'cmake_clean_cache' from command line to 'False'
[0.259s] Level 5:colcon.colcon_core.verb:set package 'square_controller' build argument 'cmake_clean_first' from command line to 'False'
[0.259s] Level 5:colcon.colcon_core.verb:set package 'square_controller' build argument 'cmake_force_configure' from command line to 'False'
[0.259s] Level 5:colcon.colcon_core.verb:set package 'square_controller' build argument 'ament_cmake_args' from command line to 'None'
[0.259s] Level 5:colcon.colcon_core.verb:set package 'square_controller' build argument 'catkin_cmake_args' from command line to 'None'
[0.259s] Level 5:colcon.colcon_core.verb:set package 'square_controller' build argument 'catkin_skip_building_tests' from command line to 'False'
[0.259s] DEBUG:colcon.colcon_core.verb:Building package 'square_controller' with the following arguments: {'ament_cmake_args': None, 'build_base': '/app/project/build/square_controller', 'catkin_cmake_args': None, 'catkin_skip_building_tests': False, 'cmake_args': None, 'cmake_clean_cache': False, 'cmake_clean_first': False, 'cmake_force_configure': False, 'cmake_target': None, 'cmake_target_skip_unavailable': False, 'install_base': '/app/project/install/square_controller', 'merge_install': False, 'path': '/app/project/src/square_controller', 'symlink_install': False, 'test_result_base': None}
[0.259s] INFO:colcon.colcon_core.executor:Executing jobs using 'parallel' executor
[0.262s] DEBUG:colcon.colcon_parallel_executor.executor.parallel:run_until_complete
[0.262s] INFO:colcon.colcon_ros.task.ament_cmake.build:Building ROS package in '/app/project/src/packge' with build type 'ament_cmake'
[0.262s] INFO:colcon.colcon_cmake.task.cmake.build:Building CMake package in '/app/project/src/packge'
[0.266s] INFO:colcon.colcon_core.plugin_system:Skipping extension 'colcon_core.shell.bat': Not used on non-Windows systems
[0.266s] INFO:colcon.colcon_core.shell:Skip shell extension 'powershell' for command environment: Not usable outside of PowerShell
[0.266s] DEBUG:colcon.colcon_core.shell:Skip shell extension 'dsv' for command environment
[0.272s] INFO:colcon.colcon_ros.task.ament_cmake.build:Building ROS package in '/app/project/src/square_controller' with build type 'ament_cmake'
[0.273s] INFO:colcon.colcon_cmake.task.cmake.build:Building CMake package in '/app/project/src/square_controller'
[0.274s] INFO:colcon.colcon_core.shell:Skip shell extension 'powershell' for command environment: Not usable outside of PowerShell
[0.274s] DEBUG:colcon.colcon_core.shell:Skip shell extension 'dsv' for command environment
[0.284s] DEBUG:colcon.colcon_core.event_handler.log_command:Invoking command in '/app/project/build/packge': CMAKE_PREFIX_PATH=${CMAKE_PREFIX_PATH}:/opt/ros/foxy /usr/bin/cmake --build /app/project/build/packge -- -j16 -l16
[0.288s] DEBUG:colcon.colcon_core.event_handler.log_command:Invoking command in '/app/project/build/square_controller': CMAKE_PREFIX_PATH=${CMAKE_PREFIX_PATH}:/opt/ros/foxy /usr/bin/cmake --build /app/project/build/square_controller -- -j16 -l16
[0.355s] DEBUG:colcon.colcon_core.event_handler.log_command:Invoked command in '/app/project/build/packge' returned '0': CMAKE_PREFIX_PATH=${CMAKE_PREFIX_PATH}:/opt/ros/foxy /usr/bin/cmake --build /app/project/build/packge -- -j16 -l16
[0.359s] DEBUG:colcon.colcon_core.event_handler.log_command:Invoked command in '/app/project/build/square_controller' returned '0': CMAKE_PREFIX_PATH=${CMAKE_PREFIX_PATH}:/opt/ros/foxy /usr/bin/cmake --build /app/project/build/square_controller -- -j16 -l16
[0.396s] DEBUG:colcon.colcon_core.event_handler.log_command:Invoking command in '/app/project/build/packge': CMAKE_PREFIX_PATH=${CMAKE_PREFIX_PATH}:/opt/ros/foxy /usr/bin/cmake --install /app/project/build/packge
[0.399s] DEBUG:colcon.colcon_core.event_handler.log_command:Invoking command in '/app/project/build/square_controller': CMAKE_PREFIX_PATH=${CMAKE_PREFIX_PATH}:/opt/ros/foxy /usr/bin/cmake --install /app/project/build/square_controller
[0.407s] Level 1:colcon.colcon_core.environment:create_environment_scripts_only(packge)
[0.408s] DEBUG:colcon.colcon_core.event_handler.log_command:Invoked command in '/app/project/build/packge' returned '0': CMAKE_PREFIX_PATH=${CMAKE_PREFIX_PATH}:/opt/ros/foxy /usr/bin/cmake --install /app/project/build/packge
[0.413s] Level 1:colcon.colcon_core.environment:checking '/app/project/install/packge' for CMake module files
[0.413s] Level 1:colcon.colcon_core.environment:checking '/app/project/install/packge' for CMake config files
[0.413s] Level 1:colcon.colcon_core.shell:create_environment_hook('packge', 'cmake_prefix_path')
[0.414s] INFO:colcon.colcon_core.shell:Creating environment hook '/app/project/install/packge/share/packge/hook/cmake_prefix_path.ps1'
[0.415s] INFO:colcon.colcon_core.shell:Creating environment descriptor '/app/project/install/packge/share/packge/hook/cmake_prefix_path.dsv'
[0.415s] INFO:colcon.colcon_core.shell:Creating environment hook '/app/project/install/packge/share/packge/hook/cmake_prefix_path.sh'
[0.416s] Level 1:colcon.colcon_core.environment:checking '/app/project/install/packge/lib'
[0.416s] Level 1:colcon.colcon_core.environment:checking '/app/project/install/packge/bin'
[0.416s] Level 1:colcon.colcon_core.environment:checking '/app/project/install/packge/lib/pkgconfig/packge.pc'
[0.417s] Level 1:colcon.colcon_core.environment:checking '/app/project/install/packge/lib/python3.8/site-packages'
[0.417s] Level 1:colcon.colcon_core.environment:checking '/app/project/install/packge/bin'
[0.418s] INFO:colcon.colcon_core.shell:Creating package script '/app/project/install/packge/share/packge/package.ps1'
[0.418s] INFO:colcon.colcon_core.shell:Creating package descriptor '/app/project/install/packge/share/packge/package.dsv'
[0.419s] INFO:colcon.colcon_core.shell:Creating package script '/app/project/install/packge/share/packge/package.sh'
[0.419s] INFO:colcon.colcon_core.shell:Creating package script '/app/project/install/packge/share/packge/package.bash'
[0.420s] INFO:colcon.colcon_core.shell:Creating package script '/app/project/install/packge/share/packge/package.zsh'
[0.420s] Level 1:colcon.colcon_core.environment:create_file_with_runtime_dependencies(/app/project/install/packge/share/colcon-core/packages/packge)
[0.424s] Level 1:colcon.colcon_core.environment:create_environment_scripts_only(square_controller)
[0.425s] Level 1:colcon.colcon_core.environment:checking '/app/project/install/square_controller' for CMake module files
[0.426s] DEBUG:colcon.colcon_core.event_handler.log_command:Invoked command in '/app/project/build/square_controller' returned '0': CMAKE_PREFIX_PATH=${CMAKE_PREFIX_PATH}:/opt/ros/foxy /usr/bin/cmake --install /app/project/build/square_controller
[0.426s] Level 1:colcon.colcon_core.environment:checking '/app/project/install/square_controller' for CMake config files
[0.426s] Level 1:colcon.colcon_core.shell:create_environment_hook('square_controller', 'cmake_prefix_path')
[0.427s] INFO:colcon.colcon_core.shell:Creating environment hook '/app/project/install/square_controller/share/square_controller/hook/cmake_prefix_path.ps1'
[0.428s] INFO:colcon.colcon_core.shell:Creating environment descriptor '/app/project/install/square_controller/share/square_controller/hook/cmake_prefix_path.dsv'
[0.428s] INFO:colcon.colcon_core.shell:Creating environment hook '/app/project/install/square_controller/share/square_controller/hook/cmake_prefix_path.sh'
[0.428s] Level 1:colcon.colcon_core.environment:checking '/app/project/install/square_controller/lib'
[0.428s] Level 1:colcon.colcon_core.environment:checking '/app/project/install/square_controller/bin'
[0.428s] Level 1:colcon.colcon_core.environment:checking '/app/project/install/square_controller/lib/pkgconfig/square_controller.pc'
[0.429s] Level 1:colcon.colcon_core.environment:checking '/app/project/install/square_controller/lib/python3.8/site-packages'
[0.429s] Level 1:colcon.colcon_core.environment:checking '/app/project/install/square_controller/bin'
[0.429s] INFO:colcon.colcon_core.shell:Creating package script '/app/project/install/square_controller/share/square_controller/package.ps1'
[0.430s] INFO:colcon.colcon_core.shell:Creating package descriptor '/app/project/install/square_controller/share/square_controller/package.dsv'
[0.430s] INFO:colcon.colcon_core.shell:Creating package script '/app/project/install/square_controller/share/square_controller/package.sh'
[0.430s] INFO:colcon.colcon_core.shell:Creating package script '/app/project/install/square_controller/share/square_controller/package.bash'
[0.431s] INFO:colcon.colcon_core.shell:Creating package script '/app/project/install/square_controller/share/square_controller/package.zsh'
[0.431s] Level 1:colcon.colcon_core.environment:create_file_with_runtime_dependencies(/app/project/install/square_controller/share/colcon-core/packages/square_controller)
[0.447s] Level 1:colcon.colcon_core.environment:create_environment_scripts_only(packge)
[0.449s] Level 1:colcon.colcon_core.environment:checking '/app/project/install/packge' for CMake module files
[0.449s] Level 1:colcon.colcon_core.environment:checking '/app/project/install/packge' for CMake config files
[0.449s] Level 1:colcon.colcon_core.shell:create_environment_hook('packge', 'cmake_prefix_path')
[0.450s] INFO:colcon.colcon_core.shell:Creating environment hook '/app/project/install/packge/share/packge/hook/cmake_prefix_path.ps1'
[0.451s] INFO:colcon.colcon_core.shell:Creating environment descriptor '/app/project/install/packge/share/packge/hook/cmake_prefix_path.dsv'
[0.451s] INFO:colcon.colcon_core.shell:Creating environment hook '/app/project/install/packge/share/packge/hook/cmake_prefix_path.sh'
[0.451s] Level 1:colcon.colcon_core.environment:checking '/app/project/install/packge/lib'
[0.451s] Level 1:colcon.colcon_core.environment:checking '/app/project/install/packge/bin'
[0.451s] Level 1:colcon.colcon_core.environment:checking '/app/project/install/packge/lib/pkgconfig/packge.pc'
[0.452s] Level 1:colcon.colcon_core.environment:checking '/app/project/install/packge/lib/python3.8/site-packages'
[0.452s] Level 1:colcon.colcon_core.environment:checking '/app/project/install/packge/bin'
[0.452s] INFO:colcon.colcon_core.shell:Creating package script '/app/project/install/packge/share/packge/package.ps1'
[0.453s] INFO:colcon.colcon_core.shell:Creating package descriptor '/app/project/install/packge/share/packge/package.dsv'
[0.453s] INFO:colcon.colcon_core.shell:Creating package script '/app/project/install/packge/share/packge/package.sh'
[0.453s] INFO:colcon.colcon_core.shell:Creating package script '/app/project/install/packge/share/packge/package.bash'
[0.454s] INFO:colcon.colcon_core.shell:Creating package script '/app/project/install/packge/share/packge/package.zsh'
[0.454s] Level 1:colcon.colcon_core.environment:create_file_with_runtime_dependencies(/app/project/install/packge/share/colcon-core/packages/packge)
[0.457s] Level 1:colcon.colcon_core.environment:create_environment_scripts_only(square_controller)
[0.458s] Level 1:colcon.colcon_core.environment:checking '/app/project/install/square_controller' for CMake module files
[0.458s] Level 1:colcon.colcon_core.environment:checking '/app/project/install/square_controller' for CMake config files
[0.458s] Level 1:colcon.colcon_core.shell:create_environment_hook('square_controller', 'cmake_prefix_path')
[0.459s] INFO:colcon.colcon_core.shell:Creating environment hook '/app/project/install/square_controller/share/square_controller/hook/cmake_prefix_path.ps1'
[0.459s] INFO:colcon.colcon_core.shell:Creating environment descriptor '/app/project/install/square_controller/share/square_controller/hook/cmake_prefix_path.dsv'
[0.460s] INFO:colcon.colcon_core.shell:Creating environment hook '/app/project/install/square_controller/share/square_controller/hook/cmake_prefix_path.sh'
[0.460s] Level 1:colcon.colcon_core.environment:checking '/app/project/install/square_controller/lib'
[0.460s] Level 1:colcon.colcon_core.environment:checking '/app/project/install/square_controller/bin'
[0.460s] Level 1:colcon.colcon_core.environment:checking '/app/project/install/square_controller/lib/pkgconfig/square_controller.pc'
[0.460s] Level 1:colcon.colcon_core.environment:checking '/app/project/install/square_controller/lib/python3.8/site-packages'
[0.460s] Level 1:colcon.colcon_core.environment:checking '/app/project/install/square_controller/bin'
[0.461s] INFO:colcon.colcon_core.shell:Creating package script '/app/project/install/square_controller/share/square_controller/package.ps1'
[0.462s] INFO:colcon.colcon_core.shell:Creating package descriptor '/app/project/install/square_controller/share/square_controller/package.dsv'
[0.462s] INFO:colcon.colcon_core.shell:Creating package script '/app/project/install/square_controller/share/square_controller/package.sh'
[0.462s] INFO:colcon.colcon_core.shell:Creating package script '/app/project/install/square_controller/share/square_controller/package.bash'
[0.463s] INFO:colcon.colcon_core.shell:Creating package script '/app/project/install/square_controller/share/square_controller/package.zsh'
[0.463s] Level 1:colcon.colcon_core.environment:create_file_with_runtime_dependencies(/app/project/install/square_controller/share/colcon-core/packages/square_controller)
[0.463s] DEBUG:colcon.colcon_parallel_executor.executor.parallel:closing loop
[0.464s] DEBUG:colcon.colcon_parallel_executor.executor.parallel:loop closed
[0.464s] DEBUG:colcon.colcon_parallel_executor.executor.parallel:run_until_complete finished with '0'
[0.464s] DEBUG:colcon.colcon_core.event_reactor:joining thread
[0.468s] INFO:colcon.colcon_core.plugin_system:Skipping extension 'colcon_notification.desktop_notification.notify_send': Could not find 'notify-send'
[0.468s] INFO:colcon.colcon_core.plugin_system:Skipping extension 'colcon_notification.desktop_notification.terminal_notifier': Not used on non-Darwin systems
[0.468s] INFO:colcon.colcon_core.plugin_system:Skipping extension 'colcon_notification.desktop_notification.win32': Not used on non-Windows systems
[0.468s] INFO:colcon.colcon_notification.desktop_notification:Sending desktop notification using 'notify2'
[0.470s] DEBUG:colcon.colcon_notification.desktop_notification.notify2:Failed to initialize notify2: org.freedesktop.DBus.Error.Spawn.ExecFailed: /usr/bin/dbus-launch terminated abnormally without any error message
[0.470s] DEBUG:colcon.colcon_core.event_reactor:joined thread
[0.471s] INFO:colcon.colcon_core.shell:Creating prefix script '/app/project/install/local_setup.ps1'
[0.472s] INFO:colcon.colcon_core.shell:Creating prefix util module '/app/project/install/_local_setup_util_ps1.py'
[0.473s] INFO:colcon.colcon_core.shell:Creating prefix chain script '/app/project/install/setup.ps1'
[0.474s] INFO:colcon.colcon_core.shell:Creating prefix script '/app/project/install/local_setup.sh'
[0.474s] INFO:colcon.colcon_core.shell:Creating prefix util module '/app/project/install/_local_setup_util_sh.py'
[0.475s] INFO:colcon.colcon_core.shell:Creating prefix chain script '/app/project/install/setup.sh'
[0.476s] INFO:colcon.colcon_core.shell:Creating prefix script '/app/project/install/local_setup.bash'
[0.476s] INFO:colcon.colcon_core.shell:Creating prefix chain script '/app/project/install/setup.bash'
[0.477s] INFO:colcon.colcon_core.shell:Creating prefix script '/app/project/install/local_setup.zsh'
[0.477s] INFO:colcon.colcon_core.shell:Creating prefix chain script '/app/project/install/setup.zsh'
