[0.026s] Invoking command in '/app/project/build/packge': CMAKE_PREFIX_PATH=${CMAKE_PREFIX_PATH}:/opt/ros/foxy /usr/bin/cmake /app/project/src/packge -DAMENT_CMAKE_SYMLINK_INSTALL=1 -DCMAKE_INSTALL_PREFIX=/app/project/install/packge
[0.041s] -- Found ament_cmake: 0.9.12 (/opt/ros/foxy/share/ament_cmake/cmake)
[0.063s] -- Using PYTHON_EXECUTABLE: /usr/bin/python3
[0.187s] -- Override CMake install command with custom implementation using symlinks instead of copying resources
[0.202s] -- Found rclcpp: 2.4.3 (/opt/ros/foxy/share/rclcpp/cmake)
[0.240s] -- Using all available rosidl_typesupport_c: rosidl_typesupport_fastrtps_c;rosidl_typesupport_introspection_c
[0.244s] -- Found rosidl_adapter: 1.3.1 (/opt/ros/foxy/share/rosidl_adapter/cmake)
[0.395s] -- Using all available rosidl_typesupport_cpp: rosidl_typesupport_fastrtps_cpp;rosidl_typesupport_introspection_cpp
[0.443s] -- Found rmw_implementation_cmake: 1.0.4 (/opt/ros/foxy/share/rmw_implementation_cmake/cmake)
[0.444s] -- Using RMW implementation 'rmw_fastrtps_cpp' as default
[0.566s] -- Found ament_lint_auto: 0.9.8 (/opt/ros/foxy/share/ament_lint_auto/cmake)
[0.629s] -- Added test 'copyright' to check source files copyright and LICENSE
[0.630s] -- Added test 'cppcheck' to perform static code analysis on C / C++ code
[0.630s] -- Configured cppcheck include dirs: 
[0.630s] -- Configured cppcheck exclude dirs and/or files: 
[0.630s] -- Added test 'cpplint' to check C / C++ code against the Google style
[0.631s] -- Configured cpplint exclude dirs and/or files: 
[0.631s] -- Added test 'lint_cmake' to check CMake code style
[0.632s] -- Added test 'uncrustify' to check C / C++ code style
[0.632s] -- Configured uncrustify additional arguments: 
[0.633s] -- Added test 'xmllint' to check XML markup files
[0.637s] -- Configuring done
[0.644s] -- Generating done
[0.646s] -- Build files have been written to: /app/project/build/packge
[0.651s] Invoked command in '/app/project/build/packge' returned '0': CMAKE_PREFIX_PATH=${CMAKE_PREFIX_PATH}:/opt/ros/foxy /usr/bin/cmake /app/project/src/packge -DAMENT_CMAKE_SYMLINK_INSTALL=1 -DCMAKE_INSTALL_PREFIX=/app/project/install/packge
[0.654s] Invoking command in '/app/project/build/packge': CMAKE_PREFIX_PATH=${CMAKE_PREFIX_PATH}:/opt/ros/foxy /usr/bin/cmake --build /app/project/build/packge -- -j16 -l16
[0.721s] [ 50%] [32m[1mLinking CXX executable ola_mundo[0m
[0.841s] [100%] Built target ola_mundo
[0.856s] Invoked command in '/app/project/build/packge' returned '0': CMAKE_PREFIX_PATH=${CMAKE_PREFIX_PATH}:/opt/ros/foxy /usr/bin/cmake --build /app/project/build/packge -- -j16 -l16
[0.899s] Invoking command in '/app/project/build/packge': CMAKE_PREFIX_PATH=${CMAKE_PREFIX_PATH}:/opt/ros/foxy /usr/bin/cmake --install /app/project/build/packge
[0.907s] -- Install configuration: ""
[0.908s] -- Execute custom install script
[0.908s] -- Symlinking: /app/project/install/packge/lib/packge/ola_mundo
[0.920s] -- Symlinking: /app/project/install/packge/share/ament_index/resource_index/package_run_dependencies/packge
[0.931s] -- Symlinking: /app/project/install/packge/share/ament_index/resource_index/parent_prefix_path/packge
[0.945s] -- Symlinking: /app/project/install/packge/share/packge/environment/ament_prefix_path.sh
[0.953s] -- Symlinking: /app/project/install/packge/share/packge/environment/ament_prefix_path.dsv
[0.963s] -- Symlinking: /app/project/install/packge/share/packge/environment/path.sh
[0.972s] -- Symlinking: /app/project/install/packge/share/packge/environment/path.dsv
[0.982s] -- Symlinking: /app/project/install/packge/share/packge/local_setup.bash
[0.992s] -- Symlinking: /app/project/install/packge/share/packge/local_setup.sh
[1.003s] -- Symlinking: /app/project/install/packge/share/packge/local_setup.zsh
[1.012s] -- Symlinking: /app/project/install/packge/share/packge/local_setup.dsv
[1.023s] -- Symlinking: /app/project/install/packge/share/packge/package.dsv
[1.033s] -- Symlinking: /app/project/install/packge/share/ament_index/resource_index/packages/packge
[1.044s] -- Symlinking: /app/project/install/packge/share/packge/cmake/packgeConfig.cmake
[1.053s] -- Symlinking: /app/project/install/packge/share/packge/cmake/packgeConfig-version.cmake
[1.063s] -- Symlinking: /app/project/install/packge/share/packge/package.xml
[1.076s] Invoked command in '/app/project/build/packge' returned '0': CMAKE_PREFIX_PATH=${CMAKE_PREFIX_PATH}:/opt/ros/foxy /usr/bin/cmake --install /app/project/build/packge
