[0.212s] Invoking command in '/app/project/build/my_robot_controller': CMAKE_PREFIX_PATH=${CMAKE_PREFIX_PATH}:/app/project/install/base_link_p3_description:/opt/ros/foxy /usr/bin/cmake --build /app/project/build/my_robot_controller -- -j16 -l16
[0.294s] [100%] Built target forward_node
[0.315s] Invoked command in '/app/project/build/my_robot_controller' returned '0': CMAKE_PREFIX_PATH=${CMAKE_PREFIX_PATH}:/app/project/install/base_link_p3_description:/opt/ros/foxy /usr/bin/cmake --build /app/project/build/my_robot_controller -- -j16 -l16
[0.365s] Invoking command in '/app/project/build/my_robot_controller': CMAKE_PREFIX_PATH=${CMAKE_PREFIX_PATH}:/app/project/install/base_link_p3_description:/opt/ros/foxy /usr/bin/cmake --install /app/project/build/my_robot_controller
[0.376s] -- Install configuration: ""
[0.376s] -- Execute custom install script
[0.377s] -- Up-to-date symlink: /app/project/install/my_robot_controller/lib/my_robot_controller/forward_node
[0.377s] -- Up-to-date symlink: /app/project/install/my_robot_controller/share/ament_index/resource_index/package_run_dependencies/my_robot_controller
[0.377s] -- Up-to-date symlink: /app/project/install/my_robot_controller/share/ament_index/resource_index/parent_prefix_path/my_robot_controller
[0.377s] -- Up-to-date symlink: /app/project/install/my_robot_controller/share/my_robot_controller/environment/ament_prefix_path.sh
[0.378s] -- Up-to-date symlink: /app/project/install/my_robot_controller/share/my_robot_controller/environment/ament_prefix_path.dsv
[0.378s] -- Up-to-date symlink: /app/project/install/my_robot_controller/share/my_robot_controller/environment/path.sh
[0.378s] -- Up-to-date symlink: /app/project/install/my_robot_controller/share/my_robot_controller/environment/path.dsv
[0.378s] -- Up-to-date symlink: /app/project/install/my_robot_controller/share/my_robot_controller/local_setup.bash
[0.379s] -- Up-to-date symlink: /app/project/install/my_robot_controller/share/my_robot_controller/local_setup.sh
[0.379s] -- Up-to-date symlink: /app/project/install/my_robot_controller/share/my_robot_controller/local_setup.zsh
[0.379s] -- Up-to-date symlink: /app/project/install/my_robot_controller/share/my_robot_controller/local_setup.dsv
[0.379s] -- Symlinking: /app/project/install/my_robot_controller/share/my_robot_controller/package.dsv
[0.395s] -- Up-to-date symlink: /app/project/install/my_robot_controller/share/ament_index/resource_index/packages/my_robot_controller
[0.396s] -- Up-to-date symlink: /app/project/install/my_robot_controller/share/my_robot_controller/cmake/my_robot_controllerConfig.cmake
[0.396s] -- Up-to-date symlink: /app/project/install/my_robot_controller/share/my_robot_controller/cmake/my_robot_controllerConfig-version.cmake
[0.396s] -- Up-to-date symlink: /app/project/install/my_robot_controller/share/my_robot_controller/package.xml
[0.429s] Invoked command in '/app/project/build/my_robot_controller' returned '0': CMAKE_PREFIX_PATH=${CMAKE_PREFIX_PATH}:/app/project/install/base_link_p3_description:/opt/ros/foxy /usr/bin/cmake --install /app/project/build/my_robot_controller
