[0.026s] Invoking command in '/app/project/build/packge': CMAKE_PREFIX_PATH=/opt/ros/foxy /usr/bin/cmake --build /app/project/build/packge -- -j16 -l16
[0.202s] [100%] Built target ola_mundo
[0.216s] Invoked command in '/app/project/build/packge' returned '0': CMAKE_PREFIX_PATH=/opt/ros/foxy /usr/bin/cmake --build /app/project/build/packge -- -j16 -l16
[0.264s] Invoking command in '/app/project/build/packge': CMAKE_PREFIX_PATH=/opt/ros/foxy /usr/bin/cmake --install /app/project/build/packge
[0.274s] -- Install configuration: ""
[0.275s] -- Up-to-date: /app/project/install/packge/lib/packge/ola_mundo
[0.275s] -- Up-to-date: /app/project/install/packge/share/ament_index/resource_index/package_run_dependencies/packge
[0.275s] -- Up-to-date: /app/project/install/packge/share/ament_index/resource_index/parent_prefix_path/packge
[0.275s] -- Up-to-date: /app/project/install/packge/share/packge/environment/ament_prefix_path.sh
[0.275s] -- Up-to-date: /app/project/install/packge/share/packge/environment/ament_prefix_path.dsv
[0.275s] -- Up-to-date: /app/project/install/packge/share/packge/environment/path.sh
[0.275s] -- Up-to-date: /app/project/install/packge/share/packge/environment/path.dsv
[0.275s] -- Up-to-date: /app/project/install/packge/share/packge/local_setup.bash
[0.275s] -- Up-to-date: /app/project/install/packge/share/packge/local_setup.sh
[0.276s] -- Up-to-date: /app/project/install/packge/share/packge/local_setup.zsh
[0.276s] -- Up-to-date: /app/project/install/packge/share/packge/local_setup.dsv
[0.276s] -- Installing: /app/project/install/packge/share/packge/package.dsv
[0.276s] -- Up-to-date: /app/project/install/packge/share/ament_index/resource_index/packages/packge
[0.276s] -- Up-to-date: /app/project/install/packge/share/packge/cmake/packgeConfig.cmake
[0.276s] -- Up-to-date: /app/project/install/packge/share/packge/cmake/packgeConfig-version.cmake
[0.276s] -- Up-to-date: /app/project/install/packge/share/packge/package.xml
[0.278s] Invoked command in '/app/project/build/packge' returned '0': CMAKE_PREFIX_PATH=/opt/ros/foxy /usr/bin/cmake --install /app/project/build/packge
