[0.674s] Invoking command in '/app/project/build/base_link_p3_description': PYTHONPATH=/app/project/build/base_link_p3_description/prefix_override:/app/project/install/base_link_p3_description/lib/python3.8/site-packages:${PYTHONPATH} /usr/bin/python3 setup.py develop --editable --build-directory /app/project/build/base_link_p3_description/build --no-deps install_data
[0.860s] running develop
[0.945s] running egg_info
[0.945s] creating base_link_p3_description.egg-info
[0.945s] writing base_link_p3_description.egg-info/PKG-INFO
[0.945s] writing dependency_links to base_link_p3_description.egg-info/dependency_links.txt
[0.945s] writing entry points to base_link_p3_description.egg-info/entry_points.txt
[0.945s] writing requirements to base_link_p3_description.egg-info/requires.txt
[0.946s] writing top-level names to base_link_p3_description.egg-info/top_level.txt
[0.948s] writing manifest file 'base_link_p3_description.egg-info/SOURCES.txt'
[0.975s] reading manifest file 'base_link_p3_description.egg-info/SOURCES.txt'
[0.976s] writing manifest file 'base_link_p3_description.egg-info/SOURCES.txt'
[1.010s] running build_ext
[1.010s] Creating /app/project/install/base_link_p3_description/lib/python3.8/site-packages/site.py
[1.012s] Creating /app/project/install/base_link_p3_description/lib/python3.8/site-packages/base-link-p3-description.egg-link (link to .)
[1.013s] 
[1.013s] Installed /app/project/build/base_link_p3_description
[1.013s] running install_data
[1.014s] creating /app/project/install/base_link_p3_description/share/ament_index
[1.014s] creating /app/project/install/base_link_p3_description/share/ament_index/resource_index
[1.014s] creating /app/project/install/base_link_p3_description/share/ament_index/resource_index/packages
[1.014s] copying resource/base_link_p3_description -> /app/project/install/base_link_p3_description/share/ament_index/resource_index/packages
[1.014s] copying package.xml -> /app/project/install/base_link_p3_description/share/base_link_p3_description
[1.014s] creating /app/project/install/base_link_p3_description/share/base_link_p3_description/launch
[1.014s] copying launch/gazebo.launch.py -> /app/project/install/base_link_p3_description/share/base_link_p3_description/launch
[1.014s] copying launch/display.launch.py -> /app/project/install/base_link_p3_description/share/base_link_p3_description/launch
[1.014s] creating /app/project/install/base_link_p3_description/share/base_link_p3_description/urdf
[1.014s] copying urdf/base_link_p3.xacro -> /app/project/install/base_link_p3_description/share/base_link_p3_description/urdf
[1.014s] copying urdf/base_link_p3.urdf -> /app/project/install/base_link_p3_description/share/base_link_p3_description/urdf
[1.014s] copying urdf/base_link_p3.gazebo -> /app/project/install/base_link_p3_description/share/base_link_p3_description/urdf
[1.014s] copying urdf/base_link_p3.trans -> /app/project/install/base_link_p3_description/share/base_link_p3_description/urdf
[1.015s] copying urdf/materials.xacro -> /app/project/install/base_link_p3_description/share/base_link_p3_description/urdf
[1.015s] creating /app/project/install/base_link_p3_description/share/base_link_p3_description/meshes
[1.015s] copying meshes/base_link.stl -> /app/project/install/base_link_p3_description/share/base_link_p3_description/meshes
[1.016s] copying meshes/Parte6_1.stl -> /app/project/install/base_link_p3_description/share/base_link_p3_description/meshes
[1.018s] copying meshes/Parte6_3.stl -> /app/project/install/base_link_p3_description/share/base_link_p3_description/meshes
[1.019s] copying meshes/Parte6_5.stl -> /app/project/install/base_link_p3_description/share/base_link_p3_description/meshes
[1.020s] copying meshes/Parte6_2.stl -> /app/project/install/base_link_p3_description/share/base_link_p3_description/meshes
[1.022s] copying meshes/Parte1__17__2.stl -> /app/project/install/base_link_p3_description/share/base_link_p3_description/meshes
[1.031s] copying meshes/Parte6_4.stl -> /app/project/install/base_link_p3_description/share/base_link_p3_description/meshes
[1.033s] copying meshes/Parte1__17__1.stl -> /app/project/install/base_link_p3_description/share/base_link_p3_description/meshes
[1.047s] creating /app/project/install/base_link_p3_description/share/base_link_p3_description/config
[1.048s] copying config/ros_gz_bridge_gazebo.yaml -> /app/project/install/base_link_p3_description/share/base_link_p3_description/config
[1.048s] copying config/display.rviz -> /app/project/install/base_link_p3_description/share/base_link_p3_description/config
[1.048s] copying config/gazebo.rviz -> /app/project/install/base_link_p3_description/share/base_link_p3_description/config
[1.104s] Invoked command in '/app/project/build/base_link_p3_description' returned '0': PYTHONPATH=/app/project/build/base_link_p3_description/prefix_override:/app/project/install/base_link_p3_description/lib/python3.8/site-packages:${PYTHONPATH} /usr/bin/python3 setup.py develop --editable --build-directory /app/project/build/base_link_p3_description/build --no-deps install_data
