[35m[1mScanning dependencies of target square_motion[0m
[ 50%] [32mBuilding CXX object CMakeFiles/square_motion.dir/src/square_motion.cpp.o[0m
[100%] [32m[1mLinking CXX executable square_motion[0m
[100%] Built target square_motion
-- Install configuration: ""
-- Installing: /app/project/install/square_controller/lib/square_controller/square_motion
-- Set runtime path of "/app/project/install/square_controller/lib/square_controller/square_motion" to ""
-- Up-to-date: /app/project/install/square_controller/share/ament_index/resource_index/package_run_dependencies/square_controller
-- Up-to-date: /app/project/install/square_controller/share/ament_index/resource_index/parent_prefix_path/square_controller
-- Up-to-date: /app/project/install/square_controller/share/square_controller/environment/ament_prefix_path.sh
-- Up-to-date: /app/project/install/square_controller/share/square_controller/environment/ament_prefix_path.dsv
-- Up-to-date: /app/project/install/square_controller/share/square_controller/environment/path.sh
-- Up-to-date: /app/project/install/square_controller/share/square_controller/environment/path.dsv
-- Up-to-date: /app/project/install/square_controller/share/square_controller/local_setup.bash
-- Up-to-date: /app/project/install/square_controller/share/square_controller/local_setup.sh
-- Up-to-date: /app/project/install/square_controller/share/square_controller/local_setup.zsh
-- Up-to-date: /app/project/install/square_controller/share/square_controller/local_setup.dsv
-- Installing: /app/project/install/square_controller/share/square_controller/package.dsv
-- Up-to-date: /app/project/install/square_controller/share/ament_index/resource_index/packages/square_controller
-- Up-to-date: /app/project/install/square_controller/share/square_controller/cmake/square_controllerConfig.cmake
-- Up-to-date: /app/project/install/square_controller/share/square_controller/cmake/square_controllerConfig-version.cmake
-- Up-to-date: /app/project/install/square_controller/share/square_controller/package.xml
