[0.195s] Invoking command in '/app/project/build/packge': CMAKE_PREFIX_PATH=${CMAKE_PREFIX_PATH}:/app/project/install/base_link_p3_description:/opt/ros/foxy /usr/bin/cmake --build /app/project/build/packge -- -j16 -l16
[0.274s] [100%] Built target ola_mundo
[0.293s] Invoked command in '/app/project/build/packge' returned '0': CMAKE_PREFIX_PATH=${CMAKE_PREFIX_PATH}:/app/project/install/base_link_p3_description:/opt/ros/foxy /usr/bin/cmake --build /app/project/build/packge -- -j16 -l16
[0.342s] Invoking command in '/app/project/build/packge': CMAKE_PREFIX_PATH=${CMAKE_PREFIX_PATH}:/app/project/install/base_link_p3_description:/opt/ros/foxy /usr/bin/cmake --install /app/project/build/packge
[0.354s] -- Install configuration: ""
[0.354s] -- Execute custom install script
[0.355s] -- Up-to-date symlink: /app/project/install/packge/lib/packge/ola_mundo
[0.355s] -- Up-to-date symlink: /app/project/install/packge/share/ament_index/resource_index/package_run_dependencies/packge
[0.355s] -- Up-to-date symlink: /app/project/install/packge/share/ament_index/resource_index/parent_prefix_path/packge
[0.356s] -- Up-to-date symlink: /app/project/install/packge/share/packge/environment/ament_prefix_path.sh
[0.356s] -- Up-to-date symlink: /app/project/install/packge/share/packge/environment/ament_prefix_path.dsv
[0.356s] -- Up-to-date symlink: /app/project/install/packge/share/packge/environment/path.sh
[0.357s] -- Up-to-date symlink: /app/project/install/packge/share/packge/environment/path.dsv
[0.357s] -- Up-to-date symlink: /app/project/install/packge/share/packge/local_setup.bash
[0.357s] -- Up-to-date symlink: /app/project/install/packge/share/packge/local_setup.sh
[0.357s] -- Up-to-date symlink: /app/project/install/packge/share/packge/local_setup.zsh
[0.357s] -- Up-to-date symlink: /app/project/install/packge/share/packge/local_setup.dsv
[0.357s] -- Symlinking: /app/project/install/packge/share/packge/package.dsv
[0.370s] -- Up-to-date symlink: /app/project/install/packge/share/ament_index/resource_index/packages/packge
[0.370s] -- Up-to-date symlink: /app/project/install/packge/share/packge/cmake/packgeConfig.cmake
[0.370s] -- Up-to-date symlink: /app/project/install/packge/share/packge/cmake/packgeConfig-version.cmake
[0.370s] -- Up-to-date symlink: /app/project/install/packge/share/packge/package.xml
[0.403s] Invoked command in '/app/project/build/packge' returned '0': CMAKE_PREFIX_PATH=${CMAKE_PREFIX_PATH}:/app/project/install/base_link_p3_description:/opt/ros/foxy /usr/bin/cmake --install /app/project/build/packge
