running egg_info
creating ../../build/base_link_t1_description/base_link_t1_description.egg-info
writing ../../build/base_link_t1_description/base_link_t1_description.egg-info/PKG-INFO
writing dependency_links to ../../build/base_link_t1_description/base_link_t1_description.egg-info/dependency_links.txt
writing entry points to ../../build/base_link_t1_description/base_link_t1_description.egg-info/entry_points.txt
writing requirements to ../../build/base_link_t1_description/base_link_t1_description.egg-info/requires.txt
writing top-level names to ../../build/base_link_t1_description/base_link_t1_description.egg-info/top_level.txt
writing manifest file '../../build/base_link_t1_description/base_link_t1_description.egg-info/SOURCES.txt'
reading manifest file '../../build/base_link_t1_description/base_link_t1_description.egg-info/SOURCES.txt'
writing manifest file '../../build/base_link_t1_description/base_link_t1_description.egg-info/SOURCES.txt'
running build
running build_py
creating /app/project/build/base_link_t1_description/build
creating /app/project/build/base_link_t1_description/build/lib
creating /app/project/build/base_link_t1_description/build/lib/base_link_t1_description
copying base_link_t1_description/__init__.py -> /app/project/build/base_link_t1_description/build/lib/base_link_t1_description
running install
running install_lib
creating /app/project/install/base_link_t1_description/lib/python3.10/site-packages/base_link_t1_description
copying /app/project/build/base_link_t1_description/build/lib/base_link_t1_description/__init__.py -> /app/project/install/base_link_t1_description/lib/python3.10/site-packages/base_link_t1_description
byte-compiling /app/project/install/base_link_t1_description/lib/python3.10/site-packages/base_link_t1_description/__init__.py to __init__.cpython-310.pyc
running install_data
creating /app/project/install/base_link_t1_description/share/ament_index
creating /app/project/install/base_link_t1_description/share/ament_index/resource_index
creating /app/project/install/base_link_t1_description/share/ament_index/resource_index/packages
copying resource/base_link_t1_description -> /app/project/install/base_link_t1_description/share/ament_index/resource_index/packages
copying package.xml -> /app/project/install/base_link_t1_description/share/base_link_t1_description
creating /app/project/install/base_link_t1_description/share/base_link_t1_description/launch
copying launch/gazebo.launch.py -> /app/project/install/base_link_t1_description/share/base_link_t1_description/launch
copying launch/display.launch.py -> /app/project/install/base_link_t1_description/share/base_link_t1_description/launch
creating /app/project/install/base_link_t1_description/share/base_link_t1_description/urdf
copying urdf/base_link_t1.xacro -> /app/project/install/base_link_t1_description/share/base_link_t1_description/urdf
copying urdf/base_link_t1.ros2control -> /app/project/install/base_link_t1_description/share/base_link_t1_description/urdf
copying urdf/base_link_t1.gazebo -> /app/project/install/base_link_t1_description/share/base_link_t1_description/urdf
copying urdf/materials.xacro -> /app/project/install/base_link_t1_description/share/base_link_t1_description/urdf
creating /app/project/install/base_link_t1_description/share/base_link_t1_description/meshes
copying meshes/base_link.stl -> /app/project/install/base_link_t1_description/share/base_link_t1_description/meshes
copying meshes/Parte6_1.stl -> /app/project/install/base_link_t1_description/share/base_link_t1_description/meshes
copying meshes/Parte6_2.stl -> /app/project/install/base_link_t1_description/share/base_link_t1_description/meshes
copying meshes/Parte1__17__2.stl -> /app/project/install/base_link_t1_description/share/base_link_t1_description/meshes
copying meshes/Parte1__17__1.stl -> /app/project/install/base_link_t1_description/share/base_link_t1_description/meshes
creating /app/project/install/base_link_t1_description/share/base_link_t1_description/config
copying config/ros_gz_bridge_gazebo.yaml -> /app/project/install/base_link_t1_description/share/base_link_t1_description/config
copying config/display.rviz -> /app/project/install/base_link_t1_description/share/base_link_t1_description/config
copying config/gazebo.rviz -> /app/project/install/base_link_t1_description/share/base_link_t1_description/config
running install_egg_info
Copying ../../build/base_link_t1_description/base_link_t1_description.egg-info to /app/project/install/base_link_t1_description/lib/python3.10/site-packages/base_link_t1_description-0.0.0-py3.10.egg-info
running install_scripts
writing list of installed files to '/app/project/build/base_link_t1_description/install.log'
