[0.026s] Invoking command in '/app/project/build/packge': CMAKE_PREFIX_PATH=${CMAKE_PREFIX_PATH}:/app/project/install/image_geometry:/opt/ros/foxy /usr/bin/cmake --build /app/project/build/packge -- -j16 -l16
[0.097s] [100%] Built target ola_mundo
[0.108s] Invoked command in '/app/project/build/packge' returned '0': CMAKE_PREFIX_PATH=${CMAKE_PREFIX_PATH}:/app/project/install/image_geometry:/opt/ros/foxy /usr/bin/cmake --build /app/project/build/packge -- -j16 -l16
[0.150s] Invoking command in '/app/project/build/packge': CMAKE_PREFIX_PATH=${CMAKE_PREFIX_PATH}:/app/project/install/image_geometry:/opt/ros/foxy /usr/bin/cmake --install /app/project/build/packge
[0.159s] -- Install configuration: ""
[0.159s] -- Installing: /app/project/install/packge/lib/packge/ola_mundo
[0.161s] -- Set runtime path of "/app/project/install/packge/lib/packge/ola_mundo" to ""
[0.161s] -- Installing: /app/project/install/packge/share/ament_index/resource_index/package_run_dependencies/packge
[0.161s] -- Installing: /app/project/install/packge/share/ament_index/resource_index/parent_prefix_path/packge
[0.162s] -- Installing: /app/project/install/packge/share/packge/environment/ament_prefix_path.sh
[0.162s] -- Installing: /app/project/install/packge/share/packge/environment/ament_prefix_path.dsv
[0.162s] -- Installing: /app/project/install/packge/share/packge/environment/path.sh
[0.162s] -- Installing: /app/project/install/packge/share/packge/environment/path.dsv
[0.163s] -- Installing: /app/project/install/packge/share/packge/local_setup.bash
[0.163s] -- Installing: /app/project/install/packge/share/packge/local_setup.sh
[0.163s] -- Installing: /app/project/install/packge/share/packge/local_setup.zsh
[0.163s] -- Installing: /app/project/install/packge/share/packge/local_setup.dsv
[0.164s] -- Installing: /app/project/install/packge/share/packge/package.dsv
[0.164s] -- Installing: /app/project/install/packge/share/ament_index/resource_index/packages/packge
[0.164s] -- Installing: /app/project/install/packge/share/packge/cmake/packgeConfig.cmake
[0.164s] -- Installing: /app/project/install/packge/share/packge/cmake/packgeConfig-version.cmake
[0.165s] -- Installing: /app/project/install/packge/share/packge/package.xml
[0.167s] Invoked command in '/app/project/build/packge' returned '0': CMAKE_PREFIX_PATH=${CMAKE_PREFIX_PATH}:/app/project/install/image_geometry:/opt/ros/foxy /usr/bin/cmake --install /app/project/build/packge
