[0.206s] Invoking command in '/app/project/build/my_robot_controller': CMAKE_PREFIX_PATH=${CMAKE_PREFIX_PATH}:/opt/ros/foxy /usr/bin/cmake /app/project/src/my_robot_controller -DAMENT_CMAKE_SYMLINK_INSTALL=1 -DCMAKE_INSTALL_PREFIX=/app/project/install/my_robot_controller
[0.252s] -- Found ament_cmake: 0.9.12 (/opt/ros/foxy/share/ament_cmake/cmake)
[0.278s] -- Using PYTHON_EXECUTABLE: /usr/bin/python3
[0.437s] -- Override CMake install command with custom implementation using symlinks instead of copying resources
[0.460s] -- Found rclcpp: 2.4.3 (/opt/ros/foxy/share/rclcpp/cmake)
[0.511s] -- Using all available rosidl_typesupport_c: rosidl_typesupport_fastrtps_c;rosidl_typesupport_introspection_c
[0.516s] -- Found rosidl_adapter: 1.3.1 (/opt/ros/foxy/share/rosidl_adapter/cmake)
[0.697s] -- Using all available rosidl_typesupport_cpp: rosidl_typesupport_fastrtps_cpp;rosidl_typesupport_introspection_cpp
[0.756s] -- Found rmw_implementation_cmake: 1.0.4 (/opt/ros/foxy/share/rmw_implementation_cmake/cmake)
[0.759s] -- Using RMW implementation 'rmw_fastrtps_cpp' as default
[0.901s] -- Found geometry_msgs: 2.0.5 (/opt/ros/foxy/share/geometry_msgs/cmake)
[0.934s] -- Found ament_lint_auto: 0.9.8 (/opt/ros/foxy/share/ament_lint_auto/cmake)
[1.004s] -- Added test 'copyright' to check source files copyright and LICENSE
[1.005s] -- Added test 'cppcheck' to perform static code analysis on C / C++ code
[1.005s] -- Configured cppcheck include dirs: 
[1.005s] -- Configured cppcheck exclude dirs and/or files: 
[1.006s] -- Added test 'cpplint' to check C / C++ code against the Google style
[1.006s] -- Configured cpplint exclude dirs and/or files: 
[1.007s] -- Added test 'lint_cmake' to check CMake code style
[1.008s] -- Added test 'uncrustify' to check C / C++ code style
[1.008s] -- Configured uncrustify additional arguments: 
[1.009s] -- Added test 'xmllint' to check XML markup files
[1.014s] -- Configuring done
[1.027s] -- Generating done
[1.027s] -- Build files have been written to: /app/project/build/my_robot_controller
[1.036s] Invoked command in '/app/project/build/my_robot_controller' returned '0': CMAKE_PREFIX_PATH=${CMAKE_PREFIX_PATH}:/opt/ros/foxy /usr/bin/cmake /app/project/src/my_robot_controller -DAMENT_CMAKE_SYMLINK_INSTALL=1 -DCMAKE_INSTALL_PREFIX=/app/project/install/my_robot_controller
[1.040s] Invoking command in '/app/project/build/my_robot_controller': CMAKE_PREFIX_PATH=${CMAKE_PREFIX_PATH}:/opt/ros/foxy /usr/bin/cmake --build /app/project/build/my_robot_controller -- -j16 -l16
[1.127s] [ 50%] [32m[1mLinking CXX executable forward_node[0m
[1.342s] [100%] Built target forward_node
[1.358s] Invoked command in '/app/project/build/my_robot_controller' returned '0': CMAKE_PREFIX_PATH=${CMAKE_PREFIX_PATH}:/opt/ros/foxy /usr/bin/cmake --build /app/project/build/my_robot_controller -- -j16 -l16
[1.393s] Invoking command in '/app/project/build/my_robot_controller': CMAKE_PREFIX_PATH=${CMAKE_PREFIX_PATH}:/opt/ros/foxy /usr/bin/cmake --install /app/project/build/my_robot_controller
[1.402s] -- Install configuration: ""
[1.403s] -- Execute custom install script
[1.403s] -- Symlinking: /app/project/install/my_robot_controller/lib/my_robot_controller/forward_node
[1.416s] -- Symlinking: /app/project/install/my_robot_controller/share/ament_index/resource_index/package_run_dependencies/my_robot_controller
[1.428s] -- Symlinking: /app/project/install/my_robot_controller/share/ament_index/resource_index/parent_prefix_path/my_robot_controller
[1.438s] -- Symlinking: /app/project/install/my_robot_controller/share/my_robot_controller/environment/ament_prefix_path.sh
[1.449s] -- Symlinking: /app/project/install/my_robot_controller/share/my_robot_controller/environment/ament_prefix_path.dsv
[1.459s] -- Symlinking: /app/project/install/my_robot_controller/share/my_robot_controller/environment/path.sh
[1.470s] -- Symlinking: /app/project/install/my_robot_controller/share/my_robot_controller/environment/path.dsv
[1.481s] -- Symlinking: /app/project/install/my_robot_controller/share/my_robot_controller/local_setup.bash
[1.491s] -- Symlinking: /app/project/install/my_robot_controller/share/my_robot_controller/local_setup.sh
[1.502s] -- Symlinking: /app/project/install/my_robot_controller/share/my_robot_controller/local_setup.zsh
[1.514s] -- Symlinking: /app/project/install/my_robot_controller/share/my_robot_controller/local_setup.dsv
[1.526s] -- Symlinking: /app/project/install/my_robot_controller/share/my_robot_controller/package.dsv
[1.537s] -- Symlinking: /app/project/install/my_robot_controller/share/ament_index/resource_index/packages/my_robot_controller
[1.548s] -- Symlinking: /app/project/install/my_robot_controller/share/my_robot_controller/cmake/my_robot_controllerConfig.cmake
[1.560s] -- Symlinking: /app/project/install/my_robot_controller/share/my_robot_controller/cmake/my_robot_controllerConfig-version.cmake
[1.571s] -- Symlinking: /app/project/install/my_robot_controller/share/my_robot_controller/package.xml
[1.588s] Invoked command in '/app/project/build/my_robot_controller' returned '0': CMAKE_PREFIX_PATH=${CMAKE_PREFIX_PATH}:/opt/ros/foxy /usr/bin/cmake --install /app/project/build/my_robot_controller
