[0.038s] Invoking command in '/app/project/build/image_geometry': CMAKE_PREFIX_PATH=${CMAKE_PREFIX_PATH}:/opt/ros/foxy /usr/bin/cmake /app/project/doc_exemple/ws/src/vision_opencv/image_geometry -DCMAKE_INSTALL_PREFIX=/app/project/install/image_geometry
[0.198s] -- The C compiler identification is GNU 9.4.0
[0.323s] -- The CXX compiler identification is GNU 9.4.0
[0.330s] -- Check for working C compiler: /usr/bin/cc
[0.405s] -- Check for working C compiler: /usr/bin/cc -- works
[0.408s] -- Detecting C compiler ABI info
[0.483s] -- Detecting C compiler ABI info - done
[0.490s] -- Detecting C compile features
[0.491s] -- Detecting C compile features - done
[0.493s] -- Check for working CXX compiler: /usr/bin/c++
[0.577s] -- Check for working CXX compiler: /usr/bin/c++ -- works
[0.578s] -- Detecting CXX compiler ABI info
[0.663s] -- Detecting CXX compiler ABI info - done
[0.672s] -- Detecting CXX compile features
[0.672s] -- Detecting CXX compile features - done
[0.676s] -- Found ament_cmake_python: 0.9.12 (/opt/ros/foxy/share/ament_cmake_python/cmake)
[0.679s] -- Found ament_cmake_ros: 0.9.2 (/opt/ros/foxy/share/ament_cmake_ros/cmake)
[0.715s] -- Found PythonInterp: /usr/bin/python3 (found suitable version "3.8.10", minimum required is "3") 
[0.715s] -- Using PYTHON_EXECUTABLE: /usr/bin/python3
[0.928s] -- Found OpenCV: /usr (found version "4.2.0") found components: calib3d core highgui imgproc 
[0.930s] -- Found sensor_msgs: 2.0.5 (/opt/ros/foxy/share/sensor_msgs/cmake)
[0.964s] -- Using all available rosidl_typesupport_c: rosidl_typesupport_fastrtps_c;rosidl_typesupport_introspection_c
[0.973s] -- Found rosidl_adapter: 1.3.1 (/opt/ros/foxy/share/rosidl_adapter/cmake)
[1.086s] -- Found OpenSSL: /usr/lib/x86_64-linux-gnu/libcrypto.so (found version "1.1.1f")  
[1.123s] -- Found FastRTPS: /opt/ros/foxy/include  
[1.232s] -- Using all available rosidl_typesupport_cpp: rosidl_typesupport_fastrtps_cpp;rosidl_typesupport_introspection_cpp
[1.803s] -- Found gtest sources under '/opt/ros/foxy/src/gtest_vendor': C++ tests using 'Google Test' will be built
[1.806s] -- Looking for pthread.h
[1.883s] -- Looking for pthread.h - found
[1.883s] -- Performing Test CMAKE_HAVE_LIBC_PTHREAD
[1.962s] -- Performing Test CMAKE_HAVE_LIBC_PTHREAD - Failed
[1.962s] -- Check if compiler accepts -pthread
[2.042s] -- Check if compiler accepts -pthread - yes
[2.043s] -- Found Threads: TRUE  
[2.100s] -- Configuring done
[2.116s] -- Generating done
[2.117s] -- Build files have been written to: /app/project/build/image_geometry
[2.126s] Invoked command in '/app/project/build/image_geometry' returned '0': CMAKE_PREFIX_PATH=${CMAKE_PREFIX_PATH}:/opt/ros/foxy /usr/bin/cmake /app/project/doc_exemple/ws/src/vision_opencv/image_geometry -DCMAKE_INSTALL_PREFIX=/app/project/install/image_geometry
[2.127s] Invoking command in '/app/project/build/image_geometry': CMAKE_PREFIX_PATH=${CMAKE_PREFIX_PATH}:/opt/ros/foxy /usr/bin/cmake --build /app/project/build/image_geometry -- -j16 -l16
[2.174s] [35m[1mScanning dependencies of target gtest_main[0m
[2.174s] [35m[1mScanning dependencies of target gtest[0m
[2.174s] [35m[1mScanning dependencies of target image_geometry[0m
[2.197s] [ 18%] [32mBuilding CXX object gtest/CMakeFiles/gtest.dir/src/gtest-all.cc.o[0m
[2.197s] [ 18%] [32mBuilding CXX object gtest/CMakeFiles/gtest_main.dir/src/gtest_main.cc.o[0m
[2.252s] [ 27%] [32mBuilding CXX object CMakeFiles/image_geometry.dir/src/stereo_camera_model.cpp.o[0m
[2.252s] [ 36%] [32mBuilding CXX object CMakeFiles/image_geometry.dir/src/pinhole_camera_model.cpp.o[0m
[3.203s] [ 45%] [32m[1mLinking CXX static library libgtest_main.a[0m
[3.250s] [ 45%] Built target gtest_main
[3.515s] [ 54%] [32m[1mLinking CXX shared library libimage_geometry.so[0m
[3.643s] [ 54%] Built target image_geometry
[5.331s] [ 63%] [32m[1mLinking CXX static library libgtest.a[0m
[5.397s] [ 63%] Built target gtest
[5.411s] [35m[1mScanning dependencies of target image_geometry-utest[0m
[5.411s] [35m[1mScanning dependencies of target image_geometry-utest-equi[0m
[5.447s] [ 81%] [32mBuilding CXX object test/CMakeFiles/image_geometry-utest.dir/utest.cpp.o[0m
[5.447s] [ 81%] [32mBuilding CXX object test/CMakeFiles/image_geometry-utest-equi.dir/utest_equi.cpp.o[0m
[7.644s] [ 90%] [32m[1mLinking CXX executable image_geometry-utest-equi[0m
[7.718s] [100%] [32m[1mLinking CXX executable image_geometry-utest[0m
[7.890s] [100%] Built target image_geometry-utest-equi
[7.923s] [100%] Built target image_geometry-utest
[7.944s] Invoked command in '/app/project/build/image_geometry' returned '0': CMAKE_PREFIX_PATH=${CMAKE_PREFIX_PATH}:/opt/ros/foxy /usr/bin/cmake --build /app/project/build/image_geometry -- -j16 -l16
[7.985s] Invoking command in '/app/project/build/image_geometry': CMAKE_PREFIX_PATH=${CMAKE_PREFIX_PATH}:/opt/ros/foxy /usr/bin/cmake --install /app/project/build/image_geometry
[7.996s] -- Install configuration: ""
[7.996s] -- Installing: /app/project/install/image_geometry/share/image_geometry/environment/pythonpath.sh
[7.996s] -- Installing: /app/project/install/image_geometry/share/image_geometry/environment/pythonpath.dsv
[7.997s] -- Installing: /app/project/install/image_geometry/lib/python3.8/site-packages/image_geometry
[7.997s] -- Installing: /app/project/install/image_geometry/lib/python3.8/site-packages/image_geometry/__init__.py
[7.997s] -- Installing: /app/project/install/image_geometry/lib/python3.8/site-packages/image_geometry/cameramodels.py
[8.030s] Listing '/app/project/install/image_geometry/lib/python3.8/site-packages/image_geometry'...
[8.031s] Compiling '/app/project/install/image_geometry/lib/python3.8/site-packages/image_geometry/__init__.py'...
[8.031s] Compiling '/app/project/install/image_geometry/lib/python3.8/site-packages/image_geometry/cameramodels.py'...
[8.035s] -- Installing: /app/project/install/image_geometry/include/image_geometry
[8.035s] -- Installing: /app/project/install/image_geometry/include/image_geometry/image_geometry
[8.035s] -- Installing: /app/project/install/image_geometry/include/image_geometry/image_geometry/stereo_camera_model.hpp
[8.035s] -- Installing: /app/project/install/image_geometry/include/image_geometry/image_geometry/pinhole_camera_model.hpp
[8.035s] -- Installing: /app/project/install/image_geometry/include/image_geometry/image_geometry/visibility_control.hpp
[8.036s] -- Installing: /app/project/install/image_geometry/lib/libimage_geometry.so
[8.036s] -- Set runtime path of "/app/project/install/image_geometry/lib/libimage_geometry.so" to ""
[8.037s] -- Installing: /app/project/install/image_geometry/share/ament_index/resource_index/package_run_dependencies/image_geometry
[8.037s] -- Installing: /app/project/install/image_geometry/share/ament_index/resource_index/parent_prefix_path/image_geometry
[8.037s] -- Installing: /app/project/install/image_geometry/share/image_geometry/environment/ament_prefix_path.sh
[8.037s] -- Installing: /app/project/install/image_geometry/share/image_geometry/environment/ament_prefix_path.dsv
[8.037s] -- Installing: /app/project/install/image_geometry/share/image_geometry/environment/path.sh
[8.038s] -- Installing: /app/project/install/image_geometry/share/image_geometry/environment/path.dsv
[8.038s] -- Installing: /app/project/install/image_geometry/share/image_geometry/local_setup.bash
[8.038s] -- Installing: /app/project/install/image_geometry/share/image_geometry/local_setup.sh
[8.038s] -- Installing: /app/project/install/image_geometry/share/image_geometry/local_setup.zsh
[8.038s] -- Installing: /app/project/install/image_geometry/share/image_geometry/local_setup.dsv
[8.038s] -- Installing: /app/project/install/image_geometry/share/image_geometry/package.dsv
[8.039s] -- Installing: /app/project/install/image_geometry/share/ament_index/resource_index/packages/image_geometry
[8.039s] -- Installing: /app/project/install/image_geometry/share/image_geometry/cmake/export_image_geometryExport.cmake
[8.039s] -- Installing: /app/project/install/image_geometry/share/image_geometry/cmake/export_image_geometryExport-noconfig.cmake
[8.039s] -- Installing: /app/project/install/image_geometry/share/image_geometry/cmake/ament_cmake_export_targets-extras.cmake
[8.039s] -- Installing: /app/project/install/image_geometry/share/image_geometry/cmake/ament_cmake_export_dependencies-extras.cmake
[8.039s] -- Installing: /app/project/install/image_geometry/share/image_geometry/cmake/image_geometryConfig.cmake
[8.040s] -- Installing: /app/project/install/image_geometry/share/image_geometry/cmake/image_geometryConfig-version.cmake
[8.040s] -- Installing: /app/project/install/image_geometry/share/image_geometry/package.xml
[8.044s] Invoked command in '/app/project/build/image_geometry' returned '0': CMAKE_PREFIX_PATH=${CMAKE_PREFIX_PATH}:/opt/ros/foxy /usr/bin/cmake --install /app/project/build/image_geometry
